This is pdfTeX, Version 3.14159265-2.6-1.40.16 (TeX Live 2015) (preloaded format=pdflatex 2015.12.3)  28 JUN 2017 12:04
entering extended mode
 restricted \write18 enabled.
 file:line:error style messages enabled.
 %&-line parsing enabled.
**igs2ejournalguide.tex
(./igs2ejournalguide.tex
LaTeX2e <2015/01/01>
Babel <3.9l> and hyphenation patterns for 21 languages loaded.
(./igs.cls
Document Class: igs 2015/09/03 v4.00 IGS document class

LaTeX Font Warning: Font shape `OT1/cmr/m/n' in size <9.5> not available
(Font)              size <9> substituted on input line 460.

(./lineno.sty
Package: lineno 2005/11/02 line numbers on paragraphs v4.41
\linenopenalty=\count79
\output=\toks14
\linenoprevgraf=\count80
\linenumbersep=\dimen102
\linenumberwidth=\dimen103
\c@linenumber=\count81
\c@pagewiselinenumber=\count82
\c@LN@truepage=\count83
\c@internallinenumber=\count84
\c@internallinenumbers=\count85
\quotelinenumbersep=\dimen104
\bframerule=\dimen105
\bframesep=\dimen106
\bframebox=\box26
LaTeX Info: Redefining \\ on input line 3056.
)
\c@part=\count86
\c@section=\count87
\c@subsection=\count88
\c@subsubsection=\count89
\c@paragraph=\count90
\c@subparagraph=\count91
\c@figure=\count92
\c@table=\count93
\abovecaptionskip=\skip41
\belowcaptionskip=\skip42
\bibindent=\dimen107
\c@dummy=\count94
) (./igsnatbib.sty
Package: igsnatbib 2008/01/18 v1.00 IGS version of natbib.sty
\bibhang=\skip43
\bibsep=\skip44
LaTeX Info: Redefining \cite on input line 521.
\c@NAT@ctr=\count95
) (./graphicx.sty
Package: graphicx 2014/10/28 v1.0g Enhanced LaTeX Graphics (DPC,SPQR)

(/usr/local/texlive/2015basic/texmf-dist/tex/latex/graphics/keyval.sty
Package: keyval 2014/10/28 v1.15 key=value parser (DPC)
\KV@toks@=\toks15
)
(/usr/local/texlive/2015basic/texmf-dist/tex/latex/graphics/graphics.sty
Package: graphics 2014/10/28 v1.0p Standard LaTeX Graphics (DPC,SPQR)

(/usr/local/texlive/2015basic/texmf-dist/tex/latex/graphics/trig.sty
Package: trig 1999/03/16 v1.09 sin cos tan (DPC)
)
(/usr/local/texlive/2015basic/texmf-dist/tex/latex/latexconfig/graphics.cfg
File: graphics.cfg 2010/04/23 v1.9 graphics configuration of TeX Live
)
Package graphics Info: Driver file: pdftex.def on input line 94.

(/usr/local/texlive/2015basic/texmf-dist/tex/latex/pdftex-def/pdftex.def
File: pdftex.def 2011/05/27 v0.06d Graphics/color for pdfTeX

(/usr/local/texlive/2015basic/texmf-dist/tex/generic/oberdiek/infwarerr.sty
Package: infwarerr 2010/04/08 v1.3 Providing info/warning/error messages (HO)
)
(/usr/local/texlive/2015basic/texmf-dist/tex/generic/oberdiek/ltxcmds.sty
Package: ltxcmds 2011/11/09 v1.22 LaTeX kernel commands for general use (HO)
)
\Gread@gobject=\count96
))
\Gin@req@height=\dimen108
\Gin@req@width=\dimen109
)
(/usr/local/texlive/2015basic/texmf-dist/tex/latex/oberdiek/epstopdf.sty
Package: epstopdf 2010/02/09 v2.5 Conversion with epstopdf on the fly (HO)

(/usr/local/texlive/2015basic/texmf-dist/tex/latex/oberdiek/epstopdf-base.sty
Package: epstopdf-base 2010/02/09 v2.5 Base part for package epstopdf

(/usr/local/texlive/2015basic/texmf-dist/tex/latex/oberdiek/grfext.sty
Package: grfext 2010/08/19 v1.1 Manage graphics extensions (HO)

(/usr/local/texlive/2015basic/texmf-dist/tex/generic/oberdiek/kvdefinekeys.sty
Package: kvdefinekeys 2011/04/07 v1.3 Define keys (HO)
)) (/usr/local/texlive/2015basic/texmf-dist/tex/latex/oberdiek/kvoptions.sty
Package: kvoptions 2011/06/30 v3.11 Key value format for package options (HO)

(/usr/local/texlive/2015basic/texmf-dist/tex/generic/oberdiek/kvsetkeys.sty
Package: kvsetkeys 2012/04/25 v1.16 Key value parser (HO)

(/usr/local/texlive/2015basic/texmf-dist/tex/generic/oberdiek/etexcmds.sty
Package: etexcmds 2011/02/16 v1.5 Avoid name clashes with e-TeX commands (HO)

(/usr/local/texlive/2015basic/texmf-dist/tex/generic/oberdiek/ifluatex.sty
Package: ifluatex 2010/03/01 v1.3 Provides the ifluatex switch (HO)
Package ifluatex Info: LuaTeX not detected.
)
Package etexcmds Info: Could not find \expanded.
(etexcmds)             That can mean that you are not using pdfTeX 1.50 or
(etexcmds)             that some package has redefined \expanded.
(etexcmds)             In the latter case, load this package earlier.
)))
(/usr/local/texlive/2015basic/texmf-dist/tex/generic/oberdiek/pdftexcmds.sty
Package: pdftexcmds 2011/11/29 v0.20 Utility functions of pdfTeX for LuaTeX (HO
)

(/usr/local/texlive/2015basic/texmf-dist/tex/generic/oberdiek/ifpdf.sty
Package: ifpdf 2011/01/30 v2.3 Provides the ifpdf switch (HO)
Package ifpdf Info: pdfTeX in PDF mode is detected.
)
Package pdftexcmds Info: LuaTeX not detected.
Package pdftexcmds Info: \pdf@primitive is available.
Package pdftexcmds Info: \pdf@ifprimitive is available.
Package pdftexcmds Info: \pdfdraftmode found.
)
Package grfext Info: Graphics extension search list:
(grfext)             [.png,.pdf,.jpg,.mps,.jpeg,.jbig2,.jb2,.PNG,.PDF,.JPG,.JPE
G,.JBIG2,.JB2,.eps]
(grfext)             \AppendGraphicsExtensions on input line 452.

(/usr/local/texlive/2015basic/texmf-dist/tex/latex/latexconfig/epstopdf-sys.cfg
File: epstopdf-sys.cfg 2010/07/13 v1.3 Configuration of (r)epstopdf for TeX Liv
e
)))
No file igs2ejournalguide.aux.
\openout1 = `igs2ejournalguide.aux'.

LaTeX Font Info:    Checking defaults for OML/cmm/m/it on input line 41.
LaTeX Font Info:    ... okay on input line 41.
LaTeX Font Info:    Checking defaults for T1/cmr/m/n on input line 41.
LaTeX Font Info:    ... okay on input line 41.
LaTeX Font Info:    Checking defaults for OT1/cmr/m/n on input line 41.
LaTeX Font Info:    ... okay on input line 41.
LaTeX Font Info:    Checking defaults for OMS/cmsy/m/n on input line 41.
LaTeX Font Info:    ... okay on input line 41.
LaTeX Font Info:    Checking defaults for OMX/cmex/m/n on input line 41.
LaTeX Font Info:    ... okay on input line 41.
LaTeX Font Info:    Checking defaults for U/cmr/m/n on input line 41.
LaTeX Font Info:    ... okay on input line 41.



Found AMS Euler Roman fonts on the system, using the 'igsupmath' package.

(./igsupmath.sty
Package: igsupmath 2007/11/09 v1.00 IGS LaTeX2e package
 (./amsbsy.sty
Package: amsbsy 1999/11/29 v1.2d
 (./amsgen.sty
File: amsgen.sty 1999/11/30 v2.0
\@emptytoks=\toks16
\ex@=\dimen110
)
\pmbraise@=\dimen111
)
\c@mv@upright=\count97
\c@mv@boldupright=\count98
LaTeX Font Info:    Overwriting symbol font `letters' in version `upright'
(Font)                  OML/cmm/m/it --> OML/eur/m/n on input line 37.
LaTeX Font Info:    Overwriting symbol font `letters' in version `boldupright'
(Font)                  OML/cmm/m/it --> OML/eur/b/n on input line 38.
)


Found AMS Symbol fonts on the system, using the 'amssymb' package.

(./amssymb.sty
Package: amssymb 2009/06/22 v3.00
 (./amsfonts.sty
Package: amsfonts 2009/06/22 v3.00 Basic AMSFonts support
\symAMSa=\mathgroup4
\symAMSb=\mathgroup5
LaTeX Font Info:    Overwriting math alphabet `\mathfrak' in version `bold'
(Font)                  U/euf/m/n --> U/euf/b/n on input line 96.
))

Found the 'amsbsy' package on the system, using it.

(/usr/local/texlive/2015basic/texmf-dist/tex/context/base/supp-pdf.mkii
[Loading MPS to PDF converter (version 2006.09.02).]
\scratchcounter=\count99
\scratchdimen=\dimen112
\scratchbox=\box27
\nofMPsegments=\count100
\nofMParguments=\count101
\everyMPshowfont=\toks17
\MPscratchCnt=\count102
\MPscratchDim=\dimen113
\MPnumerator=\count103
\makeMPintoPDFobject=\count104
\everyMPtoPDFconversion=\toks18
)
LaTeX Font Info:    Try loading font information for U+msa on input line 66.
 (/usr/local/texlive/2015basic/texmf-dist/tex/latex/amsfonts/umsa.fd
File: umsa.fd 2013/01/14 v3.01 AMS symbols A
)
LaTeX Font Info:    Try loading font information for U+msb on input line 66.

(/usr/local/texlive/2015basic/texmf-dist/tex/latex/amsfonts/umsb.fd
File: umsb.fd 2013/01/14 v3.01 AMS symbols B
)

LaTeX Font Warning: Font shape `OT1/cmr/m/n' in size <13.5> not available
(Font)              size <14.4> substituted on input line 66.


LaTeX Font Warning: Font shape `OML/cmm/m/it' in size <13.5> not available
(Font)              size <14.4> substituted on input line 66.


LaTeX Font Warning: Font shape `OMS/cmsy/m/n' in size <13.5> not available
(Font)              size <14.4> substituted on input line 66.

LaTeX Font Info:    Calculating math sizes for size <11> on input line 66.

LaTeX Font Warning: Font shape `OT1/cmr/m/n' in size <5.5> not available
(Font)              size <5> substituted on input line 66.


LaTeX Font Warning: Font shape `OML/cmm/m/it' in size <5.5> not available
(Font)              size <5> substituted on input line 66.


LaTeX Font Warning: Font shape `OMS/cmsy/m/n' in size <5.5> not available
(Font)              size <5> substituted on input line 66.

LaTeX Font Info:    Font shape `OT1/cmtt/bx/n' in size <10.95> not available
(Font)              Font shape `OT1/cmtt/m/n' tried instead on input line 66.
LaTeX Font Info:    Try loading font information for OMS+cmtt on input line 66.

LaTeX Font Info:    No file OMScmtt.fd. on input line 66.

LaTeX Font Warning: Font shape `OMS/cmtt/bx/n' undefined
(Font)              using `OMS/cmsy/m/n' instead
(Font)              for symbol `textbackslash' on input line 66.


LaTeX Font Warning: Font shape `OML/cmm/m/it' in size <9.5> not available
(Font)              size <9> substituted on input line 66.


LaTeX Font Warning: Font shape `OMS/cmsy/m/n' in size <9.5> not available
(Font)              size <9> substituted on input line 66.


Underfull \vbox (badness 3250) has occurred while \output is active []


Overfull \vbox (6.25pt too high) has occurred while \output is active []

 [1{/usr/local/texlive/2015basic/texmf-var/fonts/map/pdftex/updmap/pdftex.map}


]
Underfull \hbox (badness 10000) in paragraph at lines 72--73

 []

LaTeX Font Info:    Font shape `OT1/cmtt/bx/n' in size <11> not available
(Font)              Font shape `OT1/cmtt/m/n' tried instead on input line 74.

Underfull \vbox (badness 10000) has occurred while \output is active []



LaTeX Font Warning: Font shape `OT1/cmr/m/it' in size <9.5> not available
(Font)              size <9> substituted on input line 93.


Overfull \vbox (6.25pt too high) has occurred while \output is active []

 [2]
Underfull \vbox (badness 3701) has occurred while \output is active []


Overfull \vbox (6.25pt too high) has occurred while \output is active []

 [3]
Underfull \vbox (badness 10000) has occurred while \output is active []


Overfull \vbox (6.25pt too high) has occurred while \output is active []

 [4]

LaTeX Font Warning: Font shape `OT1/cmtt/m/n' in size <9.5> not available
(Font)              size <9> substituted on input line 187.


Overfull \hbox (3.90479pt too wide) in paragraph at lines 183--194
[][] 
 []


LaTeX Warning: Reference `seasonal' on page 5 undefined on input line 227.


LaTeX Warning: Reference `period' on page 5 undefined on input line 227.


LaTeX Font Warning: Font shape `OMS/cmtt/m/n' undefined
(Font)              using `OMS/cmsy/m/n' instead
(Font)              for symbol `textbraceleft' on input line 227.


LaTeX Warning: Reference `period' on page 5 undefined on input line 227.


LaTeX Warning: Reference `seasonal' on page 5 undefined on input line 227.


Overfull \vbox (6.25pt too high) has occurred while \output is active []

 [5]
Overfull \vbox (6.25pt too high) has occurred while \output is active []

 [6]
Overfull \hbox (0.55519pt too wide) in paragraph at lines 237--256
[][]
 []


LaTeX Warning: Float too large for page by 112.48999pt on input line 284.


LaTeX Warning: Reference `tracks' on page 7 undefined on input line 289.


LaTeX Warning: Reference `filters' on page 7 undefined on input line 289.


LaTeX Warning: Reference `filters' on page 7 undefined on input line 289.


LaTeX Warning: Reference `tracks' on page 7 undefined on input line 293.


LaTeX Warning: Reference `filters' on page 7 undefined on input line 293.


LaTeX Warning: Reference `arrayexample' on page 7 undefined on input line 315.


Overfull \vbox (6.25pt too high) has occurred while \output is active []

 [7]
Overfull \vbox (6.25pt too high) has occurred while \output is active []

 [8]

LaTeX Warning: Reference `eqnarrayexample' on page 9 undefined on input line 34
5.


Overfull \vbox (6.25pt too high) has occurred while \output is active []

 [9]
Overfull \hbox (1.94348pt too wide) in paragraph at lines 388--388
[]\OT1/cmr/m/it/9 Editor!
 []


Overfull \vbox (6.25pt too high) has occurred while \output is active []

 [10]
Package epstopdf Info: Source file: <15J299Fig01.eps>
(epstopdf)                    date: 2017-06-09 08:11:56
(epstopdf)                    size: 486138 bytes
(epstopdf)             Output file: <15J299Fig01.pdf>
(epstopdf)             Command: <repstopdf 15J299Fig01.eps>
(epstopdf)             \includegraphics on input line 406.
runsystem(repstopdf 15J299Fig01.eps)...executed safely (allowed).

Package epstopdf Info: Result file: <15J299Fig01.pdf>.


./igs2ejournalguide.tex:406: Package pdftex.def Error: File `15J299Fig01.pdf' n
ot found.

See the pdftex.def package documentation for explanation.
Type  H <return>  for immediate help.
 ...                                              
                                                  
l.406 \centering{\includegraphics{15J299Fig01.eps}
                                                  }
? 

Overfull \vbox (6.25pt too high) has occurred while \output is active []

 [11]
LaTeX Font Info:    Try loading font information for OMS+cmr on input line 449.


(/usr/local/texlive/2015basic/texmf-dist/tex/latex/base/omscmr.fd
File: omscmr.fd 2014/09/29 v2.5h Standard LaTeX font definitions
)
LaTeX Font Info:    Font shape `OMS/cmr/m/n' in size <11> not available
(Font)              Font shape `OMS/cmsy/m/n' tried instead on input line 449.


Package natbib Warning: Citation `Rignot08' on page 12 undefined on input line 
452.


Package natbib Warning: Citation `Rignot08_2' on page 12 undefined on input lin
e 453.


Package natbib Warning: Citation `Motyka11' on page 12 undefined on input line 
454.


Package natbib Warning: Citation `Morlighem10' on page 12 undefined on input li
ne 455.


Package natbib Warning: Citation `Morlighem11' on page 12 undefined on input li
ne 456.


Package natbib Warning: Citation `Seroussi11' on page 12 undefined on input lin
e 457.


Package natbib Warning: Citation `Yan13' on page 12 undefined on input line 458
.


Package natbib Warning: Citation `Rogozhina12' on page 12 undefined on input li
ne 459.


Package natbib Warning: Citation `Hanna13' on page 12 undefined on input line 4
60.


Package natbib Warning: Citation `Goelzer13' on page 12 undefined on input line
 461.


Package natbib Warning: Citation `Lucas12' on page 12 undefined on input line 4
62.


Package natbib Warning: Citation `Edwards14' on page 12 undefined on input line
 463.


Package natbib Warning: Citation `gladstone_grl_10' on page 12 undefined on inp
ut line 464.


Package natbib Warning: Citation `Morlighem13' on page 12 undefined on input li
ne 465.


Package natbib Warning: Citation `Goldberg11' on page 12 undefined on input lin
e 466.


Package natbib Warning: Citation `paterson94' on page 12 undefined on input lin
e 467.


Package natbib Warning: Citation `Yan13' on page 12 undefined on input line 470
.


Package natbib Warning: Citation `Yan13' on page 12 undefined on input line 472
.


Package natbib Warning: Citation `Yan13' on page 12 undefined on input line 474
.


Package natbib Warning: Citation `Yan13' on page 12 undefined on input line 476
.


Package natbib Warning: Citation `Yan13' on page 12 undefined on input line 478
.


Package natbib Warning: Citation `Yan13' on page 12 undefined on input line 480
.


Package natbib Warning: Citation `Edwards14' on page 12 undefined on input line
 480.


Package natbib Warning: Citation `Yan13' on page 12 undefined on input line 482
.


Package natbib Warning: Citation `Edwards14' on page 12 undefined on input line
 482.


Package natbib Warning: Citation `Yan13' on page 12 undefined on input line 484
.


Package natbib Warning: Citation `Yan13' on page 12 undefined on input line 486
.


Package natbib Warning: Citation `Yan13' on page 12 undefined on input line 488
.


Package natbib Warning: Citation `Yan13' on page 12 undefined on input line 490
.


Package natbib Warning: Citation `Yan13' on page 12 undefined on input line 492
.


Package natbib Warning: Citation `Yan13' on page 12 undefined on input line 494
.


Overfull \vbox (6.25pt too high) has occurred while \output is active []

 [12]
Package epstopdf Info: Source file: <15J299Fig02.eps>
(epstopdf)                    date: 2017-06-09 08:11:57
(epstopdf)                    size: 935646 bytes
(epstopdf)             Output file: <15J299Fig02.pdf>
(epstopdf)             Command: <repstopdf 15J299Fig02.eps>
(epstopdf)             \includegraphics on input line 499.
runsystem(repstopdf 15J299Fig02.eps)...executed safely (allowed).

Package epstopdf Info: Result file: <15J299Fig02.pdf>.


./igs2ejournalguide.tex:499: Package pdftex.def Error: File `15J299Fig02.pdf' n
ot found.

See the pdftex.def package documentation for explanation.
Type  H <return>  for immediate help.
 ...                                              
                                                  
l.499 \centering{\includegraphics{15J299Fig02.eps}
                                                  }
? 

Underfull \vbox (badness 2726) has occurred while \output is active []


Overfull \vbox (6.25pt too high) has occurred while \output is active []

 [13]
Overfull \vbox (6.25pt too high) has occurred while \output is active []

 [14]
Underfull \vbox (badness 10000) has occurred while \output is active []


Overfull \vbox (6.25pt too high) has occurred while \output is active []

 [15]
Underfull \vbox (badness 10000) has occurred while \output is active []


Overfull \vbox (6.25pt too high) has occurred while \output is active []

 [16]
Underfull \vbox (badness 10000) has occurred while \output is active []


Overfull \vbox (6.25pt too high) has occurred while \output is active []

 [17]
Underfull \vbox (badness 10000) has occurred while \output is active []


Overfull \vbox (6.25pt too high) has occurred while \output is active []

 [18]
Overfull \vbox (6.25pt too high) has occurred while \output is active []

 [19]

LaTeX Warning: Reference `appeqn' on page 20 undefined on input line 816.


Overfull \vbox (6.25pt too high) has occurred while \output is active []

 [20]

Package natbib Warning: There were undefined citations.


Overfull \vbox (6.25pt too high) has occurred while \output is active []

 [21]
(./igs2ejournalguide.aux

Package natbib Warning: Citation(s) may have changed.
(natbib)                Rerun to get citations correct.

)

LaTeX Font Warning: Size substitutions with differences
(Font)              up to 0.9pt have occurred.


LaTeX Font Warning: Some font shapes were not available, defaults substituted.


LaTeX Warning: There were undefined references.


LaTeX Warning: Label(s) may have changed. Rerun to get cross-references right.

 ) 
Here is how much of TeX's memory you used:
 2598 strings out of 494501
 34284 string characters out of 6167030
 100218 words of memory out of 5000000
 5823 multiletter control sequences out of 15000+600000
 28912 words of font info for 109 fonts, out of 8000000 for 9000
 319 hyphenation exceptions out of 8191
 42i,17n,24p,944b,355s stack positions out of 5000i,500n,10000p,200000b,80000s
</usr/local/texlive/2015basic/texmf-dist/fonts/type1/public/amsfonts/cm/cmbx1
0.pfb></usr/local/texlive/2015basic/texmf-dist/fonts/type1/public/amsfonts/cm/c
mbx12.pfb></usr/local/texlive/2015basic/texmf-dist/fonts/type1/public/amsfonts/
cm/cmbx8.pfb></usr/local/texlive/2015basic/texmf-dist/fonts/type1/public/amsfon
ts/cm/cmbxti10.pfb></usr/local/texlive/2015basic/texmf-dist/fonts/type1/public/
amsfonts/cm/cmcsc10.pfb></usr/local/texlive/2015basic/texmf-dist/fonts/type1/pu
blic/amsfonts/cm/cmex10.pfb></usr/local/texlive/2015basic/texmf-dist/fonts/type
1/public/amsfonts/cm/cmmi10.pfb></usr/local/texlive/2015basic/texmf-dist/fonts/
type1/public/amsfonts/cm/cmmi5.pfb></usr/local/texlive/2015basic/texmf-dist/fon
ts/type1/public/amsfonts/cm/cmmi8.pfb></usr/local/texlive/2015basic/texmf-dist/
fonts/type1/public/amsfonts/cm/cmmi9.pfb></usr/local/texlive/2015basic/texmf-di
st/fonts/type1/public/amsfonts/cm/cmmib10.pfb></usr/local/texlive/2015basic/tex
mf-dist/fonts/type1/public/amsfonts/cm/cmr10.pfb></usr/local/texlive/2015basic/
texmf-dist/fonts/type1/public/amsfonts/cm/cmr12.pfb></usr/local/texlive/2015bas
ic/texmf-dist/fonts/type1/public/amsfonts/cm/cmr5.pfb></usr/local/texlive/2015b
asic/texmf-dist/fonts/type1/public/amsfonts/cm/cmr7.pfb></usr/local/texlive/201
5basic/texmf-dist/fonts/type1/public/amsfonts/cm/cmr8.pfb></usr/local/texlive/2
015basic/texmf-dist/fonts/type1/public/amsfonts/cm/cmr9.pfb></usr/local/texlive
/2015basic/texmf-dist/fonts/type1/public/amsfonts/cm/cmss8.pfb></usr/local/texl
ive/2015basic/texmf-dist/fonts/type1/public/amsfonts/cm/cmsy10.pfb></usr/local/
texlive/2015basic/texmf-dist/fonts/type1/public/amsfonts/cm/cmsy7.pfb></usr/loc
al/texlive/2015basic/texmf-dist/fonts/type1/public/amsfonts/cm/cmsy8.pfb></usr/
local/texlive/2015basic/texmf-dist/fonts/type1/public/amsfonts/cm/cmsy9.pfb></u
sr/local/texlive/2015basic/texmf-dist/fonts/type1/public/amsfonts/cm/cmti10.pfb
></usr/local/texlive/2015basic/texmf-dist/fonts/type1/public/amsfonts/cm/cmti12
.pfb></usr/local/texlive/2015basic/texmf-dist/fonts/type1/public/amsfonts/cm/cm
ti7.pfb></usr/local/texlive/2015basic/texmf-dist/fonts/type1/public/amsfonts/cm
/cmti9.pfb></usr/local/texlive/2015basic/texmf-dist/fonts/type1/public/amsfonts
/cm/cmtt10.pfb></usr/local/texlive/2015basic/texmf-dist/fonts/type1/public/amsf
onts/cm/cmtt9.pfb></usr/local/texlive/2015basic/texmf-dist/fonts/type1/public/a
msfonts/euler/eurb10.pfb></usr/local/texlive/2015basic/texmf-dist/fonts/type1/p
ublic/amsfonts/euler/eurm10.pfb>
Output written on igs2ejournalguide.pdf (21 pages, 368820 bytes).
PDF statistics:
 193 PDF objects out of 1000 (max. 8388607)
 138 compressed objects within 2 object streams
 0 named destinations out of 1000 (max. 500000)
 1 words of extra memory for PDF output out of 10000 (max. 10000000)

