This is pdfTeX, Version 3.14159265-2.6-1.40.16 (TeX Live 2015/Debian) (preloaded format=pdflatex 2016.6.27)  16 NOV 2016 16:46
entering extended mode
 restricted \write18 enabled.
 %&-line parsing enabled.
**"Literature Review.tex"
(./Literature Review.tex
LaTeX2e <2016/02/01>
Babel <3.9q> and hyphenation patterns for 5 language(s) loaded.
(/usr/share/texlive/texmf-dist/tex/latex/base/article.cls
Document Class: article 2014/09/29 v1.4h Standard LaTeX document class
(/usr/share/texlive/texmf-dist/tex/latex/base/size12.clo
File: size12.clo 2014/09/29 v1.4h Standard LaTeX file (size option)
)
\c@part=\count79
\c@section=\count80
\c@subsection=\count81
\c@subsubsection=\count82
\c@paragraph=\count83
\c@subparagraph=\count84
\c@figure=\count85
\c@table=\count86
\abovecaptionskip=\skip41
\belowcaptionskip=\skip42
\bibindent=\dimen102
)
(/usr/share/texlive/texmf-dist/tex/latex/geometry/geometry.sty
Package: geometry 2010/09/12 v5.6 Page Geometry

(/usr/share/texlive/texmf-dist/tex/latex/graphics/keyval.sty
Package: keyval 2014/10/28 v1.15 key=value parser (DPC)
\KV@toks@=\toks14
)
(/usr/share/texlive/texmf-dist/tex/generic/oberdiek/ifpdf.sty
Package: ifpdf 2011/01/30 v2.3 Provides the ifpdf switch (HO)
Package ifpdf Info: pdfTeX in PDF mode is detected.
)
(/usr/share/texlive/texmf-dist/tex/generic/oberdiek/ifvtex.sty
Package: ifvtex 2010/03/01 v1.5 Detect VTeX and its facilities (HO)
Package ifvtex Info: VTeX not detected.
)
(/usr/share/texlive/texmf-dist/tex/generic/ifxetex/ifxetex.sty
Package: ifxetex 2010/09/12 v0.6 Provides ifxetex conditional
)
\Gm@cnth=\count87
\Gm@cntv=\count88
\c@Gm@tempcnt=\count89
\Gm@bindingoffset=\dimen103
\Gm@wd@mp=\dimen104
\Gm@odd@mp=\dimen105
\Gm@even@mp=\dimen106
\Gm@layoutwidth=\dimen107
\Gm@layoutheight=\dimen108
\Gm@layouthoffset=\dimen109
\Gm@layoutvoffset=\dimen110
\Gm@dimlist=\toks15
)
(/usr/share/texlive/texmf-dist/tex/latex/graphics/graphicx.sty
Package: graphicx 2014/10/28 v1.0g Enhanced LaTeX Graphics (DPC,SPQR)

(/usr/share/texlive/texmf-dist/tex/latex/graphics/graphics.sty
Package: graphics 2016/01/03 v1.0q Standard LaTeX Graphics (DPC,SPQR)

(/usr/share/texlive/texmf-dist/tex/latex/graphics/trig.sty
Package: trig 2016/01/03 v1.10 sin cos tan (DPC)
)
(/usr/share/texlive/texmf-dist/tex/latex/latexconfig/graphics.cfg
File: graphics.cfg 2010/04/23 v1.9 graphics configuration of TeX Live
)
Package graphics Info: Driver file: pdftex.def on input line 95.

(/usr/share/texlive/texmf-dist/tex/latex/pdftex-def/pdftex.def
File: pdftex.def 2011/05/27 v0.06d Graphics/color for pdfTeX

(/usr/share/texlive/texmf-dist/tex/generic/oberdiek/infwarerr.sty
Package: infwarerr 2010/04/08 v1.3 Providing info/warning/error messages (HO)
)
(/usr/share/texlive/texmf-dist/tex/generic/oberdiek/ltxcmds.sty
Package: ltxcmds 2011/11/09 v1.22 LaTeX kernel commands for general use (HO)
)
\Gread@gobject=\count90
))
\Gin@req@height=\dimen111
\Gin@req@width=\dimen112
)
(/usr/share/texlive/texmf-dist/tex/latex/natbib/natbib.sty
Package: natbib 2010/09/13 8.31b (PWD, AO)
\bibhang=\skip43
\bibsep=\skip44
LaTeX Info: Redefining \cite on input line 694.
\c@NAT@ctr=\count91
) (./wrapfig.sty
\wrapoverhang=\dimen113
\WF@size=\dimen114
\c@WF@wrappedlines=\count92
\WF@box=\box26
\WF@everypar=\toks16
Package: wrapfig 2003/01/31  v 3.6
)
(/usr/share/texlive/texmf-dist/tex/latex/multirow/multirow.sty
\bigstrutjot=\dimen115
)
(/usr/share/texlive/texmf-dist/tex/latex/xcolor/xcolor.sty
Package: xcolor 2007/01/21 v2.11 LaTeX color extensions (UK)

(/usr/share/texlive/texmf-dist/tex/latex/latexconfig/color.cfg
File: color.cfg 2007/01/18 v1.5 color configuration of teTeX/TeXLive
)
Package xcolor Info: Driver file: pdftex.def on input line 225.

(/usr/share/texlive/texmf-dist/tex/latex/colortbl/colortbl.sty
Package: colortbl 2012/02/13 v1.0a Color table columns (DPC)

(/usr/share/texlive/texmf-dist/tex/latex/tools/array.sty
Package: array 2014/10/28 v2.4c Tabular extension package (FMi)
\col@sep=\dimen116
\extrarowheight=\dimen117
\NC@list=\toks17
\extratabsurround=\skip45
\backup@length=\skip46
)
\everycr=\toks18
\minrowclearance=\skip47
)
\rownum=\count93
Package xcolor Info: Model `cmy' substituted by `cmy0' on input line 1337.
Package xcolor Info: Model `hsb' substituted by `rgb' on input line 1341.
Package xcolor Info: Model `RGB' extended on input line 1353.
Package xcolor Info: Model `HTML' substituted by `rgb' on input line 1355.
Package xcolor Info: Model `Hsb' substituted by `hsb' on input line 1356.
Package xcolor Info: Model `tHsb' substituted by `hsb' on input line 1357.
Package xcolor Info: Model `HSB' substituted by `hsb' on input line 1358.
Package xcolor Info: Model `Gray' substituted by `gray' on input line 1359.
Package xcolor Info: Model `wave' substituted by `hsb' on input line 1360.
)
(/usr/share/texlive/texmf-dist/tex/latex/caption/subcaption.sty
Package: subcaption 2016/02/20 v1.1-142 Sub-captions (AR)

(/usr/share/texlive/texmf-dist/tex/latex/caption/caption.sty
Package: caption 2016/02/21 v3.3-144 Customizing captions (AR)

(/usr/share/texlive/texmf-dist/tex/latex/caption/caption3.sty
Package: caption3 2016/02/04 v1.7-139 caption3 kernel (AR)
Package caption3 Info: TeX engine: e-TeX on input line 67.
\captionmargin=\dimen118
\captionmargin@=\dimen119
\captionwidth=\dimen120
\caption@tempdima=\dimen121
\caption@indent=\dimen122
\caption@parindent=\dimen123
\caption@hangindent=\dimen124
)
\c@ContinuedFloat=\count94
Package caption Info: wrapfig package is loaded.
)
\c@subfigure=\count95
\c@subtable=\count96
)
(./Literature Review.aux)
\openout1 = `"Literature Review.aux"'.

LaTeX Font Info:    Checking defaults for OML/cmm/m/it on input line 14.
LaTeX Font Info:    ... okay on input line 14.
LaTeX Font Info:    Checking defaults for T1/cmr/m/n on input line 14.
LaTeX Font Info:    ... okay on input line 14.
LaTeX Font Info:    Checking defaults for OT1/cmr/m/n on input line 14.
LaTeX Font Info:    ... okay on input line 14.
LaTeX Font Info:    Checking defaults for OMS/cmsy/m/n on input line 14.
LaTeX Font Info:    ... okay on input line 14.
LaTeX Font Info:    Checking defaults for OMX/cmex/m/n on input line 14.
LaTeX Font Info:    ... okay on input line 14.
LaTeX Font Info:    Checking defaults for U/cmr/m/n on input line 14.
LaTeX Font Info:    ... okay on input line 14.

*geometry* driver: auto-detecting
*geometry* detected driver: pdftex
*geometry* verbose mode - [ preamble ] result:
* driver: pdftex
* paper: letterpaper
* layout: <same size as paper>
* layoutoffset:(h,v)=(0.0pt,0.0pt)
* modes: 
* h-part:(L,W,R)=(72.26999pt, 469.75502pt, 72.26999pt)
* v-part:(T,H,B)=(72.26999pt, 650.43001pt, 72.26999pt)
* \paperwidth=614.295pt
* \paperheight=794.96999pt
* \textwidth=469.75502pt
* \textheight=650.43001pt
* \oddsidemargin=0.0pt
* \evensidemargin=0.0pt
* \topmargin=-37.0pt
* \headheight=12.0pt
* \headsep=25.0pt
* \topskip=12.0pt
* \footskip=30.0pt
* \marginparwidth=44.0pt
* \marginparsep=10.0pt
* \columnsep=10.0pt
* \skip\footins=10.8pt plus 4.0pt minus 2.0pt
* \hoffset=0.0pt
* \voffset=0.0pt
* \mag=1000
* \@twocolumnfalse
* \@twosidefalse
* \@mparswitchfalse
* \@reversemarginfalse
* (1in=72.27pt=25.4mm, 1cm=28.453pt)

(/usr/share/texlive/texmf-dist/tex/context/base/supp-pdf.mkii
[Loading MPS to PDF converter (version 2006.09.02).]
\scratchcounter=\count97
\scratchdimen=\dimen125
\scratchbox=\box27
\nofMPsegments=\count98
\nofMParguments=\count99
\everyMPshowfont=\toks19
\MPscratchCnt=\count100
\MPscratchDim=\dimen126
\MPnumerator=\count101
\makeMPintoPDFobject=\count102
\everyMPtoPDFconversion=\toks20
) (/usr/share/texlive/texmf-dist/tex/generic/oberdiek/pdftexcmds.sty
Package: pdftexcmds 2011/11/29 v0.20 Utility functions of pdfTeX for LuaTeX (HO
)

(/usr/share/texlive/texmf-dist/tex/generic/oberdiek/ifluatex.sty
Package: ifluatex 2010/03/01 v1.3 Provides the ifluatex switch (HO)
Package ifluatex Info: LuaTeX not detected.
)
Package pdftexcmds Info: LuaTeX not detected.
Package pdftexcmds Info: \pdf@primitive is available.
Package pdftexcmds Info: \pdf@ifprimitive is available.
Package pdftexcmds Info: \pdfdraftmode found.
)
(/usr/share/texlive/texmf-dist/tex/latex/oberdiek/epstopdf-base.sty
Package: epstopdf-base 2010/02/09 v2.5 Base part for package epstopdf

(/usr/share/texlive/texmf-dist/tex/latex/oberdiek/grfext.sty
Package: grfext 2010/08/19 v1.1 Manage graphics extensions (HO)

(/usr/share/texlive/texmf-dist/tex/generic/oberdiek/kvdefinekeys.sty
Package: kvdefinekeys 2011/04/07 v1.3 Define keys (HO)
))
(/usr/share/texlive/texmf-dist/tex/latex/oberdiek/kvoptions.sty
Package: kvoptions 2011/06/30 v3.11 Key value format for package options (HO)

(/usr/share/texlive/texmf-dist/tex/generic/oberdiek/kvsetkeys.sty
Package: kvsetkeys 2012/04/25 v1.16 Key value parser (HO)

(/usr/share/texlive/texmf-dist/tex/generic/oberdiek/etexcmds.sty
Package: etexcmds 2011/02/16 v1.5 Avoid name clashes with e-TeX commands (HO)
Package etexcmds Info: Could not find \expanded.
(etexcmds)             That can mean that you are not using pdfTeX 1.50 or
(etexcmds)             that some package has redefined \expanded.
(etexcmds)             In the latter case, load this package earlier.
)))
Package grfext Info: Graphics extension search list:
(grfext)             [.png,.pdf,.jpg,.mps,.jpeg,.jbig2,.jb2,.PNG,.PDF,.JPG,.JPE
G,.JBIG2,.JB2,.eps]
(grfext)             \AppendGraphicsExtensions on input line 452.

(/usr/share/texlive/texmf-dist/tex/latex/latexconfig/epstopdf-sys.cfg
File: epstopdf-sys.cfg 2010/07/13 v1.3 Configuration of (r)epstopdf for TeX Liv
e
))
Package caption Info: Begin \AtBeginDocument code.
Package caption Info: End \AtBeginDocument code.
LaTeX Font Info:    External font `cmex10' loaded for size
(Font)              <14.4> on input line 20.
LaTeX Font Info:    External font `cmex10' loaded for size
(Font)              <7> on input line 20.

[1

{/var/lib/texmf/fonts/map/pdftex/updmap/pdftex.map}] (./Literature Review.toc
LaTeX Font Info:    External font `cmex10' loaded for size
(Font)              <12> on input line 3.
LaTeX Font Info:    External font `cmex10' loaded for size
(Font)              <8> on input line 3.
LaTeX Font Info:    External font `cmex10' loaded for size
(Font)              <6> on input line 3.
)
\tf@toc=\write3
\openout3 = `"Literature Review.toc"'.

 [2] [3]

LaTeX Warning: No positions in optional float specifier.
               Default added (so using `tbp') on input line 54.

[4] [5] [6] [7] [8] [9] <variogram.png, id=38, 1120.185pt x 783.92876pt>
File: variogram.png Graphic file (type png)

<use variogram.png>
Package pdftex.def Info: variogram.png used on input line 128.
(pdftex.def)             Requested size: 243.92885pt x 170.71652pt.
 <loglogvario.png, id=40, 1121.18875pt x 865.2325pt>
File: loglogvario.png Graphic file (type png)

<use loglogvario.png>
Package pdftex.def Info: loglogvario.png used on input line 134.
(pdftex.def)             Requested size: 202.78041pt x 156.49014pt.

Overfull \hbox (24.27121pt too wide) in paragraph at lines 134--135
 [][] 
 []

[10] [11 <./variogram.png> <./loglogvario.png>]
<snowpit.jpg, id=53, 1365.1pt x 2055.68pt>
File: snowpit.jpg Graphic file (type jpg)
 <use snowpit.jpg>
Package pdftex.def Info: snowpit.jpg used on input line 158.
(pdftex.def)             Requested size: 187.89914pt x 282.93134pt.
 [12 <./snowpit.jpg>] [13] <random.png, id=62, 511.9125pt x 480.79625pt>
File: random.png Graphic file (type png)
 <use random.png>
Package pdftex.def Info: random.png used on input line 186.
(pdftex.def)             Requested size: 142.26439pt x 128.03398pt.

<star.png, id=63, 511.9125pt x 474.77374pt>
File: star.png Graphic file (type png)
 <use star.png>
Package pdftex.def Info: star.png used on input line 189.
(pdftex.def)             Requested size: 142.26439pt x 128.03848pt.

<Lgrid.png, id=64, 511.9125pt x 483.8075pt>
File: Lgrid.png Graphic file (type png)
 <use Lgrid.png>
Package pdftex.def Info: Lgrid.png used on input line 195.
(pdftex.def)             Requested size: 142.26439pt x 128.03857pt.

<nested.png, id=65, 820.06375pt x 609.27625pt>
File: nested.png Graphic file (type png)
 <use nested.png>
Package pdftex.def Info: nested.png used on input line 198.
(pdftex.def)             Requested size: 142.262pt x 128.03545pt.

<swiss.png, id=66, 516.93124pt x 486.81876pt>
File: swiss.png Graphic file (type png)
 <use swiss.png>
Package pdftex.def Info: swiss.png used on input line 204.
(pdftex.def)             Requested size: 142.26302pt x 128.03325pt.

<hourglass.png, id=67, 683.55376pt x 524.96124pt>
File: hourglass.png Graphic file (type png)
 <use hourglass.png>
Package pdftex.def Info: hourglass.png used on input line 207.
(pdftex.def)             Requested size: 142.25719pt x 128.03589pt.
 [14 <./random.png> <./star.png> <./Lgrid.png> <./nested.png> <./swiss.png> <./
hourglass.png>] <gpr_air.png, id=77, 1101.11375pt x 960.58875pt>
File: gpr_air.png Graphic file (type png)
 <use gpr_air.png>
Package pdftex.def Info: gpr_air.png used on input line 223.
(pdftex.def)             Requested size: 234.8775pt x 204.89558pt.

[15] <gpr.png, id=81, 1345.025pt x 613.29124pt>
File: gpr.png Graphic file (type png)
 <use gpr.png>
Package pdftex.def Info: gpr.png used on input line 236.
(pdftex.def)             Requested size: 469.75502pt x 214.1966pt.

<lidar.png, id=82, 964.60374pt x 776.9025pt>
File: lidar.png Graphic file (type png)
 <use lidar.png>
Package pdftex.def Info: lidar.png used on input line 244.
(pdftex.def)             Requested size: 234.8775pt x 189.16324pt.
 [16 <./gpr_air.png>] [17 <./gpr.png> <./lidar.png>] [18] [19] [20] [21]
<stelias.png, id=105, 761.84625pt x 967.615pt>
File: stelias.png Graphic file (type png)
 <use stelias.png>
Package pdftex.def Info: stelias.png used on input line 297.
(pdftex.def)             Requested size: 469.75502pt x 596.6226pt.
 [22] [23 <./stelias.png>] [24] <SnowSpatialVariability.png, id=116, 851.18pt x
 970.62625pt>
File: SnowSpatialVariability.png Graphic file (type png)

<use SnowSpatialVariability.png>
Package pdftex.def Info: SnowSpatialVariability.png used on input line 320.
(pdftex.def)             Requested size: 474.0989pt x 540.60236pt.

Overfull \hbox (4.34389pt too wide) in paragraph at lines 320--321
[][] 
 []

[25] [26 <./SnowSpatialVariability.png>]
<chosenglaciers.jpeg, id=125, 2920.9125pt x 2131.965pt>
File: chosenglaciers.jpeg Graphic file (type jpg)

<use chosenglaciers.jpeg>
Package pdftex.def Info: chosenglaciers.jpeg used on input line 333.
(pdftex.def)             Requested size: 409.28152pt x 298.75394pt.

<threeglaciers.jpeg, id=126, 3308.36pt x 2281.52374pt>
File: threeglaciers.jpeg Graphic file (type jpg)

<use threeglaciers.jpeg>
Package pdftex.def Info: threeglaciers.jpeg used on input line 336.
(pdftex.def)             Requested size: 391.93793pt x 270.30118pt.


LaTeX Warning: Float too large for page by 0.0306pt on input line 341.

[27] [28 <./chosenglaciers.jpeg> <./threeglaciers.jpeg>]
LaTeX Font Info:    Try loading font information for OMS+cmr on input line 367.


(/usr/share/texlive/texmf-dist/tex/latex/base/omscmr.fd
File: omscmr.fd 2014/09/29 v2.5h Standard LaTeX font definitions
)
LaTeX Font Info:    Font shape `OMS/cmr/m/n' in size <12> not available
(Font)              Font shape `OMS/cmsy/m/n' tried instead on input line 367.

<SamplingDesign.jpeg, id=133, 2284.535pt x 2764.3275pt>
File: SamplingDesign.jpeg Graphic file (type jpg)

<use SamplingDesign.jpeg>
Package pdftex.def Info: SamplingDesign.jpeg used on input line 374.
(pdftex.def)             Requested size: 446.7549pt x 540.60236pt.
 [29] [30 <./SamplingDesign.jpeg>] [31] [32] [33]
[34] (./Literature Review.bbl [35] [36] [37]
Underfull \hbox (badness 2689) in paragraph at lines 254--257
[]\OT1/cmr/m/n/12 Kerr T, Clark M, Hen-drikx J and An-der-son B (2013) Snow dis
-tri-bu-tion in a
 []

[38] [39]
Underfull \hbox (badness 1168) in paragraph at lines 370--375
[]\OT1/cmr/m/n/12 Mott R, Faure F, Lehn-ing M, L^^?owe H, Hynek B, Michlmayer G
, Prokop A and
 []

[40]
Underfull \hbox (badness 5147) in paragraph at lines 503--506
[]\OT1/cmr/m/n/12 Smith RB and Barstad I (2004) A lin-ear the-ory of oro-graphi
c pre-cip-i-ta-tion.
 []


Underfull \hbox (badness 4621) in paragraph at lines 503--506
\OT1/cmr/m/it/12 Jour-nal of the At-mo-spheric Sci-ences\OT1/cmr/m/n/12 , \OT1/
cmr/bx/n/12 61\OT1/cmr/m/n/12 (12), 1377--1391 (doi: 10.1175/1520-
 []

[41] [42]
Underfull \hbox (badness 1603) in paragraph at lines 587--592
\OT1/cmr/m/n/12 scal-ing over the North-west-ern United States us-ing nu-mer-i-
cally sim-u-lated pre-cip-
 []


Underfull \hbox (badness 1694) in paragraph at lines 587--592
\OT1/cmr/m/n/12 i-ta-tion as a pre-dic-tor. \OT1/cmr/m/it/12 Jour-nal of Cli-ma
te\OT1/cmr/m/n/12 , \OT1/cmr/bx/n/12 16\OT1/cmr/m/n/12 (5), 799--816 (doi: 10.1
175/1520-
 []

) [43] (./Literature Review.aux)

LaTeX Warning: Label(s) may have changed. Rerun to get cross-references right.

 ) 
Here is how much of TeX's memory you used:
 4532 strings out of 494910
 68229 string characters out of 6179836
 141577 words of memory out of 5000000
 7762 multiletter control sequences out of 15000+600000
 9763 words of font info for 34 fonts, out of 8000000 for 9000
 36 hyphenation exceptions out of 8191
 42i,16n,43p,1893b,450s stack positions out of 5000i,500n,10000p,200000b,80000s
</usr/share/texlive/texmf-dist/fonts/type1/public/amsfonts/cm/cmbx10.pfb></us
r/share/texlive/texmf-dist/fonts/type1/public/amsfonts/cm/cmbx12.pfb></usr/shar
e/texlive/texmf-dist/fonts/type1/public/amsfonts/cm/cmex10.pfb></usr/share/texl
ive/texmf-dist/fonts/type1/public/amsfonts/cm/cmmi12.pfb></usr/share/texlive/te
xmf-dist/fonts/type1/public/amsfonts/cm/cmmi8.pfb></usr/share/texlive/texmf-dis
t/fonts/type1/public/amsfonts/cm/cmr10.pfb></usr/share/texlive/texmf-dist/fonts
/type1/public/amsfonts/cm/cmr12.pfb></usr/share/texlive/texmf-dist/fonts/type1/
public/amsfonts/cm/cmr17.pfb></usr/share/texlive/texmf-dist/fonts/type1/public/
amsfonts/cm/cmr8.pfb></usr/share/texlive/texmf-dist/fonts/type1/public/amsfonts
/cm/cmsy10.pfb></usr/share/texlive/texmf-dist/fonts/type1/public/amsfonts/cm/cm
sy8.pfb></usr/share/texlive/texmf-dist/fonts/type1/public/amsfonts/cm/cmti12.pf
b>
Output written on "Literature Review.pdf" (43 pages, 14073833 bytes).
PDF statistics:
 224 PDF objects out of 1000 (max. 8388607)
 135 compressed objects within 2 object streams
 0 named destinations out of 1000 (max. 500000)
 86 words of extra memory for PDF output out of 10000 (max. 10000000)

