This is pdfTeX, Version 3.14159265-2.6-1.40.16 (TeX Live 2015) (preloaded format=pdflatex 2015.12.3)  3 NOV 2017 11:12
entering extended mode
 restricted \write18 enabled.
 file:line:error style messages enabled.
 %&-line parsing enabled.
**apa6.dtx
(./apa6.dtx
LaTeX2e <2015/01/01>
Babel <3.9l> and hyphenation patterns for 21 languages loaded.
(/usr/local/texlive/2015basic/texmf-dist/tex/latex/base/docstrip.tex
\blockLevel=\count79
\emptyLines=\count80
\processedLines=\count81
\commentsRemoved=\count82
\commentsPassed=\count83
\codeLinesPassed=\count84
\TotalprocessedLines=\count85
\TotalcommentsRemoved=\count86
\TotalcommentsPassed=\count87
\TotalcodeLinesPassed=\count88
\NumberOfFiles=\count89
\inFile=\read1
\inputcheck=\read2
\off@0=\count90
\off@1=\count91
\off@2=\count92
\off@3=\count93
\off@4=\count94
\off@5=\count95
\off@6=\count96
\off@7=\count97
\off@8=\count98
\off@9=\count99
\off@10=\count100
\off@11=\count101
\off@12=\count102
\off@13=\count103
\off@14=\count104
\off@15=\count105
\@maxfiles=\count106
\@maxoutfiles=\count107

Utility: `docstrip' 2.5e <2014/09/29>
English documentation    <2014/09/29>

**********************************************************
* This program converts documented macro-files into fast *
* loadable files by stripping off (nearly) all comments! *
**********************************************************

********************************************************
* No Configuration file found, using default settings. *
********************************************************

)

Generating file(s) ./apa6.cls 
\openout0 = `./apa6.cls'.


Processing file apa6.dtx (class) -> apa6.cls
File apa6.dtx ended by \endinput.
Lines  processed: 4698
Comments removed: 1510
Comments  passed: 56
Codelines passed: 3086


Generating file(s) ././config/APAamerican.txt ././config/APAbritish.txt ././con
fig/APAdutch.txt ././config/APAenglish.txt ././config/APAgerman.txt ././config/
APAngerman.txt ././config/APAgreek.txt ././config/APAczech.txt ././config/APAtu
rkish.txt ././config/APAendfloat.cfg 
\openout0 = `././config/APAamerican.txt'.

\openout1 = `././config/APAbritish.txt'.

\openout2 = `././config/APAdutch.txt'.

\openout3 = `././config/APAenglish.txt'.

\openout4 = `././config/APAgerman.txt'.

\openout5 = `././config/APAngerman.txt'.

\openout6 = `././config/APAgreek.txt'.

\openout7 = `././config/APAczech.txt'.

\openout8 = `././config/APAturkish.txt'.

\openout9 = `././config/APAendfloat.cfg'.


Processing file apa6.dtx (american) -> ./config/APAamerican.txt
                         (british) -> ./config/APAbritish.txt
                         (dutch) -> ./config/APAdutch.txt
                         (english) -> ./config/APAenglish.txt
                         (german) -> ./config/APAgerman.txt
                         (ngerman) -> ./config/APAngerman.txt
                         (greek) -> ./config/APAgreek.txt
                         (czech) -> ./config/APAczech.txt
                         (turkish) -> ./config/APAturkish.txt
                         (APAendfloat) -> ./config/APAendfloat.cfg
File apa6.dtx ended by \endinput.
Lines  processed: 4698
Comments removed: 1510
Comments  passed: 56
Codelines passed: 3086


Generating file(s) ././samples/bibliography.bib ././samples/shortsample.tex ./.
/samples/longsample.tex 
\openout0 = `././samples/bibliography.bib'.

\openout1 = `././samples/shortsample.tex'.

\openout2 = `././samples/longsample.tex'.


Processing file apa6.dtx (bibliography) -> ./samples/bibliography.bib
                         (shortsample) -> ./samples/shortsample.tex
                         (longsample) -> ./samples/longsample.tex
File apa6.dtx ended by \endinput.
Lines  processed: 4698
Comments removed: 1510
Comments  passed: 56
Codelines passed: 3086


Generating file(s) ././pseudoTeX/apa6.ptex ././pseudoTeX/TeX2WordForapa6.bas 
\openout0 = `././pseudoTeX/apa6.ptex'.

\openout1 = `././pseudoTeX/TeX2WordForapa6.bas'.


Processing file apa6.dtx (ptex) -> ./pseudoTeX/apa6.ptex
                         (bas) -> ./pseudoTeX/TeX2WordForapa6.bas
File apa6.dtx ended by \endinput.
Lines  processed: 4698
Comments removed: 1510
Comments  passed: 56
Codelines passed: 3086


Generating file(s) ./apa6.ins 
\openout0 = `./apa6.ins'.


Processing file apa6.dtx (install) -> apa6.ins
File apa6.dtx ended by \endinput.
Lines  processed: 4698
Comments removed: 1510
Comments  passed: 56
Codelines passed: 3086


Generating file(s) ./README.txt 
\openout0 = `./README.txt'.


Processing file apa6.dtx (readme) -> README.txt
File apa6.dtx ended by \endinput.
Lines  processed: 4698
Comments removed: 1510
Comments  passed: 56
Codelines passed: 3086

(/usr/local/texlive/2015basic/texmf-dist/tex/latex/base/ltxdoc.cls
Document Class: ltxdoc 2015/03/26 v2.0w Standard LaTeX documentation class
(/usr/local/texlive/2015basic/texmf-dist/tex/latex/base/article.cls
Document Class: article 2014/09/29 v1.4h Standard LaTeX document class
(/usr/local/texlive/2015basic/texmf-dist/tex/latex/base/size10.clo
File: size10.clo 2014/09/29 v1.4h Standard LaTeX file (size option)
)
\c@part=\count108
\c@section=\count109
\c@subsection=\count110
\c@subsubsection=\count111
\c@paragraph=\count112
\c@subparagraph=\count113
\c@figure=\count114
\c@table=\count115
\abovecaptionskip=\skip41
\belowcaptionskip=\skip42
\bibindent=\dimen102
)
(/usr/local/texlive/2015basic/texmf-dist/tex/latex/base/doc.sty
Package: doc 2014/09/29 v2.1e Standard LaTeX documentation package (FMi)
\c@StandardModuleDepth=\count116
\guard@level=\count117
\MacrocodeTopsep=\skip43
\MacroIndent=\dimen103
\macro@cnt=\count118
\MacroTopsep=\skip44
\index@excludelist=\toks14

(/usr/local/texlive/2015basic/texmf-dist/tex/latex/tools/multicol.sty
Package: multicol 2015/03/31 v1.8m multicolumn formatting (FMi)
\c@tracingmulticols=\count119
\mult@box=\box26
\multicol@leftmargin=\dimen104
\c@unbalance=\count120
\c@collectmore=\count121
\doublecol@number=\count122
\multicoltolerance=\count123
\multicolpretolerance=\count124
\full@width=\dimen105
\page@free=\dimen106
\premulticols=\dimen107
\postmulticols=\dimen108
\multicolsep=\skip45
\multicolbaselineskip=\skip46
\partial@page=\box27
\last@line=\box28
\maxbalancingoverflow=\dimen109
\mult@rightbox=\box29
\mult@grightbox=\box30
\mult@gfirstbox=\box31
\mult@firstbox=\box32
\@tempa=\box33
\@tempa=\box34
\@tempa=\box35
\@tempa=\box36
\@tempa=\box37
\@tempa=\box38
\@tempa=\box39
\@tempa=\box40
\@tempa=\box41
\@tempa=\box42
\@tempa=\box43
\@tempa=\box44
\@tempa=\box45
\@tempa=\box46
\@tempa=\box47
\@tempa=\box48
\@tempa=\box49
\c@columnbadness=\count125
\c@finalcolumnbadness=\count126
\last@try=\dimen110
\multicolovershoot=\dimen111
\multicolundershoot=\dimen112
\mult@nat@firstbox=\box50
\colbreak@box=\box51
\mc@col@check@num=\count127
)
\IndexMin=\dimen113
\c@IndexColumns=\count128
\GlossaryMin=\dimen114
\c@GlossaryColumns=\count129
\check@sum=\count130
\bslash@cnt=\count131
\wrong@table=\toks15
\c@CodelineNo=\count132
))
(/usr/local/texlive/2015basic/texmf-dist/tex/latex/base/fontenc.sty
Package: fontenc 2005/09/27 v1.99g Standard LaTeX package

(/usr/local/texlive/2015basic/texmf-dist/tex/latex/base/t1enc.def
File: t1enc.def 2005/09/27 v1.99g Standard LaTeX file
LaTeX Font Info:    Redeclaring font encoding T1 on input line 48.
))
(/usr/local/texlive/2015basic/texmf-dist/tex/latex/lm/lmodern.sty
Package: lmodern 2009/10/30 v1.6 Latin Modern Fonts
LaTeX Font Info:    Overwriting symbol font `operators' in version `normal'
(Font)                  OT1/cmr/m/n --> OT1/lmr/m/n on input line 22.
LaTeX Font Info:    Overwriting symbol font `letters' in version `normal'
(Font)                  OML/cmm/m/it --> OML/lmm/m/it on input line 23.
LaTeX Font Info:    Overwriting symbol font `symbols' in version `normal'
(Font)                  OMS/cmsy/m/n --> OMS/lmsy/m/n on input line 24.
LaTeX Font Info:    Overwriting symbol font `largesymbols' in version `normal'
(Font)                  OMX/cmex/m/n --> OMX/lmex/m/n on input line 25.
LaTeX Font Info:    Overwriting symbol font `operators' in version `bold'
(Font)                  OT1/cmr/bx/n --> OT1/lmr/bx/n on input line 26.
LaTeX Font Info:    Overwriting symbol font `letters' in version `bold'
(Font)                  OML/cmm/b/it --> OML/lmm/b/it on input line 27.
LaTeX Font Info:    Overwriting symbol font `symbols' in version `bold'
(Font)                  OMS/cmsy/b/n --> OMS/lmsy/b/n on input line 28.
LaTeX Font Info:    Overwriting symbol font `largesymbols' in version `bold'
(Font)                  OMX/cmex/m/n --> OMX/lmex/m/n on input line 29.
LaTeX Font Info:    Overwriting math alphabet `\mathbf' in version `normal'
(Font)                  OT1/cmr/bx/n --> OT1/lmr/bx/n on input line 31.
LaTeX Font Info:    Overwriting math alphabet `\mathsf' in version `normal'
(Font)                  OT1/cmss/m/n --> OT1/lmss/m/n on input line 32.
LaTeX Font Info:    Overwriting math alphabet `\mathit' in version `normal'
(Font)                  OT1/cmr/m/it --> OT1/lmr/m/it on input line 33.
LaTeX Font Info:    Overwriting math alphabet `\mathtt' in version `normal'
(Font)                  OT1/cmtt/m/n --> OT1/lmtt/m/n on input line 34.
LaTeX Font Info:    Overwriting math alphabet `\mathbf' in version `bold'
(Font)                  OT1/cmr/bx/n --> OT1/lmr/bx/n on input line 35.
LaTeX Font Info:    Overwriting math alphabet `\mathsf' in version `bold'
(Font)                  OT1/cmss/bx/n --> OT1/lmss/bx/n on input line 36.
LaTeX Font Info:    Overwriting math alphabet `\mathit' in version `bold'
(Font)                  OT1/cmr/bx/it --> OT1/lmr/bx/it on input line 37.
LaTeX Font Info:    Overwriting math alphabet `\mathtt' in version `bold'
(Font)                  OT1/cmtt/m/n --> OT1/lmtt/m/n on input line 38.
)
(/usr/local/texlive/2015basic/texmf-dist/tex/latex/hyperref/hyperref.sty
Package: hyperref 2012/11/06 v6.83m Hypertext links for LaTeX

(/usr/local/texlive/2015basic/texmf-dist/tex/generic/oberdiek/hobsub-hyperref.s
ty
Package: hobsub-hyperref 2012/05/28 v1.13 Bundle oberdiek, subset hyperref (HO)


(/usr/local/texlive/2015basic/texmf-dist/tex/generic/oberdiek/hobsub-generic.st
y
Package: hobsub-generic 2012/05/28 v1.13 Bundle oberdiek, subset generic (HO)
Package: hobsub 2012/05/28 v1.13 Construct package bundles (HO)
Package: infwarerr 2010/04/08 v1.3 Providing info/warning/error messages (HO)
Package: ltxcmds 2011/11/09 v1.22 LaTeX kernel commands for general use (HO)
Package: ifluatex 2010/03/01 v1.3 Provides the ifluatex switch (HO)
Package ifluatex Info: LuaTeX not detected.
Package: ifvtex 2010/03/01 v1.5 Detect VTeX and its facilities (HO)
Package ifvtex Info: VTeX not detected.
Package: intcalc 2007/09/27 v1.1 Expandable calculations with integers (HO)
Package: ifpdf 2011/01/30 v2.3 Provides the ifpdf switch (HO)
Package ifpdf Info: pdfTeX in PDF mode is detected.
Package: etexcmds 2011/02/16 v1.5 Avoid name clashes with e-TeX commands (HO)
Package etexcmds Info: Could not find \expanded.
(etexcmds)             That can mean that you are not using pdfTeX 1.50 or
(etexcmds)             that some package has redefined \expanded.
(etexcmds)             In the latter case, load this package earlier.
Package: kvsetkeys 2012/04/25 v1.16 Key value parser (HO)
Package: kvdefinekeys 2011/04/07 v1.3 Define keys (HO)
Package: pdftexcmds 2011/11/29 v0.20 Utility functions of pdfTeX for LuaTeX (HO
)
Package pdftexcmds Info: LuaTeX not detected.
Package pdftexcmds Info: \pdf@primitive is available.
Package pdftexcmds Info: \pdf@ifprimitive is available.
Package pdftexcmds Info: \pdfdraftmode found.
Package: pdfescape 2011/11/25 v1.13 Implements pdfTeX's escape features (HO)
Package: bigintcalc 2012/04/08 v1.3 Expandable calculations on big integers (HO
)
Package: bitset 2011/01/30 v1.1 Handle bit-vector datatype (HO)
Package: uniquecounter 2011/01/30 v1.2 Provide unlimited unique counter (HO)
)
Package hobsub Info: Skipping package `hobsub' (already loaded).
Package: letltxmacro 2010/09/02 v1.4 Let assignment for LaTeX macros (HO)
Package: hopatch 2012/05/28 v1.2 Wrapper for package hooks (HO)
Package: xcolor-patch 2011/01/30 xcolor patch
Package: atveryend 2011/06/30 v1.8 Hooks at the very end of document (HO)
Package atveryend Info: \enddocument detected (standard20110627).
Package: atbegshi 2011/10/05 v1.16 At begin shipout hook (HO)
Package: refcount 2011/10/16 v3.4 Data extraction from label references (HO)
Package: hycolor 2011/01/30 v1.7 Color options for hyperref/bookmark (HO)
) (/usr/local/texlive/2015basic/texmf-dist/tex/latex/graphics/keyval.sty
Package: keyval 2014/10/28 v1.15 key=value parser (DPC)
\KV@toks@=\toks16
)
(/usr/local/texlive/2015basic/texmf-dist/tex/generic/ifxetex/ifxetex.sty
Package: ifxetex 2010/09/12 v0.6 Provides ifxetex conditional
)
(/usr/local/texlive/2015basic/texmf-dist/tex/latex/oberdiek/auxhook.sty
Package: auxhook 2011/03/04 v1.3 Hooks for auxiliary files (HO)
)
(/usr/local/texlive/2015basic/texmf-dist/tex/latex/oberdiek/kvoptions.sty
Package: kvoptions 2011/06/30 v3.11 Key value format for package options (HO)
)
\@linkdim=\dimen115
\Hy@linkcounter=\count133
\Hy@pagecounter=\count134

(/usr/local/texlive/2015basic/texmf-dist/tex/latex/hyperref/pd1enc.def
File: pd1enc.def 2012/11/06 v6.83m Hyperref: PDFDocEncoding definition (HO)
)
\Hy@SavedSpaceFactor=\count135

(/usr/local/texlive/2015basic/texmf-dist/tex/latex/latexconfig/hyperref.cfg
File: hyperref.cfg 2002/06/06 v1.2 hyperref configuration of TeXLive
)
Package hyperref Info: Hyper figures OFF on input line 4443.
Package hyperref Info: Link nesting OFF on input line 4448.
Package hyperref Info: Hyper index ON on input line 4451.
Package hyperref Info: Plain pages OFF on input line 4458.
Package hyperref Info: Backreferencing OFF on input line 4463.
Package hyperref Info: Implicit mode ON; LaTeX internals redefined.
Package hyperref Info: Bookmarks ON on input line 4688.
\c@Hy@tempcnt=\count136

(/usr/local/texlive/2015basic/texmf-dist/tex/latex/url/url.sty
\Urlmuskip=\muskip10
Package: url 2013/09/16  ver 3.4  Verb mode for urls, etc.
)
LaTeX Info: Redefining \url on input line 5041.
\XeTeXLinkMargin=\dimen116
\Fld@menulength=\count137
\Field@Width=\dimen117
\Fld@charsize=\dimen118
Package hyperref Info: Hyper figures OFF on input line 6295.
Package hyperref Info: Link nesting OFF on input line 6300.
Package hyperref Info: Hyper index ON on input line 6303.
Package hyperref Info: backreferencing OFF on input line 6310.
Package hyperref Info: Link coloring OFF on input line 6315.
Package hyperref Info: Link coloring with OCG OFF on input line 6320.
Package hyperref Info: PDF/A mode OFF on input line 6325.
LaTeX Info: Redefining \ref on input line 6365.
LaTeX Info: Redefining \pageref on input line 6369.
\Hy@abspage=\count138
\c@Item=\count139
\c@Hfootnote=\count140
)

Package hyperref Message: Driver (autodetected): hpdftex.

(/usr/local/texlive/2015basic/texmf-dist/tex/latex/hyperref/hpdftex.def
File: hpdftex.def 2012/11/06 v6.83m Hyperref driver for pdfTeX
\Fld@listcount=\count141
\c@bookmark@seq@number=\count142

(/usr/local/texlive/2015basic/texmf-dist/tex/latex/oberdiek/rerunfilecheck.sty
Package: rerunfilecheck 2011/04/15 v1.7 Rerun checks for auxiliary files (HO)
Package uniquecounter Info: New unique counter `rerunfilecheck' on input line 2
82.
)
\Hy@SectionHShift=\skip47
) (/usr/local/texlive/2015basic/texmf-dist/tex/latex/graphics/graphicx.sty
Package: graphicx 2014/10/28 v1.0g Enhanced LaTeX Graphics (DPC,SPQR)

(/usr/local/texlive/2015basic/texmf-dist/tex/latex/graphics/graphics.sty
Package: graphics 2014/10/28 v1.0p Standard LaTeX Graphics (DPC,SPQR)

(/usr/local/texlive/2015basic/texmf-dist/tex/latex/graphics/trig.sty
Package: trig 1999/03/16 v1.09 sin cos tan (DPC)
)
(/usr/local/texlive/2015basic/texmf-dist/tex/latex/latexconfig/graphics.cfg
File: graphics.cfg 2010/04/23 v1.9 graphics configuration of TeX Live
)
Package graphics Info: Driver file: pdftex.def on input line 94.

(/usr/local/texlive/2015basic/texmf-dist/tex/latex/pdftex-def/pdftex.def
File: pdftex.def 2011/05/27 v0.06d Graphics/color for pdfTeX
\Gread@gobject=\count143
))
\Gin@req@height=\dimen119
\Gin@req@width=\dimen120
)
(/usr/local/texlive/2015basic/texmf-dist/tex/latex/booktabs/booktabs.sty
Package: booktabs 2005/04/14 v1.61803 publication quality tables
\heavyrulewidth=\dimen121
\lightrulewidth=\dimen122
\cmidrulewidth=\dimen123
\belowrulesep=\dimen124
\belowbottomsep=\dimen125
\aboverulesep=\dimen126
\abovetopsep=\dimen127
\cmidrulesep=\dimen128
\cmidrulekern=\dimen129
\defaultaddspace=\dimen130
\@cmidla=\count144
\@cmidlb=\count145
\@aboverulesep=\dimen131
\@belowrulesep=\dimen132
\@thisruleclass=\count146
\@lastruleclass=\count147
\@thisrulewidth=\dimen133
)
\@indexfile=\write3
\openout3 = `apa6.idx'.


Writing index file apa6.idx
\@glossaryfile=\write4
\openout4 = `apa6.glo'.

Writing glossary file apa6.glo 
No file apa6.aux.
\openout1 = `apa6.aux'.

LaTeX Font Info:    Checking defaults for OML/cmm/m/it on input line 187.
LaTeX Font Info:    ... okay on input line 187.
LaTeX Font Info:    Checking defaults for T1/cmr/m/n on input line 187.
LaTeX Font Info:    ... okay on input line 187.
LaTeX Font Info:    Checking defaults for OT1/cmr/m/n on input line 187.
LaTeX Font Info:    ... okay on input line 187.
LaTeX Font Info:    Checking defaults for OMS/cmsy/m/n on input line 187.
LaTeX Font Info:    ... okay on input line 187.
LaTeX Font Info:    Checking defaults for OMX/cmex/m/n on input line 187.
LaTeX Font Info:    ... okay on input line 187.
LaTeX Font Info:    Checking defaults for U/cmr/m/n on input line 187.
LaTeX Font Info:    ... okay on input line 187.
LaTeX Font Info:    Checking defaults for PD1/pdf/m/n on input line 187.
LaTeX Font Info:    ... okay on input line 187.
LaTeX Font Info:    Try loading font information for T1+lmr on input line 187.
(/usr/local/texlive/2015basic/texmf-dist/tex/latex/lm/t1lmr.fd
File: t1lmr.fd 2009/10/30 v1.6 Font defs for Latin Modern
)
Package doc Info: Made | a short reference for \verb on input line 187.
\AtBeginShipoutBox=\box52
Package hyperref Info: Link coloring OFF on input line 187.

(/usr/local/texlive/2015basic/texmf-dist/tex/latex/hyperref/nameref.sty
Package: nameref 2012/10/27 v2.43 Cross-referencing by name of section

(/usr/local/texlive/2015basic/texmf-dist/tex/generic/oberdiek/gettitlestring.st
y
Package: gettitlestring 2010/12/03 v1.4 Cleanup title references (HO)
)
\c@section@level=\count148
)
LaTeX Info: Redefining \ref on input line 187.
LaTeX Info: Redefining \pageref on input line 187.
LaTeX Info: Redefining \nameref on input line 187.
\@outlinefile=\write5
\openout5 = `apa6.out'.

 (/usr/local/texlive/2015basic/texmf-dist/tex/context/base/supp-pdf.mkii
[Loading MPS to PDF converter (version 2006.09.02).]
\scratchcounter=\count149
\scratchdimen=\dimen134
\scratchbox=\box53
\nofMPsegments=\count150
\nofMParguments=\count151
\everyMPshowfont=\toks17
\MPscratchCnt=\count152
\MPscratchDim=\dimen135
\MPnumerator=\count153
\makeMPintoPDFobject=\count154
\everyMPtoPDFconversion=\toks18
) (/usr/local/texlive/2015basic/texmf-dist/tex/latex/oberdiek/epstopdf-base.sty
Package: epstopdf-base 2010/02/09 v2.5 Base part for package epstopdf
(/usr/local/texlive/2015basic/texmf-dist/tex/latex/oberdiek/grfext.sty
Package: grfext 2010/08/19 v1.1 Manage graphics extensions (HO)
)
Package grfext Info: Graphics extension search list:
(grfext)             [.png,.pdf,.jpg,.mps,.jpeg,.jbig2,.jb2,.PNG,.PDF,.JPG,.JPE
G,.JBIG2,.JB2,.eps]
(grfext)             \AppendGraphicsExtensions on input line 452.

(/usr/local/texlive/2015basic/texmf-dist/tex/latex/latexconfig/epstopdf-sys.cfg
File: epstopdf-sys.cfg 2010/07/13 v1.3 Configuration of (r)epstopdf for TeX Liv
e
)) (./apa6.dtx
LaTeX Font Info:    Try loading font information for T1+lmss on input line 218.

 (/usr/local/texlive/2015basic/texmf-dist/tex/latex/lm/t1lmss.fd
File: t1lmss.fd 2009/10/30 v1.6 Font defs for Latin Modern
)
LaTeX Font Info:    Try loading font information for OT1+lmr on input line 218.

(/usr/local/texlive/2015basic/texmf-dist/tex/latex/lm/ot1lmr.fd
File: ot1lmr.fd 2009/10/30 v1.6 Font defs for Latin Modern
)
LaTeX Font Info:    Try loading font information for OML+lmm on input line 218.


(/usr/local/texlive/2015basic/texmf-dist/tex/latex/lm/omllmm.fd
File: omllmm.fd 2009/10/30 v1.6 Font defs for Latin Modern
)
LaTeX Font Info:    Try loading font information for OMS+lmsy on input line 218
.

(/usr/local/texlive/2015basic/texmf-dist/tex/latex/lm/omslmsy.fd
File: omslmsy.fd 2009/10/30 v1.6 Font defs for Latin Modern
)
LaTeX Font Info:    Try loading font information for OMX+lmex on input line 218
.

(/usr/local/texlive/2015basic/texmf-dist/tex/latex/lm/omxlmex.fd
File: omxlmex.fd 2009/10/30 v1.6 Font defs for Latin Modern
)
LaTeX Font Info:    External font `lmex10' loaded for size
(Font)              <17.28> on input line 218.
LaTeX Font Info:    External font `lmex10' loaded for size
(Font)              <12> on input line 218.
LaTeX Font Info:    External font `lmex10' loaded for size
(Font)              <10> on input line 218.
LaTeX Font Info:    External font `lmex10' loaded for size
(Font)              <8> on input line 218.
LaTeX Font Info:    External font `lmex10' loaded for size
(Font)              <6> on input line 218.
LaTeX Font Info:    External font `lmex10' loaded for size
(Font)              <5> on input line 218.
LaTeX Font Info:    External font `lmex10' loaded for size
(Font)              <7> on input line 334.
LaTeX Font Info:    Try loading font information for T1+lmtt on input line 351.


(/usr/local/texlive/2015basic/texmf-dist/tex/latex/lm/t1lmtt.fd
File: t1lmtt.fd 2009/10/30 v1.6 Font defs for Latin Modern
) [1

{/usr/local/texlive/2015basic/texmf-var/fonts/map/pdftex/updmap/pdftex.map}]
LaTeX Font Info:    Try loading font information for OMS+lmr on input line 357.


(/usr/local/texlive/2015basic/texmf-dist/tex/latex/lm/omslmr.fd
File: omslmr.fd 2009/10/30 v1.6 Font defs for Latin Modern
)
LaTeX Font Info:    Font shape `OMS/lmr/m/n' in size <10> not available
(Font)              Font shape `OMS/lmsy/m/n' tried instead on input line 357.


LaTeX Warning: Reference `sec:biblatexinfo' on page 2 undefined on input line 3
95.


LaTeX Warning: Reference `sec:apaciteinfo' on page 2 undefined on input line 39
8.


LaTeX Warning: Reference `sec:natbibinfo' on page 2 undefined on input line 400
.


LaTeX Warning: Reference `sec:masking' on page 2 undefined on input line 403.

[2] [3]

LaTeX Warning: Reference `sec:keywords' on page 4 undefined on input line 485.

[4]

LaTeX Warning: Marginpar on page 5 moved.


LaTeX Warning: Marginpar on page 5 moved.

[5]

LaTeX Warning: Marginpar on page 6 moved.


LaTeX Warning: Marginpar on page 6 moved.


LaTeX Warning: Marginpar on page 6 moved.


LaTeX Warning: Marginpar on page 6 moved.

[6] [7]

LaTeX Warning: Reference `tab:CitationCommandsTable' on page 8 undefined on inp
ut line 727.

[8]

LaTeX Warning: Marginpar on page 9 moved.


LaTeX Warning: Marginpar on page 9 moved.

[9]

LaTeX Warning: Marginpar on page 10 moved.

LaTeX Font Info:    Font shape `OMS/lmr/bx/n' in size <12> not available
(Font)              Font shape `OMS/lmsy/b/n' tried instead on input line 825.
[10] [11]
Overfull \hbox (3.87946pt too wide) in paragraph at lines 917--920
[]\T1/lmss/m/n/10 draftwatermark\T1/lmr/m/n/10 : in-cludes a ``DRAFT'' wa-ter-m
ark; used only if the []\T1/lmtt/m/n/10 draftfirst
 []

[12] [13] [14]
Overfull \hbox (18.27428pt too wide) in paragraph at lines 1065--1065
[]     \T1/lmtt/m/n/9 Distribution type  & \multicolumn{2}{l}{Percentage of} & 
Total number   \\[] 
 []


Overfull \hbox (18.27428pt too wide) in paragraph at lines 1065--1065
[]                        \T1/lmtt/m/n/9 & \multicolumn{2}{l}{targets with}  & 
of trials per  \\[] 
 []


Overfull \hbox (103.32411pt too wide) in paragraph at lines 1065--1065
[]                        \T1/lmtt/m/n/9 & \multicolumn{2}{l}{segment in}    & 
participant    \\ \cmidrule(r){2-3}[] 
 []


Overfull \hbox (60.7992pt too wide) in paragraph at lines 1065--1065
[]                                     \T1/lmtt/m/n/9 &  Onset  &  Coda        
    &          \\ \midrule[] 
 []


Overfull \hbox (18.27428pt too wide) in paragraph at lines 1065--1065
[]     \T1/lmtt/m/n/9 Categorical -- onset\tabfnm{a}  &    100  &     0        
    &  196     \\[] 
 []


Overfull \hbox (18.27428pt too wide) in paragraph at lines 1065--1065
[]     \T1/lmtt/m/n/9 Probabilistic                   &     80  &    20\tabfnm{
*}  &  200     \\[] 
 []


Overfull \hbox (60.7992pt too wide) in paragraph at lines 1065--1065
[]     \T1/lmtt/m/n/9 Categorical -- coda\tabfnm{b}   &      0  &   100\tabfnm{
*}  &  196     \\ \midrule[] 
 []

[15] [16]
No file apa6.gls.
No file apa6.ind.
)
Package atveryend Info: Empty hook `BeforeClearDocument' on input line 189.
Package atveryend Info: Empty hook `AfterLastShipout' on input line 189.
 (./apa6.aux)
Package atveryend Info: Executing hook `AtVeryEndDocument' on input line 189.
Package atveryend Info: Executing hook `AtEndAfterFileList' on input line 189.


Package rerunfilecheck Warning: File `apa6.out' has changed.
(rerunfilecheck)                Rerun to get outlines right
(rerunfilecheck)                or use package `bookmark'.

Package rerunfilecheck Info: Checksums for `apa6.out':
(rerunfilecheck)             Before: <no file>
(rerunfilecheck)             After:  CF22D7268CAB77E074F2E608E7DEB1F3;1811.

LaTeX Warning: There were undefined references.


LaTeX Warning: Label(s) may have changed. Rerun to get cross-references right.

Package atveryend Info: Empty hook `AtVeryVeryEnd' on input line 189.
 ) 
Here is how much of TeX's memory you used:
 6426 strings out of 494501
 94445 string characters out of 6167030
 171907 words of memory out of 5000000
 9550 multiletter control sequences out of 15000+600000
 93412 words of font info for 60 fonts, out of 8000000 for 9000
 319 hyphenation exceptions out of 8191
 30i,9n,29p,231b,505s stack positions out of 5000i,500n,10000p,200000b,80000s
{/usr/local/texlive/2015basic/texmf-dist/fonts/enc/dvips/lm/lm-mathsy.enc}{/u
sr/local/texlive/2015basic/texmf-dist/fonts/enc/dvips/lm/lm-ec.enc}</usr/local/
texlive/2015basic/texmf-dist/fonts/type1/public/lm/lmbsy10.pfb></usr/local/texl
ive/2015basic/texmf-dist/fonts/type1/public/lm/lmbx10.pfb></usr/local/texlive/2
015basic/texmf-dist/fonts/type1/public/lm/lmbx12.pfb></usr/local/texlive/2015ba
sic/texmf-dist/fonts/type1/public/lm/lmbx8.pfb></usr/local/texlive/2015basic/te
xmf-dist/fonts/type1/public/lm/lmbx9.pfb></usr/local/texlive/2015basic/texmf-di
st/fonts/type1/public/lm/lmbxi10.pfb></usr/local/texlive/2015basic/texmf-dist/f
onts/type1/public/lm/lmr10.pfb></usr/local/texlive/2015basic/texmf-dist/fonts/t
ype1/public/lm/lmr12.pfb></usr/local/texlive/2015basic/texmf-dist/fonts/type1/p
ublic/lm/lmr17.pfb></usr/local/texlive/2015basic/texmf-dist/fonts/type1/public/
lm/lmr7.pfb></usr/local/texlive/2015basic/texmf-dist/fonts/type1/public/lm/lmr8
.pfb></usr/local/texlive/2015basic/texmf-dist/fonts/type1/public/lm/lmr9.pfb></
usr/local/texlive/2015basic/texmf-dist/fonts/type1/public/lm/lmri10.pfb></usr/l
ocal/texlive/2015basic/texmf-dist/fonts/type1/public/lm/lmri9.pfb></usr/local/t
exlive/2015basic/texmf-dist/fonts/type1/public/lm/lmss10.pfb></usr/local/texliv
e/2015basic/texmf-dist/fonts/type1/public/lm/lmss17.pfb></usr/local/texlive/201
5basic/texmf-dist/fonts/type1/public/lm/lmss9.pfb></usr/local/texlive/2015basic
/texmf-dist/fonts/type1/public/lm/lmssbx10.pfb></usr/local/texlive/2015basic/te
xmf-dist/fonts/type1/public/lm/lmsy10.pfb></usr/local/texlive/2015basic/texmf-d
ist/fonts/type1/public/lm/lmsy6.pfb></usr/local/texlive/2015basic/texmf-dist/fo
nts/type1/public/lm/lmsy8.pfb></usr/local/texlive/2015basic/texmf-dist/fonts/ty
pe1/public/lm/lmtt10.pfb></usr/local/texlive/2015basic/texmf-dist/fonts/type1/p
ublic/lm/lmtt9.pfb>
Output written on apa6.pdf (16 pages, 471071 bytes).
PDF statistics:
 213 PDF objects out of 1000 (max. 8388607)
 170 compressed objects within 2 object streams
 48 named destinations out of 1000 (max. 500000)
 1 words of extra memory for PDF output out of 10000 (max. 10000000)

