This is pdfTeX, Version 3.14159265-2.6-1.40.16 (TeX Live 2015/Debian) (preloaded format=pdflatex 2016.6.27)  30 JUN 2016 13:52
entering extended mode
 restricted \write18 enabled.
 %&-line parsing enabled.
**"Fieldreport June 25.tex"
(./Fieldreport June 25.tex
LaTeX2e <2016/02/01>
Babel <3.9q> and hyphenation patterns for 5 language(s) loaded.
(/usr/share/texlive/texmf-dist/tex/latex/base/article.cls
Document Class: article 2014/09/29 v1.4h Standard LaTeX document class
(/usr/share/texlive/texmf-dist/tex/latex/base/size12.clo
File: size12.clo 2014/09/29 v1.4h Standard LaTeX file (size option)
)
\c@part=\count79
\c@section=\count80
\c@subsection=\count81
\c@subsubsection=\count82
\c@paragraph=\count83
\c@subparagraph=\count84
\c@figure=\count85
\c@table=\count86
\abovecaptionskip=\skip41
\belowcaptionskip=\skip42
\bibindent=\dimen102
)
(/usr/share/texlive/texmf-dist/tex/latex/natbib/natbib.sty
Package: natbib 2010/09/13 8.31b (PWD, AO)
\bibhang=\skip43
\bibsep=\skip44
LaTeX Info: Redefining \cite on input line 694.
\c@NAT@ctr=\count87
)
(/usr/share/texlive/texmf-dist/tex/latex/geometry/geometry.sty
Package: geometry 2010/09/12 v5.6 Page Geometry

(/usr/share/texlive/texmf-dist/tex/latex/graphics/keyval.sty
Package: keyval 2014/10/28 v1.15 key=value parser (DPC)
\KV@toks@=\toks14
)
(/usr/share/texlive/texmf-dist/tex/generic/oberdiek/ifpdf.sty
Package: ifpdf 2011/01/30 v2.3 Provides the ifpdf switch (HO)
Package ifpdf Info: pdfTeX in PDF mode is detected.
)
(/usr/share/texlive/texmf-dist/tex/generic/oberdiek/ifvtex.sty
Package: ifvtex 2010/03/01 v1.5 Detect VTeX and its facilities (HO)
Package ifvtex Info: VTeX not detected.
)
(/usr/share/texlive/texmf-dist/tex/generic/ifxetex/ifxetex.sty
Package: ifxetex 2010/09/12 v0.6 Provides ifxetex conditional
)
\Gm@cnth=\count88
\Gm@cntv=\count89
\c@Gm@tempcnt=\count90
\Gm@bindingoffset=\dimen103
\Gm@wd@mp=\dimen104
\Gm@odd@mp=\dimen105
\Gm@even@mp=\dimen106
\Gm@layoutwidth=\dimen107
\Gm@layoutheight=\dimen108
\Gm@layouthoffset=\dimen109
\Gm@layoutvoffset=\dimen110
\Gm@dimlist=\toks15
)
(/usr/share/texlive/texmf-dist/tex/latex/graphics/graphicx.sty
Package: graphicx 2014/10/28 v1.0g Enhanced LaTeX Graphics (DPC,SPQR)

(/usr/share/texlive/texmf-dist/tex/latex/graphics/graphics.sty
Package: graphics 2016/01/03 v1.0q Standard LaTeX Graphics (DPC,SPQR)

(/usr/share/texlive/texmf-dist/tex/latex/graphics/trig.sty
Package: trig 2016/01/03 v1.10 sin cos tan (DPC)
)
(/usr/share/texlive/texmf-dist/tex/latex/latexconfig/graphics.cfg
File: graphics.cfg 2010/04/23 v1.9 graphics configuration of TeX Live
)
Package graphics Info: Driver file: pdftex.def on input line 95.

(/usr/share/texlive/texmf-dist/tex/latex/pdftex-def/pdftex.def
File: pdftex.def 2011/05/27 v0.06d Graphics/color for pdfTeX

(/usr/share/texlive/texmf-dist/tex/generic/oberdiek/infwarerr.sty
Package: infwarerr 2010/04/08 v1.3 Providing info/warning/error messages (HO)
)
(/usr/share/texlive/texmf-dist/tex/generic/oberdiek/ltxcmds.sty
Package: ltxcmds 2011/11/09 v1.22 LaTeX kernel commands for general use (HO)
)
\Gread@gobject=\count91
))
\Gin@req@height=\dimen111
\Gin@req@width=\dimen112
)
(/usr/share/texlive/texmf-dist/tex/latex/wrapfig/wrapfig.sty
\wrapoverhang=\dimen113
\WF@size=\dimen114
\c@WF@wrappedlines=\count92
\WF@box=\box26
\WF@everypar=\toks16
Package: wrapfig 2003/01/31  v 3.6
)
(/usr/share/texlive/texmf-dist/tex/latex/enumitem/enumitem.sty
Package: enumitem 2011/09/28 v3.5.2 Customized lists
\labelindent=\skip45
\enit@outerparindent=\dimen115
\enit@toks=\toks17
\enit@inbox=\box27
\enitdp@description=\count93
)
(/usr/share/texlive/texmf-dist/tex/latex/multirow/multirow.sty
\bigstrutjot=\dimen116
)
(/usr/share/texlive/texmf-dist/tex/latex/graphics/lscape.sty
Package: lscape 2000/10/22 v3.01 Landscape Pages (DPC)
)
(./Fieldreport June 25.aux)
\openout1 = `"Fieldreport June 25.aux"'.

LaTeX Font Info:    Checking defaults for OML/cmm/m/it on input line 13.
LaTeX Font Info:    ... okay on input line 13.
LaTeX Font Info:    Checking defaults for T1/cmr/m/n on input line 13.
LaTeX Font Info:    ... okay on input line 13.
LaTeX Font Info:    Checking defaults for OT1/cmr/m/n on input line 13.
LaTeX Font Info:    ... okay on input line 13.
LaTeX Font Info:    Checking defaults for OMS/cmsy/m/n on input line 13.
LaTeX Font Info:    ... okay on input line 13.
LaTeX Font Info:    Checking defaults for OMX/cmex/m/n on input line 13.
LaTeX Font Info:    ... okay on input line 13.
LaTeX Font Info:    Checking defaults for U/cmr/m/n on input line 13.
LaTeX Font Info:    ... okay on input line 13.

*geometry* driver: auto-detecting
*geometry* detected driver: pdftex
*geometry* verbose mode - [ preamble ] result:
* driver: pdftex
* paper: letterpaper
* layout: <same size as paper>
* layoutoffset:(h,v)=(0.0pt,0.0pt)
* modes: 
* h-part:(L,W,R)=(79.49744pt, 455.30013pt, 79.49744pt)
* v-part:(T,H,B)=(79.49744pt, 635.97511pt, 79.49744pt)
* \paperwidth=614.295pt
* \paperheight=794.96999pt
* \textwidth=455.30013pt
* \textheight=635.97511pt
* \oddsidemargin=7.22745pt
* \evensidemargin=7.22745pt
* \topmargin=-29.77255pt
* \headheight=12.0pt
* \headsep=25.0pt
* \topskip=12.0pt
* \footskip=30.0pt
* \marginparwidth=44.0pt
* \marginparsep=10.0pt
* \columnsep=10.0pt
* \skip\footins=10.8pt plus 4.0pt minus 2.0pt
* \hoffset=0.0pt
* \voffset=0.0pt
* \mag=1000
* \@twocolumnfalse
* \@twosidefalse
* \@mparswitchfalse
* \@reversemarginfalse
* (1in=72.27pt=25.4mm, 1cm=28.453pt)

(/usr/share/texlive/texmf-dist/tex/context/base/supp-pdf.mkii
[Loading MPS to PDF converter (version 2006.09.02).]
\scratchcounter=\count94
\scratchdimen=\dimen117
\scratchbox=\box28
\nofMPsegments=\count95
\nofMParguments=\count96
\everyMPshowfont=\toks18
\MPscratchCnt=\count97
\MPscratchDim=\dimen118
\MPnumerator=\count98
\makeMPintoPDFobject=\count99
\everyMPtoPDFconversion=\toks19
) (/usr/share/texlive/texmf-dist/tex/generic/oberdiek/pdftexcmds.sty
Package: pdftexcmds 2011/11/29 v0.20 Utility functions of pdfTeX for LuaTeX (HO
)

(/usr/share/texlive/texmf-dist/tex/generic/oberdiek/ifluatex.sty
Package: ifluatex 2010/03/01 v1.3 Provides the ifluatex switch (HO)
Package ifluatex Info: LuaTeX not detected.
)
Package pdftexcmds Info: LuaTeX not detected.
Package pdftexcmds Info: \pdf@primitive is available.
Package pdftexcmds Info: \pdf@ifprimitive is available.
Package pdftexcmds Info: \pdfdraftmode found.
)
(/usr/share/texlive/texmf-dist/tex/latex/oberdiek/epstopdf-base.sty
Package: epstopdf-base 2010/02/09 v2.5 Base part for package epstopdf

(/usr/share/texlive/texmf-dist/tex/latex/oberdiek/grfext.sty
Package: grfext 2010/08/19 v1.1 Manage graphics extensions (HO)

(/usr/share/texlive/texmf-dist/tex/generic/oberdiek/kvdefinekeys.sty
Package: kvdefinekeys 2011/04/07 v1.3 Define keys (HO)
))
(/usr/share/texlive/texmf-dist/tex/latex/oberdiek/kvoptions.sty
Package: kvoptions 2011/06/30 v3.11 Key value format for package options (HO)

(/usr/share/texlive/texmf-dist/tex/generic/oberdiek/kvsetkeys.sty
Package: kvsetkeys 2012/04/25 v1.16 Key value parser (HO)

(/usr/share/texlive/texmf-dist/tex/generic/oberdiek/etexcmds.sty
Package: etexcmds 2011/02/16 v1.5 Avoid name clashes with e-TeX commands (HO)
Package etexcmds Info: Could not find \expanded.
(etexcmds)             That can mean that you are not using pdfTeX 1.50 or
(etexcmds)             that some package has redefined \expanded.
(etexcmds)             In the latter case, load this package earlier.
)))
Package grfext Info: Graphics extension search list:
(grfext)             [.png,.pdf,.jpg,.mps,.jpeg,.jbig2,.jb2,.PNG,.PDF,.JPG,.JPE
G,.JBIG2,.JB2,.eps]
(grfext)             \AppendGraphicsExtensions on input line 452.

(/usr/share/texlive/texmf-dist/tex/latex/latexconfig/epstopdf-sys.cfg
File: epstopdf-sys.cfg 2010/07/13 v1.3 Configuration of (r)epstopdf for TeX Liv
e
))
(./Fieldreport June 25.toc
LaTeX Font Info:    External font `cmex10' loaded for size
(Font)              <12> on input line 2.
LaTeX Font Info:    External font `cmex10' loaded for size
(Font)              <8> on input line 2.
LaTeX Font Info:    External font `cmex10' loaded for size
(Font)              <6> on input line 2.
)
\tf@toc=\write3
\openout3 = `"Fieldreport June 25.toc"'.

 [1

{/var/lib/texmf/fonts/map/pdftex/updmap/pdftex.map}] [2] [3] <chosenglaciers.jp
eg, id=15, 2920.9125pt x 2131.965pt>
File: chosenglaciers.jpeg Graphic file (type jpg)

<use chosenglaciers.jpeg>
Package pdftex.def Info: chosenglaciers.jpeg used on input line 61.
(pdftex.def)             Requested size: 592.5958pt x 432.53372pt.


LaTeX Warning: Float too large for page by 21.9669pt on input line 64.

<Transects_planned.jpeg, id=16, 721.24977pt x 559.06525pt>
File: Transects_planned.jpeg Graphic file (type jpg)

<use Transects_planned.jpeg>
Package pdftex.def Info: Transects_planned.jpeg used on input line 68.
(pdftex.def)             Requested size: 558.00533pt x 432.53372pt.


LaTeX Warning: Float too large for page by 7.4669pt on input line 71.

<Zigzag_planned.jpeg, id=17, 721.24977pt x 559.06525pt>
File: Zigzag_planned.jpeg Graphic file (type jpg)

<use Zigzag_planned.jpeg>
Package pdftex.def Info: Zigzag_planned.jpeg used on input line 75.
(pdftex.def)             Requested size: 558.00533pt x 432.53372pt.


LaTeX Warning: Float too large for page by 8.13359pt on input line 78.

[4 <./chosenglaciers.jpeg>] [5 <./Transects_planned.jpeg>] [6 <./Zigzag_planned
.jpeg>] <ZZ_vertex.jpeg, id=27, 1084.05pt x 1025.8325pt>
File: ZZ_vertex.jpeg Graphic file (type jpg)
 <use ZZ_vertex.jpeg>
Package pdftex.def Info: ZZ_vertex.jpeg used on input line 83.
(pdftex.def)             Requested size: 457.08435pt x 432.53372pt.

Overfull \hbox (8.58421pt too wide) in paragraph at lines 83--83
 [][] 
 []

[7


] [8 <./ZZ_vertex.jpeg>] [9] [10] <Probers.jpg, id=41, 963.6pt x 542.025pt>
File: Probers.jpg Graphic file (type jpg)

<use Probers.jpg>
Package pdftex.def Info: Probers.jpg used on input line 150.
(pdftex.def)             Requested size: 455.30013pt x 256.09988pt.

Overfull \hbox (6.79999pt too wide) in paragraph at lines 150--150
 [][] 
 []

[11 <./Probers.jpg>]

LaTeX Warning: No positions in optional float specifier.
               Default added (so using `tbp') on input line 158.


Overfull \hbox (20.76091pt too wide) in paragraph at lines 162--186
 [][] 
 []


LaTeX Warning: Float too large for page by 46.06598pt on input line 186.


LaTeX Warning: No positions in optional float specifier.
               Default added (so using `tbp') on input line 189.

<zigzag_completed.png, id=45, 633.86812pt x 513.41812pt>
File: zigzag_completed.png Graphic file (type png)

<use zigzag_completed.png>
Package pdftex.def Info: zigzag_completed.png used on input line 210.
(pdftex.def)             Requested size: 562.1194pt x 455.30013pt.


LaTeX Warning: Float too large for page by 30.9pt on input line 213.

[12] [13] [14 <./zigzag_completed.png (PNG copy)>]

LaTeX Warning: No positions in optional float specifier.
               Default added (so using `tbp') on input line 217.


Overfull \hbox (53.15813pt too wide) in paragraph at lines 221--257
 [][] 
 []

[15


] [16] [17] [18] [19]
Overfull \hbox (55.75429pt too wide) in paragraph at lines 358--359
[]\OT1/cmr/m/n/12 Crevasses were seen on glacier right and mid-dle on the ramp 
up to the up-per plateau/accumulation
 []

[20] [21] [22] [23]
Overfull \hbox (2.46681pt too wide) in paragraph at lines 447--448
[]\OT1/cmr/m/n/12 Coline and Gwenn dug and took mea-sure-ments of the ac-cu-mu-
la-tion snow-pit (G02[]ASP)
 []

[24] [25] [26] [27] [28] [29]
<Transects_completed.jpeg, id=106, 721.24977pt x 559.06525pt>
File: Transects_completed.jpeg Graphic file (type jpg)

<use Transects_completed.jpeg>
Package pdftex.def Info: Transects_completed.jpeg used on input line 560.
(pdftex.def)             Requested size: 558.00533pt x 432.53372pt.


LaTeX Warning: Float too large for page by 7.4669pt on input line 563.

<Zigzag_completed.jpeg, id=107, 721.24977pt x 559.06525pt>
File: Zigzag_completed.jpeg Graphic file (type jpg)

<use Zigzag_completed.jpeg>
Package pdftex.def Info: Zigzag_completed.jpeg used on input line 567.
(pdftex.def)             Requested size: 558.00533pt x 432.53372pt.


LaTeX Warning: Float too large for page by 8.13359pt on input line 570.

[30 <./Transects_completed.jpeg>] [31 <./Zigzag_completed.jpeg>]
LaTeX Font Info:    Try loading font information for OMS+cmr on input line 576.


(/usr/share/texlive/texmf-dist/tex/latex/base/omscmr.fd
File: omscmr.fd 2014/09/29 v2.5h Standard LaTeX font definitions
)
LaTeX Font Info:    Font shape `OMS/cmr/m/n' in size <12> not available
(Font)              Font shape `OMS/cmsy/m/n' tried instead on input line 576.

(./Fieldreport June 25.bbl [32


]) [33]
<G04_Topo.jpeg, id=122, 844.8363pt x 597.432pt>
File: G04_Topo.jpeg Graphic file (type jpg)
 <use G04_Topo.jpeg>
Package pdftex.def Info: G04_Topo.jpeg used on input line 611.
(pdftex.def)             Requested size: 404.70468pt x 286.18686pt.

<G04_Overview.jpeg, id=123, 844.8363pt x 597.432pt>
File: G04_Overview.jpeg Graphic file (type jpg)
 <use G04_Overview.jpeg>
Package pdftex.def Info: G04_Overview.jpeg used on input line 612.
(pdftex.def)             Requested size: 404.70468pt x 286.18686pt.

<G04_ZZ.jpeg, id=124, 844.8363pt x 597.432pt>
File: G04_ZZ.jpeg Graphic file (type jpg)
 <use G04_ZZ.jpeg>
Package pdftex.def Info: G04_ZZ.jpeg used on input line 613.
(pdftex.def)             Requested size: 404.70468pt x 286.18686pt.

<G04_LH.jpeg, id=125, 844.8363pt x 597.432pt>
File: G04_LH.jpeg Graphic file (type jpg)
 <use G04_LH.jpeg>
Package pdftex.def Info: G04_LH.jpeg used on input line 614.
(pdftex.def)             Requested size: 404.70468pt x 286.18686pt.
File: G04_LH.jpeg Graphic file (type jpg)

<use G04_LH.jpeg>
Package pdftex.def Info: G04_LH.jpeg used on input line 615.
(pdftex.def)             Requested size: 404.70468pt x 286.18686pt.
 <G04_UH.jpeg, id=126, 844.8363pt x 597.432pt>
File: G04_UH.jpeg Graphic file (type jpg)

<use G04_UH.jpeg>
Package pdftex.def Info: G04_UH.jpeg used on input line 616.
(pdftex.def)             Requested size: 404.70468pt x 286.18686pt.
 <G04_M.jpeg, id=127, 844.8363pt x 597.432pt>
File: G04_M.jpeg Graphic file (type jpg)

<use G04_M.jpeg>
Package pdftex.def Info: G04_M.jpeg used on input line 617.
(pdftex.def)             Requested size: 404.70468pt x 286.18686pt.
 <G04_A.jpeg, id=128, 844.8363pt x 597.432pt>
File: G04_A.jpeg Graphic file (type jpg)
 <use G04_A.jpeg>
Package pdftex.def Info: G04_A.jpeg used on input line 618.
(pdftex.def)             Requested size: 404.70468pt x 286.18686pt.

Underfull \hbox (badness 10000) in paragraph at lines 610--619

 []

[34 <./G04_Topo.jpeg> <./G04_Overview.jpeg>] [35 <./G04_ZZ.jpeg> <./G04_LH.jpeg
>] [36 <./G04_UH.jpeg>] [37 <./G04_M.jpeg> <./G04_A.jpeg>]
<G02_topo.jpeg, id=142, 844.8363pt x 597.432pt>
File: G02_topo.jpeg Graphic file (type jpg)
 <use G02_topo.jpeg>
Package pdftex.def Info: G02_topo.jpeg used on input line 622.
(pdftex.def)             Requested size: 404.70468pt x 286.18686pt.

<G02_Overview.jpeg, id=143, 844.8363pt x 597.432pt>
File: G02_Overview.jpeg Graphic file (type jpg)
 <use G02_Overview.jpeg>
Package pdftex.def Info: G02_Overview.jpeg used on input line 623.
(pdftex.def)             Requested size: 404.70468pt x 286.18686pt.

<G02_ZZ.jpeg, id=144, 844.8363pt x 597.432pt>
File: G02_ZZ.jpeg Graphic file (type jpg)
 <use G02_ZZ.jpeg>
Package pdftex.def Info: G02_ZZ.jpeg used on input line 624.
(pdftex.def)             Requested size: 404.70468pt x 286.18686pt.

<G02_LH.jpeg, id=145, 844.8363pt x 597.432pt>
File: G02_LH.jpeg Graphic file (type jpg)
 <use G02_LH.jpeg>
Package pdftex.def Info: G02_LH.jpeg used on input line 625.
(pdftex.def)             Requested size: 404.70468pt x 286.18686pt.
File: G02_LH.jpeg Graphic file (type jpg)

<use G02_LH.jpeg>
Package pdftex.def Info: G02_LH.jpeg used on input line 626.
(pdftex.def)             Requested size: 404.70468pt x 286.18686pt.
 <G02_UH.jpeg, id=146, 844.8363pt x 597.432pt>
File: G02_UH.jpeg Graphic file (type jpg)

<use G02_UH.jpeg>
Package pdftex.def Info: G02_UH.jpeg used on input line 627.
(pdftex.def)             Requested size: 404.70468pt x 286.18686pt.
 <G02_M.jpeg, id=147, 844.8363pt x 597.432pt>
File: G02_M.jpeg Graphic file (type jpg)

<use G02_M.jpeg>
Package pdftex.def Info: G02_M.jpeg used on input line 628.
(pdftex.def)             Requested size: 404.70468pt x 286.18686pt.
 <G02_A.jpeg, id=148, 844.8363pt x 597.432pt>
File: G02_A.jpeg Graphic file (type jpg)
 <use G02_A.jpeg>
Package pdftex.def Info: G02_A.jpeg used on input line 629.
(pdftex.def)             Requested size: 404.70468pt x 286.18686pt.

Underfull \hbox (badness 10000) in paragraph at lines 621--630

 []

[38 <./G02_topo.jpeg> <./G02_Overview.jpeg>] [39 <./G02_ZZ.jpeg> <./G02_LH.jpeg
>] [40 <./G02_UH.jpeg>] [41 <./G02_M.jpeg> <./G02_A.jpeg>]
<G13_Topo.jpeg, id=161, 844.8363pt x 597.432pt>
File: G13_Topo.jpeg Graphic file (type jpg)
 <use G13_Topo.jpeg>
Package pdftex.def Info: G13_Topo.jpeg used on input line 633.
(pdftex.def)             Requested size: 404.70468pt x 286.18686pt.

<G13_Overview.jpeg, id=162, 844.8363pt x 597.432pt>
File: G13_Overview.jpeg Graphic file (type jpg)
 <use G13_Overview.jpeg>
Package pdftex.def Info: G13_Overview.jpeg used on input line 634.
(pdftex.def)             Requested size: 404.70468pt x 286.18686pt.

<G13_ZZ.jpeg, id=163, 844.8363pt x 597.432pt>
File: G13_ZZ.jpeg Graphic file (type jpg)
 <use G13_ZZ.jpeg>
Package pdftex.def Info: G13_ZZ.jpeg used on input line 635.
(pdftex.def)             Requested size: 404.70468pt x 286.18686pt.

<G13_LH.jpeg, id=164, 844.8363pt x 597.432pt>
File: G13_LH.jpeg Graphic file (type jpg)
 <use G13_LH.jpeg>
Package pdftex.def Info: G13_LH.jpeg used on input line 636.
(pdftex.def)             Requested size: 404.70468pt x 286.18686pt.
File: G13_LH.jpeg Graphic file (type jpg)

<use G13_LH.jpeg>
Package pdftex.def Info: G13_LH.jpeg used on input line 637.
(pdftex.def)             Requested size: 404.70468pt x 286.18686pt.
 <G13_UH.jpeg, id=165, 844.8363pt x 597.432pt>
File: G13_UH.jpeg Graphic file (type jpg)

<use G13_UH.jpeg>
Package pdftex.def Info: G13_UH.jpeg used on input line 638.
(pdftex.def)             Requested size: 404.70468pt x 286.18686pt.
 <G13_M.jpeg, id=166, 844.8363pt x 597.432pt>
File: G13_M.jpeg Graphic file (type jpg)

<use G13_M.jpeg>
Package pdftex.def Info: G13_M.jpeg used on input line 639.
(pdftex.def)             Requested size: 404.70468pt x 286.18686pt.
 <G13_A.jpeg, id=167, 844.8363pt x 597.432pt>
File: G13_A.jpeg Graphic file (type jpg)
 <use G13_A.jpeg>
Package pdftex.def Info: G13_A.jpeg used on input line 640.
(pdftex.def)             Requested size: 404.70468pt x 286.18686pt.

Underfull \hbox (badness 10000) in paragraph at lines 632--641

 []

[42 <./G13_Topo.jpeg> <./G13_Overview.jpeg>] [43 <./G13_ZZ.jpeg> <./G13_LH.jpeg
>] [44 <./G13_UH.jpeg>] [45 <./G13_M.jpeg> <./G13_A.jpeg>]
(./Fieldreport June 25.aux) ) 
Here is how much of TeX's memory you used:
 2875 strings out of 494910
 41767 string characters out of 6179836
 116468 words of memory out of 5000000
 6108 multiletter control sequences out of 15000+600000
 8241 words of font info for 29 fonts, out of 8000000 for 9000
 36 hyphenation exceptions out of 8191
 37i,15n,32p,1645b,318s stack positions out of 5000i,500n,10000p,200000b,80000s
</usr/share/texlive/texmf-dist/fonts/type1/public/
amsfonts/cm/cmbx12.pfb></usr/share/texlive/texmf-dist/fonts/type1/public/amsfon
ts/cm/cmmi12.pfb></usr/share/texlive/texmf-dist/fonts/type1/public/amsfonts/cm/
cmr12.pfb></usr/share/texlive/texmf-dist/fonts/type1/public/amsfonts/cm/cmr8.pf
b></usr/share/texlive/texmf-dist/fonts/type1/public/amsfonts/cm/cmsy10.pfb></us
r/share/texlive/texmf-dist/fonts/type1/public/amsfonts/cm/cmsy8.pfb></usr/share
/texlive/texmf-dist/fonts/type1/public/amsfonts/cm/cmti12.pfb>
Output written on "Fieldreport June 25.pdf" (45 pages, 18125161 bytes).
PDF statistics:
 208 PDF objects out of 1000 (max. 8388607)
 123 compressed objects within 2 object streams
 0 named destinations out of 1000 (max. 500000)
 146 words of extra memory for PDF output out of 10000 (max. 10000000)

