This is pdfTeX, Version 3.14159265-2.6-1.40.16 (TeX Live 2015/Debian) (preloaded format=pdflatex 2016.6.27)  4 AUG 2016 10:17
entering extended mode
 restricted \write18 enabled.
 %&-line parsing enabled.
**Fieldreport_Edits.tex
(./Fieldreport_Edits.tex
LaTeX2e <2016/02/01>
Babel <3.9q> and hyphenation patterns for 5 language(s) loaded.
(/usr/share/texlive/texmf-dist/tex/latex/base/article.cls
Document Class: article 2014/09/29 v1.4h Standard LaTeX document class
(/usr/share/texlive/texmf-dist/tex/latex/base/size12.clo
File: size12.clo 2014/09/29 v1.4h Standard LaTeX file (size option)
)
\c@part=\count79
\c@section=\count80
\c@subsection=\count81
\c@subsubsection=\count82
\c@paragraph=\count83
\c@subparagraph=\count84
\c@figure=\count85
\c@table=\count86
\abovecaptionskip=\skip41
\belowcaptionskip=\skip42
\bibindent=\dimen102
)
(/usr/share/texlive/texmf-dist/tex/latex/natbib/natbib.sty
Package: natbib 2010/09/13 8.31b (PWD, AO)
\bibhang=\skip43
\bibsep=\skip44
LaTeX Info: Redefining \cite on input line 694.
\c@NAT@ctr=\count87
)
(/usr/share/texlive/texmf-dist/tex/latex/geometry/geometry.sty
Package: geometry 2010/09/12 v5.6 Page Geometry

(/usr/share/texlive/texmf-dist/tex/latex/graphics/keyval.sty
Package: keyval 2014/10/28 v1.15 key=value parser (DPC)
\KV@toks@=\toks14
)
(/usr/share/texlive/texmf-dist/tex/generic/oberdiek/ifpdf.sty
Package: ifpdf 2011/01/30 v2.3 Provides the ifpdf switch (HO)
Package ifpdf Info: pdfTeX in PDF mode is detected.
)
(/usr/share/texlive/texmf-dist/tex/generic/oberdiek/ifvtex.sty
Package: ifvtex 2010/03/01 v1.5 Detect VTeX and its facilities (HO)
Package ifvtex Info: VTeX not detected.
)
(/usr/share/texlive/texmf-dist/tex/generic/ifxetex/ifxetex.sty
Package: ifxetex 2010/09/12 v0.6 Provides ifxetex conditional
)
\Gm@cnth=\count88
\Gm@cntv=\count89
\c@Gm@tempcnt=\count90
\Gm@bindingoffset=\dimen103
\Gm@wd@mp=\dimen104
\Gm@odd@mp=\dimen105
\Gm@even@mp=\dimen106
\Gm@layoutwidth=\dimen107
\Gm@layoutheight=\dimen108
\Gm@layouthoffset=\dimen109
\Gm@layoutvoffset=\dimen110
\Gm@dimlist=\toks15
)
(/usr/share/texlive/texmf-dist/tex/latex/graphics/graphicx.sty
Package: graphicx 2014/10/28 v1.0g Enhanced LaTeX Graphics (DPC,SPQR)

(/usr/share/texlive/texmf-dist/tex/latex/graphics/graphics.sty
Package: graphics 2016/01/03 v1.0q Standard LaTeX Graphics (DPC,SPQR)

(/usr/share/texlive/texmf-dist/tex/latex/graphics/trig.sty
Package: trig 2016/01/03 v1.10 sin cos tan (DPC)
)
(/usr/share/texlive/texmf-dist/tex/latex/latexconfig/graphics.cfg
File: graphics.cfg 2010/04/23 v1.9 graphics configuration of TeX Live
)
Package graphics Info: Driver file: pdftex.def on input line 95.

(/usr/share/texlive/texmf-dist/tex/latex/pdftex-def/pdftex.def
File: pdftex.def 2011/05/27 v0.06d Graphics/color for pdfTeX

(/usr/share/texlive/texmf-dist/tex/generic/oberdiek/infwarerr.sty
Package: infwarerr 2010/04/08 v1.3 Providing info/warning/error messages (HO)
)
(/usr/share/texlive/texmf-dist/tex/generic/oberdiek/ltxcmds.sty
Package: ltxcmds 2011/11/09 v1.22 LaTeX kernel commands for general use (HO)
)
\Gread@gobject=\count91
))
\Gin@req@height=\dimen111
\Gin@req@width=\dimen112
)
(/usr/share/texlive/texmf-dist/tex/latex/wrapfig/wrapfig.sty
\wrapoverhang=\dimen113
\WF@size=\dimen114
\c@WF@wrappedlines=\count92
\WF@box=\box26
\WF@everypar=\toks16
Package: wrapfig 2003/01/31  v 3.6
)
(/usr/share/texlive/texmf-dist/tex/latex/enumitem/enumitem.sty
Package: enumitem 2011/09/28 v3.5.2 Customized lists
\labelindent=\skip45
\enit@outerparindent=\dimen115
\enit@toks=\toks17
\enit@inbox=\box27
\enitdp@description=\count93
)
(/usr/share/texlive/texmf-dist/tex/latex/multirow/multirow.sty
\bigstrutjot=\dimen116
)
(/usr/share/texlive/texmf-dist/tex/latex/graphics/lscape.sty
Package: lscape 2000/10/22 v3.01 Landscape Pages (DPC)
)
(/usr/share/texlive/texmf-dist/tex/latex/caption/caption.sty
Package: caption 2016/02/21 v3.3-144 Customizing captions (AR)

(/usr/share/texlive/texmf-dist/tex/latex/caption/caption3.sty
Package: caption3 2016/02/04 v1.7-139 caption3 kernel (AR)
Package caption3 Info: TeX engine: e-TeX on input line 67.
\captionmargin=\dimen117
\captionmargin@=\dimen118
\captionwidth=\dimen119
\caption@tempdima=\dimen120
\caption@indent=\dimen121
\caption@parindent=\dimen122
\caption@hangindent=\dimen123
)
\c@ContinuedFloat=\count94
Package caption Info: wrapfig package is loaded.
)
(/usr/share/texlive/texmf-dist/tex/latex/caption/subcaption.sty
Package: subcaption 2016/02/20 v1.1-142 Sub-captions (AR)
\c@subfigure=\count95
\c@subtable=\count96
)
(./Fieldreport_Edits.aux)
\openout1 = `Fieldreport_Edits.aux'.

LaTeX Font Info:    Checking defaults for OML/cmm/m/it on input line 15.
LaTeX Font Info:    ... okay on input line 15.
LaTeX Font Info:    Checking defaults for T1/cmr/m/n on input line 15.
LaTeX Font Info:    ... okay on input line 15.
LaTeX Font Info:    Checking defaults for OT1/cmr/m/n on input line 15.
LaTeX Font Info:    ... okay on input line 15.
LaTeX Font Info:    Checking defaults for OMS/cmsy/m/n on input line 15.
LaTeX Font Info:    ... okay on input line 15.
LaTeX Font Info:    Checking defaults for OMX/cmex/m/n on input line 15.
LaTeX Font Info:    ... okay on input line 15.
LaTeX Font Info:    Checking defaults for U/cmr/m/n on input line 15.
LaTeX Font Info:    ... okay on input line 15.

*geometry* driver: auto-detecting
*geometry* detected driver: pdftex
*geometry* verbose mode - [ preamble ] result:
* driver: pdftex
* paper: letterpaper
* layout: <same size as paper>
* layoutoffset:(h,v)=(0.0pt,0.0pt)
* modes: 
* h-part:(L,W,R)=(79.49744pt, 455.30013pt, 79.49744pt)
* v-part:(T,H,B)=(79.49744pt, 635.97511pt, 79.49744pt)
* \paperwidth=614.295pt
* \paperheight=794.96999pt
* \textwidth=455.30013pt
* \textheight=635.97511pt
* \oddsidemargin=7.22745pt
* \evensidemargin=7.22745pt
* \topmargin=-29.77255pt
* \headheight=12.0pt
* \headsep=25.0pt
* \topskip=12.0pt
* \footskip=30.0pt
* \marginparwidth=44.0pt
* \marginparsep=10.0pt
* \columnsep=10.0pt
* \skip\footins=10.8pt plus 4.0pt minus 2.0pt
* \hoffset=0.0pt
* \voffset=0.0pt
* \mag=1000
* \@twocolumnfalse
* \@twosidefalse
* \@mparswitchfalse
* \@reversemarginfalse
* (1in=72.27pt=25.4mm, 1cm=28.453pt)

(/usr/share/texlive/texmf-dist/tex/context/base/supp-pdf.mkii
[Loading MPS to PDF converter (version 2006.09.02).]
\scratchcounter=\count97
\scratchdimen=\dimen124
\scratchbox=\box28
\nofMPsegments=\count98
\nofMParguments=\count99
\everyMPshowfont=\toks18
\MPscratchCnt=\count100
\MPscratchDim=\dimen125
\MPnumerator=\count101
\makeMPintoPDFobject=\count102
\everyMPtoPDFconversion=\toks19
) (/usr/share/texlive/texmf-dist/tex/generic/oberdiek/pdftexcmds.sty
Package: pdftexcmds 2011/11/29 v0.20 Utility functions of pdfTeX for LuaTeX (HO
)

(/usr/share/texlive/texmf-dist/tex/generic/oberdiek/ifluatex.sty
Package: ifluatex 2010/03/01 v1.3 Provides the ifluatex switch (HO)
Package ifluatex Info: LuaTeX not detected.
)
Package pdftexcmds Info: LuaTeX not detected.
Package pdftexcmds Info: \pdf@primitive is available.
Package pdftexcmds Info: \pdf@ifprimitive is available.
Package pdftexcmds Info: \pdfdraftmode found.
)
(/usr/share/texlive/texmf-dist/tex/latex/oberdiek/epstopdf-base.sty
Package: epstopdf-base 2010/02/09 v2.5 Base part for package epstopdf

(/usr/share/texlive/texmf-dist/tex/latex/oberdiek/grfext.sty
Package: grfext 2010/08/19 v1.1 Manage graphics extensions (HO)

(/usr/share/texlive/texmf-dist/tex/generic/oberdiek/kvdefinekeys.sty
Package: kvdefinekeys 2011/04/07 v1.3 Define keys (HO)
))
(/usr/share/texlive/texmf-dist/tex/latex/oberdiek/kvoptions.sty
Package: kvoptions 2011/06/30 v3.11 Key value format for package options (HO)

(/usr/share/texlive/texmf-dist/tex/generic/oberdiek/kvsetkeys.sty
Package: kvsetkeys 2012/04/25 v1.16 Key value parser (HO)

(/usr/share/texlive/texmf-dist/tex/generic/oberdiek/etexcmds.sty
Package: etexcmds 2011/02/16 v1.5 Avoid name clashes with e-TeX commands (HO)
Package etexcmds Info: Could not find \expanded.
(etexcmds)             That can mean that you are not using pdfTeX 1.50 or
(etexcmds)             that some package has redefined \expanded.
(etexcmds)             In the latter case, load this package earlier.
)))
Package grfext Info: Graphics extension search list:
(grfext)             [.png,.pdf,.jpg,.mps,.jpeg,.jbig2,.jb2,.PNG,.PDF,.JPG,.JPE
G,.JBIG2,.JB2,.eps]
(grfext)             \AppendGraphicsExtensions on input line 452.

(/usr/share/texlive/texmf-dist/tex/latex/latexconfig/epstopdf-sys.cfg
File: epstopdf-sys.cfg 2010/07/13 v1.3 Configuration of (r)epstopdf for TeX Liv
e
))
Package caption Info: Begin \AtBeginDocument code.
Package caption Info: End \AtBeginDocument code.

(./Fieldreport_Edits.toc
LaTeX Font Info:    External font `cmex10' loaded for size
(Font)              <12> on input line 2.
LaTeX Font Info:    External font `cmex10' loaded for size
(Font)              <8> on input line 2.
LaTeX Font Info:    External font `cmex10' loaded for size
(Font)              <6> on input line 2.
)
\tf@toc=\write3
\openout3 = `Fieldreport_Edits.toc'.

 [1

{/var/lib/texmf/fonts/map/pdftex/updmap/pdftex.map}] [2] [3] <chosenglaciers.jp
eg, id=15, 796.42023pt x 599.4301pt>
File: chosenglaciers.jpeg Graphic file (type jpg)

<use chosenglaciers.jpeg>
Package pdftex.def Info: chosenglaciers.jpeg used on input line 66.
(pdftex.def)             Requested size: 574.69814pt x 432.53372pt.


LaTeX Warning: Float too large for page by 8.53357pt on input line 69.

<Transects_planned.jpeg, id=16, 721.24977pt x 559.06525pt>
File: Transects_planned.jpeg Graphic file (type jpg)

<use Transects_planned.jpeg>
Package pdftex.def Info: Transects_planned.jpeg used on input line 73.
(pdftex.def)             Requested size: 558.00533pt x 432.53372pt.


LaTeX Warning: Float too large for page by 8.53357pt on input line 76.

<Zigzag_planned.jpeg, id=17, 721.24977pt x 559.06525pt>
File: Zigzag_planned.jpeg Graphic file (type jpg)

<use Zigzag_planned.jpeg>
Package pdftex.def Info: Zigzag_planned.jpeg used on input line 80.
(pdftex.def)             Requested size: 558.00533pt x 432.53372pt.


LaTeX Warning: Float too large for page by 8.53357pt on input line 83.

[4 <./chosenglaciers.jpeg>] [5 <./Transects_planned.jpeg>] [6 <./Zigzag_planned
.jpeg>] <ZZ_vertex.jpeg, id=27, 1084.05pt x 1025.8325pt>
File: ZZ_vertex.jpeg Graphic file (type jpg)
 <use ZZ_vertex.jpeg>
Package pdftex.def Info: ZZ_vertex.jpeg used on input line 88.
(pdftex.def)             Requested size: 457.08435pt x 432.53372pt.

Overfull \hbox (8.58421pt too wide) in paragraph at lines 88--88
 [][] 
 []

[7


] [8 <./ZZ_vertex.jpeg>] [9] [10]
<photo_probing.jpg, id=43, 1027.84pt x 770.88pt>
File: photo_probing.jpg Graphic file (type jpg)
 <use photo_probing.jpg>
Package pdftex.def Info: photo_probing.jpg used on input line 151.
(pdftex.def)             Requested size: 432.53372pt x 324.40257pt.

<probers1.jpg, id=44, 963.6pt x 542.025pt>
File: probers1.jpg Graphic file (type jpg)
 <use probers1.jpg>
Package pdftex.def Info: probers1.jpg used on input line 160.
(pdftex.def)             Requested size: 364.24149pt x 204.87991pt.

Overfull \hbox (6.79999pt too wide) in paragraph at lines 160--161
[][] 
 []

<probers2.jpg, id=45, 963.6pt x 542.025pt>
File: probers2.jpg Graphic file (type jpg)
 <use probers2.jpg>
Package pdftex.def Info: probers2.jpg used on input line 166.
(pdftex.def)             Requested size: 364.24149pt x 204.87991pt.

Overfull \hbox (6.79999pt too wide) in paragraph at lines 166--167
[][] 
 []

[11 <./photo_probing.jpg>] [12 <./probers1.jpg> <./probers2.jpg>]

LaTeX Warning: No positions in optional float specifier.
               Default added (so using `tbp') on input line 176.

LaTeX Font Info:    External font `cmex10' loaded for size
(Font)              <7> on input line 181.
LaTeX Font Info:    External font `cmex10' loaded for size
(Font)              <5> on input line 181.

LaTeX Warning: Float too large for page by 9.89984pt on input line 206.


LaTeX Warning: No positions in optional float specifier.
               Default added (so using `tbp') on input line 209.

<zigzag_completed.png, id=53, 511.9125pt x 405.76593pt>
File: zigzag_completed.png Graphic file (type png)

<use zigzag_completed.png>
Package pdftex.def Info: zigzag_completed.png used on input line 230.
(pdftex.def)             Requested size: 574.42384pt x 455.30013pt.


LaTeX Warning: Float too large for page by 31.29997pt on input line 233.

[13] [14] [15 <./zigzag_completed.png (PNG copy)>]

LaTeX Warning: No positions in optional float specifier.
               Default added (so using `tbp') on input line 237.


Overfull \hbox (53.15813pt too wide) in paragraph at lines 241--277
 [][] 
 []

<photo_swe1.JPG, id=65, 1886.04625pt x 2498.33376pt>
File: photo_swe1.JPG Graphic file (type jpg)
 <use photo_swe1.JPG>
Package pdftex.def Info: photo_swe1.JPG used on input line 294.
(pdftex.def)             Requested size: 173.01627pt x 229.14806pt.

Overfull \hbox (6.79999pt too wide) in paragraph at lines 294--295
[][] 
 []

<photo_swe2.jpg, id=66, 581.17125pt x 523.9575pt>
File: photo_swe2.jpg Graphic file (type jpg)
 <use photo_swe2.jpg>
Package pdftex.def Info: photo_swe2.jpg used on input line 300.
(pdftex.def)             Requested size: 254.96695pt x 229.87044pt.

Overfull \hbox (6.79999pt too wide) in paragraph at lines 300--301
[][] 
 []

[16


] [17] [18 <./photo_swe1.JPG> <./photo_swe2.jpg>] [19]
<photo_snowpit.jpg, id=80, 4015.0pt x 3011.25pt>
File: photo_snowpit.jpg Graphic file (type jpg)
 <use photo_snowpit.jpg>
Package pdftex.def Info: photo_snowpit.jpg used on input line 360.
(pdftex.def)             Requested size: 432.53372pt x 324.39229pt.

[20] [21 <./photo_snowpit.jpg>] [22]
Overfull \hbox (55.75429pt too wide) in paragraph at lines 400--401
[]\OT1/cmr/m/n/12 Crevasses were seen on glacier right and mid-dle on the ramp 
up to the up-per plateau/accumulation
 []

[23] [24] [25] [26]
Overfull \hbox (2.46681pt too wide) in paragraph at lines 489--490
[]\OT1/cmr/m/n/12 Coline and Gwenn dug and took mea-sure-ments of the ac-cu-mu-
la-tion snow-pit (G02[]ASP)
 []

[27] [28] [29] [30] [31] [32]
<Transects_completed.jpeg, id=123, 721.24977pt x 559.06525pt>
File: Transects_completed.jpeg Graphic file (type jpg)

<use Transects_completed.jpeg>
Package pdftex.def Info: Transects_completed.jpeg used on input line 603.
(pdftex.def)             Requested size: 558.00533pt x 432.53372pt.


LaTeX Warning: Float too large for page by 8.53357pt on input line 606.

<Zigzag_completed.jpeg, id=124, 721.24977pt x 559.06525pt>
File: Zigzag_completed.jpeg Graphic file (type jpg)

<use Zigzag_completed.jpeg>
Package pdftex.def Info: Zigzag_completed.jpeg used on input line 610.
(pdftex.def)             Requested size: 558.00533pt x 432.53372pt.


LaTeX Warning: Float too large for page by 8.53357pt on input line 613.

[33 <./Transects_completed.jpeg>] [34 <./Zigzag_completed.jpeg>]
LaTeX Font Info:    Try loading font information for OMS+cmr on input line 619.


(/usr/share/texlive/texmf-dist/tex/latex/base/omscmr.fd
File: omscmr.fd 2014/09/29 v2.5h Standard LaTeX font definitions
)
LaTeX Font Info:    Font shape `OMS/cmr/m/n' in size <12> not available
(Font)              Font shape `OMS/cmsy/m/n' tried instead on input line 619.

(./Fieldreport_Edits.bbl [35


]) [36]
<G04_Topo.jpeg, id=137, 847.66183pt x 599.4301pt>
File: G04_Topo.jpeg Graphic file (type jpg)
 <use G04_Topo.jpeg>
Package pdftex.def Info: G04_Topo.jpeg used on input line 654.
(pdftex.def)             Requested size: 404.71303pt x 286.18686pt.

<G04_Overview.jpeg, id=138, 844.8363pt x 597.432pt>
File: G04_Overview.jpeg Graphic file (type jpg)
 <use G04_Overview.jpeg>
Package pdftex.def Info: G04_Overview.jpeg used on input line 655.
(pdftex.def)             Requested size: 404.70468pt x 286.18686pt.

<G04_ZZ.jpeg, id=139, 844.8363pt x 597.432pt>
File: G04_ZZ.jpeg Graphic file (type jpg)
 <use G04_ZZ.jpeg>
Package pdftex.def Info: G04_ZZ.jpeg used on input line 656.
(pdftex.def)             Requested size: 404.70468pt x 286.18686pt.

<G04_LH.jpeg, id=140, 844.8363pt x 597.432pt>
File: G04_LH.jpeg Graphic file (type jpg)
 <use G04_LH.jpeg>
Package pdftex.def Info: G04_LH.jpeg used on input line 657.
(pdftex.def)             Requested size: 404.70468pt x 286.18686pt.
File: G04_LH.jpeg Graphic file (type jpg)

<use G04_LH.jpeg>
Package pdftex.def Info: G04_LH.jpeg used on input line 658.
(pdftex.def)             Requested size: 404.70468pt x 286.18686pt.
 <G04_UH.jpeg, id=141, 844.8363pt x 597.432pt>
File: G04_UH.jpeg Graphic file (type jpg)

<use G04_UH.jpeg>
Package pdftex.def Info: G04_UH.jpeg used on input line 659.
(pdftex.def)             Requested size: 404.70468pt x 286.18686pt.
 <G04_M.jpeg, id=142, 844.8363pt x 597.432pt>
File: G04_M.jpeg Graphic file (type jpg)

<use G04_M.jpeg>
Package pdftex.def Info: G04_M.jpeg used on input line 660.
(pdftex.def)             Requested size: 404.70468pt x 286.18686pt.
 <G04_A.jpeg, id=143, 844.8363pt x 597.432pt>
File: G04_A.jpeg Graphic file (type jpg)
 <use G04_A.jpeg>
Package pdftex.def Info: G04_A.jpeg used on input line 661.
(pdftex.def)             Requested size: 404.70468pt x 286.18686pt.

Underfull \hbox (badness 10000) in paragraph at lines 653--662

 []

[37 <./G04_Topo.jpeg> <./G04_Overview.jpeg>] [38 <./G04_ZZ.jpeg> <./G04_LH.jpeg
>] [39 <./G04_UH.jpeg>] [40 <./G04_M.jpeg> <./G04_A.jpeg>]
<G02_topo.jpeg, id=157, 847.66183pt x 599.4301pt>
File: G02_topo.jpeg Graphic file (type jpg)
 <use G02_topo.jpeg>
Package pdftex.def Info: G02_topo.jpeg used on input line 665.
(pdftex.def)             Requested size: 404.71303pt x 286.18686pt.

<G02_Overview.jpeg, id=158, 844.8363pt x 597.432pt>
File: G02_Overview.jpeg Graphic file (type jpg)
 <use G02_Overview.jpeg>
Package pdftex.def Info: G02_Overview.jpeg used on input line 666.
(pdftex.def)             Requested size: 404.70468pt x 286.18686pt.

<G02_ZZ.jpeg, id=159, 844.8363pt x 597.432pt>
File: G02_ZZ.jpeg Graphic file (type jpg)
 <use G02_ZZ.jpeg>
Package pdftex.def Info: G02_ZZ.jpeg used on input line 667.
(pdftex.def)             Requested size: 404.70468pt x 286.18686pt.

<G02_LH.jpeg, id=160, 844.8363pt x 597.432pt>
File: G02_LH.jpeg Graphic file (type jpg)
 <use G02_LH.jpeg>
Package pdftex.def Info: G02_LH.jpeg used on input line 668.
(pdftex.def)             Requested size: 404.70468pt x 286.18686pt.
File: G02_LH.jpeg Graphic file (type jpg)

<use G02_LH.jpeg>
Package pdftex.def Info: G02_LH.jpeg used on input line 669.
(pdftex.def)             Requested size: 404.70468pt x 286.18686pt.
 <G02_UH.jpeg, id=161, 844.8363pt x 597.432pt>
File: G02_UH.jpeg Graphic file (type jpg)

<use G02_UH.jpeg>
Package pdftex.def Info: G02_UH.jpeg used on input line 670.
(pdftex.def)             Requested size: 404.70468pt x 286.18686pt.
 <G02_M.jpeg, id=162, 844.8363pt x 597.432pt>
File: G02_M.jpeg Graphic file (type jpg)

<use G02_M.jpeg>
Package pdftex.def Info: G02_M.jpeg used on input line 671.
(pdftex.def)             Requested size: 404.70468pt x 286.18686pt.
 <G02_A.jpeg, id=163, 844.8363pt x 597.432pt>
File: G02_A.jpeg Graphic file (type jpg)
 <use G02_A.jpeg>
Package pdftex.def Info: G02_A.jpeg used on input line 672.
(pdftex.def)             Requested size: 404.70468pt x 286.18686pt.

Underfull \hbox (badness 10000) in paragraph at lines 664--673

 []

[41 <./G02_topo.jpeg> <./G02_Overview.jpeg>] [42 <./G02_ZZ.jpeg> <./G02_LH.jpeg
>] [43 <./G02_UH.jpeg>] [44 <./G02_M.jpeg> <./G02_A.jpeg>]
<G13_Topo.jpeg, id=177, 847.66183pt x 599.4301pt>
File: G13_Topo.jpeg Graphic file (type jpg)
 <use G13_Topo.jpeg>
Package pdftex.def Info: G13_Topo.jpeg used on input line 676.
(pdftex.def)             Requested size: 404.71303pt x 286.18686pt.

<G13_Overview.jpeg, id=178, 844.8363pt x 597.432pt>
File: G13_Overview.jpeg Graphic file (type jpg)
 <use G13_Overview.jpeg>
Package pdftex.def Info: G13_Overview.jpeg used on input line 677.
(pdftex.def)             Requested size: 404.70468pt x 286.18686pt.

<G13_ZZ.jpeg, id=179, 844.8363pt x 597.432pt>
File: G13_ZZ.jpeg Graphic file (type jpg)
 <use G13_ZZ.jpeg>
Package pdftex.def Info: G13_ZZ.jpeg used on input line 678.
(pdftex.def)             Requested size: 404.70468pt x 286.18686pt.

<G13_LH.jpeg, id=180, 844.8363pt x 597.432pt>
File: G13_LH.jpeg Graphic file (type jpg)
 <use G13_LH.jpeg>
Package pdftex.def Info: G13_LH.jpeg used on input line 679.
(pdftex.def)             Requested size: 404.70468pt x 286.18686pt.
File: G13_LH.jpeg Graphic file (type jpg)

<use G13_LH.jpeg>
Package pdftex.def Info: G13_LH.jpeg used on input line 680.
(pdftex.def)             Requested size: 404.70468pt x 286.18686pt.
 <G13_UH.jpeg, id=181, 844.8363pt x 597.432pt>
File: G13_UH.jpeg Graphic file (type jpg)

<use G13_UH.jpeg>
Package pdftex.def Info: G13_UH.jpeg used on input line 681.
(pdftex.def)             Requested size: 404.70468pt x 286.18686pt.
 <G13_M.jpeg, id=182, 844.8363pt x 597.432pt>
File: G13_M.jpeg Graphic file (type jpg)

<use G13_M.jpeg>
Package pdftex.def Info: G13_M.jpeg used on input line 682.
(pdftex.def)             Requested size: 404.70468pt x 286.18686pt.
 <G13_A.jpeg, id=183, 844.8363pt x 597.432pt>
File: G13_A.jpeg Graphic file (type jpg)
 <use G13_A.jpeg>
Package pdftex.def Info: G13_A.jpeg used on input line 683.
(pdftex.def)             Requested size: 404.70468pt x 286.18686pt.

Underfull \hbox (badness 10000) in paragraph at lines 675--684

 []

[45 <./G13_Topo.jpeg> <./G13_Overview.jpeg>] [46 <./G13_ZZ.jpeg> <./G13_LH.jpeg
>] [47 <./G13_UH.jpeg>] [48 <./G13_M.jpeg> <./G13_A.jpeg>]
(./Fieldreport_Edits.aux) ) 
Here is how much of TeX's memory you used:
 4027 strings out of 494910
 62521 string characters out of 6179836
 138362 words of memory out of 5000000
 7245 multiletter control sequences out of 15000+600000
 8849 words of font info for 31 fonts, out of 8000000 for 9000
 36 hyphenation exceptions out of 8191
 38i,15n,39p,1644b,438s stack positions out of 5000i,500n,10000p,200000b,80000s
</usr/share/texlive/texmf-dist/fonts/type1/public/am
sfonts/cm/cmbx10.pfb></usr/share/texlive/texmf-dist/fonts/type1/public/amsfonts
/cm/cmbx12.pfb></usr/share/texlive/texmf-dist/fonts/type1/public/amsfonts/cm/cm
r10.pfb></usr/share/texlive/texmf-dist/fonts/type1/public/amsfonts/cm/cmr12.pfb
></usr/share/texlive/texmf-dist/fonts/type1/public/amsfonts/cm/cmr8.pfb></usr/s
hare/texlive/texmf-dist/fonts/type1/public/amsfonts/cm/cmsy10.pfb></usr/share/t
exlive/texmf-dist/fonts/type1/public/amsfonts/cm/cmsy8.pfb></usr/share/texlive/
texmf-dist/fonts/type1/public/amsfonts/cm/cmti12.pfb>
Output written on Fieldreport_Edits.pdf (48 pages, 23478687 bytes).
PDF statistics:
 226 PDF objects out of 1000 (max. 8388607)
 132 compressed objects within 2 object streams
 0 named destinations out of 1000 (max. 500000)
 171 words of extra memory for PDF output out of 10000 (max. 10000000)

