This is pdfTeX, Version 3.14159265-2.6-1.40.16 (TeX Live 2015/Debian) (preloaded format=pdflatex 2016.6.27)  9 NOV 2016 09:07
entering extended mode
 restricted \write18 enabled.
 %&-line parsing enabled.
**Methods_Field.tex
(./Methods_Field.tex
LaTeX2e <2016/02/01>
Babel <3.9q> and hyphenation patterns for 5 language(s) loaded.
(/usr/share/texlive/texmf-dist/tex/latex/base/article.cls
Document Class: article 2014/09/29 v1.4h Standard LaTeX document class
(/usr/share/texlive/texmf-dist/tex/latex/base/size12.clo
File: size12.clo 2014/09/29 v1.4h Standard LaTeX file (size option)
)
\c@part=\count79
\c@section=\count80
\c@subsection=\count81
\c@subsubsection=\count82
\c@paragraph=\count83
\c@subparagraph=\count84
\c@figure=\count85
\c@table=\count86
\abovecaptionskip=\skip41
\belowcaptionskip=\skip42
\bibindent=\dimen102
)
(/usr/share/texlive/texmf-dist/tex/latex/natbib/natbib.sty
Package: natbib 2010/09/13 8.31b (PWD, AO)
\bibhang=\skip43
\bibsep=\skip44
LaTeX Info: Redefining \cite on input line 694.
\c@NAT@ctr=\count87
)
(/usr/share/texlive/texmf-dist/tex/latex/geometry/geometry.sty
Package: geometry 2010/09/12 v5.6 Page Geometry

(/usr/share/texlive/texmf-dist/tex/latex/graphics/keyval.sty
Package: keyval 2014/10/28 v1.15 key=value parser (DPC)
\KV@toks@=\toks14
)
(/usr/share/texlive/texmf-dist/tex/generic/oberdiek/ifpdf.sty
Package: ifpdf 2011/01/30 v2.3 Provides the ifpdf switch (HO)
Package ifpdf Info: pdfTeX in PDF mode is detected.
)
(/usr/share/texlive/texmf-dist/tex/generic/oberdiek/ifvtex.sty
Package: ifvtex 2010/03/01 v1.5 Detect VTeX and its facilities (HO)
Package ifvtex Info: VTeX not detected.
)
(/usr/share/texlive/texmf-dist/tex/generic/ifxetex/ifxetex.sty
Package: ifxetex 2010/09/12 v0.6 Provides ifxetex conditional
)
\Gm@cnth=\count88
\Gm@cntv=\count89
\c@Gm@tempcnt=\count90
\Gm@bindingoffset=\dimen103
\Gm@wd@mp=\dimen104
\Gm@odd@mp=\dimen105
\Gm@even@mp=\dimen106
\Gm@layoutwidth=\dimen107
\Gm@layoutheight=\dimen108
\Gm@layouthoffset=\dimen109
\Gm@layoutvoffset=\dimen110
\Gm@dimlist=\toks15
)
(/usr/share/texlive/texmf-dist/tex/latex/graphics/graphicx.sty
Package: graphicx 2014/10/28 v1.0g Enhanced LaTeX Graphics (DPC,SPQR)

(/usr/share/texlive/texmf-dist/tex/latex/graphics/graphics.sty
Package: graphics 2016/01/03 v1.0q Standard LaTeX Graphics (DPC,SPQR)

(/usr/share/texlive/texmf-dist/tex/latex/graphics/trig.sty
Package: trig 2016/01/03 v1.10 sin cos tan (DPC)
)
(/usr/share/texlive/texmf-dist/tex/latex/latexconfig/graphics.cfg
File: graphics.cfg 2010/04/23 v1.9 graphics configuration of TeX Live
)
Package graphics Info: Driver file: pdftex.def on input line 95.

(/usr/share/texlive/texmf-dist/tex/latex/pdftex-def/pdftex.def
File: pdftex.def 2011/05/27 v0.06d Graphics/color for pdfTeX

(/usr/share/texlive/texmf-dist/tex/generic/oberdiek/infwarerr.sty
Package: infwarerr 2010/04/08 v1.3 Providing info/warning/error messages (HO)
)
(/usr/share/texlive/texmf-dist/tex/generic/oberdiek/ltxcmds.sty
Package: ltxcmds 2011/11/09 v1.22 LaTeX kernel commands for general use (HO)
)
\Gread@gobject=\count91
))
\Gin@req@height=\dimen111
\Gin@req@width=\dimen112
)
(/usr/share/texlive/texmf-dist/tex/latex/wrapfig/wrapfig.sty
\wrapoverhang=\dimen113
\WF@size=\dimen114
\c@WF@wrappedlines=\count92
\WF@box=\box26
\WF@everypar=\toks16
Package: wrapfig 2003/01/31  v 3.6
)
(/usr/share/texlive/texmf-dist/tex/latex/enumitem/enumitem.sty
Package: enumitem 2011/09/28 v3.5.2 Customized lists
\labelindent=\skip45
\enit@outerparindent=\dimen115
\enit@toks=\toks17
\enit@inbox=\box27
\enitdp@description=\count93
)
(/usr/share/texlive/texmf-dist/tex/latex/multirow/multirow.sty
\bigstrutjot=\dimen116
)
(/usr/share/texlive/texmf-dist/tex/latex/graphics/lscape.sty
Package: lscape 2000/10/22 v3.01 Landscape Pages (DPC)
)
(/usr/share/texlive/texmf-dist/tex/latex/caption/caption.sty
Package: caption 2016/02/21 v3.3-144 Customizing captions (AR)

(/usr/share/texlive/texmf-dist/tex/latex/caption/caption3.sty
Package: caption3 2016/02/04 v1.7-139 caption3 kernel (AR)
Package caption3 Info: TeX engine: e-TeX on input line 67.
\captionmargin=\dimen117
\captionmargin@=\dimen118
\captionwidth=\dimen119
\caption@tempdima=\dimen120
\caption@indent=\dimen121
\caption@parindent=\dimen122
\caption@hangindent=\dimen123
)
\c@ContinuedFloat=\count94
Package caption Info: wrapfig package is loaded.
)
(/usr/share/texlive/texmf-dist/tex/latex/caption/subcaption.sty
Package: subcaption 2016/02/20 v1.1-142 Sub-captions (AR)
\c@subfigure=\count95
\c@subtable=\count96
)
(/usr/share/texlive/texmf-dist/tex/latex/hyperref/hyperref.sty
Package: hyperref 2012/11/06 v6.83m Hypertext links for LaTeX

(/usr/share/texlive/texmf-dist/tex/generic/oberdiek/hobsub-hyperref.sty
Package: hobsub-hyperref 2012/05/28 v1.13 Bundle oberdiek, subset hyperref (HO)


(/usr/share/texlive/texmf-dist/tex/generic/oberdiek/hobsub-generic.sty
Package: hobsub-generic 2012/05/28 v1.13 Bundle oberdiek, subset generic (HO)
Package: hobsub 2012/05/28 v1.13 Construct package bundles (HO)
Package hobsub Info: Skipping package `infwarerr' (already loaded).
Package hobsub Info: Skipping package `ltxcmds' (already loaded).
Package: ifluatex 2010/03/01 v1.3 Provides the ifluatex switch (HO)
Package ifluatex Info: LuaTeX not detected.
Package hobsub Info: Skipping package `ifvtex' (already loaded).
Package: intcalc 2007/09/27 v1.1 Expandable calculations with integers (HO)
Package hobsub Info: Skipping package `ifpdf' (already loaded).
Package: etexcmds 2011/02/16 v1.5 Avoid name clashes with e-TeX commands (HO)
Package etexcmds Info: Could not find \expanded.
(etexcmds)             That can mean that you are not using pdfTeX 1.50 or
(etexcmds)             that some package has redefined \expanded.
(etexcmds)             In the latter case, load this package earlier.
Package: kvsetkeys 2012/04/25 v1.16 Key value parser (HO)
Package: kvdefinekeys 2011/04/07 v1.3 Define keys (HO)
Package: pdftexcmds 2011/11/29 v0.20 Utility functions of pdfTeX for LuaTeX (HO
)
Package pdftexcmds Info: LuaTeX not detected.
Package pdftexcmds Info: \pdf@primitive is available.
Package pdftexcmds Info: \pdf@ifprimitive is available.
Package pdftexcmds Info: \pdfdraftmode found.
Package: pdfescape 2011/11/25 v1.13 Implements pdfTeX's escape features (HO)
Package: bigintcalc 2012/04/08 v1.3 Expandable calculations on big integers (HO
)
Package: bitset 2011/01/30 v1.1 Handle bit-vector datatype (HO)
Package: uniquecounter 2011/01/30 v1.2 Provide unlimited unique counter (HO)
)
Package hobsub Info: Skipping package `hobsub' (already loaded).
Package: letltxmacro 2010/09/02 v1.4 Let assignment for LaTeX macros (HO)
Package: hopatch 2012/05/28 v1.2 Wrapper for package hooks (HO)
Package: xcolor-patch 2011/01/30 xcolor patch
Package: atveryend 2011/06/30 v1.8 Hooks at the very end of document (HO)
Package atveryend Info: \enddocument detected (standard20110627).
Package: atbegshi 2011/10/05 v1.16 At begin shipout hook (HO)
Package: refcount 2011/10/16 v3.4 Data extraction from label references (HO)
Package: hycolor 2011/01/30 v1.7 Color options for hyperref/bookmark (HO)
)
(/usr/share/texlive/texmf-dist/tex/latex/oberdiek/auxhook.sty
Package: auxhook 2011/03/04 v1.3 Hooks for auxiliary files (HO)
)
(/usr/share/texlive/texmf-dist/tex/latex/oberdiek/kvoptions.sty
Package: kvoptions 2011/06/30 v3.11 Key value format for package options (HO)
)
\@linkdim=\dimen124
\Hy@linkcounter=\count97
\Hy@pagecounter=\count98

(/usr/share/texlive/texmf-dist/tex/latex/hyperref/pd1enc.def
File: pd1enc.def 2012/11/06 v6.83m Hyperref: PDFDocEncoding definition (HO)
)
\Hy@SavedSpaceFactor=\count99

(/usr/share/texlive/texmf-dist/tex/latex/latexconfig/hyperref.cfg
File: hyperref.cfg 2002/06/06 v1.2 hyperref configuration of TeXLive
)
Package hyperref Info: Hyper figures OFF on input line 4443.
Package hyperref Info: Link nesting OFF on input line 4448.
Package hyperref Info: Hyper index ON on input line 4451.
Package hyperref Info: Plain pages OFF on input line 4458.
Package hyperref Info: Backreferencing OFF on input line 4463.
Package hyperref Info: Implicit mode ON; LaTeX internals redefined.
Package hyperref Info: Bookmarks ON on input line 4688.
\c@Hy@tempcnt=\count100

(/usr/share/texlive/texmf-dist/tex/latex/url/url.sty
\Urlmuskip=\muskip10
Package: url 2013/09/16  ver 3.4  Verb mode for urls, etc.
)
LaTeX Info: Redefining \url on input line 5041.
\XeTeXLinkMargin=\dimen125
\Fld@menulength=\count101
\Field@Width=\dimen126
\Fld@charsize=\dimen127
Package hyperref Info: Hyper figures OFF on input line 6295.
Package hyperref Info: Link nesting OFF on input line 6300.
Package hyperref Info: Hyper index ON on input line 6303.
Package hyperref Info: backreferencing OFF on input line 6310.
Package hyperref Info: Link coloring OFF on input line 6315.
Package hyperref Info: Link coloring with OCG OFF on input line 6320.
Package hyperref Info: PDF/A mode OFF on input line 6325.
LaTeX Info: Redefining \ref on input line 6365.
LaTeX Info: Redefining \pageref on input line 6369.
\Hy@abspage=\count102
\c@Item=\count103
\c@Hfootnote=\count104
)

Package hyperref Message: Driver (autodetected): hpdftex.

(/usr/share/texlive/texmf-dist/tex/latex/hyperref/hpdftex.def
File: hpdftex.def 2012/11/06 v6.83m Hyperref driver for pdfTeX
\Fld@listcount=\count105
\c@bookmark@seq@number=\count106

(/usr/share/texlive/texmf-dist/tex/latex/oberdiek/rerunfilecheck.sty
Package: rerunfilecheck 2011/04/15 v1.7 Rerun checks for auxiliary files (HO)
Package uniquecounter Info: New unique counter `rerunfilecheck' on input line 2
82.
)
\Hy@SectionHShift=\skip46
)
(./Methods_Field.aux)
\openout1 = `Methods_Field.aux'.

LaTeX Font Info:    Checking defaults for OML/cmm/m/it on input line 19.
LaTeX Font Info:    ... okay on input line 19.
LaTeX Font Info:    Checking defaults for T1/cmr/m/n on input line 19.
LaTeX Font Info:    ... okay on input line 19.
LaTeX Font Info:    Checking defaults for OT1/cmr/m/n on input line 19.
LaTeX Font Info:    ... okay on input line 19.
LaTeX Font Info:    Checking defaults for OMS/cmsy/m/n on input line 19.
LaTeX Font Info:    ... okay on input line 19.
LaTeX Font Info:    Checking defaults for OMX/cmex/m/n on input line 19.
LaTeX Font Info:    ... okay on input line 19.
LaTeX Font Info:    Checking defaults for U/cmr/m/n on input line 19.
LaTeX Font Info:    ... okay on input line 19.
LaTeX Font Info:    Checking defaults for PD1/pdf/m/n on input line 19.
LaTeX Font Info:    ... okay on input line 19.

*geometry* driver: auto-detecting
*geometry* detected driver: pdftex
*geometry* verbose mode - [ preamble ] result:
* driver: pdftex
* paper: letterpaper
* layout: <same size as paper>
* layoutoffset:(h,v)=(0.0pt,0.0pt)
* modes: 
* h-part:(L,W,R)=(79.49744pt, 455.30013pt, 79.49744pt)
* v-part:(T,H,B)=(79.49744pt, 635.97511pt, 79.49744pt)
* \paperwidth=614.295pt
* \paperheight=794.96999pt
* \textwidth=455.30013pt
* \textheight=635.97511pt
* \oddsidemargin=7.22745pt
* \evensidemargin=7.22745pt
* \topmargin=-29.77255pt
* \headheight=12.0pt
* \headsep=25.0pt
* \topskip=12.0pt
* \footskip=30.0pt
* \marginparwidth=44.0pt
* \marginparsep=10.0pt
* \columnsep=10.0pt
* \skip\footins=10.8pt plus 4.0pt minus 2.0pt
* \hoffset=0.0pt
* \voffset=0.0pt
* \mag=1000
* \@twocolumnfalse
* \@twosidefalse
* \@mparswitchfalse
* \@reversemarginfalse
* (1in=72.27pt=25.4mm, 1cm=28.453pt)

(/usr/share/texlive/texmf-dist/tex/context/base/supp-pdf.mkii
[Loading MPS to PDF converter (version 2006.09.02).]
\scratchcounter=\count107
\scratchdimen=\dimen128
\scratchbox=\box28
\nofMPsegments=\count108
\nofMParguments=\count109
\everyMPshowfont=\toks18
\MPscratchCnt=\count110
\MPscratchDim=\dimen129
\MPnumerator=\count111
\makeMPintoPDFobject=\count112
\everyMPtoPDFconversion=\toks19
) (/usr/share/texlive/texmf-dist/tex/latex/oberdiek/epstopdf-base.sty
Package: epstopdf-base 2010/02/09 v2.5 Base part for package epstopdf

(/usr/share/texlive/texmf-dist/tex/latex/oberdiek/grfext.sty
Package: grfext 2010/08/19 v1.1 Manage graphics extensions (HO)
)
Package grfext Info: Graphics extension search list:
(grfext)             [.png,.pdf,.jpg,.mps,.jpeg,.jbig2,.jb2,.PNG,.PDF,.JPG,.JPE
G,.JBIG2,.JB2,.eps]
(grfext)             \AppendGraphicsExtensions on input line 452.

(/usr/share/texlive/texmf-dist/tex/latex/latexconfig/epstopdf-sys.cfg
File: epstopdf-sys.cfg 2010/07/13 v1.3 Configuration of (r)epstopdf for TeX Liv
e
))
Package caption Info: Begin \AtBeginDocument code.
Package caption Info: hyperref package is loaded.
Package caption Info: End \AtBeginDocument code.
\AtBeginShipoutBox=\box29
Package hyperref Info: Link coloring OFF on input line 19.

(/usr/share/texlive/texmf-dist/tex/latex/hyperref/nameref.sty
Package: nameref 2012/10/27 v2.43 Cross-referencing by name of section

(/usr/share/texlive/texmf-dist/tex/generic/oberdiek/gettitlestring.sty
Package: gettitlestring 2010/12/03 v1.4 Cleanup title references (HO)
)
\c@section@level=\count113
)
LaTeX Info: Redefining \ref on input line 19.
LaTeX Info: Redefining \pageref on input line 19.
LaTeX Info: Redefining \nameref on input line 19.

(./Methods_Field.out) (./Methods_Field.out)
\@outlinefile=\write3
\openout3 = `Methods_Field.out'.

 (./Methods_Field.toc
LaTeX Font Info:    External font `cmex10' loaded for size
(Font)              <12> on input line 2.
LaTeX Font Info:    External font `cmex10' loaded for size
(Font)              <8> on input line 2.
LaTeX Font Info:    External font `cmex10' loaded for size
(Font)              <6> on input line 2.
)
\tf@toc=\write4
\openout4 = `Methods_Field.toc'.

 [1

{/var/lib/texmf/fonts/map/pdftex/updmap/pdftex.map}] [2] [3]
<chosenglaciers.jpeg, id=87, 796.42023pt x 599.4301pt>
File: chosenglaciers.jpeg Graphic file (type jpg)

<use chosenglaciers.jpeg>
Package pdftex.def Info: chosenglaciers.jpeg used on input line 69.
(pdftex.def)             Requested size: 574.69814pt x 432.53372pt.


LaTeX Warning: Float too large for page by 8.53357pt on input line 72.

<Transects_planned.jpeg, id=88, 721.24977pt x 559.06525pt>
File: Transects_planned.jpeg Graphic file (type jpg)

<use Transects_planned.jpeg>
Package pdftex.def Info: Transects_planned.jpeg used on input line 76.
(pdftex.def)             Requested size: 558.00533pt x 432.53372pt.


LaTeX Warning: Float too large for page by 8.53357pt on input line 79.

<Zigzag_planned.jpeg, id=89, 721.24977pt x 559.06525pt>
File: Zigzag_planned.jpeg Graphic file (type jpg)

<use Zigzag_planned.jpeg>
Package pdftex.def Info: Zigzag_planned.jpeg used on input line 83.
(pdftex.def)             Requested size: 558.00533pt x 432.53372pt.


LaTeX Warning: Float too large for page by 8.53357pt on input line 86.

[4 <./chosenglaciers.jpeg>] [5 <./Transects_planned.jpeg>] [6 <./Zigzag_planned
.jpeg>] <ZZ_vertex.jpeg, id=102, 1084.05pt x 1025.8325pt>
File: ZZ_vertex.jpeg Graphic file (type jpg)
 <use ZZ_vertex.jpeg>
Package pdftex.def Info: ZZ_vertex.jpeg used on input line 91.
(pdftex.def)             Requested size: 457.08435pt x 432.53372pt.

Overfull \hbox (8.58421pt too wide) in paragraph at lines 91--91
 [][] 
 []

[7


] [8 <./ZZ_vertex.jpeg>] [9] [10]
<photo_probing.jpg, id=153, 1027.84pt x 770.88pt>
File: photo_probing.jpg Graphic file (type jpg)
 <use photo_probing.jpg>
Package pdftex.def Info: photo_probing.jpg used on input line 154.
(pdftex.def)             Requested size: 432.53372pt x 324.40257pt.

<probers1.jpg, id=154, 963.6pt x 542.025pt>
File: probers1.jpg Graphic file (type jpg)
 <use probers1.jpg>
Package pdftex.def Info: probers1.jpg used on input line 163.
(pdftex.def)             Requested size: 364.24149pt x 204.87991pt.

Overfull \hbox (6.79999pt too wide) in paragraph at lines 163--164
[][] 
 []

<probers2.jpg, id=155, 963.6pt x 542.025pt>
File: probers2.jpg Graphic file (type jpg)
 <use probers2.jpg>
Package pdftex.def Info: probers2.jpg used on input line 169.
(pdftex.def)             Requested size: 364.24149pt x 204.87991pt.

Overfull \hbox (6.79999pt too wide) in paragraph at lines 169--170
[][] 
 []

[11 <./photo_probing.jpg>] [12 <./probers1.jpg> <./probers2.jpg>]

LaTeX Warning: No positions in optional float specifier.
               Default added (so using `tbp') on input line 179.

LaTeX Font Info:    External font `cmex10' loaded for size
(Font)              <7> on input line 184.
LaTeX Font Info:    External font `cmex10' loaded for size
(Font)              <5> on input line 184.

LaTeX Warning: Float too large for page by 9.89984pt on input line 209.


LaTeX Warning: No positions in optional float specifier.
               Default added (so using `tbp') on input line 212.

<zigzag_completed.png, id=165, 511.9125pt x 405.76593pt>
File: zigzag_completed.png Graphic file (type png)

<use zigzag_completed.png>
Package pdftex.def Info: zigzag_completed.png used on input line 233.
(pdftex.def)             Requested size: 574.42384pt x 455.30013pt.


LaTeX Warning: Float too large for page by 31.29997pt on input line 236.

[13] [14] [15 <./zigzag_completed.png (PNG copy)>]

LaTeX Warning: No positions in optional float specifier.
               Default added (so using `tbp') on input line 240.


Overfull \hbox (53.15813pt too wide) in paragraph at lines 244--280
 [][] 
 []

<photo_swe1.JPG, id=186, 1886.04625pt x 2498.33376pt>
File: photo_swe1.JPG Graphic file (type jpg)
 <use photo_swe1.JPG>
Package pdftex.def Info: photo_swe1.JPG used on input line 297.
(pdftex.def)             Requested size: 173.01627pt x 229.14806pt.

Overfull \hbox (6.79999pt too wide) in paragraph at lines 297--298
[][] 
 []

<photo_swe2.jpg, id=187, 581.17125pt x 523.9575pt>
File: photo_swe2.jpg Graphic file (type jpg)
 <use photo_swe2.jpg>
Package pdftex.def Info: photo_swe2.jpg used on input line 303.
(pdftex.def)             Requested size: 254.96695pt x 229.87044pt.

Overfull \hbox (6.79999pt too wide) in paragraph at lines 303--304
[][] 
 []

[16


] [17] [18 <./photo_swe1.JPG> <./photo_swe2.jpg>] [19]
<photo_snowpit.jpg, id=216, 4015.0pt x 3011.25pt>
File: photo_snowpit.jpg Graphic file (type jpg)
 <use photo_snowpit.jpg>
Package pdftex.def Info: photo_snowpit.jpg used on input line 363.
(pdftex.def)             Requested size: 432.53372pt x 324.39229pt.

(./Methods_Field.bbl [20] [21 <./photo_snowpit.jpg>]) [22]
<G04_Topo.jpeg, id=238, 847.66183pt x 599.4301pt>
File: G04_Topo.jpeg Graphic file (type jpg)
 <use G04_Topo.jpeg>
Package pdftex.def Info: G04_Topo.jpeg used on input line 377.
(pdftex.def)             Requested size: 404.71303pt x 286.18686pt.

<G04_Overview.jpeg, id=239, 844.8363pt x 597.432pt>
File: G04_Overview.jpeg Graphic file (type jpg)
 <use G04_Overview.jpeg>
Package pdftex.def Info: G04_Overview.jpeg used on input line 378.
(pdftex.def)             Requested size: 404.70468pt x 286.18686pt.

<G04_ZZ.jpeg, id=240, 844.8363pt x 597.432pt>
File: G04_ZZ.jpeg Graphic file (type jpg)
 <use G04_ZZ.jpeg>
Package pdftex.def Info: G04_ZZ.jpeg used on input line 379.
(pdftex.def)             Requested size: 404.70468pt x 286.18686pt.

<G04_LH.jpeg, id=241, 844.8363pt x 597.432pt>
File: G04_LH.jpeg Graphic file (type jpg)
 <use G04_LH.jpeg>
Package pdftex.def Info: G04_LH.jpeg used on input line 380.
(pdftex.def)             Requested size: 404.70468pt x 286.18686pt.
File: G04_LH.jpeg Graphic file (type jpg)

<use G04_LH.jpeg>
Package pdftex.def Info: G04_LH.jpeg used on input line 381.
(pdftex.def)             Requested size: 404.70468pt x 286.18686pt.
 <G04_UH.jpeg, id=242, 844.8363pt x 597.432pt>
File: G04_UH.jpeg Graphic file (type jpg)

<use G04_UH.jpeg>
Package pdftex.def Info: G04_UH.jpeg used on input line 382.
(pdftex.def)             Requested size: 404.70468pt x 286.18686pt.
 <G04_M.jpeg, id=243, 844.8363pt x 597.432pt>
File: G04_M.jpeg Graphic file (type jpg)

<use G04_M.jpeg>
Package pdftex.def Info: G04_M.jpeg used on input line 383.
(pdftex.def)             Requested size: 404.70468pt x 286.18686pt.
 <G04_A.jpeg, id=244, 844.8363pt x 597.432pt>
File: G04_A.jpeg Graphic file (type jpg)
 <use G04_A.jpeg>
Package pdftex.def Info: G04_A.jpeg used on input line 384.
(pdftex.def)             Requested size: 404.70468pt x 286.18686pt.

Underfull \hbox (badness 10000) in paragraph at lines 376--385

 []

[23 <./G04_Topo.jpeg> <./G04_Overview.jpeg>] [24 <./G04_ZZ.jpeg> <./G04_LH.jpeg
>] [25 <./G04_UH.jpeg>] [26 <./G04_M.jpeg> <./G04_A.jpeg>]
<G02_topo.jpeg, id=263, 847.66183pt x 599.4301pt>
File: G02_topo.jpeg Graphic file (type jpg)
 <use G02_topo.jpeg>
Package pdftex.def Info: G02_topo.jpeg used on input line 388.
(pdftex.def)             Requested size: 404.71303pt x 286.18686pt.

<G02_Overview.jpeg, id=264, 844.8363pt x 597.432pt>
File: G02_Overview.jpeg Graphic file (type jpg)
 <use G02_Overview.jpeg>
Package pdftex.def Info: G02_Overview.jpeg used on input line 389.
(pdftex.def)             Requested size: 404.70468pt x 286.18686pt.

<G02_ZZ.jpeg, id=265, 844.8363pt x 597.432pt>
File: G02_ZZ.jpeg Graphic file (type jpg)
 <use G02_ZZ.jpeg>
Package pdftex.def Info: G02_ZZ.jpeg used on input line 390.
(pdftex.def)             Requested size: 404.70468pt x 286.18686pt.

<G02_LH.jpeg, id=266, 844.8363pt x 597.432pt>
File: G02_LH.jpeg Graphic file (type jpg)
 <use G02_LH.jpeg>
Package pdftex.def Info: G02_LH.jpeg used on input line 391.
(pdftex.def)             Requested size: 404.70468pt x 286.18686pt.
File: G02_LH.jpeg Graphic file (type jpg)

<use G02_LH.jpeg>
Package pdftex.def Info: G02_LH.jpeg used on input line 392.
(pdftex.def)             Requested size: 404.70468pt x 286.18686pt.
 <G02_UH.jpeg, id=267, 844.8363pt x 597.432pt>
File: G02_UH.jpeg Graphic file (type jpg)

<use G02_UH.jpeg>
Package pdftex.def Info: G02_UH.jpeg used on input line 393.
(pdftex.def)             Requested size: 404.70468pt x 286.18686pt.
 <G02_M.jpeg, id=268, 844.8363pt x 597.432pt>
File: G02_M.jpeg Graphic file (type jpg)

<use G02_M.jpeg>
Package pdftex.def Info: G02_M.jpeg used on input line 394.
(pdftex.def)             Requested size: 404.70468pt x 286.18686pt.
 <G02_A.jpeg, id=269, 844.8363pt x 597.432pt>
File: G02_A.jpeg Graphic file (type jpg)
 <use G02_A.jpeg>
Package pdftex.def Info: G02_A.jpeg used on input line 395.
(pdftex.def)             Requested size: 404.70468pt x 286.18686pt.

Underfull \hbox (badness 10000) in paragraph at lines 387--396

 []

[27 <./G02_topo.jpeg> <./G02_Overview.jpeg>] [28 <./G02_ZZ.jpeg> <./G02_LH.jpeg
>] [29 <./G02_UH.jpeg>] [30 <./G02_M.jpeg> <./G02_A.jpeg>]
<G13_Topo.jpeg, id=287, 847.66183pt x 599.4301pt>
File: G13_Topo.jpeg Graphic file (type jpg)
 <use G13_Topo.jpeg>
Package pdftex.def Info: G13_Topo.jpeg used on input line 399.
(pdftex.def)             Requested size: 404.71303pt x 286.18686pt.

<G13_Overview.jpeg, id=288, 844.8363pt x 597.432pt>
File: G13_Overview.jpeg Graphic file (type jpg)
 <use G13_Overview.jpeg>
Package pdftex.def Info: G13_Overview.jpeg used on input line 400.
(pdftex.def)             Requested size: 404.70468pt x 286.18686pt.

<G13_ZZ.jpeg, id=289, 844.8363pt x 597.432pt>
File: G13_ZZ.jpeg Graphic file (type jpg)
 <use G13_ZZ.jpeg>
Package pdftex.def Info: G13_ZZ.jpeg used on input line 401.
(pdftex.def)             Requested size: 404.70468pt x 286.18686pt.

<G13_LH.jpeg, id=290, 844.8363pt x 597.432pt>
File: G13_LH.jpeg Graphic file (type jpg)
 <use G13_LH.jpeg>
Package pdftex.def Info: G13_LH.jpeg used on input line 402.
(pdftex.def)             Requested size: 404.70468pt x 286.18686pt.
File: G13_LH.jpeg Graphic file (type jpg)

<use G13_LH.jpeg>
Package pdftex.def Info: G13_LH.jpeg used on input line 403.
(pdftex.def)             Requested size: 404.70468pt x 286.18686pt.
 <G13_UH.jpeg, id=291, 844.8363pt x 597.432pt>
File: G13_UH.jpeg Graphic file (type jpg)

<use G13_UH.jpeg>
Package pdftex.def Info: G13_UH.jpeg used on input line 404.
(pdftex.def)             Requested size: 404.70468pt x 286.18686pt.
 <G13_M.jpeg, id=292, 844.8363pt x 597.432pt>
File: G13_M.jpeg Graphic file (type jpg)

<use G13_M.jpeg>
Package pdftex.def Info: G13_M.jpeg used on input line 405.
(pdftex.def)             Requested size: 404.70468pt x 286.18686pt.
 <G13_A.jpeg, id=293, 844.8363pt x 597.432pt>
File: G13_A.jpeg Graphic file (type jpg)
 <use G13_A.jpeg>
Package pdftex.def Info: G13_A.jpeg used on input line 406.
(pdftex.def)             Requested size: 404.70468pt x 286.18686pt.

Underfull \hbox (badness 10000) in paragraph at lines 398--407

 []

[31 <./G13_Topo.jpeg> <./G13_Overview.jpeg>] [32 <./G13_ZZ.jpeg> <./G13_LH.jpeg
>] [33 <./G13_UH.jpeg>]
Package atveryend Info: Empty hook `BeforeClearDocument' on input line 408.
 [34 <./G13_M.jpeg> <./G13_A.jpeg>]
Package atveryend Info: Empty hook `AfterLastShipout' on input line 408.
 (./Methods_Field.aux)
Package atveryend Info: Executing hook `AtVeryEndDocument' on input line 408.
Package atveryend Info: Executing hook `AtEndAfterFileList' on input line 408.
Package rerunfilecheck Info: File `Methods_Field.out' has not changed.
(rerunfilecheck)             Checksum: 46EDCFB88836762DC940852BD864F178;589.
Package atveryend Info: Empty hook `AtVeryVeryEnd' on input line 408.
 ) 
Here is how much of TeX's memory you used:
 7575 strings out of 494910
 115699 string characters out of 6179836
 219982 words of memory out of 5000000
 10678 multiletter control sequences out of 15000+600000
 8849 words of font info for 31 fonts, out of 8000000 for 9000
 36 hyphenation exceptions out of 8191
 36i,15n,39p,1635b,454s stack positions out of 5000i,500n,10000p,200000b,80000s
</usr/share/texlive/texmf-dist/fonts/type1/public/amsfonts/cm/cmbx10.pfb></us
r/share/texlive/texmf-dist/fonts/type1/public/amsfonts/cm/cmbx12.pfb></usr/shar
e/texlive/texmf-dist/fonts/type1/public/amsfonts/cm/cmr10.pfb></usr/share/texli
ve/texmf-dist/fonts/type1/public/amsfonts/cm/cmr12.pfb></usr/share/texlive/texm
f-dist/fonts/type1/public/amsfonts/cm/cmr8.pfb></usr/share/texlive/texmf-dist/f
onts/type1/public/amsfonts/cm/cmsy10.pfb></usr/share/texlive/texmf-dist/fonts/t
ype1/public/amsfonts/cm/cmsy8.pfb></usr/share/texlive/texmf-dist/fonts/type1/pu
blic/amsfonts/cm/cmti12.pfb>
Output written on Methods_Field.pdf (34 pages, 22415385 bytes).
PDF statistics:
 361 PDF objects out of 1000 (max. 8388607)
 282 compressed objects within 3 object streams
 97 named destinations out of 1000 (max. 500000)
 233 words of extra memory for PDF output out of 10000 (max. 10000000)

