This is pdfTeX, Version 3.14159265-2.6-1.40.16 (TeX Live 2015) (preloaded format=pdflatex 2015.12.3)  11 DEC 2016 12:46
entering extended mode
 restricted \write18 enabled.
 %&-line parsing enabled.
**"Results - Topographic Params.tex"
(./Results - Topographic Params.tex
LaTeX2e <2015/01/01>
Babel <3.9l> and hyphenation patterns for 21 languages loaded.
(/usr/local/texlive/2015basic/texmf-dist/tex/latex/base/article.cls
Document Class: article 2014/09/29 v1.4h Standard LaTeX document class
(/usr/local/texlive/2015basic/texmf-dist/tex/latex/base/size12.clo
File: size12.clo 2014/09/29 v1.4h Standard LaTeX file (size option)
)
\c@part=\count79
\c@section=\count80
\c@subsection=\count81
\c@subsubsection=\count82
\c@paragraph=\count83
\c@subparagraph=\count84
\c@figure=\count85
\c@table=\count86
\abovecaptionskip=\skip41
\belowcaptionskip=\skip42
\bibindent=\dimen102
)
(/usr/local/texlive/2015basic/texmf-dist/tex/latex/natbib/natbib.sty
Package: natbib 2010/09/13 8.31b (PWD, AO)
\bibhang=\skip43
\bibsep=\skip44
LaTeX Info: Redefining \cite on input line 694.
\c@NAT@ctr=\count87
)
(/usr/local/texlive/2015basic/texmf-dist/tex/latex/geometry/geometry.sty
Package: geometry 2010/09/12 v5.6 Page Geometry

(/usr/local/texlive/2015basic/texmf-dist/tex/latex/graphics/keyval.sty
Package: keyval 2014/10/28 v1.15 key=value parser (DPC)
\KV@toks@=\toks14
)
(/usr/local/texlive/2015basic/texmf-dist/tex/generic/oberdiek/ifpdf.sty
Package: ifpdf 2011/01/30 v2.3 Provides the ifpdf switch (HO)
Package ifpdf Info: pdfTeX in PDF mode is detected.
)
(/usr/local/texlive/2015basic/texmf-dist/tex/generic/oberdiek/ifvtex.sty
Package: ifvtex 2010/03/01 v1.5 Detect VTeX and its facilities (HO)
Package ifvtex Info: VTeX not detected.
)
(/usr/local/texlive/2015basic/texmf-dist/tex/generic/ifxetex/ifxetex.sty
Package: ifxetex 2010/09/12 v0.6 Provides ifxetex conditional
)
\Gm@cnth=\count88
\Gm@cntv=\count89
\c@Gm@tempcnt=\count90
\Gm@bindingoffset=\dimen103
\Gm@wd@mp=\dimen104
\Gm@odd@mp=\dimen105
\Gm@even@mp=\dimen106
\Gm@layoutwidth=\dimen107
\Gm@layoutheight=\dimen108
\Gm@layouthoffset=\dimen109
\Gm@layoutvoffset=\dimen110
\Gm@dimlist=\toks15
)
(/usr/local/texlive/2015basic/texmf-dist/tex/latex/graphics/graphicx.sty
Package: graphicx 2014/10/28 v1.0g Enhanced LaTeX Graphics (DPC,SPQR)

(/usr/local/texlive/2015basic/texmf-dist/tex/latex/graphics/graphics.sty
Package: graphics 2014/10/28 v1.0p Standard LaTeX Graphics (DPC,SPQR)

(/usr/local/texlive/2015basic/texmf-dist/tex/latex/graphics/trig.sty
Package: trig 1999/03/16 v1.09 sin cos tan (DPC)
)
(/usr/local/texlive/2015basic/texmf-dist/tex/latex/latexconfig/graphics.cfg
File: graphics.cfg 2010/04/23 v1.9 graphics configuration of TeX Live
)
Package graphics Info: Driver file: pdftex.def on input line 94.

(/usr/local/texlive/2015basic/texmf-dist/tex/latex/pdftex-def/pdftex.def
File: pdftex.def 2011/05/27 v0.06d Graphics/color for pdfTeX

(/usr/local/texlive/2015basic/texmf-dist/tex/generic/oberdiek/infwarerr.sty
Package: infwarerr 2010/04/08 v1.3 Providing info/warning/error messages (HO)
)
(/usr/local/texlive/2015basic/texmf-dist/tex/generic/oberdiek/ltxcmds.sty
Package: ltxcmds 2011/11/09 v1.22 LaTeX kernel commands for general use (HO)
)
\Gread@gobject=\count91
))
\Gin@req@height=\dimen111
\Gin@req@width=\dimen112
)
(/usr/local/texlive/2015basic/texmf-dist/tex/latex/wrapfig/wrapfig.sty
\wrapoverhang=\dimen113
\WF@size=\dimen114
\c@WF@wrappedlines=\count92
\WF@box=\box26
\WF@everypar=\toks16
Package: wrapfig 2003/01/31  v 3.6
)
(/usr/local/texlive/2015basic/texmf-dist/tex/latex/enumitem/enumitem.sty
Package: enumitem 2011/09/28 v3.5.2 Customized lists
\labelindent=\skip45
\enit@outerparindent=\dimen115
\enit@toks=\toks17
\enit@inbox=\box27
\enitdp@description=\count93
)
(/usr/local/texlive/2015basic/texmf-dist/tex/latex/multirow/multirow.sty
\bigstrutjot=\dimen116
)
(/usr/local/texlive/2015basic/texmf-dist/tex/latex/xcolor/xcolor.sty
Package: xcolor 2007/01/21 v2.11 LaTeX color extensions (UK)

(/usr/local/texlive/2015basic/texmf-dist/tex/latex/latexconfig/color.cfg
File: color.cfg 2007/01/18 v1.5 color configuration of teTeX/TeXLive
)
Package xcolor Info: Driver file: pdftex.def on input line 225.

(/usr/local/texlive/2015basic/texmf-dist/tex/latex/colortbl/colortbl.sty
Package: colortbl 2012/02/13 v1.0a Color table columns (DPC)

(/usr/local/texlive/2015basic/texmf-dist/tex/latex/tools/array.sty
Package: array 2014/10/28 v2.4c Tabular extension package (FMi)
\col@sep=\dimen117
\extrarowheight=\dimen118
\NC@list=\toks18
\extratabsurround=\skip46
\backup@length=\skip47
)
\everycr=\toks19
\minrowclearance=\skip48
)
\rownum=\count94
Package xcolor Info: Model `cmy' substituted by `cmy0' on input line 1337.
Package xcolor Info: Model `hsb' substituted by `rgb' on input line 1341.
Package xcolor Info: Model `RGB' extended on input line 1353.
Package xcolor Info: Model `HTML' substituted by `rgb' on input line 1355.
Package xcolor Info: Model `Hsb' substituted by `hsb' on input line 1356.
Package xcolor Info: Model `tHsb' substituted by `hsb' on input line 1357.
Package xcolor Info: Model `HSB' substituted by `hsb' on input line 1358.
Package xcolor Info: Model `Gray' substituted by `gray' on input line 1359.
Package xcolor Info: Model `wave' substituted by `hsb' on input line 1360.
)
(/usr/local/texlive/2015basic/texmf-dist/tex/latex/graphics/lscape.sty
Package: lscape 2000/10/22 v3.01 Landscape Pages (DPC)
)
(/usr/local/texlive/2015basic/texmf-dist/tex/latex/caption/caption.sty
Package: caption 2013/05/02 v3.3-89 Customizing captions (AR)

(/usr/local/texlive/2015basic/texmf-dist/tex/latex/caption/caption3.sty
Package: caption3 2013/05/02 v1.6-88 caption3 kernel (AR)
Package caption3 Info: TeX engine: e-TeX on input line 57.
\captionmargin=\dimen119
\captionmargin@=\dimen120
\captionwidth=\dimen121
\caption@tempdima=\dimen122
\caption@indent=\dimen123
\caption@parindent=\dimen124
\caption@hangindent=\dimen125
)
\c@ContinuedFloat=\count95
Package caption Info: wrapfig package is loaded.
)
(/usr/local/texlive/2015basic/texmf-dist/tex/latex/caption/subcaption.sty
Package: subcaption 2013/02/03 v1.1-62 Sub-captions (AR)
\c@subfigure=\count96
\c@subtable=\count97
)
(/usr/local/texlive/2015basic/texmf-dist/tex/latex/hyperref/hyperref.sty
Package: hyperref 2012/11/06 v6.83m Hypertext links for LaTeX

(/usr/local/texlive/2015basic/texmf-dist/tex/generic/oberdiek/hobsub-hyperref.s
ty
Package: hobsub-hyperref 2012/05/28 v1.13 Bundle oberdiek, subset hyperref (HO)


(/usr/local/texlive/2015basic/texmf-dist/tex/generic/oberdiek/hobsub-generic.st
y
Package: hobsub-generic 2012/05/28 v1.13 Bundle oberdiek, subset generic (HO)
Package: hobsub 2012/05/28 v1.13 Construct package bundles (HO)
Package hobsub Info: Skipping package `infwarerr' (already loaded).
Package hobsub Info: Skipping package `ltxcmds' (already loaded).
Package: ifluatex 2010/03/01 v1.3 Provides the ifluatex switch (HO)
Package ifluatex Info: LuaTeX not detected.
Package hobsub Info: Skipping package `ifvtex' (already loaded).
Package: intcalc 2007/09/27 v1.1 Expandable calculations with integers (HO)
Package hobsub Info: Skipping package `ifpdf' (already loaded).
Package: etexcmds 2011/02/16 v1.5 Avoid name clashes with e-TeX commands (HO)
Package etexcmds Info: Could not find \expanded.
(etexcmds)             That can mean that you are not using pdfTeX 1.50 or
(etexcmds)             that some package has redefined \expanded.
(etexcmds)             In the latter case, load this package earlier.
Package: kvsetkeys 2012/04/25 v1.16 Key value parser (HO)
Package: kvdefinekeys 2011/04/07 v1.3 Define keys (HO)
Package: pdftexcmds 2011/11/29 v0.20 Utility functions of pdfTeX for LuaTeX (HO
)
Package pdftexcmds Info: LuaTeX not detected.
Package pdftexcmds Info: \pdf@primitive is available.
Package pdftexcmds Info: \pdf@ifprimitive is available.
Package pdftexcmds Info: \pdfdraftmode found.
Package: pdfescape 2011/11/25 v1.13 Implements pdfTeX's escape features (HO)
Package: bigintcalc 2012/04/08 v1.3 Expandable calculations on big integers (HO
)
Package: bitset 2011/01/30 v1.1 Handle bit-vector datatype (HO)
Package: uniquecounter 2011/01/30 v1.2 Provide unlimited unique counter (HO)
)
Package hobsub Info: Skipping package `hobsub' (already loaded).
Package: letltxmacro 2010/09/02 v1.4 Let assignment for LaTeX macros (HO)
Package: hopatch 2012/05/28 v1.2 Wrapper for package hooks (HO)
Package: xcolor-patch 2011/01/30 xcolor patch
Package: atveryend 2011/06/30 v1.8 Hooks at the very end of document (HO)
Package atveryend Info: \enddocument detected (standard20110627).
Package: atbegshi 2011/10/05 v1.16 At begin shipout hook (HO)
Package: refcount 2011/10/16 v3.4 Data extraction from label references (HO)
Package: hycolor 2011/01/30 v1.7 Color options for hyperref/bookmark (HO)
) (/usr/local/texlive/2015basic/texmf-dist/tex/latex/oberdiek/auxhook.sty
Package: auxhook 2011/03/04 v1.3 Hooks for auxiliary files (HO)
)
(/usr/local/texlive/2015basic/texmf-dist/tex/latex/oberdiek/kvoptions.sty
Package: kvoptions 2011/06/30 v3.11 Key value format for package options (HO)
)
\@linkdim=\dimen126
\Hy@linkcounter=\count98
\Hy@pagecounter=\count99

(/usr/local/texlive/2015basic/texmf-dist/tex/latex/hyperref/pd1enc.def
File: pd1enc.def 2012/11/06 v6.83m Hyperref: PDFDocEncoding definition (HO)
)
\Hy@SavedSpaceFactor=\count100

(/usr/local/texlive/2015basic/texmf-dist/tex/latex/latexconfig/hyperref.cfg
File: hyperref.cfg 2002/06/06 v1.2 hyperref configuration of TeXLive
)
Package hyperref Info: Hyper figures OFF on input line 4443.
Package hyperref Info: Link nesting OFF on input line 4448.
Package hyperref Info: Hyper index ON on input line 4451.
Package hyperref Info: Plain pages OFF on input line 4458.
Package hyperref Info: Backreferencing OFF on input line 4463.
Package hyperref Info: Implicit mode ON; LaTeX internals redefined.
Package hyperref Info: Bookmarks ON on input line 4688.
\c@Hy@tempcnt=\count101

(/usr/local/texlive/2015basic/texmf-dist/tex/latex/url/url.sty
\Urlmuskip=\muskip10
Package: url 2013/09/16  ver 3.4  Verb mode for urls, etc.
)
LaTeX Info: Redefining \url on input line 5041.
\XeTeXLinkMargin=\dimen127
\Fld@menulength=\count102
\Field@Width=\dimen128
\Fld@charsize=\dimen129
Package hyperref Info: Hyper figures OFF on input line 6295.
Package hyperref Info: Link nesting OFF on input line 6300.
Package hyperref Info: Hyper index ON on input line 6303.
Package hyperref Info: backreferencing OFF on input line 6310.
Package hyperref Info: Link coloring OFF on input line 6315.
Package hyperref Info: Link coloring with OCG OFF on input line 6320.
Package hyperref Info: PDF/A mode OFF on input line 6325.
LaTeX Info: Redefining \ref on input line 6365.
LaTeX Info: Redefining \pageref on input line 6369.
\Hy@abspage=\count103
\c@Item=\count104
\c@Hfootnote=\count105
)

Package hyperref Message: Driver (autodetected): hpdftex.

(/usr/local/texlive/2015basic/texmf-dist/tex/latex/hyperref/hpdftex.def
File: hpdftex.def 2012/11/06 v6.83m Hyperref driver for pdfTeX
\Fld@listcount=\count106
\c@bookmark@seq@number=\count107

(/usr/local/texlive/2015basic/texmf-dist/tex/latex/oberdiek/rerunfilecheck.sty
Package: rerunfilecheck 2011/04/15 v1.7 Rerun checks for auxiliary files (HO)
Package uniquecounter Info: New unique counter `rerunfilecheck' on input line 2
82.
)
\Hy@SectionHShift=\skip49
) (/usr/local/texlive/2015basic/texmf-dist/tex/latex/tools/bm.sty
Package: bm 2014/10/28 v1.1c Bold Symbol Support (DPC/FMi)
\symboldoperators=\mathgroup4
\symboldletters=\mathgroup5
\symboldsymbols=\mathgroup6
LaTeX Font Info:    Redeclaring math alphabet \mathbf on input line 141.
LaTeX Info: Redefining \bm on input line 207.
)
(/usr/local/texlive/2015basic/texmf-dist/tex/latex/float/float.sty
Package: float 2001/11/08 v1.3d Float enhancements (AL)
\c@float@type=\count108
\float@exts=\toks20
\float@box=\box28
\@float@everytoks=\toks21
\@floatcapt=\box29
)
(/usr/local/texlive/2015basic/texmf-dist/tex/latex/amsmath/amsmath.sty
Package: amsmath 2013/01/14 v2.14 AMS math features
\@mathmargin=\skip50

For additional information on amsmath, use the `?' option.
(/usr/local/texlive/2015basic/texmf-dist/tex/latex/amsmath/amstext.sty
Package: amstext 2000/06/29 v2.01

(/usr/local/texlive/2015basic/texmf-dist/tex/latex/amsmath/amsgen.sty
File: amsgen.sty 1999/11/30 v2.0
\@emptytoks=\toks22
\ex@=\dimen130
))
(/usr/local/texlive/2015basic/texmf-dist/tex/latex/amsmath/amsbsy.sty
Package: amsbsy 1999/11/29 v1.2d
LaTeX Info: Redefining \boldsymbol on input line 39.
\pmbraise@=\dimen131
)
(/usr/local/texlive/2015basic/texmf-dist/tex/latex/amsmath/amsopn.sty
Package: amsopn 1999/12/14 v2.01 operator names
)
\inf@bad=\count109
LaTeX Info: Redefining \frac on input line 210.
\uproot@=\count110
\leftroot@=\count111
LaTeX Info: Redefining \overline on input line 306.
\classnum@=\count112
\DOTSCASE@=\count113
LaTeX Info: Redefining \ldots on input line 378.
LaTeX Info: Redefining \dots on input line 381.
LaTeX Info: Redefining \cdots on input line 466.
\Mathstrutbox@=\box30
\strutbox@=\box31
\big@size=\dimen132
LaTeX Font Info:    Redeclaring font encoding OML on input line 566.
LaTeX Font Info:    Redeclaring font encoding OMS on input line 567.
\macc@depth=\count114
\c@MaxMatrixCols=\count115
\dotsspace@=\muskip11
\c@parentequation=\count116
\dspbrk@lvl=\count117
\tag@help=\toks23
\row@=\count118
\column@=\count119
\maxfields@=\count120
\andhelp@=\toks24
\eqnshift@=\dimen133
\alignsep@=\dimen134
\tagshift@=\dimen135
\tagwidth@=\dimen136
\totwidth@=\dimen137
\lineht@=\dimen138
\@envbody=\toks25
\multlinegap=\skip51
\multlinetaggap=\skip52
\mathdisplay@stack=\toks26
LaTeX Info: Redefining \[ on input line 2665.
LaTeX Info: Redefining \] on input line 2666.
)
(./Results - Topographic Params.aux

LaTeX Warning: Label `fig:PercentVar_densityOptions' multiply defined.

)
\openout1 = `"Results - Topographic Params.aux"'.

LaTeX Font Info:    Checking defaults for OML/cmm/m/it on input line 25.
LaTeX Font Info:    ... okay on input line 25.
LaTeX Font Info:    Checking defaults for T1/cmr/m/n on input line 25.
LaTeX Font Info:    ... okay on input line 25.
LaTeX Font Info:    Checking defaults for OT1/cmr/m/n on input line 25.
LaTeX Font Info:    ... okay on input line 25.
LaTeX Font Info:    Checking defaults for OMS/cmsy/m/n on input line 25.
LaTeX Font Info:    ... okay on input line 25.
LaTeX Font Info:    Checking defaults for OMX/cmex/m/n on input line 25.
LaTeX Font Info:    ... okay on input line 25.
LaTeX Font Info:    Checking defaults for U/cmr/m/n on input line 25.
LaTeX Font Info:    ... okay on input line 25.
LaTeX Font Info:    Checking defaults for PD1/pdf/m/n on input line 25.
LaTeX Font Info:    ... okay on input line 25.

*geometry* driver: auto-detecting
*geometry* detected driver: pdftex
*geometry* verbose mode - [ preamble ] result:
* driver: pdftex
* paper: letterpaper
* layout: <same size as paper>
* layoutoffset:(h,v)=(0.0pt,0.0pt)
* modes: 
* h-part:(L,W,R)=(79.49744pt, 455.30013pt, 79.49744pt)
* v-part:(T,H,B)=(79.49744pt, 635.97511pt, 79.49744pt)
* \paperwidth=614.295pt
* \paperheight=794.96999pt
* \textwidth=455.30013pt
* \textheight=635.97511pt
* \oddsidemargin=7.22745pt
* \evensidemargin=7.22745pt
* \topmargin=-29.77255pt
* \headheight=12.0pt
* \headsep=25.0pt
* \topskip=12.0pt
* \footskip=30.0pt
* \marginparwidth=44.0pt
* \marginparsep=10.0pt
* \columnsep=10.0pt
* \skip\footins=10.8pt plus 4.0pt minus 2.0pt
* \hoffset=0.0pt
* \voffset=0.0pt
* \mag=1000
* \@twocolumnfalse
* \@twosidefalse
* \@mparswitchfalse
* \@reversemarginfalse
* (1in=72.27pt=25.4mm, 1cm=28.453pt)

(/usr/local/texlive/2015basic/texmf-dist/tex/context/base/supp-pdf.mkii
[Loading MPS to PDF converter (version 2006.09.02).]
\scratchcounter=\count121
\scratchdimen=\dimen139
\scratchbox=\box32
\nofMPsegments=\count122
\nofMParguments=\count123
\everyMPshowfont=\toks27
\MPscratchCnt=\count124
\MPscratchDim=\dimen140
\MPnumerator=\count125
\makeMPintoPDFobject=\count126
\everyMPtoPDFconversion=\toks28
) (/usr/local/texlive/2015basic/texmf-dist/tex/latex/oberdiek/epstopdf-base.sty
Package: epstopdf-base 2010/02/09 v2.5 Base part for package epstopdf
(/usr/local/texlive/2015basic/texmf-dist/tex/latex/oberdiek/grfext.sty
Package: grfext 2010/08/19 v1.1 Manage graphics extensions (HO)
)
Package grfext Info: Graphics extension search list:
(grfext)             [.png,.pdf,.jpg,.mps,.jpeg,.jbig2,.jb2,.PNG,.PDF,.JPG,.JPE
G,.JBIG2,.JB2,.eps]
(grfext)             \AppendGraphicsExtensions on input line 452.

(/usr/local/texlive/2015basic/texmf-dist/tex/latex/latexconfig/epstopdf-sys.cfg
File: epstopdf-sys.cfg 2010/07/13 v1.3 Configuration of (r)epstopdf for TeX Liv
e
))
Package caption Info: Begin \AtBeginDocument code.
Package caption Info: float package is loaded.
Package caption Info: hyperref package is loaded.
Package caption Info: End \AtBeginDocument code.
\AtBeginShipoutBox=\box33
Package hyperref Info: Link coloring OFF on input line 25.
 (/usr/local/texlive/2015basic/texmf-dist/tex/latex/hyperref/nameref.sty
Package: nameref 2012/10/27 v2.43 Cross-referencing by name of section

(/usr/local/texlive/2015basic/texmf-dist/tex/generic/oberdiek/gettitlestring.st
y
Package: gettitlestring 2010/12/03 v1.4 Cleanup title references (HO)
)
\c@section@level=\count127
)
LaTeX Info: Redefining \ref on input line 25.
LaTeX Info: Redefining \pageref on input line 25.
LaTeX Info: Redefining \nameref on input line 25.
 (./Results - Topographic Params.out) (./Results - Topographic Params.out)
\@outlinefile=\write3
\openout3 = `"Results - Topographic Params.out"'.


(./Results - Topographic Params.toc)
\tf@toc=\write4
\openout4 = `"Results - Topographic Params.toc"'.

 [1

{/usr/local/texlive/2015basic/texmf-var/fonts/map/pdftex/updmap/pdftex.map}]

Package natbib Warning: Citation `Basist1994' on page 2 undefined on input line
 64.


Package natbib Warning: Citation `Revuelto2014' on page 2 undefined on input li
ne 64.


Package natbib Warning: Citation `Mitavsova1993' on page 2 undefined on input l
ine 66.


Package natbib Warning: Citation `Hofierka2009' on page 2 undefined on input li
ne 66.

Missing character: There is no â in font cmr12!
Missing character: There is no € in font cmr12!
Missing character: There is no ¢ in font cmr12!

Package natbib Warning: Citation `Horn1981' on page 2 undefined on input line 7
3.


Package natbib Warning: Citation `Neteler2013' on page 2 undefined on input lin
e 73.

Missing character: There is no â in font cmr12!
Missing character: There is no € in font cmr12!
Missing character: There is no ¢ in font cmr12!
[2]
Missing character: There is no â in font cmr12!
Missing character: There is no € in font cmr12!
Missing character: There is no ¢ in font cmr12!
Missing character: There is no â in font cmr12!
Missing character: There is no € in font cmr12!
Missing character: There is no ¢ in font cmr12!
Missing character: There is no â in font cmr12!
Missing character: There is no € in font cmr12!
Missing character: There is no ¢ in font cmr12!


Package natbib Warning: Citation `Hofierka2009' on page 3 undefined on input li
ne 88.


Package natbib Warning: Citation `Neteler2013' on page 3 undefined on input lin
e 88.


Package natbib Warning: Citation `Olaya2009' on page 3 undefined on input line 
94.


Package natbib Warning: Citation `Mitavsova1993' on page 3 undefined on input l
ine 102.


Package natbib Warning: Citation `Olaya2009' on page 3 undefined on input line 
102.

Missing character: There is no â in font cmr12!
Missing character: There is no € in font cmr12!
Missing character: There is no ¢ in font cmr12!

Package natbib Warning: Citation `Olaya2009' on page 3 undefined on input line 
106.

Missing character: There is no â in font cmr12!
Missing character: There is no € in font cmr12!
Missing character: There is no ¢ in font cmr12!
[3]
Missing character: There is no â in font cmr12!
Missing character: There is no € in font cmr12!
Missing character: There is no ¢ in font cmr12!


Package natbib Warning: Citation `Olaya2009' on page 4 undefined on input line 
117.

Missing character: There is no â in font cmr12!
Missing character: There is no € in font cmr12!
Missing character: There is no ¢ in font cmr12!

Package natbib Warning: Citation `Olaya2009' on page 4 undefined on input line 
124.

Missing character: There is no â in font cmr12!
Missing character: There is no € in font cmr12!
Missing character: There is no ¢ in font cmr12!

LaTeX Warning: No positions in optional float specifier.
               Default added (so using `tbp') on input line 135.

[4]

LaTeX Warning: No positions in optional float specifier.
               Default added (so using `tbp') on input line 159.

LaTeX Font Info:    Try loading font information for OML+cmr on input line 168.

(/usr/local/texlive/2015basic/texmf-dist/tex/latex/base/omlcmr.fd
File: omlcmr.fd 2014/09/29 v2.5h Standard LaTeX font definitions
)
LaTeX Font Info:    Font shape `OML/cmr/m/n' in size <12> not available
(Font)              Font shape `OML/cmm/m/it' tried instead on input line 168.
 [5] [6]
<Map_elevation.png, id=156, 939.51pt x 433.62pt>
File: Map_elevation.png Graphic file (type png)
 <use Map_elevation.png>
Package pdftex.def Info: Map_elevation.png used on input line 214.
(pdftex.def)             Requested size: 394.5915pt x 182.11726pt.

<SampledRangeTopo_elevation.png, id=157, 1011.78pt x 289.08pt>
File: SampledRangeTopo_elevation.png Graphic file (type png)

<use SampledRangeTopo_elevation.png>
Package pdftex.def Info: SampledRangeTopo_elevation.png used on input line 221.

(pdftex.def)             Requested size: 637.40933pt x 182.11726pt.

Overfull \hbox (1.43422pt too wide) in paragraph at lines 221--221
 [][] 
 []

<Map_centreD.png, id=158, 939.51pt x 433.62pt>
File: Map_centreD.png Graphic file (type png)
 <use Map_centreD.png>
Package pdftex.def Info: Map_centreD.png used on input line 228.
(pdftex.def)             Requested size: 394.5915pt x 182.11726pt.

<SampledRangeTopo_centreD.png, id=159, 1011.78pt x 289.08pt>
File: SampledRangeTopo_centreD.png Graphic file (type png)

<use SampledRangeTopo_centreD.png>
Package pdftex.def Info: SampledRangeTopo_centreD.png used on input line 235.
(pdftex.def)             Requested size: 637.40933pt x 182.11726pt.

Overfull \hbox (1.43422pt too wide) in paragraph at lines 235--235
 [][] 
 []

<Map_slope.png, id=160, 939.51pt x 433.62pt>
File: Map_slope.png Graphic file (type png)
 <use Map_slope.png>
Package pdftex.def Info: Map_slope.png used on input line 242.
(pdftex.def)             Requested size: 394.5915pt x 182.11726pt.

<SampledRangeTopo_slope.png, id=161, 1011.78pt x 289.08pt>
File: SampledRangeTopo_slope.png Graphic file (type png)

<use SampledRangeTopo_slope.png>
Package pdftex.def Info: SampledRangeTopo_slope.png used on input line 249.
(pdftex.def)             Requested size: 637.40933pt x 182.11726pt.

Overfull \hbox (1.43422pt too wide) in paragraph at lines 249--249
 [][] 
 []

<Map_tangentCurve.png, id=162, 939.51pt x 433.62pt>
File: Map_tangentCurve.png Graphic file (type png)
 <use Map_tangentCurve.png>
Package pdftex.def Info: Map_tangentCurve.png used on input line 256.
(pdftex.def)             Requested size: 394.5915pt x 182.11726pt.

<SampledRangeTopo_tangentCurve.png, id=163, 1011.78pt x 289.08pt>
File: SampledRangeTopo_tangentCurve.png Graphic file (type png)

<use SampledRangeTopo_tangentCurve.png>
Package pdftex.def Info: SampledRangeTopo_tangentCurve.png used on input line 2
63.
(pdftex.def)             Requested size: 637.40933pt x 182.11726pt.

Overfull \hbox (1.43422pt too wide) in paragraph at lines 263--263
 [][] 
 []

<Map_profileCurve.png, id=164, 939.51pt x 433.62pt>
File: Map_profileCurve.png Graphic file (type png)
 <use Map_profileCurve.png>
Package pdftex.def Info: Map_profileCurve.png used on input line 270.
(pdftex.def)             Requested size: 355.13953pt x 163.90831pt.

<SampledRangeTopo_profileCurve.png, id=165, 1011.78pt x 289.08pt>
File: SampledRangeTopo_profileCurve.png Graphic file (type png)

<use SampledRangeTopo_profileCurve.png>
Package pdftex.def Info: SampledRangeTopo_profileCurve.png used on input line 2
77.
(pdftex.def)             Requested size: 637.40933pt x 182.11726pt.

Overfull \hbox (1.43422pt too wide) in paragraph at lines 277--277
 [][] 
 []

<Map_northness.png, id=166, 939.51pt x 433.62pt>
File: Map_northness.png Graphic file (type png)
 <use Map_northness.png>
Package pdftex.def Info: Map_northness.png used on input line 285.
(pdftex.def)             Requested size: 355.13953pt x 163.90831pt.

<SampledRangeTopo_northness.png, id=167, 1011.78pt x 289.08pt>
File: SampledRangeTopo_northness.png Graphic file (type png)

<use SampledRangeTopo_northness.png>
Package pdftex.def Info: SampledRangeTopo_northness.png used on input line 292.

(pdftex.def)             Requested size: 637.40933pt x 182.11726pt.

Overfull \hbox (1.43422pt too wide) in paragraph at lines 292--292
 [][] 
 []

<Map_aspect.png, id=168, 939.51pt x 433.62pt>
File: Map_aspect.png Graphic file (type png)
 <use Map_aspect.png>
Package pdftex.def Info: Map_aspect.png used on input line 299.
(pdftex.def)             Requested size: 394.5915pt x 182.11726pt.

<SampledRangeTopo_aspect.png, id=169, 1011.78pt x 289.08pt>
File: SampledRangeTopo_aspect.png Graphic file (type png)

<use SampledRangeTopo_aspect.png>
Package pdftex.def Info: SampledRangeTopo_aspect.png used on input line 306.
(pdftex.def)             Requested size: 637.40933pt x 182.11726pt.

Overfull \hbox (1.43422pt too wide) in paragraph at lines 306--306
 [][] 
 []

<Map_Sx.png, id=170, 939.51pt x 433.62pt>
File: Map_Sx.png Graphic file (type png)
 <use Map_Sx.png>
Package pdftex.def Info: Map_Sx.png used on input line 313.
(pdftex.def)             Requested size: 394.5915pt x 182.11726pt.


LaTeX Warning: Reference `Sec:Sx' on page 7 undefined on input line 314.


LaTeX Warning: Reference `Sec:Sx' on page 7 undefined on input line 314.

<SampledRangeTopo_Sx.png, id=175, 1011.78pt x 289.08pt>
File: SampledRangeTopo_Sx.png Graphic file (type png)

<use SampledRangeTopo_Sx.png>
Package pdftex.def Info: SampledRangeTopo_Sx.png used on input line 320.
(pdftex.def)             Requested size: 637.40933pt x 182.11726pt.

Overfull \hbox (1.43422pt too wide) in paragraph at lines 320--320
 [][] 
 []

[7 <./Map_elevation.png (PNG copy)> <./SampledRangeTopo_elevation.png (PNG copy
)>] [8 <./Map_centreD.png (PNG copy)> <./SampledRangeTopo_centreD.png (PNG copy
)>] [9 <./Map_slope.png (PNG copy)> <./SampledRangeTopo_slope.png (PNG copy)>]
[10 <./Map_tangentCurve.png (PNG copy)> <./SampledRangeTopo_tangentCurve.png (P
NG copy)>] [11 <./Map_profileCurve.png (PNG copy)> <./SampledRangeTopo_profileC
urve.png (PNG copy)>] [12 <./Map_northness.png (PNG copy)> <./SampledRangeTopo_
northness.png (PNG copy)>] [13 <./Map_aspect.png (PNG copy)> <./SampledRangeTop
o_aspect.png (PNG copy)>] [14 <./Map_Sx.png (PNG copy)> <./SampledRangeTopo_Sx.
png (PNG copy)>]

Package natbib Warning: Citation `Woo1978' on page 15 undefined on input line 3
31.


Package natbib Warning: Citation `Davis1986' on page 15 undefined on input line
 337.


Package natbib Warning: Citation `Davis1986' on page 15 undefined on input line
 339.


Package natbib Warning: Citation `Cohen2013' on page 15 undefined on input line
 347.


Package natbib Warning: Citation `Davis1986' on page 15 undefined on input line
 347.

Missing character: There is no â in font cmr12!
Missing character: There is no € in font cmr12!
Missing character: There is no ¢ in font cmr12!
[15


]

Package natbib Warning: Citation `Kohavi1995' on page 16 undefined on input lin
e 362.


Package natbib Warning: Citation `Kohavi1995' on page 16 undefined on input lin
e 379.

[16]

LaTeX Warning: Reference `fig:MLRmodelledSWE' on page 17 undefined on input lin
e 391.

[17]
Underfull \hbox (badness 1038) in paragraph at lines 414--415
\OT1/cmr/m/n/12 Over-all, the mod-elled win-ter
 []


Underfull \hbox (badness 5231) in paragraph at lines 416--417
\OT1/cmr/m/n/12 co-ef-fi-cient is el-e-va-tion with
 []


Underfull \hbox (badness 1708) in paragraph at lines 416--417
\OT1/cmr/m/n/12 dis-tance from cen-tre-line and
 []

[18] <MLRfit_opt8.png, id=279, 867.24pt x 289.08pt>
File: MLRfit_opt8.png Graphic file (type png)
 <use MLRfit_opt8.png>
Package pdftex.def Info: MLRfit_opt8.png used on input line 424.
(pdftex.def)             Requested size: 546.35088pt x 182.11726pt.

<MLRfit_allLines.png, id=280, 867.24pt x 289.08pt>
File: MLRfit_allLines.png Graphic file (type png)
 <use MLRfit_allLines.png>
Package pdftex.def Info: MLRfit_allLines.png used on input line 433.
(pdftex.def)             Requested size: 546.35088pt x 182.11726pt.

<MLRresiduals_all.png, id=283, 1011.78pt x 289.08pt>
File: MLRresiduals_all.png Graphic file (type png)

<use MLRresiduals_all.png>
Package pdftex.def Info: MLRresiduals_all.png used on input line 440.
(pdftex.def)             Requested size: 637.40933pt x 182.11726pt.

Overfull \hbox (1.43422pt too wide) in paragraph at lines 440--440
 [][] 
 []

[19 <./MLRfit_opt8.png (PNG copy)> <./MLRfit_allLines.png (PNG copy)>] [20 <./M
LRresiduals_all.png (PNG copy)>]
<Coeffs_DensityOpts.png, id=294, 939.51pt x 722.7pt>
File: Coeffs_DensityOpts.png Graphic file (type png)

<use Coeffs_DensityOpts.png>
Package pdftex.def Info: Coeffs_DensityOpts.png used on input line 449.
(pdftex.def)             Requested size: 500.83292pt x 385.25673pt.

Overfull \hbox (45.53279pt too wide) in paragraph at lines 449--449
 [][] 
 []

<DistributionOfNumParams_topoRegress.png, id=295, 433.62pt x 433.62pt>
File: DistributionOfNumParams_topoRegress.png Graphic file (type png)

<use DistributionOfNumParams_topoRegress.png>
Package pdftex.def Info: DistributionOfNumParams_topoRegress.png used on input 
line 472.
(pdftex.def)             Requested size: 273.18285pt x 273.19528pt.


Package natbib Warning: Citation `Raftery1997' on page 21 undefined on input li
ne 477.


Package natbib Warning: Citation `Wasserman2000' on page 21 undefined on input 
line 477.


Package natbib Warning: Citation `Raftery2005' on page 21 undefined on input li
ne 477.

Missing character: There is no â in font cmr12!
Missing character: There is no € in font cmr12!
Missing character: There is no ¢ in font cmr12!

Package natbib Warning: Citation `Raftery1997' on page 21 undefined on input li
ne 481.


Package natbib Warning: Citation `Wasserman2000' on page 21 undefined on input 
line 481.


Package natbib Warning: Citation `Wasserman2000' on page 21 undefined on input 
line 481.

[21


 <./Coeffs_DensityOpts.png (PNG copy)>]

Package natbib Warning: Citation `Wasserman2000' on page 22 undefined on input 
line 483.


Package natbib Warning: Citation `Wasserman2000' on page 22 undefined on input 
line 487.


Underfull \hbox (badness 1082) in paragraph at lines 486--488
\OT1/cmr/m/n/12 be-comes more in-for-ma-tive, the
 []


Package natbib Warning: Citation `Wasserman2000' on page 22 undefined on input 
line 489.


Package natbib Warning: Citation `Raftery1997' on page 22 undefined on input li
ne 493.


Package natbib Warning: Citation `Wasserman2000' on page 22 undefined on input 
line 495.


Package natbib Warning: Citation `Zeugner2015' on page 22 undefined on input li
ne 495.

[22 <./DistributionOfNumParams_topoRegress.png (PNG copy)>]

Package natbib Warning: Citation `Wasserman2000' on page 23 undefined on input 
line 497.


Package natbib Warning: Citation `Wasserman2000' on page 23 undefined on input 
line 499.


Package natbib Warning: Citation `Zeugner2015' on page 23 undefined on input li
ne 501.


Package natbib Warning: Citation `Zeugner2015' on page 23 undefined on input li
ne 505.


Package natbib Warning: Citation `Kohavi1995' on page 23 undefined on input lin
e 508.

Missing character: There is no â in font cmr12!
Missing character: There is no € in font cmr12!
Missing character: There is no ¢ in font cmr12!
[23]
Missing character: There is no â in font cmr12!
Missing character: There is no € in font cmr12!
Missing character: There is no ¢ in font cmr12!
 [24] <BMSfit_opt8.png, id=332, 867.24pt x 289.08pt>
File: BMSfit_opt8.png Graphic file (type png)
 <use BMSfit_opt8.png>
Package pdftex.def Info: BMSfit_opt8.png used on input line 530.
(pdftex.def)             Requested size: 682.9419pt x 227.65005pt.

Overfull \hbox (46.96678pt too wide) in paragraph at lines 530--530
 [][] 
 []

<BMSfit_allLines.png, id=333, 867.24pt x 289.08pt>
File: BMSfit_allLines.png Graphic file (type png)
 <use BMSfit_allLines.png>
Package pdftex.def Info: BMSfit_allLines.png used on input line 539.
(pdftex.def)             Requested size: 546.35088pt x 182.11726pt.

<BMSresiduals_all.png, id=336, 1011.78pt x 289.08pt>
File: BMSresiduals_all.png Graphic file (type png)

<use BMSresiduals_all.png>
Package pdftex.def Info: BMSresiduals_all.png used on input line 546.
(pdftex.def)             Requested size: 637.40933pt x 182.11726pt.

Overfull \hbox (1.43422pt too wide) in paragraph at lines 546--546
 [][] 
 []

[25 <./BMSfit_opt8.png (PNG copy)>] [26 <./BMSfit_allLines.png (PNG copy)> <./B
MSresiduals_all.png (PNG copy)>]
<BMSCoeffs_DensityOpts.png, id=349, 939.51pt x 722.7pt>
File: BMSCoeffs_DensityOpts.png Graphic file (type png)

<use BMSCoeffs_DensityOpts.png>
Package pdftex.def Info: BMSCoeffs_DensityOpts.png used on input line 555.
(pdftex.def)             Requested size: 500.83292pt x 385.25673pt.

Overfull \hbox (45.53279pt too wide) in paragraph at lines 555--555
 [][] 
 []

[27


 <./BMSCoeffs_DensityOpts.png (PNG copy)>]
(./Results - Topographic Params.bbl)

Package natbib Warning: There were undefined citations.

Package atveryend Info: Empty hook `BeforeClearDocument' on input line 568.
[28]
Package atveryend Info: Empty hook `AfterLastShipout' on input line 568.
 (./Results - Topographic Params.aux)
Package atveryend Info: Executing hook `AtVeryEndDocument' on input line 568.
Package atveryend Info: Executing hook `AtEndAfterFileList' on input line 568.
Package rerunfilecheck Info: File `"Results - Topographic Params".out' has not 
changed.
(rerunfilecheck)             Checksum: 7D29A701E8B4D071CDAD04D7E3CAA502;1097.


LaTeX Warning: There were undefined references.


LaTeX Warning: There were multiply-defined labels.

Package atveryend Info: Empty hook `AtVeryVeryEnd' on input line 568.
 ) 
Here is how much of TeX's memory you used:
 8824 strings out of 494501
 132761 string characters out of 6167030
 256294 words of memory out of 5000000
 11851 multiletter control sequences out of 15000+600000
 11905 words of font info for 42 fonts, out of 8000000 for 9000
 319 hyphenation exceptions out of 8191
 41i,11n,41p,1201b,459s stack positions out of 5000i,500n,10000p,200000b,80000s
</usr/local/texlive/2015basic/texmf-dist/fonts/type1/public/amsfonts/cm/cmbx1
2.pfb></usr/local/texlive/2015basic/texmf-dist/fonts/type1/public/amsfonts/cm/c
mbxti10.pfb></usr/local/texlive/2015basic/texmf-dist/fonts/type1/public/amsfont
s/cm/cmex10.pfb></usr/local/texlive/2015basic/texmf-dist/fonts/type1/public/ams
fonts/cm/cmmi12.pfb></usr/local/texlive/2015basic/texmf-dist/fonts/type1/public
/amsfonts/cm/cmmi6.pfb></usr/local/texlive/2015basic/texmf-dist/fonts/type1/pub
lic/amsfonts/cm/cmmi8.pfb></usr/local/texlive/2015basic/texmf-dist/fonts/type1/
public/amsfonts/cm/cmmib10.pfb></usr/local/texlive/2015basic/texmf-dist/fonts/t
ype1/public/amsfonts/cm/cmr12.pfb></usr/local/texlive/2015basic/texmf-dist/font
s/type1/public/amsfonts/cm/cmr8.pfb></usr/local/texlive/2015basic/texmf-dist/fo
nts/type1/public/amsfonts/cm/cmsy10.pfb></usr/local/texlive/2015basic/texmf-dis
t/fonts/type1/public/amsfonts/cm/cmsy8.pfb></usr/local/texlive/2015basic/texmf-
dist/fonts/type1/public/amsfonts/cm/cmti12.pfb></usr/local/texlive/2015basic/te
xmf-dist/fonts/type1/public/amsfonts/cm/cmtt12.pfb>
Output written on "Results - Topographic Params.pdf" (28 pages, 1578979 bytes).

PDF statistics:
 430 PDF objects out of 1000 (max. 8388607)
 354 compressed objects within 4 object streams
 121 named destinations out of 1000 (max. 500000)
 246 words of extra memory for PDF output out of 10000 (max. 10000000)

