\BOOKMARK [1][-]{section.1}{Topographic parameters}{}% 1
\BOOKMARK [2][-]{subsection.1.1}{Obtaining digital elevation models \(DEMs\) for study glaciers}{section.1}% 2
\BOOKMARK [2][-]{subsection.1.2}{Calculating topographic parameters}{section.1}% 3
\BOOKMARK [2][-]{subsection.1.3}{DEM smoothing}{section.1}% 4
\BOOKMARK [2][-]{subsection.1.4}{Parameter correlations}{section.1}% 5
\BOOKMARK [2][-]{subsection.1.5}{Maps of topographic parameters and distribution of parameters sampled}{section.1}% 6
\BOOKMARK [1][-]{section.2}{Linear Regressions}{}% 7
\BOOKMARK [2][-]{subsection.2.1}{Background}{section.2}% 8
\BOOKMARK [2][-]{subsection.2.2}{Importance of variables in regression models}{section.2}% 9
\BOOKMARK [2][-]{subsection.2.3}{Snow density estimation methods}{section.2}% 10
\BOOKMARK [2][-]{subsection.2.4}{Multiple Linear Regression \(MLR\)}{section.2}% 11
\BOOKMARK [3][-]{subsubsection.2.4.1}{Background}{subsection.2.4}% 12
\BOOKMARK [3][-]{subsubsection.2.4.2}{Methods}{subsection.2.4}% 13
\BOOKMARK [3][-]{subsubsection.2.4.3}{Results and Discussion}{subsection.2.4}% 14
\BOOKMARK [2][-]{subsection.2.5}{Bayesian Model Averaging \(BMA\)}{section.2}% 15
\BOOKMARK [3][-]{subsubsection.2.5.1}{Background}{subsection.2.5}% 16
\BOOKMARK [3][-]{subsubsection.2.5.2}{Methods}{subsection.2.5}% 17
\BOOKMARK [3][-]{subsubsection.2.5.3}{Results and Discussion}{subsection.2.5}% 18
\BOOKMARK [2][-]{subsection.2.6}{MLR and BMA comparison}{section.2}% 19
\BOOKMARK [1][-]{section.3}{Summary}{}% 20
\BOOKMARK [1][-]{section.4}{Appendix}{}% 21
\BOOKMARK [2][-]{subsection.4.1}{Topographic parameters from QGIS to Matlab}{section.4}% 22
\BOOKMARK [2][-]{subsection.4.2}{MLR software}{section.4}% 23
\BOOKMARK [2][-]{subsection.4.3}{BMA software}{section.4}% 24
