This is pdfTeX, Version 3.14159265-2.6-1.40.16 (TeX Live 2015/Debian) (preloaded format=pdflatex 2017.8.25)  25 AUG 2017 17:42
entering extended mode
 restricted \write18 enabled.
 %&-line parsing enabled.
**AccumulationOnGlaciers.tex
(./AccumulationOnGlaciers.tex
LaTeX2e <2016/02/01>
Babel <3.9q> and hyphenation patterns for 81 language(s) loaded.
(./igs.cls
Document Class: igs 2015/09/03 v4.00 IGS document class

LaTeX Font Warning: Font shape `OT1/cmr/m/n' in size <9.5> not available
(Font)              size <9> substituted on input line 460.

\c@part=\count79
\c@section=\count80
\c@subsection=\count81
\c@subsubsection=\count82
\c@paragraph=\count83
\c@subparagraph=\count84
\c@figure=\count85
\c@table=\count86
\abovecaptionskip=\skip41
\belowcaptionskip=\skip42
\bibindent=\dimen102
\c@dummy=\count87
) (./lmodern.sty
Package: lmodern 2009/10/30 v1.6 Latin Modern Fonts
LaTeX Font Info:    Overwriting symbol font `operators' in version `normal'
(Font)                  OT1/cmr/m/n --> OT1/lmr/m/n on input line 22.
LaTeX Font Info:    Overwriting symbol font `letters' in version `normal'
(Font)                  OML/cmm/m/it --> OML/lmm/m/it on input line 23.
LaTeX Font Info:    Overwriting symbol font `symbols' in version `normal'
(Font)                  OMS/cmsy/m/n --> OMS/lmsy/m/n on input line 24.
LaTeX Font Info:    Overwriting symbol font `largesymbols' in version `normal'
(Font)                  OMX/cmex/m/n --> OMX/lmex/m/n on input line 25.
LaTeX Font Info:    Overwriting symbol font `operators' in version `bold'
(Font)                  OT1/cmr/bx/n --> OT1/lmr/bx/n on input line 26.
LaTeX Font Info:    Overwriting symbol font `letters' in version `bold'
(Font)                  OML/cmm/b/it --> OML/lmm/b/it on input line 27.
LaTeX Font Info:    Overwriting symbol font `symbols' in version `bold'
(Font)                  OMS/cmsy/b/n --> OMS/lmsy/b/n on input line 28.
LaTeX Font Info:    Overwriting symbol font `largesymbols' in version `bold'
(Font)                  OMX/cmex/m/n --> OMX/lmex/m/n on input line 29.
LaTeX Font Info:    Overwriting math alphabet `\mathbf' in version `normal'
(Font)                  OT1/cmr/bx/n --> OT1/lmr/bx/n on input line 31.
LaTeX Font Info:    Overwriting math alphabet `\mathsf' in version `normal'
(Font)                  OT1/cmss/m/n --> OT1/lmss/m/n on input line 32.
LaTeX Font Info:    Overwriting math alphabet `\mathit' in version `normal'
(Font)                  OT1/cmr/m/it --> OT1/lmr/m/it on input line 33.
LaTeX Font Info:    Overwriting math alphabet `\mathtt' in version `normal'
(Font)                  OT1/cmtt/m/n --> OT1/lmtt/m/n on input line 34.
LaTeX Font Info:    Overwriting math alphabet `\mathbf' in version `bold'
(Font)                  OT1/cmr/bx/n --> OT1/lmr/bx/n on input line 35.
LaTeX Font Info:    Overwriting math alphabet `\mathsf' in version `bold'
(Font)                  OT1/cmss/bx/n --> OT1/lmss/bx/n on input line 36.
LaTeX Font Info:    Overwriting math alphabet `\mathit' in version `bold'
(Font)                  OT1/cmr/bx/it --> OT1/lmr/bx/it on input line 37.
LaTeX Font Info:    Overwriting math alphabet `\mathtt' in version `bold'
(Font)                  OT1/cmtt/m/n --> OT1/lmtt/m/n on input line 38.
) (/usr/share/texlive/texmf-dist/tex/latex/amsmath/amsmath.sty
Package: amsmath 2016/03/03 v2.15a AMS math features
\@mathmargin=\skip43

For additional information on amsmath, use the `?' option.
(/usr/share/texlive/texmf-dist/tex/latex/amsmath/amstext.sty
Package: amstext 2000/06/29 v2.01 AMS text
 (./amsgen.sty
File: amsgen.sty 1999/11/30 v2.0
\@emptytoks=\toks14
\ex@=\dimen103
))
(./amsbsy.sty
Package: amsbsy 1999/11/29 v1.2d
\pmbraise@=\dimen104
) (/usr/share/texlive/texmf-dist/tex/latex/amsmath/amsopn.sty
Package: amsopn 1999/12/14 v2.01 operator names
)
\inf@bad=\count88
LaTeX Info: Redefining \frac on input line 199.
\uproot@=\count89
\leftroot@=\count90
LaTeX Info: Redefining \overline on input line 297.
\classnum@=\count91
\DOTSCASE@=\count92
LaTeX Info: Redefining \ldots on input line 394.
LaTeX Info: Redefining \dots on input line 397.
LaTeX Info: Redefining \cdots on input line 518.
\Mathstrutbox@=\box26
\strutbox@=\box27
\big@size=\dimen105
LaTeX Font Info:    Redeclaring font encoding OML on input line 630.
LaTeX Font Info:    Redeclaring font encoding OMS on input line 631.
\macc@depth=\count93
\c@MaxMatrixCols=\count94
\dotsspace@=\muskip10
\c@parentequation=\count95
\dspbrk@lvl=\count96
\tag@help=\toks15
\row@=\count97
\column@=\count98
\maxfields@=\count99
\andhelp@=\toks16
\eqnshift@=\dimen106
\alignsep@=\dimen107
\tagshift@=\dimen108
\tagwidth@=\dimen109
\totwidth@=\dimen110
\lineht@=\dimen111
\@envbody=\toks17
\multlinegap=\skip44
\multlinetaggap=\skip45
\mathdisplay@stack=\toks18
LaTeX Info: Redefining \[ on input line 2735.
LaTeX Info: Redefining \] on input line 2736.
)
(./amssymb.sty
Package: amssymb 2009/06/22 v3.00
 (./amsfonts.sty
Package: amsfonts 2009/06/22 v3.00 Basic AMSFonts support
\symAMSa=\mathgroup4
\symAMSb=\mathgroup5
LaTeX Font Info:    Overwriting math alphabet `\mathfrak' in version `bold'
(Font)                  U/euf/m/n --> U/euf/b/n on input line 96.
))
(/usr/share/texlive/texmf-dist/tex/latex/amscls/amsthm.sty
Package: amsthm 2015/03/04 v2.20.2
\thm@style=\toks19
\thm@bodyfont=\toks20
\thm@headfont=\toks21
\thm@notefont=\toks22
\thm@headpunct=\toks23
\thm@preskip=\skip46
\thm@postskip=\skip47
\thm@headsep=\skip48
\dth@everypar=\toks24
)
(/usr/share/texlive/texmf-dist/tex/latex/natbib/natbib.sty
Package: natbib 2010/09/13 8.31b (PWD, AO)
\bibhang=\skip49
\bibsep=\skip50
LaTeX Info: Redefining \cite on input line 694.
\c@NAT@ctr=\count100
)
(/usr/share/texlive/texmf-dist/tex/latex/wrapfig/wrapfig.sty
\wrapoverhang=\dimen112
\WF@size=\dimen113
\c@WF@wrappedlines=\count101
\WF@box=\box28
\WF@everypar=\toks25
Package: wrapfig 2003/01/31  v 3.6
)
(/usr/share/texlive/texmf-dist/tex/latex/enumitem/enumitem.sty
Package: enumitem 2011/09/28 v3.5.2 Customized lists
\enitkv@toks@=\toks26
\labelindent=\skip51
\enit@outerparindent=\dimen114
\enit@toks=\toks27
\enit@inbox=\box29
\enitdp@description=\count102
)
(/usr/share/texlive/texmf-dist/tex/latex/multirow/multirow.sty
\bigstrutjot=\dimen115
)
(/usr/share/texlive/texmf-dist/tex/latex/tools/tabularx.sty
Package: tabularx 2014/10/28 v2.10 `tabularx' package (DPC)

(/usr/share/texlive/texmf-dist/tex/latex/tools/array.sty
Package: array 2014/10/28 v2.4c Tabular extension package (FMi)
\col@sep=\dimen116
\extrarowheight=\dimen117
\NC@list=\toks28
\extratabsurround=\skip52
\backup@length=\skip53
)
\TX@col@width=\dimen118
\TX@old@table=\dimen119
\TX@old@col=\dimen120
\TX@target=\dimen121
\TX@delta=\dimen122
\TX@cols=\count103
\TX@ftn=\toks29
)
(/usr/share/texlive/texmf-dist/tex/latex/booktabs/booktabs.sty
Package: booktabs 2005/04/14 v1.61803 publication quality tables
\heavyrulewidth=\dimen123
\lightrulewidth=\dimen124
\cmidrulewidth=\dimen125
\belowrulesep=\dimen126
\belowbottomsep=\dimen127
\aboverulesep=\dimen128
\abovetopsep=\dimen129
\cmidrulesep=\dimen130
\cmidrulekern=\dimen131
\defaultaddspace=\dimen132
\@cmidla=\count104
\@cmidlb=\count105
\@aboverulesep=\dimen133
\@belowrulesep=\dimen134
\@thisruleclass=\count106
\@lastruleclass=\count107
\@thisrulewidth=\dimen135
) (./graphicx.sty
Package: graphicx 2014/10/28 v1.0g Enhanced LaTeX Graphics (DPC,SPQR)
(/usr/share/texlive/texmf-dist/tex/latex/graphics/keyval.sty
Package: keyval 2014/10/28 v1.15 key=value parser (DPC)
\KV@toks@=\toks30
)
(/usr/share/texlive/texmf-dist/tex/latex/graphics/graphics.sty
Package: graphics 2016/01/03 v1.0q Standard LaTeX Graphics (DPC,SPQR)

(/usr/share/texlive/texmf-dist/tex/latex/graphics/trig.sty
Package: trig 2016/01/03 v1.10 sin cos tan (DPC)
)
(/usr/share/texlive/texmf-dist/tex/latex/latexconfig/graphics.cfg
File: graphics.cfg 2010/04/23 v1.9 graphics configuration of TeX Live
)
Package graphics Info: Driver file: pdftex.def on input line 95.

(/usr/share/texlive/texmf-dist/tex/latex/pdftex-def/pdftex.def
File: pdftex.def 2011/05/27 v0.06d Graphics/color for pdfTeX

(/usr/share/texlive/texmf-dist/tex/generic/oberdiek/infwarerr.sty
Package: infwarerr 2010/04/08 v1.3 Providing info/warning/error messages (HO)
)
(/usr/share/texlive/texmf-dist/tex/generic/oberdiek/ltxcmds.sty
Package: ltxcmds 2011/11/09 v1.22 LaTeX kernel commands for general use (HO)
)
\Gread@gobject=\count108
))
\Gin@req@height=\dimen136
\Gin@req@width=\dimen137
)
(/usr/share/texlive/texmf-dist/tex/latex/oberdiek/epstopdf.sty
Package: epstopdf 2010/02/09 v2.5 Conversion with epstopdf on the fly (HO)

(/usr/share/texlive/texmf-dist/tex/latex/oberdiek/epstopdf-base.sty
Package: epstopdf-base 2010/02/09 v2.5 Base part for package epstopdf

(/usr/share/texlive/texmf-dist/tex/latex/oberdiek/grfext.sty
Package: grfext 2010/08/19 v1.1 Manage graphics extensions (HO)

(/usr/share/texlive/texmf-dist/tex/generic/oberdiek/kvdefinekeys.sty
Package: kvdefinekeys 2011/04/07 v1.3 Define keys (HO)
))
(/usr/share/texlive/texmf-dist/tex/latex/oberdiek/kvoptions.sty
Package: kvoptions 2011/06/30 v3.11 Key value format for package options (HO)

(/usr/share/texlive/texmf-dist/tex/generic/oberdiek/kvsetkeys.sty
Package: kvsetkeys 2012/04/25 v1.16 Key value parser (HO)

(/usr/share/texlive/texmf-dist/tex/generic/oberdiek/etexcmds.sty
Package: etexcmds 2011/02/16 v1.5 Avoid name clashes with e-TeX commands (HO)

(/usr/share/texlive/texmf-dist/tex/generic/oberdiek/ifluatex.sty
Package: ifluatex 2010/03/01 v1.3 Provides the ifluatex switch (HO)
Package ifluatex Info: LuaTeX not detected.
)
Package etexcmds Info: Could not find \expanded.
(etexcmds)             That can mean that you are not using pdfTeX 1.50 or
(etexcmds)             that some package has redefined \expanded.
(etexcmds)             In the latter case, load this package earlier.
)))
(/usr/share/texlive/texmf-dist/tex/generic/oberdiek/pdftexcmds.sty
Package: pdftexcmds 2011/11/29 v0.20 Utility functions of pdfTeX for LuaTeX (HO
)

(/usr/share/texlive/texmf-dist/tex/generic/oberdiek/ifpdf.sty
Package: ifpdf 2011/01/30 v2.3 Provides the ifpdf switch (HO)
Package ifpdf Info: pdfTeX in PDF mode is detected.
)
Package pdftexcmds Info: LuaTeX not detected.
Package pdftexcmds Info: \pdf@primitive is available.
Package pdftexcmds Info: \pdf@ifprimitive is available.
Package pdftexcmds Info: \pdfdraftmode found.
)
Package grfext Info: Graphics extension search list:
(grfext)             [.png,.pdf,.jpg,.mps,.jpeg,.jbig2,.jb2,.PNG,.PDF,.JPG,.JPE
G,.JBIG2,.JB2,.eps]
(grfext)             \AppendGraphicsExtensions on input line 452.

(/usr/share/texlive/texmf-dist/tex/latex/latexconfig/epstopdf-sys.cfg
File: epstopdf-sys.cfg 2010/07/13 v1.3 Configuration of (r)epstopdf for TeX Liv
e
)))
(./AccumulationOnGlaciers.aux)
\openout1 = `AccumulationOnGlaciers.aux'.

LaTeX Font Info:    Checking defaults for OML/cmm/m/it on input line 36.
LaTeX Font Info:    ... okay on input line 36.
LaTeX Font Info:    Checking defaults for T1/cmr/m/n on input line 36.
LaTeX Font Info:    ... okay on input line 36.
LaTeX Font Info:    Checking defaults for OT1/cmr/m/n on input line 36.
LaTeX Font Info:    ... okay on input line 36.
LaTeX Font Info:    Checking defaults for OMS/cmsy/m/n on input line 36.
LaTeX Font Info:    ... okay on input line 36.
LaTeX Font Info:    Checking defaults for OMX/cmex/m/n on input line 36.
LaTeX Font Info:    ... okay on input line 36.
LaTeX Font Info:    Checking defaults for U/cmr/m/n on input line 36.
LaTeX Font Info:    ... okay on input line 36.
LaTeX Font Info:    Try loading font information for OT1+lmr on input line 36.
 (/usr/share/texmf/tex/latex/lm/ot1lmr.fd
File: ot1lmr.fd 2009/10/30 v1.6 Font defs for Latin Modern
)


Found AMS Euler Roman fonts on the system, using the 'igsupmath' package.

(./igsupmath.sty
Package: igsupmath 2007/11/09 v1.00 IGS LaTeX2e package
\c@mv@upright=\count109
\c@mv@boldupright=\count110
LaTeX Font Info:    Overwriting symbol font `letters' in version `upright'
(Font)                  OML/cmm/m/it --> OML/eur/m/n on input line 37.
LaTeX Font Info:    Overwriting symbol font `letters' in version `boldupright'
(Font)                  OML/cmm/m/it --> OML/eur/b/n on input line 38.
)


Found AMS Symbol fonts on the system, using the 'amssymb' package.


Found the 'amsbsy' package on the system, using it.

(/usr/share/texlive/texmf-dist/tex/context/base/supp-pdf.mkii
[Loading MPS to PDF converter (version 2006.09.02).]
\scratchcounter=\count111
\scratchdimen=\dimen138
\scratchbox=\box30
\nofMPsegments=\count112
\nofMParguments=\count113
\everyMPshowfont=\toks31
\MPscratchCnt=\count114
\MPscratchDim=\dimen139
\MPnumerator=\count115
\makeMPintoPDFobject=\count116
\everyMPtoPDFconversion=\toks32
)
LaTeX Font Info:    Try loading font information for OML+lmm on input line 56.
 (/usr/share/texmf/tex/latex/lm/omllmm.fd
File: omllmm.fd 2009/10/30 v1.6 Font defs for Latin Modern
)
LaTeX Font Info:    Try loading font information for OMS+lmsy on input line 56.


(/usr/share/texmf/tex/latex/lm/omslmsy.fd
File: omslmsy.fd 2009/10/30 v1.6 Font defs for Latin Modern
)
LaTeX Font Info:    Try loading font information for OMX+lmex on input line 56.


(/usr/share/texmf/tex/latex/lm/omxlmex.fd
File: omxlmex.fd 2009/10/30 v1.6 Font defs for Latin Modern
)
LaTeX Font Info:    External font `lmex10' loaded for size
(Font)              <13.5> on input line 56.
LaTeX Font Info:    External font `lmex10' loaded for size
(Font)              <10> on input line 56.
LaTeX Font Info:    External font `lmex10' loaded for size
(Font)              <7> on input line 56.
LaTeX Font Info:    Try loading font information for U+msa on input line 56.

(/usr/share/texlive/texmf-dist/tex/latex/amsfonts/umsa.fd
File: umsa.fd 2013/01/14 v3.01 AMS symbols A
)
LaTeX Font Info:    Try loading font information for U+msb on input line 56.

(/usr/share/texlive/texmf-dist/tex/latex/amsfonts/umsb.fd
File: umsb.fd 2013/01/14 v3.01 AMS symbols B
)
LaTeX Font Info:    External font `lmex10' loaded for size
(Font)              <9.5> on input line 56.
LaTeX Font Info:    External font `lmex10' loaded for size
(Font)              <5> on input line 56.

Underfull \hbox (badness 1242) in paragraph at lines 68--69
\OT1/lmr/m/n/9.5 Snow distribution in alpine regions is highly variable
 []


Underfull \hbox (badness 2150) in paragraph at lines 68--69
\OT1/lmr/m/n/9.5 others, 2004; Egli and others, 2011; Grunewald and
 []


Underfull \vbox (badness 10000) has occurred while \output is active []


Underfull \hbox (badness 1158) in paragraph at lines 70--71
\OT1/lmr/m/n/9.5 depth and den-sity (e.g. Cullen and oth-ers, 2017), li-
 []


Underfull \hbox (badness 1038) in paragraph at lines 70--71
\OT1/lmr/m/n/9.5 dar/photogrammerty (e.g. Sold and oth-ers, 2013) and
 []


Underfull \hbox (badness 1112) in paragraph at lines 70--71
\OT1/lmr/m/n/9.5 cen-tre-line (e.g. Kaser and oth-ers, 2003). In-ter-po-la-tion

 []


Underfull \vbox (badness 10000) has occurred while \output is active []


Overfull \vbox (5.511pt too high) has occurred while \output is active []

 [1{/var/lib/texmf/fonts/map/pdftex/updmap/pdftex.map}


]
<Sampling.pdf, id=14, 669.50125pt x 413.545pt>
File: Sampling.pdf Graphic file (type pdf)
 <use Sampling.pdf>
Package pdftex.def Info: Sampling.pdf used on input line 82.
(pdftex.def)             Requested size: 455.81004pt x 281.56024pt.
LaTeX Font Info:    External font `lmex10' loaded for size
(Font)              <8.5> on input line 83.

Underfull \hbox (badness 1577) in paragraph at lines 89--90
\OT1/lmr/m/n/9.5 4, Glacier 2 and Glacier 13 (labelling adopted from
 []


Underfull \hbox (badness 1163) in paragraph at lines 89--90
\OT1/lmr/m/n/9.5 4 predominantly southeast facing and Glaciers 2 and
 []


LaTeX Warning: No positions in optional float specifier.
               Default added (so using `tbp') on input line 93.

LaTeX Font Info:    External font `lmex10' loaded for size
(Font)              <8> on input line 97.
LaTeX Font Info:    External font `lmex10' loaded for size
(Font)              <6> on input line 97.

Overfull \vbox (5.1555pt too high) has occurred while \output is active []


[2]
Underfull \hbox (badness 1337) in paragraph at lines 124--125
\OT1/lmr/m/n/9.5 to be more variable than density (Elder and others,
 []


Underfull \hbox (badness 1281) in paragraph at lines 124--125
\OT1/lmr/m/n/9.5 to the historical peak seasonal snow accumulation in
 []


Underfull \hbox (badness 1430) in paragraph at lines 124--125
\OT1/lmr/m/n/9.5 used a single-frequency GPS unit (Garmin GPSMAP
 []


Underfull \vbox (badness 5359) has occurred while \output is active []


Overfull \vbox (5.1555pt too high) has occurred while \output is active []


[3 <./Sampling.pdf>]
Underfull \hbox (badness 1215) in paragraph at lines 138--139
\OT1/lmr/m/n/9.5 ac-cu-mu-la-tion mea-sured at one lo-ca-tion on Glacier 2.
 []


Underfull \vbox (badness 10000) has occurred while \output is active []


Overfull \hbox (6.79141pt too wide) in paragraph at lines 148--161
 [][] 
 []


Underfull \hbox (badness 1377) in paragraph at lines 166--167
\OT1/lmr/m/n/9.5 scale WBs within each $40 \OMS/lmsy/m/n/9.5 ^^B \OT1/lmr/m/n/9
.5 40$ m DEM gridcell to
 []


Underfull \hbox (badness 1264) in paragraph at lines 166--167
\OT1/lmr/m/n/9.5 WB to a particular gridcell. However, this source of
 []


Overfull \vbox (5.1555pt too high) has occurred while \output is active []


[4]
Underfull \hbox (badness 1389) in paragraph at lines 174--175
\OT1/lmr/m/n/9.5 cross-validation is used to obtain a set of $\OML/lmm/m/it/9.5
 ^^L[]$ \OT1/lmr/m/n/9.5 values
 []


Underfull \hbox (badness 1142) in paragraph at lines 174--175
\OT1/lmr/m/n/9.5 Criterion (BIC) (Burnham and Anderson, 2004). BIC
 []

LaTeX Font Info:    Try loading font information for OT1+lmtt on input line 178
.
(/usr/share/texmf/tex/latex/lm/ot1lmtt.fd
File: ot1lmtt.fd 2009/10/30 v1.6 Font defs for Latin Modern
)
Underfull \hbox (badness 1062) in paragraph at lines 178--179
\OT1/lmr/m/n/9.5 2012) to calculate the maximum likelihood covariance
 []


Underfull \hbox (badness 1082) in paragraph at lines 183--184
\OT1/lmr/m/n/9.5 of the glacier-wide WB. Three sources of uncertainty
 []


Underfull \hbox (badness 1028) in paragraph at lines 183--184
\OT1/lmr/m/n/9.5 density assignment method ($\OML/lmm/m/it/9.5 ^^[[]$\OT1/lmr/m
/n/9.5 ) and (3) interpolating
 []

LaTeX Font Info:    External font `lmex10' loaded for size
(Font)              <10.5> on input line 185.

Underfull \hbox (badness 1412) in paragraph at lines 192--193
\OT1/lmr/m/n/9.5 We represent the uncertainty due to interpolation of
 []


Underfull \hbox (badness 1102) in paragraph at lines 192--193
\OT1/lmr/m/n/9.5 are randomly sampled and used to calculate gridcell-
 []


Overfull \vbox (5.1555pt too high) has occurred while \output is active []


[5] <DepthBoxplot_SPvsFS.pdf, id=66, 194.17218pt x 364.87495pt>
File: DepthBoxplot_SPvsFS.pdf Graphic file (type pdf)

<use DepthBoxplot_SPvsFS.pdf>
Package pdftex.def Info: DepthBoxplot_SPvsFS.pdf used on input line 207.
(pdftex.def)             Requested size: 177.26375pt x 333.12796pt.

<ZigzagHistogram.pdf, id=67, 506.89375pt x 170.6375pt>
File: ZigzagHistogram.pdf Graphic file (type pdf)

<use ZigzagHistogram.pdf>
Package pdftex.def Info: ZigzagHistogram.pdf used on input line 214.
(pdftex.def)             Requested size: 481.13454pt x 161.9693pt.

Overfull \vbox (5.1555pt too high) has occurred while \output is active []


[6 <./DepthBoxplot_SPvsFS.pdf>]
Underfull \hbox (badness 1831) in paragraph at lines 230--231
\OT1/lmr/m/n/9.5 for our reference case. This is consistent with most
 []

<LR_map.pdf, id=90, 352.11568pt x 192.21915pt>
File: LR_map.pdf Graphic file (type pdf)
 <use LR_map.pdf>
Package pdftex.def Info: LR_map.pdf used on input line 239.
(pdftex.def)             Requested size: 253.22952pt x 138.23929pt.

Overfull \hbox (8.53583pt too wide) in paragraph at lines 239--239
 [][] 
 []

<SK_map.pdf, id=91, 351.57652pt x 191.36722pt>
File: SK_map.pdf Graphic file (type pdf)
 <use SK_map.pdf>
Package pdftex.def Info: SK_map.pdf used on input line 240.
(pdftex.def)             Requested size: 253.22952pt x 137.83977pt.

Overfull \hbox (8.53583pt too wide) in paragraph at lines 240--240
 [][] 
 []

<BetaCoeffs.pdf, id=92, 244.915pt x 227.85126pt>
File: BetaCoeffs.pdf Graphic file (type pdf)
 <use BetaCoeffs.pdf>
Package pdftex.def Info: BetaCoeffs.pdf used on input line 248.
(pdftex.def)             Requested size: 202.58052pt x 188.46982pt.

Underfull \hbox (badness 2600) in paragraph at lines 249--249
[]\OT1/lmr/bx/n/8.5 Fig. 5. \OT1/lmr/m/n/8.5 Distribution of coefficients deter
mined by linear
 []


Underfull \hbox (badness 1454) in paragraph at lines 249--249
\OT1/lmr/m/n/8.5 regression of gridcell-averaged WB on gridcell topographic
 []


Underfull \hbox (badness 1721) in paragraph at lines 249--249
\OT1/lmr/m/n/8.5 values. Regression coefficients that are not significant are
 []


Underfull \hbox (badness 1762) in paragraph at lines 249--249
\OT1/lmr/m/n/8.5 assigned a value of zero. Topographic parameters include
 []


LaTeX Warning: No positions in optional float specifier.
               Default added (so using `tbp') on input line 256.

<observedVSestimated_S2.pdf, id=93, 396.51942pt x 249.07541pt>
File: observedVSestimated_S2.pdf Graphic file (type pdf)

<use observedVSestimated_S2.pdf>
Package pdftex.def Info: observedVSestimated_S2.pdf used on input line 271.
(pdftex.def)             Requested size: 354.51978pt x 222.70256pt.

<SpatialVar_LR.pdf, id=94, 354.46527pt x 185.82379pt>
File: SpatialVar_LR.pdf Graphic file (type pdf)
 <use SpatialVar_LR.pdf>
Package pdftex.def Info: SpatialVar_LR.pdf used on input line 278.
(pdftex.def)             Requested size: 253.22952pt x 132.75525pt.

Overfull \hbox (8.53583pt too wide) in paragraph at lines 278--278
 [][] 
 []

<SpatialVar_SK.pdf, id=95, 350.90016pt x 186.24844pt>
File: SpatialVar_SK.pdf Graphic file (type pdf)
 <use SpatialVar_SK.pdf>
Package pdftex.def Info: SpatialVar_SK.pdf used on input line 279.
(pdftex.def)             Requested size: 253.22952pt x 134.40854pt.

Overfull \hbox (8.53583pt too wide) in paragraph at lines 279--279
 [][] 
 []


Underfull \hbox (badness 2717) in paragraph at lines 286--287
\OT1/lmr/m/n/9.5 extrapolating relationships into unmeasured locations,
 []


Overfull \vbox (5.1555pt too high) has occurred while \output is active []


[7 <./ZigzagHistogram.pdf>]
Underfull \hbox (badness 2547) in paragraph at lines 288--289
\OT1/lmr/m/n/9.5 snow loss, as well as redistribution and preferential
 []


Overfull \vbox (5.1555pt too high) has occurred while \output is active []


[8 <./LR_map.pdf> <./SK_map.pdf> <./BetaCoeffs.pdf>]
Underfull \vbox (badness 10000) has occurred while \output is active []


<WSMBDist.pdf, id=334, 506.89375pt x 227.85126pt>
File: WSMBDist.pdf Graphic file (type pdf)
 <use WSMBDist.pdf>
Package pdftex.def Info: WSMBDist.pdf used on input line 305.
(pdftex.def)             Requested size: 481.13454pt x 216.27667pt.

Underfull \vbox (badness 1668) has occurred while \output is active []


Overfull \vbox (5.1555pt too high) has occurred while \output is active []


[9 <./observedVSestimated_S2.pdf>]

LaTeX Warning: No positions in optional float specifier.
               Default added (so using `tbp') on input line 315.


Underfull \hbox (badness 1184) in paragraph at lines 336--337
\OT1/lmr/m/n/9.5 intra-basin variability in WB estimates, our data are
 []


Underfull \hbox (badness 1552) in paragraph at lines 336--337
\OT1/lmr/m/n/9.5 consistent with a regional-scale WB gradient for the
 []


Underfull \hbox (badness 1325) in paragraph at lines 336--337
\OT1/lmr/m/n/9.5 continental side of the St. Elias Mountains (Fig. 9[]).
 []


Underfull \hbox (badness 1308) in paragraph at lines 336--337
\OT1/lmr/m/n/9.5 snow pits we dug near the head of the Kaskawulsh
 []

<AccumGrad.pdf, id=357, 190.73323pt x 177.76808pt>
File: AccumGrad.pdf Graphic file (type pdf)
 <use AccumGrad.pdf>
Package pdftex.def Info: AccumGrad.pdf used on input line 340.
(pdftex.def)             Requested size: 177.26375pt x 165.22493pt.

Underfull \hbox (badness 1348) in paragraph at lines 350--351
\OT1/lmr/m/n/9.5 path-ways) in the land-scape (Zhang and Mont-gomery,
 []


Overfull \vbox (5.1555pt too high) has occurred while \output is active []


[10 <./SpatialVar_LR.pdf> <./SpatialVar_SK.pdf>]
Underfull \hbox (badness 1067) in paragraph at lines 361--362
\OT1/lmr/m/n/9.5 averaged WB has a large effect on glacier-wide WB.
 []


Underfull \hbox (badness 1337) in paragraph at lines 361--362
\OT1/lmr/m/n/9.5 On Glacier 4, glacier-wide WB is consistent between
 []


Overfull \vbox (5.1555pt too high) has occurred while \output is active []


[11 <./WSMBDist.pdf> <./AccumGrad.pdf>] (./AccumulationOnGlaciers.bbl
Underfull \hbox (badness 2753) in paragraph at lines 26--29
\OT1/lmr/m/n/9.5 sults from three sam-pler. \OT1/lmr/m/it/9.5 In-ter-na-tional 
As-so-ci-a-tion
 []


Underfull \hbox (badness 2735) in paragraph at lines 26--29
\OT1/lmr/m/it/9.5 of Sci-en-tific Hy-drol-ogy. Bul-letin\OT1/lmr/m/n/9.5 , \OT1
/lmr/bx/n/9.5 8\OT1/lmr/m/n/9.5 (4), 74--78 (doi:
 []


Underfull \hbox (badness 2894) in paragraph at lines 31--35
\OT1/lmr/m/n/9.5 Himalaya, India). \OT1/lmr/m/it/9.5 Remote Sensing of Environm
ent\OT1/lmr/m/n/9.5 ,
 []


Underfull \hbox (badness 1442) in paragraph at lines 42--46
[]\OT1/lmr/m/n/9.5 Clark MP, Hen-drikx J, Slater AG, Kavet-ski D, An-
 []


Underfull \hbox (badness 1320) in paragraph at lines 57--59
[]\OT1/lmr/m/n/9.5 Conger SM and McClung DM (2009) Comparison of
 []


Underfull \hbox (badness 3407) in paragraph at lines 61--64
[]\OT1/lmr/m/n/9.5 Crompton JW and Flow-ers GE (2016) Cor-re-la-tions
 []


Underfull \hbox (badness 2359) in paragraph at lines 61--64
\OT1/lmr/m/n/9.5 of sus-pended sed-i-ment size with bedrock lithol-ogy
 []


Underfull \hbox (badness 1983) in paragraph at lines 79--83
[]\OT1/lmr/m/n/9.5 Danby RK, Hik DS, Slo-combe DS and Williams A
 []


Underfull \hbox (badness 1874) in paragraph at lines 99--103
[]\OT1/lmr/m/n/9.5 Egli L, Griessinger N and Jonas T (2011) Seasonal
 []


Underfull \hbox (badness 1226) in paragraph at lines 99--103
\OT1/lmr/m/n/9.5 development of spatial snow-depth variability across
 []


Underfull \vbox (badness 10000) has occurred while \output is active []


Overfull \vbox (5.1555pt too high) has occurred while \output is active []


[12]
Underfull \hbox (badness 3482) in paragraph at lines 105--108
[]\OT1/lmr/m/n/9.5 Elder K, Dozier J and Michaelsen J (1991) Snow
 []


Underfull \hbox (badness 2680) in paragraph at lines 105--108
\OT1/lmr/m/n/9.5 ac-cu-mu-la-tion and dis-tri-bu-tion in an alpine wa-ter-
 []


Underfull \hbox (badness 2875) in paragraph at lines 110--114
\OT1/lmr/m/n/9.5 the spa-tial dis-tri-bu-tion of snow wa-ter equiv-a-lence
 []


Underfull \hbox (badness 10000) in paragraph at lines 110--114
\OT1/lmr/m/n/9.5 in a mon-tane wa-ter-shed. \OT1/lmr/m/it/9.5 Hy-dro-log-i-cal 
Pro-cesses\OT1/lmr/m/n/9.5 ,
 []


Underfull \hbox (badness 10000) in paragraph at lines 110--114
\OT1/lmr/bx/n/9.5 12\OT1/lmr/m/n/9.5 (1011), 1793--1808 (doi: 10.1002/(SICI)109
9-
 []


Underfull \hbox (badness 10000) in paragraph at lines 110--114
\OT1/lmr/m/n/9.5 1085(199808/09)12:10/11<1793::AID-HYP695>3.0.CO;2-
 []


Underfull \hbox (badness 2277) in paragraph at lines 155--157
[]\OT1/lmr/m/n/9.5 Gray DM and Male DH (1981) \OT1/lmr/m/it/9.5 Handbook of sno
w:
 []


Underfull \hbox (badness 1635) in paragraph at lines 155--157
\OT1/lmr/m/it/9.5 principles, processes, management & use\OT1/lmr/m/n/9.5 . Per
gamon
 []


Underfull \hbox (badness 1509) in paragraph at lines 159--162
[]\OT1/lmr/m/n/9.5 Grunewald T, Schirmer M, Mott R and Lehning M
 []


Underfull \hbox (badness 1142) in paragraph at lines 159--162
\OT1/lmr/m/n/9.5 and ablation rates in a small mountain catchment.
 []


Underfull \hbox (badness 1314) in paragraph at lines 171--175
\OT1/lmr/m/it/9.5 i-cal Sci-ences\OT1/lmr/m/n/9.5 , \OT1/lmr/bx/n/9.5 11\OT1/lm
r/m/n/9.5 (4), 393--401, ISSN 1861-9568 (doi:
 []


Underfull \hbox (badness 1337) in paragraph at lines 193--196
[]\OT1/lmr/m/n/9.5 Hock R and Jensen H (1999) Application of kriging
 []


Underfull \hbox (badness 1178) in paragraph at lines 193--196
\OT1/lmr/m/n/9.5 interpolation for glacier mass balance computations.
 []


Underfull \hbox (badness 2662) in paragraph at lines 193--196
\OT1/lmr/m/it/9.5 Geografiska Annaler: Series A, Physical Geography\OT1/lmr/m/n
/9.5 ,
 []


Underfull \hbox (badness 2426) in paragraph at lines 242--248
\OT1/lmr/m/n/9.5 for es-ti-mat-ing snow wa-ter equiv-a-lent. \OT1/lmr/m/it/9.5 
Ad-vances in
 []


Underfull \hbox (badness 2351) in paragraph at lines 242--248
\OT1/lmr/m/it/9.5 Wa-ter Re-sources\OT1/lmr/m/n/9.5 , \OT1/lmr/bx/n/9.5 55\OT1/
lmr/m/n/9.5 , 40--52, ISSN 0309-1708 (doi:
 []


Overfull \vbox (5.1555pt too high) has occurred while \output is active []


[13]
Underfull \hbox (badness 1436) in paragraph at lines 256--259
[]\OT1/lmr/m/n/9.5 MacDougall AH and Flowers GE (2011) Spatial and
 []


Underfull \hbox (badness 1394) in paragraph at lines 261--265
\OT1/lmr/m/n/9.5 with helicopter-borne GPR on two adjacent Alpine
 []


Underfull \hbox (badness 2837) in paragraph at lines 261--265
\OT1/lmr/m/n/9.5 glaciers. \OT1/lmr/m/it/9.5 Geophysical Research Letters\OT1/l
mr/m/n/9.5 , \OT1/lmr/bx/n/9.5 33\OT1/lmr/m/n/9.5 (13) (doi:
 []


Underfull \hbox (badness 2460) in paragraph at lines 296--301
[]\OT1/lmr/m/n/9.5 Mott R, Faure F, Lehn-ing M, L^^?owe H, Hynek B,
 []


Underfull \hbox (badness 3058) in paragraph at lines 296--301
\OT1/lmr/m/n/9.5 model. \OT1/lmr/m/it/9.5 An-nals of Glaciol-ogy\OT1/lmr/m/n/9.
5 , \OT1/lmr/bx/n/9.5 49\OT1/lmr/m/n/9.5 (1), 155--160 (doi:
 []


Underfull \hbox (badness 2343) in paragraph at lines 315--318
\OT1/lmr/m/n/9.5 Which empirical model is best suited to simulate
 []


Underfull \hbox (badness 10000) in paragraph at lines 327--330
[]\OT1/lmr/m/n/9.5 Schneiderbauer S and Prokop A (2011) The
 []


Underfull \hbox (badness 10000) in paragraph at lines 327--330
\OT1/lmr/m/n/9.5 at-mo-spheric snow-transport model: Snow-Drift3D.
 []


Underfull \hbox (badness 10000) in paragraph at lines 327--330
\OT1/lmr/m/it/9.5 Jour-nal of Glaciol-ogy\OT1/lmr/m/n/9.5 , \OT1/lmr/bx/n/9.5 5
7\OT1/lmr/m/n/9.5 (203), 526--542 (doi:
 []


Underfull \hbox (badness 2903) in paragraph at lines 344--348
[]\OT1/lmr/m/n/9.5 Sold L, Huss M, Hoel-zle M, An-dereggen H, Jo-erg
 []


Underfull \hbox (badness 3291) in paragraph at lines 344--348
\OT1/lmr/m/n/9.5 to in-fer end-of-winter snow dis-tri-bu-tion on alpine
 []


Underfull \hbox (badness 4531) in paragraph at lines 397--401
[]\OT1/lmr/m/n/9.5 Woo MK and Marsh P (1978) Anal-y-sis of Er-ror
 []


Underfull \hbox (badness 10000) in paragraph at lines 397--401
\OT1/lmr/m/n/9.5 in the De-ter-mi-na-tion of Snow Stor-age for
 []


Underfull \hbox (badness 10000) in paragraph at lines 397--401
\OT1/lmr/m/n/9.5 Small High Arc-tic Basins. \OT1/lmr/m/it/9.5 Jour-nal of Ap-pl
ied
 []


Underfull \hbox (badness 3601) in paragraph at lines 397--401
\OT1/lmr/m/it/9.5 Me-te-o-rol-ogy\OT1/lmr/m/n/9.5 , \OT1/lmr/bx/n/9.5 17\OT1/lm
r/m/n/9.5 (10), 1537--1541 (doi: 10.1175/1520-
 []


Underfull \vbox (badness 10000) has occurred while \output is active []


Overfull \vbox (5.1555pt too high) has occurred while \output is active []


[14])
Underfull \vbox (badness 10000) has occurred while \output is active []


<TopoParamsSampled1.pdf, id=466, 506.89375pt x 569.12625pt>
File: TopoParamsSampled1.pdf Graphic file (type pdf)

<use TopoParamsSampled1.pdf>
Package pdftex.def Info: TopoParamsSampled1.pdf used on input line 398.
(pdftex.def)             Requested size: 455.81004pt x 511.78337pt.

<TopoParamsSampled2.pdf, id=467, 506.89375pt x 426.59375pt>
File: TopoParamsSampled2.pdf Graphic file (type pdf)

<use TopoParamsSampled2.pdf>
Package pdftex.def Info: TopoParamsSampled2.pdf used on input line 405.
(pdftex.def)             Requested size: 455.81004pt x 383.61186pt.


LaTeX Warning: No positions in optional float specifier.
               Default added (so using `tbp') on input line 412.


LaTeX Warning: Reference `tab:TopoParams' on page 15 undefined on input line 43
3.


Underfull \hbox (badness 2818) in paragraph at lines 433--434
\OT1/lmr/m/n/9.5 radiation effects, wind redistribution and preferential
 []


LaTeX Warning: No positions in optional float specifier.
               Default added (so using `tbp') on input line 438.


Overfull \vbox (5.1555pt too high) has occurred while \output is active []


[15]
Overfull \vbox (5.1555pt too high) has occurred while \output is active []


[16 <./TopoParamsSampled1.pdf>]
Overfull \vbox (5.1555pt too high) has occurred while \output is active []


[17 <./TopoParamsSampled2.pdf>]
Overfull \vbox (5.1555pt too high) has occurred while \output is active []


[18


] (./AccumulationOnGlaciers.aux)

LaTeX Font Warning: Size substitutions with differences
(Font)              up to 0.5pt have occurred.


LaTeX Warning: There were undefined references.

 ) 
Here is how much of TeX's memory you used:
 3918 strings out of 493029
 53352 string characters out of 6136234
 126706 words of memory out of 5000000
 7344 multiletter control sequences out of 15000+600000
 71208 words of font info for 72 fonts, out of 8000000 for 9000
 1141 hyphenation exceptions out of 8191
 42i,15n,27p,1876b,382s stack positions out of 5000i,500n,10000p,200000b,80000s
{/usr/share/texmf/fonts/enc/dvips/lm/lm-rmtt.enc}{/usr/share/texmf/fonts/enc/
dvips/lm/lm-mathsy.enc}{/usr/share/texmf/fonts/enc/dvips/lm/lm-mathit.enc}{/usr
/share/texmf/fonts/enc/dvips/lm/lm-rm.enc}</usr/share/texmf/fonts/type1/public/
lm/lmbx10.pfb></usr/share/texmf/fonts/type1/public/lm/lmbx12.pfb></usr/share/te
xmf/fonts/type1/public/lm/lmbx8.pfb></usr/share/texmf/fonts/type1/public/lm/lmb
x9.pfb></usr/share/texmf/fonts/type1/public/lm/lmmi10.pfb></usr/share/texmf/fon
ts/type1/public/lm/lmmi6.pfb></usr/share/texmf/fonts/type1/public/lm/lmmi7.pfb>
</usr/share/texmf/fonts/type1/public/lm/lmmi8.pfb></usr/share/texmf/fonts/type1
/public/lm/lmmi9.pfb></usr/share/texmf/fonts/type1/public/lm/lmr10.pfb></usr/sh
are/texmf/fonts/type1/public/lm/lmr12.pfb></usr/share/texmf/fonts/type1/public/
lm/lmr6.pfb></usr/share/texmf/fonts/type1/public/lm/lmr7.pfb></usr/share/texmf/
fonts/type1/public/lm/lmr8.pfb></usr/share/texmf/fonts/type1/public/lm/lmr9.pfb
></usr/share/texmf/fonts/type1/public/lm/lmri10.pfb></usr/share/texmf/fonts/typ
e1/public/lm/lmri8.pfb></usr/share/texmf/fonts/type1/public/lm/lmsy10.pfb></usr
/share/texmf/fonts/type1/public/lm/lmsy6.pfb></usr/share/texmf/fonts/type1/publ
ic/lm/lmsy7.pfb></usr/share/texmf/fonts/type1/public/lm/lmsy8.pfb></usr/share/t
exmf/fonts/type1/public/lm/lmsy9.pfb></usr/share/texmf/fonts/type1/public/lm/lm
tt10.pfb></usr/share/texlive/texmf-dist/fonts/type1/public/amsfonts/symbols/msa
m10.pfb>
Output written on AccumulationOnGlaciers.pdf (18 pages, 2986299 bytes).
PDF statistics:
 1646 PDF objects out of 1728 (max. 8388607)
 1489 compressed objects within 15 object streams
 0 named destinations out of 1000 (max. 500000)
 66 words of extra memory for PDF output out of 10000 (max. 10000000)

