This is pdfTeX, Version 3.14159265-2.6-1.40.16 (TeX Live 2015/Debian) (preloaded format=pdflatex 2016.6.27)  16 JUN 2017 10:42
entering extended mode
 restricted \write18 enabled.
 %&-line parsing enabled.
**"Attemp3 - Methods.tex"
(./Attemp3 - Methods.tex
LaTeX2e <2016/02/01>
Babel <3.9q> and hyphenation patterns for 5 language(s) loaded.
(./igs.cls
Document Class: igs 2015/09/03 v4.00 IGS document class

LaTeX Font Warning: Font shape `OT1/cmr/m/n' in size <9.5> not available
(Font)              size <9> substituted on input line 460.

\c@part=\count79
\c@section=\count80
\c@subsection=\count81
\c@subsubsection=\count82
\c@paragraph=\count83
\c@subparagraph=\count84
\c@figure=\count85
\c@table=\count86
\abovecaptionskip=\skip41
\belowcaptionskip=\skip42
\bibindent=\dimen102
\c@dummy=\count87
) (./lmodern.sty
Package: lmodern 2009/10/30 v1.6 Latin Modern Fonts
LaTeX Font Info:    Overwriting symbol font `operators' in version `normal'
(Font)                  OT1/cmr/m/n --> OT1/lmr/m/n on input line 22.
LaTeX Font Info:    Overwriting symbol font `letters' in version `normal'
(Font)                  OML/cmm/m/it --> OML/lmm/m/it on input line 23.
LaTeX Font Info:    Overwriting symbol font `symbols' in version `normal'
(Font)                  OMS/cmsy/m/n --> OMS/lmsy/m/n on input line 24.
LaTeX Font Info:    Overwriting symbol font `largesymbols' in version `normal'
(Font)                  OMX/cmex/m/n --> OMX/lmex/m/n on input line 25.
LaTeX Font Info:    Overwriting symbol font `operators' in version `bold'
(Font)                  OT1/cmr/bx/n --> OT1/lmr/bx/n on input line 26.
LaTeX Font Info:    Overwriting symbol font `letters' in version `bold'
(Font)                  OML/cmm/b/it --> OML/lmm/b/it on input line 27.
LaTeX Font Info:    Overwriting symbol font `symbols' in version `bold'
(Font)                  OMS/cmsy/b/n --> OMS/lmsy/b/n on input line 28.
LaTeX Font Info:    Overwriting symbol font `largesymbols' in version `bold'
(Font)                  OMX/cmex/m/n --> OMX/lmex/m/n on input line 29.
LaTeX Font Info:    Overwriting math alphabet `\mathbf' in version `normal'
(Font)                  OT1/cmr/bx/n --> OT1/lmr/bx/n on input line 31.
LaTeX Font Info:    Overwriting math alphabet `\mathsf' in version `normal'
(Font)                  OT1/cmss/m/n --> OT1/lmss/m/n on input line 32.
LaTeX Font Info:    Overwriting math alphabet `\mathit' in version `normal'
(Font)                  OT1/cmr/m/it --> OT1/lmr/m/it on input line 33.
LaTeX Font Info:    Overwriting math alphabet `\mathtt' in version `normal'
(Font)                  OT1/cmtt/m/n --> OT1/lmtt/m/n on input line 34.
LaTeX Font Info:    Overwriting math alphabet `\mathbf' in version `bold'
(Font)                  OT1/cmr/bx/n --> OT1/lmr/bx/n on input line 35.
LaTeX Font Info:    Overwriting math alphabet `\mathsf' in version `bold'
(Font)                  OT1/cmss/bx/n --> OT1/lmss/bx/n on input line 36.
LaTeX Font Info:    Overwriting math alphabet `\mathit' in version `bold'
(Font)                  OT1/cmr/bx/it --> OT1/lmr/bx/it on input line 37.
LaTeX Font Info:    Overwriting math alphabet `\mathtt' in version `bold'
(Font)                  OT1/cmtt/m/n --> OT1/lmtt/m/n on input line 38.
) (/usr/share/texlive/texmf-dist/tex/latex/amsmath/amsmath.sty
Package: amsmath 2016/03/03 v2.15a AMS math features
\@mathmargin=\skip43

For additional information on amsmath, use the `?' option.
(/usr/share/texlive/texmf-dist/tex/latex/amsmath/amstext.sty
Package: amstext 2000/06/29 v2.01 AMS text
 (./amsgen.sty
File: amsgen.sty 1999/11/30 v2.0
\@emptytoks=\toks14
\ex@=\dimen103
))
(./amsbsy.sty
Package: amsbsy 1999/11/29 v1.2d
\pmbraise@=\dimen104
) (/usr/share/texlive/texmf-dist/tex/latex/amsmath/amsopn.sty
Package: amsopn 1999/12/14 v2.01 operator names
)
\inf@bad=\count88
LaTeX Info: Redefining \frac on input line 199.
\uproot@=\count89
\leftroot@=\count90
LaTeX Info: Redefining \overline on input line 297.
\classnum@=\count91
\DOTSCASE@=\count92
LaTeX Info: Redefining \ldots on input line 394.
LaTeX Info: Redefining \dots on input line 397.
LaTeX Info: Redefining \cdots on input line 518.
\Mathstrutbox@=\box26
\strutbox@=\box27
\big@size=\dimen105
LaTeX Font Info:    Redeclaring font encoding OML on input line 630.
LaTeX Font Info:    Redeclaring font encoding OMS on input line 631.
\macc@depth=\count93
\c@MaxMatrixCols=\count94
\dotsspace@=\muskip10
\c@parentequation=\count95
\dspbrk@lvl=\count96
\tag@help=\toks15
\row@=\count97
\column@=\count98
\maxfields@=\count99
\andhelp@=\toks16
\eqnshift@=\dimen106
\alignsep@=\dimen107
\tagshift@=\dimen108
\tagwidth@=\dimen109
\totwidth@=\dimen110
\lineht@=\dimen111
\@envbody=\toks17
\multlinegap=\skip44
\multlinetaggap=\skip45
\mathdisplay@stack=\toks18
LaTeX Info: Redefining \[ on input line 2735.
LaTeX Info: Redefining \] on input line 2736.
)
(./amssymb.sty
Package: amssymb 2009/06/22 v3.00
 (./amsfonts.sty
Package: amsfonts 2009/06/22 v3.00 Basic AMSFonts support
\symAMSa=\mathgroup4
\symAMSb=\mathgroup5
LaTeX Font Info:    Overwriting math alphabet `\mathfrak' in version `bold'
(Font)                  U/euf/m/n --> U/euf/b/n on input line 96.
))
(/usr/share/texlive/texmf-dist/tex/latex/amscls/amsthm.sty
Package: amsthm 2015/03/04 v2.20.2
\thm@style=\toks19
\thm@bodyfont=\toks20
\thm@headfont=\toks21
\thm@notefont=\toks22
\thm@headpunct=\toks23
\thm@preskip=\skip46
\thm@postskip=\skip47
\thm@headsep=\skip48
\dth@everypar=\toks24
) (./graphicx.sty
Package: graphicx 2014/10/28 v1.0g Enhanced LaTeX Graphics (DPC,SPQR)

(/usr/share/texlive/texmf-dist/tex/latex/graphics/keyval.sty
Package: keyval 2014/10/28 v1.15 key=value parser (DPC)
\KV@toks@=\toks25
)
(/usr/share/texlive/texmf-dist/tex/latex/graphics/graphics.sty
Package: graphics 2016/01/03 v1.0q Standard LaTeX Graphics (DPC,SPQR)

(/usr/share/texlive/texmf-dist/tex/latex/graphics/trig.sty
Package: trig 2016/01/03 v1.10 sin cos tan (DPC)
)
(/usr/share/texlive/texmf-dist/tex/latex/latexconfig/graphics.cfg
File: graphics.cfg 2010/04/23 v1.9 graphics configuration of TeX Live
)
Package graphics Info: Driver file: pdftex.def on input line 95.

(/usr/share/texlive/texmf-dist/tex/latex/pdftex-def/pdftex.def
File: pdftex.def 2011/05/27 v0.06d Graphics/color for pdfTeX

(/usr/share/texlive/texmf-dist/tex/generic/oberdiek/infwarerr.sty
Package: infwarerr 2010/04/08 v1.3 Providing info/warning/error messages (HO)
)
(/usr/share/texlive/texmf-dist/tex/generic/oberdiek/ltxcmds.sty
Package: ltxcmds 2011/11/09 v1.22 LaTeX kernel commands for general use (HO)
)
\Gread@gobject=\count100
))
\Gin@req@height=\dimen112
\Gin@req@width=\dimen113
)
(/usr/share/texlive/texmf-dist/tex/latex/natbib/natbib.sty
Package: natbib 2010/09/13 8.31b (PWD, AO)
\bibhang=\skip49
\bibsep=\skip50
LaTeX Info: Redefining \cite on input line 694.
\c@NAT@ctr=\count101
)
(/usr/share/texlive/texmf-dist/tex/latex/wrapfig/wrapfig.sty
\wrapoverhang=\dimen114
\WF@size=\dimen115
\c@WF@wrappedlines=\count102
\WF@box=\box28
\WF@everypar=\toks26
Package: wrapfig 2003/01/31  v 3.6
)
(/usr/share/texlive/texmf-dist/tex/latex/enumitem/enumitem.sty
Package: enumitem 2011/09/28 v3.5.2 Customized lists
\labelindent=\skip51
\enit@outerparindent=\dimen116
\enit@toks=\toks27
\enit@inbox=\box29
\enitdp@description=\count103
)
(/usr/share/texlive/texmf-dist/tex/latex/multirow/multirow.sty
\bigstrutjot=\dimen117
)
(/usr/share/texlive/texmf-dist/tex/latex/tools/tabularx.sty
Package: tabularx 2014/10/28 v2.10 `tabularx' package (DPC)

(/usr/share/texlive/texmf-dist/tex/latex/tools/array.sty
Package: array 2014/10/28 v2.4c Tabular extension package (FMi)
\col@sep=\dimen118
\extrarowheight=\dimen119
\NC@list=\toks28
\extratabsurround=\skip52
\backup@length=\skip53
)
\TX@col@width=\dimen120
\TX@old@table=\dimen121
\TX@old@col=\dimen122
\TX@target=\dimen123
\TX@delta=\dimen124
\TX@cols=\count104
\TX@ftn=\toks29
)
(./Attemp3 - Methods.aux)
\openout1 = `"Attemp3 - Methods.aux"'.

LaTeX Font Info:    Checking defaults for OML/cmm/m/it on input line 14.
LaTeX Font Info:    ... okay on input line 14.
LaTeX Font Info:    Checking defaults for T1/cmr/m/n on input line 14.
LaTeX Font Info:    ... okay on input line 14.
LaTeX Font Info:    Checking defaults for OT1/cmr/m/n on input line 14.
LaTeX Font Info:    ... okay on input line 14.
LaTeX Font Info:    Checking defaults for OMS/cmsy/m/n on input line 14.
LaTeX Font Info:    ... okay on input line 14.
LaTeX Font Info:    Checking defaults for OMX/cmex/m/n on input line 14.
LaTeX Font Info:    ... okay on input line 14.
LaTeX Font Info:    Checking defaults for U/cmr/m/n on input line 14.
LaTeX Font Info:    ... okay on input line 14.
LaTeX Font Info:    Try loading font information for OT1+lmr on input line 14.
 (/usr/share/texmf/tex/latex/lm/ot1lmr.fd
File: ot1lmr.fd 2009/10/30 v1.6 Font defs for Latin Modern
)


Found AMS Euler Roman fonts on the system, using the 'igsupmath' package.

(./igsupmath.sty
Package: igsupmath 2007/11/09 v1.00 IGS LaTeX2e package
\c@mv@upright=\count105
\c@mv@boldupright=\count106
LaTeX Font Info:    Overwriting symbol font `letters' in version `upright'
(Font)                  OML/cmm/m/it --> OML/eur/m/n on input line 37.
LaTeX Font Info:    Overwriting symbol font `letters' in version `boldupright'
(Font)                  OML/cmm/m/it --> OML/eur/b/n on input line 38.
)


Found AMS Symbol fonts on the system, using the 'amssymb' package.


Found the 'amsbsy' package on the system, using it.

(/usr/share/texlive/texmf-dist/tex/context/base/supp-pdf.mkii
[Loading MPS to PDF converter (version 2006.09.02).]
\scratchcounter=\count107
\scratchdimen=\dimen125
\scratchbox=\box30
\nofMPsegments=\count108
\nofMParguments=\count109
\everyMPshowfont=\toks30
\MPscratchCnt=\count110
\MPscratchDim=\dimen126
\MPnumerator=\count111
\makeMPintoPDFobject=\count112
\everyMPtoPDFconversion=\toks31
) (/usr/share/texlive/texmf-dist/tex/generic/oberdiek/pdftexcmds.sty
Package: pdftexcmds 2011/11/29 v0.20 Utility functions of pdfTeX for LuaTeX (HO
)

(/usr/share/texlive/texmf-dist/tex/generic/oberdiek/ifluatex.sty
Package: ifluatex 2010/03/01 v1.3 Provides the ifluatex switch (HO)
Package ifluatex Info: LuaTeX not detected.
)
(/usr/share/texlive/texmf-dist/tex/generic/oberdiek/ifpdf.sty
Package: ifpdf 2011/01/30 v2.3 Provides the ifpdf switch (HO)
Package ifpdf Info: pdfTeX in PDF mode is detected.
)
Package pdftexcmds Info: LuaTeX not detected.
Package pdftexcmds Info: \pdf@primitive is available.
Package pdftexcmds Info: \pdf@ifprimitive is available.
Package pdftexcmds Info: \pdfdraftmode found.
)
(/usr/share/texlive/texmf-dist/tex/latex/oberdiek/epstopdf-base.sty
Package: epstopdf-base 2010/02/09 v2.5 Base part for package epstopdf

(/usr/share/texlive/texmf-dist/tex/latex/oberdiek/grfext.sty
Package: grfext 2010/08/19 v1.1 Manage graphics extensions (HO)

(/usr/share/texlive/texmf-dist/tex/generic/oberdiek/kvdefinekeys.sty
Package: kvdefinekeys 2011/04/07 v1.3 Define keys (HO)
))
(/usr/share/texlive/texmf-dist/tex/latex/oberdiek/kvoptions.sty
Package: kvoptions 2011/06/30 v3.11 Key value format for package options (HO)

(/usr/share/texlive/texmf-dist/tex/generic/oberdiek/kvsetkeys.sty
Package: kvsetkeys 2012/04/25 v1.16 Key value parser (HO)

(/usr/share/texlive/texmf-dist/tex/generic/oberdiek/etexcmds.sty
Package: etexcmds 2011/02/16 v1.5 Avoid name clashes with e-TeX commands (HO)
Package etexcmds Info: Could not find \expanded.
(etexcmds)             That can mean that you are not using pdfTeX 1.50 or
(etexcmds)             that some package has redefined \expanded.
(etexcmds)             In the latter case, load this package earlier.
)))
Package grfext Info: Graphics extension search list:
(grfext)             [.png,.pdf,.jpg,.mps,.jpeg,.jbig2,.jb2,.PNG,.PDF,.JPG,.JPE
G,.JBIG2,.JB2,.eps]
(grfext)             \AppendGraphicsExtensions on input line 452.

(/usr/share/texlive/texmf-dist/tex/latex/latexconfig/epstopdf-sys.cfg
File: epstopdf-sys.cfg 2010/07/13 v1.3 Configuration of (r)epstopdf for TeX Liv
e
))
Underfull \hbox (badness 1436) in paragraph at lines 23--24
\OT1/lmr/m/n/9.5 steps include (1) measuring snow depth and density,
 []


Underfull \hbox (badness 1389) in paragraph at lines 23--24
\OT1/lmr/m/n/9.5 equivalent (SWE), (3) averaging measurements within
 []


Underfull \hbox (badness 1275) in paragraph at lines 23--24
\OT1/lmr/m/n/9.5 one digital elevation model (DEM) grid cell and (4)
 []

<Sampling.pdf, id=1, 667.49374pt x 367.3725pt>
File: Sampling.pdf Graphic file (type pdf)
 <use Sampling.pdf>
Package pdftex.def Info: Sampling.pdf used on input line 29.
(pdftex.def)             Requested size: 253.22952pt x 139.36755pt.

Overfull \hbox (8.53583pt too wide) in paragraph at lines 29--29
 [][] 
 []


Package natbib Warning: Citation `Elder1991' on page 1 undefined on input line 
34.


Package natbib Warning: Citation `Clark2011' on page 1 undefined on input line 
34.


Package natbib Warning: Citation `Lopez2013' on page 1 undefined on input line 
34.


Package natbib Warning: Citation `Shea2010' on page 1 undefined on input line 3
4.


Underfull \hbox (badness 1226) in paragraph at lines 34--35
\OT1/lmr/m/n/9.5 and density. Snow depth is generally accepted to be
 []


Package natbib Warning: Citation `Clark2011' on page 1 undefined on input line 
36.


Package natbib Warning: Citation `Clark2011' on page 1 undefined on input line 
36.


Package natbib Warning: Citation `Taylor1969' on page 1 undefined on input line
 36.


Package natbib Warning: Citation `Crompton2016' on page 1 undefined on input li
ne 36.

LaTeX Font Info:    Try loading font information for OML+lmm on input line 36.
(/usr/share/texmf/tex/latex/lm/omllmm.fd
File: omllmm.fd 2009/10/30 v1.6 Font defs for Latin Modern
)
LaTeX Font Info:    Try loading font information for OMS+lmsy on input line 36.


(/usr/share/texmf/tex/latex/lm/omslmsy.fd
File: omslmsy.fd 2009/10/30 v1.6 Font defs for Latin Modern
)
LaTeX Font Info:    Try loading font information for OMX+lmex on input line 36.


(/usr/share/texmf/tex/latex/lm/omxlmex.fd
File: omxlmex.fd 2009/10/30 v1.6 Font defs for Latin Modern
)
LaTeX Font Info:    External font `lmex10' loaded for size
(Font)              <9.5> on input line 36.
LaTeX Font Info:    External font `lmex10' loaded for size
(Font)              <7> on input line 36.
LaTeX Font Info:    External font `lmex10' loaded for size
(Font)              <5> on input line 36.
LaTeX Font Info:    Try loading font information for U+msa on input line 36.

(/usr/share/texlive/texmf-dist/tex/latex/amsfonts/umsa.fd
File: umsa.fd 2013/01/14 v3.01 AMS symbols A
)
LaTeX Font Info:    Try loading font information for U+msb on input line 36.

(/usr/share/texlive/texmf-dist/tex/latex/amsfonts/umsb.fd
File: umsb.fd 2013/01/14 v3.01 AMS symbols B
)

Package natbib Warning: Citation `Machguth2006' on page 1 undefined on input li
ne 36.


Package natbib Warning: Citation `Walmsley2015' on page 1 undefined on input li
ne 36.


Underfull \hbox (badness 1466) in paragraph at lines 36--37
\OT1/lmr/m/n/9.5 in the St. Elias Mountains, Yukon (\OT1/lmr/bx/n/9.5 ?\OT1/lmr
/m/n/9.5 ) we measured
 []


Underfull \hbox (badness 1092) in paragraph at lines 36--37
\OT1/lmr/m/n/9.5 At each measurement location, we took $3 \OMS/lmsy/m/n/9.5 ^^@
 \OT1/lmr/m/n/9.5 4$ depth
 []


Underfull \hbox (badness 1365) in paragraph at lines 38--39
\OT1/lmr/m/n/9.5 1, 2016). While roped-up for glacier travel, the lead
 []


Package natbib Warning: Citation `Grunewald2010' on page 1 undefined on input l
ine 40.


Package natbib Warning: Citation `Sold2013' on page 1 undefined on input line 4
0.


Package natbib Warning: Citation `Watson2006' on page 1 undefined on input line
 42.


Package natbib Warning: Citation `Shea2010' on page 1 undefined on input line 4
2.


Package natbib Warning: Citation `Gray1981' on page 1 undefined on input line 4
4.


Package natbib Warning: Citation `Fierz2009' on page 1 undefined on input line 
44.


Package natbib Warning: Citation `Clyde1932' on page 1 undefined on input line 
46.


Underfull \vbox (badness 10000) has occurred while \output is active []


Overfull \vbox (5.1555pt too high) has occurred while \output is active []


[1{/var/lib/texmf/fonts/map/pdftex/updmap/pdftex.map}

 <./Sampling.pdf>]
Underfull \hbox (badness 1199) in paragraph at lines 50--51
[]\OT1/lmr/m/n/9.5 Winter snow pack in southwestern Yukon was well
 []


Package natbib Warning: Citation `Cullen2017' on page 2 undefined on input line
 54.


Package natbib Warning: Citation `Elder1991' on page 2 undefined on input line 
54.


Package natbib Warning: Citation `McGrath2015' on page 2 undefined on input lin
e 54.


Package natbib Warning: Citation `Elder1998' on page 2 undefined on input line 
54.


Package natbib Warning: Citation `Molotch2005' on page 2 undefined on input lin
e 54.


Package natbib Warning: Citation `Molotch2005' on page 2 undefined on input lin
e 54.


Package natbib Warning: Citation `Korona2009' on page 2 undefined on input line
 64.


Package natbib Warning: Citation `Davis1986' on page 2 undefined on input line 
73.


Package natbib Warning: Citation `Kohavi1995' on page 2 undefined on input line
 73.


Package natbib Warning: Citation `Burnham2004' on page 2 undefined on input lin
e 73.


Underfull \hbox (badness 2951) in paragraph at lines 73--74
\OT1/lmr/m/n/9.5 Linear regressions relate observed SWE to a linear
 []


Package natbib Warning: Citation `Davis1986' on page 2 undefined on input line 
75.


Package natbib Warning: Citation `Zeugner2015' on page 2 undefined on input lin
e 75.


Package natbib Warning: Citation `Raftery1997' on page 2 undefined on input lin
e 75.


Package natbib Warning: Citation `Williams1998' on page 2 undefined on input li
ne 75.


Package natbib Warning: Citation `Wasserman2000' on page 2 undefined on input l
ine 75.


Package natbib Warning: Citation `Korona2009' on page 2 undefined on input line
 77.

LaTeX Font Info:    Try loading font information for OT1+lmtt on input line 77.

(/usr/share/texmf/tex/latex/lm/ot1lmtt.fd
File: ot1lmtt.fd 2009/10/30 v1.6 Font defs for Latin Modern
)

Package natbib Warning: Citation `Mitavsova1993' on page 2 undefined on input l
ine 77.


Package natbib Warning: Citation `Hofierka2009' on page 2 undefined on input li
ne 77.


Package natbib Warning: Citation `Olaya2009' on page 2 undefined on input line 
77.


Package natbib Warning: Citation `Olaya2009' on page 2 undefined on input line 
77.


Package natbib Warning: Citation `Molotch2005' on page 2 undefined on input lin
e 77.


Package natbib Warning: Citation `Winstral2002' on page 2 undefined on input li
ne 77.


Package natbib Warning: Citation `Winstral2002' on page 2 undefined on input li
ne 77.


Underfull \hbox (badness 1286) in paragraph at lines 77--78
\OT1/lmr/m/n/9.5 were calculated using the \OT1/lmtt/m/n/9.5 r.slope.aspect \OT
1/lmr/m/n/9.5 module in
 []


Underfull \vbox (badness 2269) has occurred while \output is active []


Overfull \vbox (5.1555pt too high) has occurred while \output is active []


[2]
Underfull \hbox (badness 1755) in paragraph at lines 79--81
\OT1/lmr/m/n/9.5 measurements represent more than 70% of the total
 []


Package natbib Warning: Citation `Davis1986' on page 3 undefined on input line 
85.


Package natbib Warning: Citation `Li2008' on page 3 undefined on input line 85.



Package natbib Warning: Citation `Roustant2012' on page 3 undefined on input li
ne 85.


Package natbib Warning: Citation `Li2008' on page 3 undefined on input line 85.



Package natbib Warning: Citation `Hengl2007' on page 3 undefined on input line 
87.


Package natbib Warning: Citation `Hengl2007' on page 3 undefined on input line 
87.


Package natbib Warning: Citation `Metropolis1949' on page 3 undefined on input 
line 91.


Underfull \vbox (badness 10000) has occurred while \output is active []


Overfull \vbox (5.1555pt too high) has occurred while \output is active []


[3] <DepthBoxplot.pdf, id=46, 244.915pt x 244.915pt>
File: DepthBoxplot.pdf Graphic file (type pdf)
 <use DepthBoxplot.pdf>
Package pdftex.def Info: DepthBoxplot.pdf used on input line 127.
(pdftex.def)             Requested size: 253.22952pt x 253.2369pt.

Overfull \hbox (8.53583pt too wide) in paragraph at lines 127--127
 [][] 
 []

<SPvsFS.pdf, id=47, 244.915pt x 244.915pt>
File: SPvsFS.pdf Graphic file (type pdf)
 <use SPvsFS.pdf>
Package pdftex.def Info: SPvsFS.pdf used on input line 134.
(pdftex.def)             Requested size: 253.22952pt x 253.2369pt.

Overfull \hbox (8.53583pt too wide) in paragraph at lines 134--134
 [][] 
 []

<LR_map.pdf, id=48, 506.89375pt x 244.915pt>
File: LR_map.pdf Graphic file (type pdf)
 <use LR_map.pdf>
Package pdftex.def Info: LR_map.pdf used on input line 141.
(pdftex.def)             Requested size: 506.45905pt x 244.71257pt.

Overfull \hbox (261.76535pt too wide) in paragraph at lines 141--141
 [][] 
 []

<SK_map.pdf, id=49, 506.89375pt x 244.915pt>
File: SK_map.pdf Graphic file (type pdf)
 <use SK_map.pdf>
Package pdftex.def Info: SK_map.pdf used on input line 142.
(pdftex.def)             Requested size: 506.45905pt x 244.71257pt.

Overfull \hbox (261.76535pt too wide) in paragraph at lines 142--142
 [][] 
 []

<observedVSestimated_S2.pdf, id=50, 506.89375pt x 284.06125pt>
File: observedVSestimated_S2.pdf Graphic file (type pdf)

<use observedVSestimated_S2.pdf>
Package pdftex.def Info: observedVSestimated_S2.pdf used on input line 149.
(pdftex.def)             Requested size: 506.45905pt x 283.82646pt.

Overfull \hbox (261.76535pt too wide) in paragraph at lines 149--149
 [][] 
 []

<BetaCoeffs.pdf, id=51, 244.915pt x 244.915pt>
File: BetaCoeffs.pdf Graphic file (type pdf)
 <use BetaCoeffs.pdf>
Package pdftex.def Info: BetaCoeffs.pdf used on input line 156.
(pdftex.def)             Requested size: 253.22952pt x 253.2369pt.

Overfull \hbox (8.53583pt too wide) in paragraph at lines 156--156
 [][] 
 []

<ZigzagHistogram.pdf, id=52, 244.915pt x 506.89375pt>
File: ZigzagHistogram.pdf Graphic file (type pdf)

<use ZigzagHistogram.pdf>
Package pdftex.def Info: ZigzagHistogram.pdf used on input line 163.
(pdftex.def)             Requested size: 253.22952pt x 524.11739pt.

Overfull \hbox (8.53583pt too wide) in paragraph at lines 163--163
 [][] 
 []


Underfull \hbox (badness 1005) in paragraph at lines 169--170
\OT1/lmr/m/n/9.5 The spatial patterns and specific winter surface mass
 []


Underfull \hbox (badness 2894) in paragraph at lines 169--170
\OT1/lmr/m/n/9.5 when interpolating density, estimating grid-cell SWE
 []


Underfull \hbox (badness 1558) in paragraph at lines 231--238
[]\OT1/lmr/m/n/9.5 extrapolation of regression models will likely result
 []


Overfull \vbox (5.1555pt too high) has occurred while \output is active []


[4 <./DepthBoxplot.pdf> <./SPvsFS.pdf>]
Overfull \vbox (5.1555pt too high) has occurred while \output is active []


[5 <./LR_map.pdf> <./SK_map.pdf> <./observedVSestimated_S2.pdf> <./BetaCoeffs.p
df>]
Underfull \hbox (badness 1383) in paragraph at lines 280--284
[]\OT1/lmr/m/n/9.5 derived accumulation estimated winter surface mass
 []

(./Attemp3 - Methods.bbl
Underfull \hbox (badness 1442) in paragraph at lines 13--17
[]\OT1/lmr/m/n/9.5 Clark MP, Hen-drikx J, Slater AG, Kavet-ski D, An-
 []


Underfull \hbox (badness 3407) in paragraph at lines 23--26
[]\OT1/lmr/m/n/9.5 Crompton JW and Flow-ers GE (2016) Cor-re-la-tions
 []


Underfull \hbox (badness 2359) in paragraph at lines 23--26
\OT1/lmr/m/n/9.5 of sus-pended sed-i-ment size with bedrock lithol-ogy
 []


Overfull \vbox (5.1555pt too high) has occurred while \output is active []


[6 <./ZigzagHistogram.pdf>]
Underfull \hbox (badness 3482) in paragraph at lines 39--42
[]\OT1/lmr/m/n/9.5 Elder K, Dozier J and Michaelsen J (1991) Snow
 []


Underfull \hbox (badness 2680) in paragraph at lines 39--42
\OT1/lmr/m/n/9.5 ac-cu-mu-la-tion and dis-tri-bu-tion in an alpine wa-ter-
 []


Underfull \hbox (badness 2875) in paragraph at lines 44--48
\OT1/lmr/m/n/9.5 the spa-tial dis-tri-bu-tion of snow wa-ter equiv-a-lence
 []


Underfull \hbox (badness 10000) in paragraph at lines 44--48
\OT1/lmr/m/n/9.5 in a mon-tane wa-ter-shed. \OT1/lmr/m/it/9.5 Hy-dro-log-i-cal 
Pro-cesses\OT1/lmr/m/n/9.5 ,
 []


Underfull \hbox (badness 10000) in paragraph at lines 44--48
\OT1/lmr/bx/n/9.5 12\OT1/lmr/m/n/9.5 (1011), 1793--1808 (doi: 10.1002/(SICI)109
9-
 []


Underfull \hbox (badness 10000) in paragraph at lines 44--48
\OT1/lmr/m/n/9.5 1085(199808/09)12:10/11<1793::AID-HYP695>3.0.CO;2-
 []


Underfull \hbox (badness 2277) in paragraph at lines 55--57
[]\OT1/lmr