This is pdfTeX, Version 3.14159265-2.6-1.40.16 (TeX Live 2015) (preloaded format=pdflatex 2015.12.3)  5 JAN 2018 12:07
entering extended mode
 restricted \write18 enabled.
 file:line:error style messages enabled.
 %&-line parsing enabled.
**Review_diff.tex
(./Review_diff.tex
LaTeX2e <2015/01/01>
Babel <3.9l> and hyphenation patterns for 21 languages loaded.
(./igs.cls
Document Class: igs 2015/09/03 v4.00 IGS document class

LaTeX Font Warning: Font shape `OT1/cmr/m/n' in size <9.5> not available
(Font)              size <9> substituted on input line 460.

\c@part=\count79
\c@section=\count80
\c@subsection=\count81
\c@subsubsection=\count82
\c@paragraph=\count83
\c@subparagraph=\count84
\c@figure=\count85
\c@table=\count86
\abovecaptionskip=\skip41
\belowcaptionskip=\skip42
\bibindent=\dimen102
\c@dummy=\count87
) (./igsnatbib.sty
Package: igsnatbib 2008/01/18 v1.00 IGS version of natbib.sty
\bibhang=\skip43
\bibsep=\skip44
LaTeX Info: Redefining \cite on input line 521.
\c@NAT@ctr=\count88
) (./lmodern.sty
Package: lmodern 2009/10/30 v1.6 Latin Modern Fonts
LaTeX Font Info:    Overwriting symbol font `operators' in version `normal'
(Font)                  OT1/cmr/m/n --> OT1/lmr/m/n on input line 22.
LaTeX Font Info:    Overwriting symbol font `letters' in version `normal'
(Font)                  OML/cmm/m/it --> OML/lmm/m/it on input line 23.
LaTeX Font Info:    Overwriting symbol font `symbols' in version `normal'
(Font)                  OMS/cmsy/m/n --> OMS/lmsy/m/n on input line 24.
LaTeX Font Info:    Overwriting symbol font `largesymbols' in version `normal'
(Font)                  OMX/cmex/m/n --> OMX/lmex/m/n on input line 25.
LaTeX Font Info:    Overwriting symbol font `operators' in version `bold'
(Font)                  OT1/cmr/bx/n --> OT1/lmr/bx/n on input line 26.
LaTeX Font Info:    Overwriting symbol font `letters' in version `bold'
(Font)                  OML/cmm/b/it --> OML/lmm/b/it on input line 27.
LaTeX Font Info:    Overwriting symbol font `symbols' in version `bold'
(Font)                  OMS/cmsy/b/n --> OMS/lmsy/b/n on input line 28.
LaTeX Font Info:    Overwriting symbol font `largesymbols' in version `bold'
(Font)                  OMX/cmex/m/n --> OMX/lmex/m/n on input line 29.
LaTeX Font Info:    Overwriting math alphabet `\mathbf' in version `normal'
(Font)                  OT1/cmr/bx/n --> OT1/lmr/bx/n on input line 31.
LaTeX Font Info:    Overwriting math alphabet `\mathsf' in version `normal'
(Font)                  OT1/cmss/m/n --> OT1/lmss/m/n on input line 32.
LaTeX Font Info:    Overwriting math alphabet `\mathit' in version `normal'
(Font)                  OT1/cmr/m/it --> OT1/lmr/m/it on input line 33.
LaTeX Font Info:    Overwriting math alphabet `\mathtt' in version `normal'
(Font)                  OT1/cmtt/m/n --> OT1/lmtt/m/n on input line 34.
LaTeX Font Info:    Overwriting math alphabet `\mathbf' in version `bold'
(Font)                  OT1/cmr/bx/n --> OT1/lmr/bx/n on input line 35.
LaTeX Font Info:    Overwriting math alphabet `\mathsf' in version `bold'
(Font)                  OT1/cmss/bx/n --> OT1/lmss/bx/n on input line 36.
LaTeX Font Info:    Overwriting math alphabet `\mathit' in version `bold'
(Font)                  OT1/cmr/bx/it --> OT1/lmr/bx/it on input line 37.
LaTeX Font Info:    Overwriting math alphabet `\mathtt' in version `bold'
(Font)                  OT1/cmtt/m/n --> OT1/lmtt/m/n on input line 38.
)
(/usr/local/texlive/2015basic/texmf-dist/tex/latex/amsmath/amsmath.sty
Package: amsmath 2013/01/14 v2.14 AMS math features
\@mathmargin=\skip45

For additional information on amsmath, use the `?' option.
(/usr/local/texlive/2015basic/texmf-dist/tex/latex/amsmath/amstext.sty
Package: amstext 2000/06/29 v2.01

(./amsgen.sty
File: amsgen.sty 1999/11/30 v2.0
\@emptytoks=\toks14
\ex@=\dimen103
)) (./amsbsy.sty
Package: amsbsy 1999/11/29 v1.2d
\pmbraise@=\dimen104
)
(/usr/local/texlive/2015basic/texmf-dist/tex/latex/amsmath/amsopn.sty
Package: amsopn 1999/12/14 v2.01 operator names
)
\inf@bad=\count89
LaTeX Info: Redefining \frac on input line 210.
\uproot@=\count90
\leftroot@=\count91
LaTeX Info: Redefining \overline on input line 306.
\classnum@=\count92
\DOTSCASE@=\count93
LaTeX Info: Redefining \ldots on input line 378.
LaTeX Info: Redefining \dots on input line 381.
LaTeX Info: Redefining \cdots on input line 466.
\Mathstrutbox@=\box26
\strutbox@=\box27
\big@size=\dimen105
LaTeX Font Info:    Redeclaring font encoding OML on input line 566.
LaTeX Font Info:    Redeclaring font encoding OMS on input line 567.
\macc@depth=\count94
\c@MaxMatrixCols=\count95
\dotsspace@=\muskip10
\c@parentequation=\count96
\dspbrk@lvl=\count97
\tag@help=\toks15
\row@=\count98
\column@=\count99
\maxfields@=\count100
\andhelp@=\toks16
\eqnshift@=\dimen106
\alignsep@=\dimen107
\tagshift@=\dimen108
\tagwidth@=\dimen109
\totwidth@=\dimen110
\lineht@=\dimen111
\@envbody=\toks17
\multlinegap=\skip46
\multlinetaggap=\skip47
\mathdisplay@stack=\toks18
LaTeX Info: Redefining \[ on input line 2665.
LaTeX Info: Redefining \] on input line 2666.
)
(./amssymb.sty
Package: amssymb 2009/06/22 v3.00
 (./amsfonts.sty
Package: amsfonts 2009/06/22 v3.00 Basic AMSFonts support
\symAMSa=\mathgroup4
\symAMSb=\mathgroup5
LaTeX Font Info:    Overwriting math alphabet `\mathfrak' in version `bold'
(Font)                  U/euf/m/n --> U/euf/b/n on input line 96.
))
(/usr/local/texlive/2015basic/texmf-dist/tex/latex/amscls/amsthm.sty
Package: amsthm 2015/03/04 v2.20.2
\thm@style=\toks19
\thm@bodyfont=\toks20
\thm@headfont=\toks21
\thm@notefont=\toks22
\thm@headpunct=\toks23
\thm@preskip=\skip48
\thm@postskip=\skip49
\thm@headsep=\skip50
\dth@everypar=\toks24
)
(/usr/local/texlive/2015basic/texmf-dist/tex/latex/wrapfig/wrapfig.sty
\wrapoverhang=\dimen112
\WF@size=\dimen113
\c@WF@wrappedlines=\count101
\WF@box=\box28
\WF@everypar=\toks25
Package: wrapfig 2003/01/31  v 3.6
)
(/usr/local/texlive/2015basic/texmf-dist/tex/latex/enumitem/enumitem.sty
Package: enumitem 2011/09/28 v3.5.2 Customized lists
\enitkv@toks@=\toks26
\labelindent=\skip51
\enit@outerparindent=\dimen114
\enit@toks=\toks27
\enit@inbox=\box29
\enitdp@description=\count102
)
(/usr/local/texlive/2015basic/texmf-dist/tex/latex/multirow/multirow.sty
\bigstrutjot=\dimen115
)
(/usr/local/texlive/2015basic/texmf-dist/tex/latex/tools/tabularx.sty
Package: tabularx 2014/10/28 v2.10 `tabularx' package (DPC)

(/usr/local/texlive/2015basic/texmf-dist/tex/latex/tools/array.sty
Package: array 2014/10/28 v2.4c Tabular extension package (FMi)
\col@sep=\dimen116
\extrarowheight=\dimen117
\NC@list=\toks28
\extratabsurround=\skip52
\backup@length=\skip53
)
\TX@col@width=\dimen118
\TX@old@table=\dimen119
\TX@old@col=\dimen120
\TX@target=\dimen121
\TX@delta=\dimen122
\TX@cols=\count103
\TX@ftn=\toks29
)
(/usr/local/texlive/2015basic/texmf-dist/tex/latex/booktabs/booktabs.sty
Package: booktabs 2005/04/14 v1.61803 publication quality tables
\heavyrulewidth=\dimen123
\lightrulewidth=\dimen124
\cmidrulewidth=\dimen125
\belowrulesep=\dimen126
\belowbottomsep=\dimen127
\aboverulesep=\dimen128
\abovetopsep=\dimen129
\cmidrulesep=\dimen130
\cmidrulekern=\dimen131
\defaultaddspace=\dimen132
\@cmidla=\count104
\@cmidlb=\count105
\@aboverulesep=\dimen133
\@belowrulesep=\dimen134
\@thisruleclass=\count106
\@lastruleclass=\count107
\@thisrulewidth=\dimen135
)
(/usr/local/texlive/2015basic/texmf-dist/tex/latex/graphics/lscape.sty
Package: lscape 2000/10/22 v3.01 Landscape Pages (DPC)

(/usr/local/texlive/2015basic/texmf-dist/tex/latex/graphics/graphics.sty
Package: graphics 2014/10/28 v1.0p Standard LaTeX Graphics (DPC,SPQR)

(/usr/local/texlive/2015basic/texmf-dist/tex/latex/graphics/trig.sty
Package: trig 1999/03/16 v1.09 sin cos tan (DPC)
)
(/usr/local/texlive/2015basic/texmf-dist/tex/latex/latexconfig/graphics.cfg
File: graphics.cfg 2010/04/23 v1.9 graphics configuration of TeX Live
)
Package graphics Info: Driver file: pdftex.def on input line 94.

(/usr/local/texlive/2015basic/texmf-dist/tex/latex/pdftex-def/pdftex.def
File: pdftex.def 2011/05/27 v0.06d Graphics/color for pdfTeX

(/usr/local/texlive/2015basic/texmf-dist/tex/generic/oberdiek/infwarerr.sty
Package: infwarerr 2010/04/08 v1.3 Providing info/warning/error messages (HO)
)
(/usr/local/texlive/2015basic/texmf-dist/tex/generic/oberdiek/ltxcmds.sty
Package: ltxcmds 2011/11/09 v1.22 LaTeX kernel commands for general use (HO)
)
\Gread@gobject=\count108
)))
(/usr/local/texlive/2015basic/texmf-dist/tex/latex/graphics/color.sty
Package: color 2014/10/28 v1.1a Standard LaTeX Color (DPC)

(/usr/local/texlive/2015basic/texmf-dist/tex/latex/latexconfig/color.cfg
File: color.cfg 2007/01/18 v1.5 color configuration of teTeX/TeXLive
)
Package color Info: Driver file: pdftex.def on input line 142.
)
(./graphicx.sty
Package: graphicx 2014/10/28 v1.0g Enhanced LaTeX Graphics (DPC,SPQR)

(/usr/local/texlive/2015basic/texmf-dist/tex/latex/graphics/keyval.sty
Package: keyval 2014/10/28 v1.15 key=value parser (DPC)
\KV@toks@=\toks30
)
\Gin@req@height=\dimen136
\Gin@req@width=\dimen137
)
(/usr/local/texlive/2015basic/texmf-dist/tex/latex/oberdiek/epstopdf.sty
Package: epstopdf 2010/02/09 v2.5 Conversion with epstopdf on the fly (HO)

(/usr/local/texlive/2015basic/texmf-dist/tex/latex/oberdiek/epstopdf-base.sty
Package: epstopdf-base 2010/02/09 v2.5 Base part for package epstopdf

(/usr/local/texlive/2015basic/texmf-dist/tex/latex/oberdiek/grfext.sty
Package: grfext 2010/08/19 v1.1 Manage graphics extensions (HO)

(/usr/local/texlive/2015basic/texmf-dist/tex/generic/oberdiek/kvdefinekeys.sty
Package: kvdefinekeys 2011/04/07 v1.3 Define keys (HO)
)) (/usr/local/texlive/2015basic/texmf-dist/tex/latex/oberdiek/kvoptions.sty
Package: kvoptions 2011/06/30 v3.11 Key value format for package options (HO)

(/usr/local/texlive/2015basic/texmf-dist/tex/generic/oberdiek/kvsetkeys.sty
Package: kvsetkeys 2012/04/25 v1.16 Key value parser (HO)

(/usr/local/texlive/2015basic/texmf-dist/tex/generic/oberdiek/etexcmds.sty
Package: etexcmds 2011/02/16 v1.5 Avoid name clashes with e-TeX commands (HO)

(/usr/local/texlive/2015basic/texmf-dist/tex/generic/oberdiek/ifluatex.sty
Package: ifluatex 2010/03/01 v1.3 Provides the ifluatex switch (HO)
Package ifluatex Info: LuaTeX not detected.
)
Package etexcmds Info: Could not find \expanded.
(etexcmds)             That can mean that you are not using pdfTeX 1.50 or
(etexcmds)             that some package has redefined \expanded.
(etexcmds)             In the latter case, load this package earlier.
)))
(/usr/local/texlive/2015basic/texmf-dist/tex/generic/oberdiek/pdftexcmds.sty
Package: pdftexcmds 2011/11/29 v0.20 Utility functions of pdfTeX for LuaTeX (HO
)

(/usr/local/texlive/2015basic/texmf-dist/tex/generic/oberdiek/ifpdf.sty
Package: ifpdf 2011/01/30 v2.3 Provides the ifpdf switch (HO)
Package ifpdf Info: pdfTeX in PDF mode is detected.
)
Package pdftexcmds Info: LuaTeX not detected.
Package pdftexcmds Info: \pdf@primitive is available.
Package pdftexcmds Info: \pdf@ifprimitive is available.
Package pdftexcmds Info: \pdfdraftmode found.
)
Package grfext Info: Graphics extension search list:
(grfext)             [.png,.pdf,.jpg,.mps,.jpeg,.jbig2,.jb2,.PNG,.PDF,.JPG,.JPE
G,.JBIG2,.JB2,.eps]
(grfext)             \AppendGraphicsExtensions on input line 452.

(/usr/local/texlive/2015basic/texmf-dist/tex/latex/latexconfig/epstopdf-sys.cfg
File: epstopdf-sys.cfg 2010/07/13 v1.3 Configuration of (r)epstopdf for TeX Liv
e
))) (/usr/local/texlive/2015basic/texmf-dist/tex/generic/ulem/ulem.sty
\UL@box=\box30
\UL@hyphenbox=\box31
\UL@skip=\skip54
\UL@hook=\toks31
\UL@height=\dimen138
\UL@pe=\count109
\UL@pixel=\dimen139
\ULC@box=\box32
Package: ulem 2012/05/18
\ULdepth=\dimen140
)
(/usr/local/texlive/2015basic/texmf-dist/tex/latex/oberdiek/settobox.sty
Package: settobox 2008/08/11 v1.4 Assign box dimensions to length registers (HO
)
)
(/usr/local/texlive/2015basic/texmf-dist/tex/latex/oberdiek/letltxmacro.sty
Package: letltxmacro 2010/09/02 v1.4 Let assignment for LaTeX macros (HO)
)
\DIFdelgraphicsbox=\box33
\DIFdelgraphicswidth=\skip55
\DIFdelgraphicsheight=\skip56
LaTeX Info: Redefining \DIFaddbegin on input line 85.
LaTeX Info: Redefining \DIFaddend on input line 86.
LaTeX Info: Redefining \DIFdelbegin on input line 87.
LaTeX Info: Redefining \DIFdelend on input line 88.
LaTeX Info: Redefining \DIFaddbeginFL on input line 93.
LaTeX Info: Redefining \DIFaddendFL on input line 94.
LaTeX Info: Redefining \DIFdelbeginFL on input line 95.
LaTeX Info: Redefining \DIFdelendFL on input line 96.

(./Review_diff.aux)
\openout1 = `Review_diff.aux'.

LaTeX Font Info:    Checking defaults for OML/cmm/m/it on input line 99.
LaTeX Font Info:    ... okay on input line 99.
LaTeX Font Info:    Checking defaults for T1/cmr/m/n on input line 99.
LaTeX Font Info:    ... okay on input line 99.
LaTeX Font Info:    Checking defaults for OT1/cmr/m/n on input line 99.
LaTeX Font Info:    ... okay on input line 99.
LaTeX Font Info:    Checking defaults for OMS/cmsy/m/n on input line 99.
LaTeX Font Info:    ... okay on input line 99.
LaTeX Font Info:    Checking defaults for OMX/cmex/m/n on input line 99.
LaTeX Font Info:    ... okay on input line 99.
LaTeX Font Info:    Checking defaults for U/cmr/m/n on input line 99.
LaTeX Font Info:    ... okay on input line 99.
LaTeX Font Info:    Try loading font information for OT1+lmr on input line 99.

(/usr/local/texlive/2015basic/texmf-dist/tex/latex/lm/ot1lmr.fd
File: ot1lmr.fd 2009/10/30 v1.6 Font defs for Latin Modern
)


Found AMS Euler Roman fonts on the system, using the 'igsupmath' package.

(./igsupmath.sty
Package: igsupmath 2007/11/09 v1.00 IGS LaTeX2e package
\c@mv@upright=\count110
\c@mv@boldupright=\count111
LaTeX Font Info:    Overwriting symbol font `letters' in version `upright'
(Font)                  OML/cmm/m/it --> OML/eur/m/n on input line 37.
LaTeX Font Info:    Overwriting symbol font `letters' in version `boldupright'
(Font)                  OML/cmm/m/it --> OML/eur/b/n on input line 38.
)


Found AMS Symbol fonts on the system, using the 'amssymb' package.


Found the 'amsbsy' package on the system, using it.

(/usr/local/texlive/2015basic/texmf-dist/tex/context/base/supp-pdf.mkii
[Loading MPS to PDF converter (version 2006.09.02).]
\scratchcounter=\count112
\scratchdimen=\dimen141
\scratchbox=\box34
\nofMPsegments=\count113
\nofMParguments=\count114
\everyMPshowfont=\toks32
\MPscratchCnt=\count115
\MPscratchDim=\dimen142
\MPnumerator=\count116
\makeMPintoPDFobject=\count117
\everyMPtoPDFconversion=\toks33
)
LaTeX Font Info:    Try loading font information for OML+lmm on input line 118.

 (/usr/local/texlive/2015basic/texmf-dist/tex/latex/lm/omllmm.fd
File: omllmm.fd 2009/10/30 v1.6 Font defs for Latin Modern
)
LaTeX Font Info:    Try loading font information for OMS+lmsy on input line 118
.

(/usr/local/texlive/2015basic/texmf-dist/tex/latex/lm/omslmsy.fd
File: omslmsy.fd 2009/10/30 v1.6 Font defs for Latin Modern
)
LaTeX Font Info:    Try loading font information for OMX+lmex on input line 118
.

(/usr/local/texlive/2015basic/texmf-dist/tex/latex/lm/omxlmex.fd
File: omxlmex.fd 2009/10/30 v1.6 Font defs for Latin Modern
)
LaTeX Font Info:    External font `lmex10' loaded for size
(Font)              <13.5> on input line 118.
LaTeX Font Info:    External font `lmex10' loaded for size
(Font)              <10> on input line 118.
LaTeX Font Info:    External font `lmex10' loaded for size
(Font)              <7> on input line 118.
LaTeX Font Info:    Try loading font information for U+msa on input line 118.

(/usr/local/texlive/2015basic/texmf-dist/tex/latex/amsfonts/umsa.fd
File: umsa.fd 2013/01/14 v3.01 AMS symbols A
)
LaTeX Font Info:    Try loading font information for U+msb on input line 118.

(/usr/local/texlive/2015basic/texmf-dist/tex/latex/amsfonts/umsb.fd
File: umsb.fd 2013/01/14 v3.01 AMS symbols B
)
LaTeX Font Info:    External font `lmex10' loaded for size
(Font)              <9.5> on input line 118.
LaTeX Font Info:    External font `lmex10' loaded for size
(Font)              <5> on input line 118.

Underfull \hbox (badness 1308) in paragraph at lines 127--128
\OT1/lmr/m/n/9.5 and others, 2016). Effectively representing the spatial
 []


Underfull \hbox (badness 10000) in paragraph at lines 129--132
[]|   []
 []


Underfull \hbox (badness 2150) in paragraph at lines 129--132
\OT1/lmr/m/n/9.5 oth-ers, 2004; Egli fo:    Try loading font information for U+msb on input line 126.

(/usr/local/texlive/2015basic/texmf-dist/tex/latex/amsfonts/umsb.fd
File: umsb.fd 2013/01/14 v3.01 AMS symbols B
)
LaTeX Font Info:    Calculating math sizes for size <11> on input line 126.
LaTeX Font Info:    External font `lmex10' loaded for size
(Font)              <11> on input line 126.
LaTeX Font Info:    External font `lmex10' loaded for size
(Font)              <7.69997> on input line 126.
LaTeX Font Info:    External font `lmex10' loaded for size
(Font)              <5.5> on input line 126.

Overfull \vbox (6.54431pt too high) has occurred while \output is active []


[1{/usr/local/texlive/2015basic/texmf-var/fonts/map/pdftex/updmap/pdftex.map}


]
Overfull \hbox (18.88025pt too wide) in paragraph at lines 137--140
[]\OT1/lmr/m/n/11 Winter bal-ance (WB) is no-to-ri-ously dif-fi-cult to es-ti-m
ate []|   []
 []


Underfull \vbox (badness 10000) has occurred while \output is active []


Overfull \vbox (6.54431pt too high) has occurred while \output is active []


[2]
Underfull \hbox (badness 2689) in paragraph at lines 143--150
[][]|   []   []\OT1/lmr/m/n/11 including various forms of kriging. Different
 []

<Sampling.pdf, id=19, 669.50125pt x 413.545pt>
File: Sampling.pdf Graphic file (type pdf)
 <use Sampling.pdf>
Package pdftex.def Info: Sampling.pdf used on input line 159.
(pdftex.def)             Requested size: 455.81004pt x 281.56024pt.

Underfull \vbox (badness 3977) has occurred while \output is active []


Overfull \vbox (6.54431pt too high) has occurred while \output is active []


[3]

LaTeX Warning: Reference `tab:GlacierDetails' on page 4 undefined on input line
 168.


Overfull \vbox (6.54431pt too high) has occurred while \output is active []


[4 <./Sampling.pdf>]

LaTeX Warning: No positions in optional float specifier.
               Default added (so using `tbp') on input line 171.

./Review_diff.tex:186: Missing \endgroup inserted.
<inserted text> 
                \endgroup 
l.186 }
       \end{table*}
? 
./Review_diff.tex:186: Emergency stop.
<inserted text> 
                \endgroup 
l.186 }
       \end{table*}
End of file on the terminal!

 
Here is how much of TeX's memory you used:
 3993 strings out of 494501
 54216 string characters out of 6167030
 119039 words of memory out of 5000000
 7167 multiletter control sequences out of 15000+600000
 69572 words of font info for 62 fonts, out of 8000000 for 9000
 319 hyphenation exceptions out of 8191
 42i,6n,24p,1350b,259s stack positions out of 5000i,500n,10000p,200000b,80000s
./Review_diff.tex:186:  ==> Fatal error occurred, no output PDF file produced!
tion}}
                                                   \DIFaddendFL & \multicolu...

? 
./Review_diff.tex:175: Misplaced \omit.
\multispan ->\omit 
                   \@multispan 
l.175 ...addbeginFL \multicolumn{2}{c}{UTM Zone 7}
                                                   \DIFaddendFL & \textit{Me...

? 
./Review_diff.tex:181: Misplaced \noalign.
\hline ->\noalign 
                  {\ifnum 0=`}\fi \hrule \@height \arrayrulewidth \futurelet...
l.181 \DIFdelendFL \DIFaddbeginFL \hline
                                        
? 
./Review_diff.tex:181: You can't use `\hrule' here except with leaders.
\hline ->\noalign {\ifnum 0=`}\fi \hrule 
                                         \@height \arrayrulewidth \futurelet...
l.181 \DIFdelendFL \DIFaddbeginFL \hline
                                        
? 
./Review_diff.tex:181: Missing number, treated as zero.
<to be read again> 
                   \futurelet 
l.181 \DIFdelendFL \DIFaddbeginFL \hline
                                        
? 
./Review_diff.tex:181: Illegal unit of measure (pt inserted).
<to be read again> 
                   \futurelet 
l.181 \DIFdelendFL \DIFaddbeginFL \hline
                                        
? 

LaTeX Warning: No positions in optional float specifier.
               Default added (so using `tbp') on input line 208.


Underfull \hbox (badness 1163) in paragraph at lines 227--231
|   []   |   []   |   []   |   []   |   []   []\OT1/lmr/m/n/9.5 For brevity, we
 re-fer to
 []

./Review_diff.tex:236: Missing \endcsname inserted.
<to be read again> 
                   \xdef 
l.236 ...s throughout the study area (Table \ref }
                                                  {\DIFadd{tab:GlacierDetail...

? 

LaTeX Warning: Reference `\endcsname ' on page 2 undefined on input line 236.

./Review_diff.tex:236: Missing control sequence inserted.
<inserted text> 
                \inaccessible 
l.236 ...s throughout the study area (Table \ref }
                                                  {\DIFadd{tab:GlacierDetail...

? 

Underfull \hbox (badness 7486) in paragraph at lines 236--238
|   []   |   []   |   []   |   []   |   []   |   []   |   []
 []


Underfull \hbox (badness 1509) in paragraph at lines 236--238
|   []   |   []   |   []   |   []   |   []   |   []   |   []   |   []
 []


Underfull \hbox (badness 2932) in paragraph at lines 236--238
|   []   |   []   |   []   |   []   |   []   |   []   |   []   |   []
 []


Underfull \hbox (badness 3049) in paragraph at lines 236--238
|   []   |   []   |   []   |   []   |   []   |   []   |   []   |   []
 []


Overfull \hbox (97.623pt too wide) in paragraph at lines 236--238
|   []
 []


Underfull \hbox (badness 3954) in paragraph at lines 240--241
[]|   []   |   []   |   []   |   []   |   []   |   []   |   []   |   []
 []


Underfull \hbox (badness 1953) in paragraph at lines 240--241
|   []   |   []   |   []   |   []   |   []   |   []
 []


Underfull \hbox (badness 1502) in paragraph at lines 240--241
|   []   |   []   |   []   |   []   |   []   |   []   |   []   |   []   |   []
 []


Overfull \vbox (5.511pt too high) has occurred while \output is active []

 [2]
Overfull \vbox (5.511pt too high) has occurred while \output is active []

 [3 <./Sampling.pdf>]
./Review_diff.tex:247: Missing \endcsname inserted.
<to be read again> 
                   \xdef 
l.247 ...s throughout the study area (Table \ref }
                                                  %DIFDELCMD < {%%%
? 

LaTeX Warning: Reference `\endcsname ' on page 4 undefined on input line 247.

./Review_diff.tex:247: Missing control sequence inserted.
<inserted text> 
                \inaccessible 
l.247 ...s throughout the study area (Table \ref }
                                                  %DIFDELCMD < {%%%
? 

Underfull \hbox (badness 1142) in paragraph at lines 244--251
\OT1/lmr/m/n/9.5 was constrained by the need to complete all surveys
 []


Underfull \hbox (badness 1303) in paragraph at lines 244--251
\OT1/lmr/m/n/9.5 within the period of peak accumulation. We selected
 []


Underfull \hbox (badness 1789) in paragraph at lines 256--258
|   []   |   []   |   []   |   []   |   []   |   []   |   []   |   []   |   []
 []


Underfull \hbox (badness 2057) in paragraph at lines 256--258
|   []   |   []   |   []   |   []   |   []   |   []   |   []
 []


Overfull \hbox (97.623pt too wide) in paragraph at lines 256--258
|   []
 []


Underfull \hbox (badness 1043) in paragraph at lines 256--258
|   []   |   []   |   []   |   []   |   []   |   []   |   []
 []


Underfull \hbox (badness 1418) in paragraph at lines 256--258
|   []   |   []   |   []   |   []   |   []   |   []   |   []
 []


Underfull \hbox (badness 1931) in paragraph at lines 256--258
\OT1/lmr/m/n/9.5 to nav-i-gate be-tween pre-de-fined tran-sect mea-sure-ment
 []


Underfull \hbox (badness 1325) in paragraph at lines 256--258
\OT1/lmr/m/n/9.5 depth mea-sure-ments, made by the sec-ond, third and
 []


Underfull \hbox (badness 1565) in paragraph at lines 265--268
|   []   |   []   |   []   []\OT1/lmr/m/n/9.5 We measured depth
 []


Overfull \vbox (5.511pt too high) has occurred while \output is active []

 [4]
Underfull \hbox (badness 3954) in paragraph at lines 276--277
[]|   []   |   []   |   []   |   []   |   []   |   []   |   []   |   []
 []


Underfull \hbox (badness 1215) in paragraph at lines 276--277
|   []   |   []   |   []   |   []   |   []   |   []   |   []   |   []
 []


Underfull \hbox (badness 1502) in paragraph at lines 276--277
|   []   |   []   |   []   |   []   |   []   |   []   |   []   |   []   |   []
 []


Overfull \hbox (9.04646pt too wide) in paragraph at lines 286--299
 [][] 
 []


Underfull \hbox (badness 1824) in paragraph at lines 304--307
\OT1/lmr/m/n/9.5 We average one to six (mean of 2.1 measurements)
 []


Underfull \hbox (badness 1533) in paragraph at lines 304--307
\OT1/lmr/m/n/9.5 the exception of the first transect on Glacier 4 (51
 []


Underfull \hbox (badness 2073) in paragraph at lines 310--311
\OT1/lmr/m/n/9.5 Gridcell-averaged values of WB are interpolated and
 []


Underfull \hbox (badness 10000) in paragraph at lines 314--318
\OT1/lmr/m/n/9.5 In the []|   [][][]|   [][], we use com-monly ap-plied
 []


Underfull \hbox (badness 5133) in paragraph at lines 314--318
\OT1/lmr/m/n/9.5 to-po-graphic pa-ram-e-ters as in Mc-Grath and oth-ers
 []


Underfull \hbox (badness 4479) in paragraph at lines 314--318
\OT1/lmr/m/n/9.5 (2015), in-clud-ing el-e-va-tion, slope, as-pect, cur-va-ture,

 []


Underfull \hbox (badness 2302) in paragraph at lines 314--318
\OT1/lmr/m/n/9.5 ``north-ness'' and a wind-redistribution pa-ram-e-ter []|   []

 []


Underfull \hbox (badness 10000) in paragraph at lines 314--318
|   []   |   []   |   [][]\OT1/lmr/m/n/9.5 ; we add distance-
 []


Underfull \hbox (badness 1122) in paragraph at lines 314--318
\OT1/lmr/m/n/9.5 on Glacier 2, where our mea-sure-ments cap-tured only
 []


Overfull \vbox (5.511pt too high) has occurred while \output is active []

 [5]
Underfull \hbox (badness 1173) in paragraph at lines 324--327
|   []   |   []   |   []   []\OT1/lmr/m/n/9.5 avoid overfitting the data and
 []


Underfull \hbox (badness 1281) in paragraph at lines 324--327
\OT1/lmr/m/n/9.5 of topographic parameters[]|   []   |   []   |   []   |   []
 []


Underfull \hbox (badness 2401) in paragraph at lines 328--336
\OT1/lmr/m/n/9.5 data (1/3 of the values) to calculate a root mean
 []


Underfull \hbox (badness 1142) in paragraph at lines 337--338
\OT1/lmr/m/n/9.5 Cri-te-rion (BIC) (Burn-ham and An-der-son, 2004). BIC
 []

LaTeX Font Info:    Try loading font information for OT1+lmtt on input line 341
.
(/usr/local/texlive/2015basic/texmf-dist/tex/latex/lm/ot1lmtt.fd
File: ot1lmtt.fd 2009/10/30 v1.6 Font defs for Latin Modern
)
Underfull \hbox (badness 2027) in paragraph at lines 341--344
\OT1/lmr/m/n/9.5 to interpolate between these locations. We used the
 []


Underfull \hbox (badness 1484) in paragraph at lines 348--351
|   []   |   []   |   []   []\OT1/lmr/m/n/9.5 on estimates of glacier-
 []


Underfull \hbox (badness 1394) in paragraph at lines 348--351
\OT1/lmr/m/n/9.5 uses repeated random sampling of input variables to
 []


Underfull \hbox (badness 1337) in paragraph at lines 348--351
\OT1/lmr/m/n/9.5 uncertainty are propagated through the conversion of
 []


Underfull \hbox (badness 1024) in paragraph at lines 348--351
\OT1/lmr/m/n/9.5 snow depth and density measurements to glacier-wide
 []


Underfull \hbox (badness 1715) in paragraph at lines 348--351
\OT1/lmr/m/n/9.5 of uncertainty on the glacier-wide WB is quantified.
 []

LaTeX Font Info:    External font `lmex10' loaded for size
(Font)              <10.5> on input line 352.

Overfull \vbox (5.511pt too high) has occurred while \output is active []

 [6]
Underfull \hbox (badness 1412) in paragraph at lines 359--360
\OT1/lmr/m/n/9.5 We represent the uncertainty due to interpolation of
 []


Underfull \hbox (badness 1102) in paragraph at lines 359--360
\OT1/lmr/m/n/9.5 are randomly sampled and used to calculate gridcell-
 []


Underfull \hbox (badness 2103) in paragraph at lines 361--362
[]\OT1/lmr/m/n/9.5 SK interpolation uncertainty is represented by the
 []

<DepthBoxplot_SPvsFS.pdf, id=69, 194.17218pt x 364.87495pt>
File: DepthBoxplot_SPvsFS.pdf Graphic file (type pdf)

<use DepthBoxplot_SPvsFS.pdf>
Package pdftex.def Info: DepthBoxplot_SPvsFS.pdf used on input line 375.
(pdftex.def)             Requested size: 177.26375pt x 333.12796pt.

Underfull \hbox (badness 1502) in paragraph at lines 376--376
\OT1/lmr/m/n/8.5 measured snow depth on Glaciers 4, 2 and 13 with the
 []


Underfull \hbox (badness 2181) in paragraph at lines 376--376
\OT1/lmr/m/n/8.5 which are defined as being outside of the range of 1.5
 []

<ZigzagHistogram.pdf, id=70, 506.89375pt x 170.6375pt>
File: ZigzagHistogram.pdf Graphic file (type pdf)

<use ZigzagHistogram.pdf>
Package pdftex.def Info: ZigzagHistogram.pdf used on input line 382.
(pdftex.def)             Requested size: 405.16878pt x 136.3956pt.

Overfull \vbox (5.511pt too high) has occurred while \output is active []

 [7 <./DepthBoxplot_SPvsFS.pdf>]
Underfull \hbox (badness 2197) in paragraph at lines 403--406
\OT1/lmr/m/n/9.5 gridcell measured along transects []|   []   |   []
 []


Underfull \hbox (badness 1454) in paragraph at lines 403--406
\OT1/lmr/m/n/9.5 exceed 0.25mw.e. ($\OMS/lmsy/m/n/9.5 ^^X$\OT1/lmr/m/n/9.5 10 t
imes greater than those for
 []


Underfull \hbox (badness 4765) in paragraph at lines 411--415
|   []   |   []   |   []   |   []   |   []   |   []
 []


Underfull \hbox (badness 1152) in paragraph at lines 411--415
|   []   |   []   |   []   |   []   |   []   |   []   |   []
 []


Overfull \vbox (5.511pt too high) has occurred while \output is active []

 [8 <./ZigzagHistogram.pdf>] <LR_map.pdf, id=245, 352.11568pt x 192.21915pt>
File: LR_map.pdf Graphic file (type pdf)

<use LR_map.pdf>
Package pdftex.def Info: LR_map.pdf used on input line 420.
(pdftex.def)             Requested size: 253.22952pt x 138.23929pt.

Overfull \hbox (8.53583pt too wide) in paragraph at lines 420--420
 [][] 
 []

<SK_map.pdf, id=246, 351.57652pt x 191.36722pt>
File: SK_map.pdf Graphic file (type pdf)
 <use SK_map.pdf>
Package pdftex.def Info: SK_map.pdf used on input line 421.
(pdftex.def)             Requested size: 253.22952pt x 137.83977pt.

Overfull \hbox (8.53583pt too wide) in paragraph at lines 421--421
 [][] 
 []

<SpatialVar_LR.pdf, id=247, 354.46527pt x 185.82379pt>
File: SpatialVar_LR.pdf Graphic file (type pdf)
 <use SpatialVar_LR.pdf>
Package pdftex.def Info: SpatialVar_LR.pdf used on input line 431.
(pdftex.def)             Requested size: 253.22952pt x 132.75525pt.

Overfull \hbox (15.33582pt too wide) in paragraph at lines 431--431
 [][][] 
 []

<SpatialVar_SK.pdf, id=248, 350.90016pt x 186.24844pt>
File: SpatialVar_SK.pdf Graphic file (type pdf)
 <use SpatialVar_SK.pdf>
Package pdftex.def Info: SpatialVar_SK.pdf used on input line 432.
(pdftex.def)             Requested size: 253.22952pt x 134.40854pt.

Overfull \hbox (15.33582pt too wide) in paragraph at lines 432--432
 [][][] 
 []

<observedVSestimated_S2.pdf, id=249, 385.9417pt x 244.42336pt>
File: observedVSestimated_S2.pdf Graphic file (type pdf)

<use observedVSestimated_S2.pdf>
Package pdftex.def Info: observedVSestimated_S2.pdf used on input line 440.
(pdftex.def)             Requested size: 354.51978pt x 224.52162pt.


LaTeX Warning: No positions in optional float specifier.
               Default added (so using `tbp') on input line 445.


Underfull \hbox (badness 1132) in paragraph at lines 474--475
|   []   |   []   |   []   |   []   |   []   |   []   |   []
 []


Overfull \vbox (5.511pt too high) has occurred while \output is active []

 [9 <./LR_map.pdf> <./SK_map.pdf> <./SpatialVar_LR.pdf> <./SpatialVar_SK.pdf>]
<WSMBDist.pdf, id=382, 506.89375pt x 227.85126pt>
File: WSMBDist.pdf Graphic file (type pdf)
 <use WSMBDist.pdf>
Package pdftex.def Info: WSMBDist.pdf used on input line 494.
(pdftex.def)             Requested size: 481.13454pt x 216.27667pt.


LaTeX Warning: No positions in optional float specifier.
               Default added (so using `tbp') on input line 504.


Underfull \hbox (badness 1072) in paragraph at lines 519--520
|   []   |   []   |   []   |   []   |   []   |   []   |   []
 []


Underfull \hbox (badness 2050) in paragraph at lines 519--520
|   []   |   []   |   []   |   []   |   []   |   []   |   []   |   []   |   []
 []


Underfull \hbox (badness 3557) in paragraph at lines 519--520
|   []   |   []   |   []   |   []   |   []
 []


Underfull \vbox (badness 7362) has occurred while \output is active []


Underfull \hbox (badness 1490) in paragraph at lines 522--523
|   []   |   []   |   []   |   []   |   []   |   []   |   []   |   []
 []


Underfull \hbox (badness 4096) in paragraph at lines 522--523
|   []   |   []   |   []   |   []   |   []   |   []   |   []   |   []
 []


Underfull \hbox (badness 3343) in paragraph at lines 522--523
|   []   |   []   |   []   |   []   |   []   |   []
 []


Underfull \hbox (badness 2293) in paragraph at lines 522--523
|   []   |   []   |   []   |   []   |   []   |   []   |   []   |   []
 []

<BetaCoeffs.pdf, id=383, 244.915pt x 255.95625pt>
File: BetaCoeffs.pdf Graphic file (type pdf)
 <use BetaCoeffs.pdf>
Package pdftex.def Info: BetaCoeffs.pdf used on input line 535.
(pdftex.def)             Requested size: 202.58052pt x 211.71718pt.

Underfull \hbox (badness 1694) in paragraph at lines 536--536
|   []   |   []   |   []   |   []   |   []   |   []   |   []   |   []
 []


Package natbib Warning: Citation `Hagen1990' on page 10 undefined on input line
 548.


Package natbib Warning: Citation `Tveit1996' on page 10 undefined on input line
 548.


Underfull \hbox (badness 5446) in paragraph at lines 540--558
\OT1/lmr/m/n/9.5 averaged WB for Glaciers 2 and 13, while wind
 []


Underfull \hbox (badness 3364) in paragraph at lines 540--558
\OT1/lmr/m/n/9.5 re-dis-tri-bu-tion ($\OML/lmm/m/it/9.5 Sx$\OT1/lmr/m/n/9.5 ) i
s the most sig-nif-i-cant pre-dic-tor
 []


Underfull \hbox (badness 1308) in paragraph at lines 540--558
\OT1/lmr/m/n/9.5 WB is pos-i-tively cor-re-lated with el-e-va-tion where the
 []


Underfull \hbox (badness 1158) in paragraph at lines 540--558
\OT1/lmr/m/n/9.5 most sig-nif-i-cant pre-dic-tor of winter-balance data (e.g.
 []


Underfull \hbox (badness 10000) in paragraph at lines 540--558
|   []   |   []   |   []
 []


Underfull \hbox (badness 10000) in paragraph at lines 540--558
|   []   |   []   |   []   |   []   |   []   |   []   |   []   |   []
 []


Underfull \hbox (badness 3240) in paragraph at lines 540--558
|   []   |   []   |   []   |   []   |   []   |   []   |   []
 []


Underfull \hbox (badness 6412) in paragraph at lines 540--558
|   []   |   []   |   []   |   []   |   []   |   []
 []


Underfull \hbox (badness 10000) in paragraph at lines 540--558
|   []   |   []
 []


Underfull \hbox (badness 1735) in paragraph at lines 540--558
|   []   |   []   |   []   |   []   |   []   |   []   |   []   |   []   |   []
 []


Underfull \hbox (badness 10000) in paragraph at lines 540--558
|   []   |   []   |   []   |   []   |   []
 []


Underfull \hbox (badness 2762) in paragraph at lines 540--558
|   []   |   []   |   []   |   []   |   []   |   []
 []


Underfull \hbox (badness 7685) in paragraph at lines 540--558
|   []   |   []   |   []   |   []
 []


Underfull \hbox (badness 1365) in paragraph at lines 540--558
|   []   |   []   |   []   |   []   |   []   |   []
 []


Underfull \hbox (badness 4556) in paragraph at lines 540--558
|   []   |   []   |   []   |   []   |   []   |   []   |   []
 []


Underfull \hbox (badness 3907) in paragraph at lines 540--558
[]\OT1/lmr/m/n/9.5 highly vari-able dis-tri-bu-tions of snow []|   []   []at-tr
ibuted
 []


Underfull \hbox (badness 10000) in paragraph at lines 540--558
\OT1/lmr/m/n/9.5 to com-plex in-ter-ac-tions be-tween to-pog-ra-phy and
 []


Underfull \hbox (badness 7186) in paragraph at lines 540--558
\OT1/lmr/m/n/9.5 the at-mo-sphere that could not be eas-ily quan-ti-
 []


Overfull \hbox (35.96535pt too wide) in paragraph at lines 540--558
\OT1/lmr/m/n/9.5 fied[]|   []
 []


Underfull \hbox (badness 1303) in paragraph at lines 540--558
|   []   |   []   |   []   |   []   |   []   |   []
 []


Overfull \vbox (5.511pt too high) has occurred while \output is active []

 [10 <./observedVSestimated_S2.pdf>]
Underfull \hbox (badness 1308) in paragraph at lines 559--566
\OT1/lmr/m/n/9.5 cor-re-lated on Glaciers 2 and 13. []|   []   |   []
 []


Overfull \hbox (96.55417pt too wide) in paragraph at lines 559--566
|   []
 []


Underfull \hbox (badness 10000) in paragraph at lines 559--566
|   []   |   []   [][]|   []   |   []   |   []   |   []   |   []
 []


Underfull \hbox (badness 3471) in paragraph at lines 559--566
|   []   |   []   |   []   |   []   |   []   |   []   |   []
 []


Underfull \hbox (badness 1629) in paragraph at lines 559--566
|   []   |   []   |   []   |   []   |   []   |   []   |   []
 []


Underfull \hbox (badness 1337) in paragraph at lines 559--566
\OT1/lmr/m/n/9.5 with steep side walls, so spec-i-fy-ing a sin-gle car-di-nal
 []


Underfull \vbox (badness 10000) has occurred while \output is active []


Underfull \vbox (badness 10000) has occurred while \output is active []


Overfull \vbox (5.511pt too high) has occurred while \output is active []

 [11 <./WSMBDist.pdf>]
Underfull \hbox (badness 1297) in paragraph at lines 571--572
\OT1/lmr/m/n/9.5 correlation length, can provide insight into important
 []


Underfull \hbox (badness 1490) in paragraph at lines 584--589
|   []   |   []   |   []   |   []   |   []   |   []
 []


Underfull \hbox (badness 1184) in paragraph at lines 584--589
|   []   |   []   |   []   |   []   |   []   |   []   |   []
 []


Overfull \vbox (5.511pt too high) has occurred while \output is active []

 [12 <./BetaCoeffs.pdf>]
Underfull \hbox (badness 1072) in paragraph at lines 598--599
|   []   |   []   |   []   |   []   |   []   |   []   |   []
 []


Underfull \hbox (badness 2050) in paragraph at lines 598--599
|   []   |   []   |   []   |   []   |   []   |   []   |   []   |   []   |   []
 []


Underfull \hbox (badness 1742) in paragraph at lines 598--599
|   []   |   []   |   []   |   []   |   []   |   []   |   []
 []


Underfull \hbox (badness 1331) in paragraph at lines 659--660
\OT1/lmr/m/n/9.5 contributor to overall WB uncertainty. This result is
 []


Underfull \vbox (badness 2269) has occurred while \output is active []


Underfull \hbox (badness 1303) in paragraph at lines 661--663
[]|   []   |   []   |   []   |   []   |   []   |   []   |   []   |   []   |   [
]   |   []
 []


Underfull \hbox (badness 1490) in paragraph at lines 665--669
|   []   |   []   |   []   |   []   |   []   |   []   |   []   |   []
 []


Underfull \hbox (badness 4096) in paragraph at lines 665--669
|   []   |   []   |   []   |   []   |   []   |   []   |   []   |   []
 []


Underfull \hbox (badness 1297) in paragraph at lines 665--669
|   []   |   []   |   []   |   []   |   []   |   []   |   []
 []


Underfull \hbox (badness 2293) in paragraph at lines 665--669
|   []   |   []   |   []   |   []   |   []   |   []   |   []   |   []
 []


Underfull \hbox (badness 2310) in paragraph at lines 674--675
\OT1/lmr/m/n/9.5 Although we find considerable inter- and intra-basin
 []

<AccumGrad.pdf, id=428, 190.73323pt x 177.76808pt>
File: AccumGrad.pdf Graphic file (type pdf)
 <use AccumGrad.pdf>
Package pdftex.def Info: AccumGrad.pdf used on input line 678.
(pdftex.def)             Requested size: 177.26375pt x 165.22493pt.

Overfull \vbox (5.511pt too high) has occurred while \output is active []

 [13]
Underfull \hbox (badness 1038) in paragraph at lines 697--698
\OT1/lmr/m/n/9.5 de-pen-dence of to-po-graphic pa-ram-e-ters on DEMs, and
 []


Underfull \hbox (badness 1990) in paragraph at lines 707--708
\OT1/lmr/m/n/9.5 linear regression and simple kriging differ by up to
 []


Overfull \vbox (5.511pt too high) has occurred while \output is active []

 [14 <./AccumGrad.pdf>] (./Review_diff.bbl
Underfull \hbox (badness 1072) in paragraph at lines 8--11
[]\OT1/lmr/m/n/8.5 Anderton S, White S and Alvera B (2004) Evaluation of
 []


Underfull \hbox (badness 1527) in paragraph at lines 8--11
\OT1/lmr/m/n/8.5 spatial variability in snow water equivalent for a high
 []


Underfull \hbox (badness 2343) in paragraph at lines 13--18
\OT1/lmr/m/n/8.5 St Elias Mountains, Alaska, USA, using aircraft laser
 []


Underfull \hbox (badness 1221) in paragraph at lines 13--18
\OT1/lmr/m/n/8.5 altimetry. \OT1/lmr/m/it/8.5 Journal of Glaciology\OT1/lmr/m/n
/8.5 , \OT1/lmr/bx/n/8.5 54\OT1/lmr/m/n/8.5 (188), 778--787 (doi:
 []


Underfull \hbox (badness 1152) in paragraph at lines 44--47
[]\OT1/lmr/m/n/8.5 Burnham KP and An-der-son DR (2004) Mul-ti-model In-fer-
 []


Underfull \hbox (badness 1394) in paragraph at lines 44--47
\OT1/lmr/m/n/8.5 ence: Un-der-stand-ing AIC and BIC in Model Se-lec-tion.
 []


Underfull \hbox (badness 3168) in paragraph at lines 44--47
\OT1/lmr/m/it/8.5 So-ci-o-log-i-cal Meth-ods & Re-search\OT1/lmr/m/n/8.5 , \OT1
/lmr/bx/n/8.5 33\OT1/lmr/m/n/8.5 (2), 261--304 (doi:
 []


Underfull \hbox (badness 1931) in paragraph at lines 69--72
[]\OT1/lmr/m/n/8.5 Cogley J, Hock R, Rasmussen L, Arendt A, Bauder A,
 []


Underfull \hbox (badness 1215) in paragraph at lines 91--96
\OT1/lmr/m/n/8.5 Glacier, New Zealand, determined using a geostatistical
 []


Underfull \hbox (badness 1314) in paragraph at lines 91--96
\OT1/lmr/m/n/8.5 approach. \OT1/lmr/m/it/8.5 Journal of Glaciology\OT1/lmr/m/n/
8.5 , \OT1/lmr/bx/n/8.5 63\OT1/lmr/m/n/8.5 (238), 199--217 (doi:
 []


Overfull \vbox (5.511pt too high) has occurred while \output is active []

 [15]
Underfull \hbox (badness 10000) in paragraph at lines 135--139
\OT1/lmr/m/n/8.5 10.1002/(SICI)1099-1085(199808/09)12:10/111793::AID-
 []


Underfull \hbox (badness 2884) in paragraph at lines 158--161
[]\OT1/lmr/m/n/8.5 Garbrecht J and Martz L (1994) Grid size dependency
 []


Underfull \hbox (badness 2626) in paragraph at lines 158--161
\OT1/lmr/m/n/8.5 of parameters extracted from digital elevation models.
 []


Underfull \hbox (badness 4266) in paragraph at lines 195--198
\OT1/lmr/m/n/8.5 in Alaska. \OT1/lmr/m/it/8.5 An-nals of Glaciol-ogy\OT1/lmr/m/
n/8.5 , \OT1/lmr/bx/n/8.5 55\OT1/lmr/m/n/8.5 (67), 78--88 (doi:
 []


Underfull \hbox (badness 2409) in paragraph at lines 215--217
\OT1/lmr/m/it/8.5 for monitoring the mass balance of mountain glaciers\OT1/lmr/
m/n/8.5 .
 []


Underfull \hbox (badness 1454) in paragraph at lines 219--222
\OT1/lmr/m/it/8.5 Transactions in GIS\OT1/lmr/m/n/8.5 , \OT1/lmr/bx/n/8.5 8\OT1
/lmr/m/n/8.5 (1), 83--111 (doi: 10.1111/j.1467-
 []


Underfull \hbox (badness 1406) in paragraph at lines 237--241
\OT1/lmr/m/n/8.5 and Zappa M (2006) ALPINE3D: a detailed model of
 []


Underfull \hbox (badness 1173) in paragraph at lines 237--241
\OT1/lmr/m/n/8.5 mountain surface processes and its application to snow
 []


Underfull \vbox (badness 10000) has occurred while \output is active []


Overfull \vbox (5.511pt too high) has occurred while \output is active []

 [16]
Underfull \hbox (badness 1708) in paragraph at lines 286--289
[]\OT1/lmr/m/n/8.5 Madigan D and Raftery AE (1994) Model Selection and
 []


Underfull \hbox (badness 1466) in paragraph at lines 286--289
\OT1/lmr/m/n/8.5 Accounting for Model Uncertainty in Graphical Models
 []


Underfull \hbox (badness 3623) in paragraph at lines 343--346
[]\OT1/lmr/m/n/8.5 R^^Seveillet M, Vin-cent C, Six D and Ra-ba-tel A (2016)
 []


Underfull \hbox (badness 2065) in paragraph at lines 355--358
[]\OT1/lmr/m/n/8.5 Schneiderbauer S and Prokop A (2011) The atmospheric
 []


Underfull \hbox (badness 1616) in paragraph at lines 409--412
\OT1/lmr/m/it/8.5 distributions at Hellstugubreen and Gr^^Wasubreen, Norway\OT1
/lmr/m/n/8.5 .
 []


Underfull \hbox (badness 1975) in paragraph at lines 414--418
[]\OT1/lmr/m/n/8.5 Wetlaufer K, Hendrikx J and Marshall L (2016) Spatial
 []


Underfull \hbox (badness 1117) in paragraph at lines 425--429
[]\OT1/lmr/m/n/8.5 Wilson NJ, Flowers GE and Mingo L (2013) Comparison
 []


Underfull \hbox (badness 1194) in paragraph at lines 425--429
\OT1/lmr/m/n/8.5 of thermal structure and evolution between neighboring
 []


Underfull \hbox (badness 1377) in paragraph at lines 431--435
[]\OT1/lmr/m/n/8.5 Winstral A, Elder K and Davis RE (2002) Spatial snow
 []


Underfull \hbox (badness 1424) in paragraph at lines 431--435
\OT1/lmr/m/n/8.5 modeling of wind-redistributed snow using terrain-based
 []


Underfull \hbox (badness 2556) in paragraph at lines 437--440
[]\OT1/lmr/m/n/8.5 Winstral A, Marks D and Gur-ney R (2013) Sim-u-lat-ing
 []


Underfull \hbox (badness 3229) in paragraph at lines 437--440
\OT1/lmr/m/n/8.5 scales. \OT1/lmr/m/it/8.5 Ad-vances in Wa-ter Re-sources\OT1/l
mr/m/n/8.5 , \OT1/lmr/bx/n/8.5 55\OT1/lmr/m/n/8.5 , 64--79 (doi:
 []


Underfull \hbox (badness 3439) in paragraph at lines 442--445
\OT1/lmr/m/n/8.5 Sval-bard, in 1997. \OT1/lmr/m/it/8.5 Po-lar Re-search\OT1/lmr
/m/n/8.5 , \OT1/lmr/bx/n/8.5 17\OT1/lmr/m/n/8.5 , 155--164 (doi:
 []


Underfull \hbox (badness 1509) in paragraph at lines 447--451
[]\OT1/lmr/m/n/8.5 Woo MK and Marsh P (1978) Analysis of Error in the
 []


Underfull \hbox (badness 1102) in paragraph at lines 447--451
\OT1/lmr/m/it/8.5 Journal of Applied Meteorology\OT1/lmr/m/n/8.5 , \OT1/lmr/bx/
n/8.5 17\OT1/lmr/m/n/8.5 (10), 1537--1541 (doi:
 []


Underfull \vbox (badness 10000) has occurred while \output is active []


Overfull \vbox (5.511pt too high) has occurred while \output is active []

 [17])

Package natbib Warning: There were undefined citations.


Overfull \vbox (5.511pt too high) has occurred while \output is active []

 [18

]
(./Review_diff.aux)

LaTeX Font Warning: Size substitutions with differences
(Font)              up to 0.5pt have occurred.


LaTeX Warning: There were undefined references.


LaTeX Warning: Label(s) may have changed. Rerun to get cross-references right.

 ) 
Here is how much of TeX's memory you used:
 3891 strings out of 494501
 52690 string characters out of 6167030
 233395 words of memory out of 5000000
 7044 multiletter control sequences out of 15000+600000
 75532 words of font info for 74 fonts, out of 8000000 for 9000
 319 hyphenation exceptions out of 8191
 42i,17n,28p,2142b,441s stack positions out of 5000i,500n,10000p,200000b,80000s
{/usr/local/texlive/2015basic/texmf-dist/fonts/enc/dvips/lm/lm-rm.enc}{/usr/l
ocal/texlive/2015basic/texmf-dist/fonts/enc/dvips/lm/lm-mathsy.enc}{/usr/local/
texlive/2015basic/texmf-dist/fonts/enc/dvips/lm/lm-rmtt.enc}{/usr/local/texlive
/2015basic/texmf-dist/fonts/enc/dvips/lm/lm-mathit.enc}</usr/local/texlive/2015
basic/texmf-dist/fonts/type1/public/amsfonts/latxfont/lasy6.pfb></usr/local/tex
live/2015basic/texmf-dist/fonts/type1/public/lm/lmbx10.pfb></usr/local/texlive/
2015basic/texmf-dist/fonts/type1/public/lm/lmbx12.pfb></usr/local/texlive/2015b
asic/texmf-dist/fonts/type1/public/lm/lmbx8.pfb></usr/local/texlive/2015basic/t
exmf-dist/fonts/type1/public/lm/lmbx9.pfb></usr/local/texlive/2015basic/texmf-d
ist/fonts/type1/public/lm/lmmi10.pfb></usr/local/texlive/2015basic/texmf-dist/f
onts/type1/public/lm/lmmi6.pfb></usr/local/texlive/2015basic/texmf-dist/fonts/t
ype1/public/lm/lmmi7.pfb></usr/local/texlive/2015basic/texmf-dist/fonts/type1/p
ublic/lm/lmmi8.pfb></usr/local/texlive/2015basic/texmf-dist/fonts/type1/public/
lm/lmmi9.pfb></usr/local/texlive/2015basic/texmf-dist/fonts/type1/public/lm/lmr
10.pfb></usr/local/texlive/2015basic/texmf-dist/fonts/type1/public/lm/lmr12.pfb
></usr/local/texlive/2015basic/texmf-dist/fonts/type1/public/lm/lmr6.pfb></usr/
local/texlive/2015basic/texmf-dist/fonts/type1/public/lm/lmr7.pfb></usr/local/t
exlive/2015basic/texmf-dist/fonts/type1/public/lm/lmr8.pfb></usr/local/texlive/
2015basic/texmf-dist/fonts/type1/public/lm/lmr9.pfb></usr/local/texlive/2015bas
ic/texmf-dist/fonts/type1/public/lm/lmri10.pfb></usr/local/texlive/2015basic/te
xmf-dist/fonts/type1/public/lm/lmri8.pfb></usr/local/texlive/2015basic/texmf-di
st/fonts/type1/public/lm/lmri9.pfb></usr/local/texlive/2015basic/texmf-dist/fon
ts/type1/public/lm/lmsy10.pfb></usr/local/texlive/2015basic/texmf-dist/fonts/ty
pe1/public/lm/lmsy6.pfb></usr/local/texlive/2015basic/texmf-dist/fonts/type1/pu
blic/lm/lmsy7.pfb></usr/local/texlive/2015basic/texmf-dist/fonts/type1/public/l
m/lmsy8.pfb></usr/local/texlive/2015basic/texmf-dist/fonts/type1/public/lm/lmsy
9.pfb></usr/local/texlive/2015basic/texmf-dist/fonts/type1/public/lm/lmtt10.pfb
></usr/local/texlive/2015basic/texmf-dist/fonts/type1/public/amsfonts/symbols/m
sam10.pfb>
Output written on Review_diff.pdf (18 pages, 3073429 bytes).
PDF statistics:
 550 PDF objects out of 1000 (max. 8388607)
 412 compressed objects within 5 object streams
 0 named destinations out of 1000 (max. 500000)
 56 words of extra memory for PDF output out of 10000 (max. 10000000)

