This is pdfTeX, Version 3.14159265-2.6-1.40.16 (TeX Live 2015/Debian) (preloaded format=pdflatex 2017.8.25)  30 AUG 2017 17:25
entering extended mode
 restricted \write18 enabled.
 %&-line parsing enabled.
**WinterBalance.tex
(./WinterBalance.tex
LaTeX2e <2016/02/01>
Babel <3.9q> and hyphenation patterns for 81 language(s) loaded.
(./igs.cls
Document Class: igs 2015/09/03 v4.00 IGS document class

LaTeX Font Warning: Font shape `OT1/cmr/m/n' in size <9.5> not available
(Font)              size <9> substituted on input line 460.

\c@part=\count79
\c@section=\count80
\c@subsection=\count81
\c@subsubsection=\count82
\c@paragraph=\count83
\c@subparagraph=\count84
\c@figure=\count85
\c@table=\count86
\abovecaptionskip=\skip41
\belowcaptionskip=\skip42
\bibindent=\dimen102
\c@dummy=\count87
) (./igsnatbib.sty
Package: igsnatbib 2008/01/18 v1.00 IGS version of natbib.sty
\bibhang=\skip43
\bibsep=\skip44
LaTeX Info: Redefining \cite on input line 521.
\c@NAT@ctr=\count88
) (./lmodern.sty
Package: lmodern 2009/10/30 v1.6 Latin Modern Fonts
LaTeX Font Info:    Overwriting symbol font `operators' in version `normal'
(Font)                  OT1/cmr/m/n --> OT1/lmr/m/n on input line 22.
LaTeX Font Info:    Overwriting symbol font `letters' in version `normal'
(Font)                  OML/cmm/m/it --> OML/lmm/m/it on input line 23.
LaTeX Font Info:    Overwriting symbol font `symbols' in version `normal'
(Font)                  OMS/cmsy/m/n --> OMS/lmsy/m/n on input line 24.
LaTeX Font Info:    Overwriting symbol font `largesymbols' in version `normal'
(Font)                  OMX/cmex/m/n --> OMX/lmex/m/n on input line 25.
LaTeX Font Info:    Overwriting symbol font `operators' in version `bold'
(Font)                  OT1/cmr/bx/n --> OT1/lmr/bx/n on input line 26.
LaTeX Font Info:    Overwriting symbol font `letters' in version `bold'
(Font)                  OML/cmm/b/it --> OML/lmm/b/it on input line 27.
LaTeX Font Info:    Overwriting symbol font `symbols' in version `bold'
(Font)                  OMS/cmsy/b/n --> OMS/lmsy/b/n on input line 28.
LaTeX Font Info:    Overwriting symbol font `largesymbols' in version `bold'
(Font)                  OMX/cmex/m/n --> OMX/lmex/m/n on input line 29.
LaTeX Font Info:    Overwriting math alphabet `\mathbf' in version `normal'
(Font)                  OT1/cmr/bx/n --> OT1/lmr/bx/n on input line 31.
LaTeX Font Info:    Overwriting math alphabet `\mathsf' in version `normal'
(Font)                  OT1/cmss/m/n --> OT1/lmss/m/n on input line 32.
LaTeX Font Info:    Overwriting math alphabet `\mathit' in version `normal'
(Font)                  OT1/cmr/m/it --> OT1/lmr/m/it on input line 33.
LaTeX Font Info:    Overwriting math alphabet `\mathtt' in version `normal'
(Font)                  OT1/cmtt/m/n --> OT1/lmtt/m/n on input line 34.
LaTeX Font Info:    Overwriting math alphabet `\mathbf' in version `bold'
(Font)                  OT1/cmr/bx/n --> OT1/lmr/bx/n on input line 35.
LaTeX Font Info:    Overwriting math alphabet `\mathsf' in version `bold'
(Font)                  OT1/cmss/bx/n --> OT1/lmss/bx/n on input line 36.
LaTeX Font Info:    Overwriting math alphabet `\mathit' in version `bold'
(Font)                  OT1/cmr/bx/it --> OT1/lmr/bx/it on input line 37.
LaTeX Font Info:    Overwriting math alphabet `\mathtt' in version `bold'
(Font)                  OT1/cmtt/m/n --> OT1/lmtt/m/n on input line 38.
)
(/usr/share/texlive/texmf-dist/tex/latex/amsmath/amsmath.sty
Package: amsmath 2016/03/03 v2.15a AMS math features
\@mathmargin=\skip45

For additional information on amsmath, use the `?' option.
(/usr/share/texlive/texmf-dist/tex/latex/amsmath/amstext.sty
Package: amstext 2000/06/29 v2.01 AMS text
 (./amsgen.sty
File: amsgen.sty 1999/11/30 v2.0
\@emptytoks=\toks14
\ex@=\dimen103
))
(./amsbsy.sty
Package: amsbsy 1999/11/29 v1.2d
\pmbraise@=\dimen104
) (/usr/share/texlive/texmf-dist/tex/latex/amsmath/amsopn.sty
Package: amsopn 1999/12/14 v2.01 operator names
)
\inf@bad=\count89
LaTeX Info: Redefining \frac on input line 199.
\uproot@=\count90
\leftroot@=\count91
LaTeX Info: Redefining \overline on input line 297.
\classnum@=\count92
\DOTSCASE@=\count93
LaTeX Info: Redefining \ldots on input line 394.
LaTeX Info: Redefining \dots on input line 397.
LaTeX Info: Redefining \cdots on input line 518.
\Mathstrutbox@=\box26
\strutbox@=\box27
\big@size=\dimen105
LaTeX Font Info:    Redeclaring font encoding OML on input line 630.
LaTeX Font Info:    Redeclaring font encoding OMS on input line 631.
\macc@depth=\count94
\c@MaxMatrixCols=\count95
\dotsspace@=\muskip10
\c@parentequation=\count96
\dspbrk@lvl=\count97
\tag@help=\toks15
\row@=\count98
\column@=\count99
\maxfields@=\count100
\andhelp@=\toks16
\eqnshift@=\dimen106
\alignsep@=\dimen107
\tagshift@=\dimen108
\tagwidth@=\dimen109
\totwidth@=\dimen110
\lineht@=\dimen111
\@envbody=\toks17
\multlinegap=\skip46
\multlinetaggap=\skip47
\mathdisplay@stack=\toks18
LaTeX Info: Redefining \[ on input line 2735.
LaTeX Info: Redefining \] on input line 2736.
)
(./amssymb.sty
Package: amssymb 2009/06/22 v3.00
 (./amsfonts.sty
Package: amsfonts 2009/06/22 v3.00 Basic AMSFonts support
\symAMSa=\mathgroup4
\symAMSb=\mathgroup5
LaTeX Font Info:    Overwriting math alphabet `\mathfrak' in version `bold'
(Font)                  U/euf/m/n --> U/euf/b/n on input line 96.
))
(/usr/share/texlive/texmf-dist/tex/latex/amscls/amsthm.sty
Package: amsthm 2015/03/04 v2.20.2
\thm@style=\toks19
\thm@bodyfont=\toks20
\thm@headfont=\toks21
\thm@notefont=\toks22
\thm@headpunct=\toks23
\thm@preskip=\skip48
\thm@postskip=\skip49
\thm@headsep=\skip50
\dth@everypar=\toks24
)
(/usr/share/texlive/texmf-dist/tex/latex/wrapfig/wrapfig.sty
\wrapoverhang=\dimen112
\WF@size=\dimen113
\c@WF@wrappedlines=\count101
\WF@box=\box28
\WF@everypar=\toks25
Package: wrapfig 2003/01/31  v 3.6
)
(/usr/share/texlive/texmf-dist/tex/latex/enumitem/enumitem.sty
Package: enumitem 2011/09/28 v3.5.2 Customized lists
\enitkv@toks@=\toks26
\labelindent=\skip51
\enit@outerparindent=\dimen114
\enit@toks=\toks27
\enit@inbox=\box29
\enitdp@description=\count102
)
(/usr/share/texlive/texmf-dist/tex/latex/multirow/multirow.sty
\bigstrutjot=\dimen115
)
(/usr/share/texlive/texmf-dist/tex/latex/tools/tabularx.sty
Package: tabularx 2014/10/28 v2.10 `tabularx' package (DPC)

(/usr/share/texlive/texmf-dist/tex/latex/tools/array.sty
Package: array 2014/10/28 v2.4c Tabular extension package (FMi)
\col@sep=\dimen116
\extrarowheight=\dimen117
\NC@list=\toks28
\extratabsurround=\skip52
\backup@length=\skip53
)
\TX@col@width=\dimen118
\TX@old@table=\dimen119
\TX@old@col=\dimen120
\TX@target=\dimen121
\TX@delta=\dimen122
\TX@cols=\count103
\TX@ftn=\toks29
)
(/usr/share/texlive/texmf-dist/tex/latex/booktabs/booktabs.sty
Package: booktabs 2005/04/14 v1.61803 publication quality tables
\heavyrulewidth=\dimen123
\lightrulewidth=\dimen124
\cmidrulewidth=\dimen125
\belowrulesep=\dimen126
\belowbottomsep=\dimen127
\aboverulesep=\dimen128
\abovetopsep=\dimen129
\cmidrulesep=\dimen130
\cmidrulekern=\dimen131
\defaultaddspace=\dimen132
\@cmidla=\count104
\@cmidlb=\count105
\@aboverulesep=\dimen133
\@belowrulesep=\dimen134
\@thisruleclass=\count106
\@lastruleclass=\count107
\@thisrulewidth=\dimen135
)
(/usr/share/texlive/texmf-dist/tex/latex/graphics/lscape.sty
Package: lscape 2000/10/22 v3.01 Landscape Pages (DPC)

(/usr/share/texlive/texmf-dist/tex/latex/graphics/graphics.sty
Package: graphics 2016/01/03 v1.0q Standard LaTeX Graphics (DPC,SPQR)

(/usr/share/texlive/texmf-dist/tex/latex/graphics/trig.sty
Package: trig 2016/01/03 v1.10 sin cos tan (DPC)
)
(/usr/share/texlive/texmf-dist/tex/latex/latexconfig/graphics.cfg
File: graphics.cfg 2010/04/23 v1.9 graphics configuration of TeX Live
)
Package graphics Info: Driver file: pdftex.def on input line 95.

(/usr/share/texlive/texmf-dist/tex/latex/pdftex-def/pdftex.def
File: pdftex.def 2011/05/27 v0.06d Graphics/color for pdfTeX

(/usr/share/texlive/texmf-dist/tex/generic/oberdiek/infwarerr.sty
Package: infwarerr 2010/04/08 v1.3 Providing info/warning/error messages (HO)
)
(/usr/share/texlive/texmf-dist/tex/generic/oberdiek/ltxcmds.sty
Package: ltxcmds 2011/11/09 v1.22 LaTeX kernel commands for general use (HO)
)
\Gread@gobject=\count108
)))
(/usr/share/texlive/texmf-dist/tex/latex/graphics/color.sty
Package: color 2016/01/03 v1.1b Standard LaTeX Color (DPC)

(/usr/share/texlive/texmf-dist/tex/latex/latexconfig/color.cfg
File: color.cfg 2007/01/18 v1.5 color configuration of teTeX/TeXLive
)
Package color Info: Driver file: pdftex.def on input line 143.
)
(./graphicx.sty
Package: graphicx 2014/10/28 v1.0g Enhanced LaTeX Graphics (DPC,SPQR)
 (/usr/share/texlive/texmf-dist/tex/latex/graphics/keyval.sty
Package: keyval 2014/10/28 v1.15 key=value parser (DPC)
\KV@toks@=\toks30
)
\Gin@req@height=\dimen136
\Gin@req@width=\dimen137
)
(/usr/share/texlive/texmf-dist/tex/latex/oberdiek/epstopdf.sty
Package: epstopdf 2010/02/09 v2.5 Conversion with epstopdf on the fly (HO)

(/usr/share/texlive/texmf-dist/tex/latex/oberdiek/epstopdf-base.sty
Package: epstopdf-base 2010/02/09 v2.5 Base part for package epstopdf

(/usr/share/texlive/texmf-dist/tex/latex/oberdiek/grfext.sty
Package: grfext 2010/08/19 v1.1 Manage graphics extensions (HO)

(/usr/share/texlive/texmf-dist/tex/generic/oberdiek/kvdefinekeys.sty
Package: kvdefinekeys 2011/04/07 v1.3 Define keys (HO)
))
(/usr/share/texlive/texmf-dist/tex/latex/oberdiek/kvoptions.sty
Package: kvoptions 2011/06/30 v3.11 Key value format for package options (HO)

(/usr/share/texlive/texmf-dist/tex/generic/oberdiek/kvsetkeys.sty
Package: kvsetkeys 2012/04/25 v1.16 Key value parser (HO)

(/usr/share/texlive/texmf-dist/tex/generic/oberdiek/etexcmds.sty
Package: etexcmds 2011/02/16 v1.5 Avoid name clashes with e-TeX commands (HO)

(/usr/share/texlive/texmf-dist/tex/generic/oberdiek/ifluatex.sty
Package: ifluatex 2010/03/01 v1.3 Provides the ifluatex switch (HO)
Package ifluatex Info: LuaTeX not detected.
)
Package etexcmds Info: Could not find \expanded.
(etexcmds)             That can mean that you are not using pdfTeX 1.50 or
(etexcmds)             that some package has redefined \expanded.
(etexcmds)             In the latter case, load this package earlier.
)))
(/usr/share/texlive/texmf-dist/tex/generic/oberdiek/pdftexcmds.sty
Package: pdftexcmds 2011/11/29 v0.20 Utility functions of pdfTeX for LuaTeX (HO
)

(/usr/share/texlive/texmf-dist/tex/generic/oberdiek/ifpdf.sty
Package: ifpdf 2011/01/30 v2.3 Provides the ifpdf switch (HO)
Package ifpdf Info: pdfTeX in PDF mode is detected.
)
Package pdftexcmds Info: LuaTeX not detected.
Package pdftexcmds Info: \pdf@primitive is available.
Package pdftexcmds Info: \pdf@ifprimitive is available.
Package pdftexcmds Info: \pdfdraftmode found.
)
Package grfext Info: Graphics extension search list:
(grfext)             [.png,.pdf,.jpg,.mps,.jpeg,.jbig2,.jb2,.PNG,.PDF,.JPG,.JPE
G,.JBIG2,.JB2,.eps]
(grfext)             \AppendGraphicsExtensions on input line 452.

(/usr/share/texlive/texmf-dist/tex/latex/latexconfig/epstopdf-sys.cfg
File: epstopdf-sys.cfg 2010/07/13 v1.3 Configuration of (r)epstopdf for TeX Liv
e
)))
(./WinterBalance.aux)
\openout1 = `WinterBalance.aux'.

LaTeX Font Info:    Checking defaults for OML/cmm/m/it on input line 37.
LaTeX Font Info:    ... okay on input line 37.
LaTeX Font Info:    Checking defaults for T1/cmr/m/n on input line 37.
LaTeX Font Info:    ... okay on input line 37.
LaTeX Font Info:    Checking defaults for OT1/cmr/m/n on input line 37.
LaTeX Font Info:    ... okay on input line 37.
LaTeX Font Info:    Checking defaults for OMS/cmsy/m/n on input line 37.
LaTeX Font Info:    ... okay on input line 37.
LaTeX Font Info:    Checking defaults for OMX/cmex/m/n on input line 37.
LaTeX Font Info:    ... okay on input line 37.
LaTeX Font Info:    Checking defaults for U/cmr/m/n on input line 37.
LaTeX Font Info:    ... okay on input line 37.
LaTeX Font Info:    Try loading font information for OT1+lmr on input line 37.
 (/usr/share/texmf/tex/latex/lm/ot1lmr.fd
File: ot1lmr.fd 2009/10/30 v1.6 Font defs for Latin Modern
)


Found AMS Euler Roman fonts on the system, using the 'igsupmath' package.

(./igsupmath.sty
Package: igsupmath 2007/11/09 v1.00 IGS LaTeX2e package
\c@mv@upright=\count109
\c@mv@boldupright=\count110
LaTeX Font Info:    Overwriting symbol font `letters' in version `upright'
(Font)                  OML/cmm/m/it --> OML/eur/m/n on input line 37.
LaTeX Font Info:    Overwriting symbol font `letters' in version `boldupright'
(Font)                  OML/cmm/m/it --> OML/eur/b/n on input line 38.
)


Found AMS Symbol fonts on the system, using the 'amssymb' package.


Found the 'amsbsy' package on the system, using it.

(/usr/share/texlive/texmf-dist/tex/context/base/supp-pdf.mkii
[Loading MPS to PDF converter (version 2006.09.02).]
\scratchcounter=\count111
\scratchdimen=\dimen138
\scratchbox=\box30
\nofMPsegments=\count112
\nofMParguments=\count113
\everyMPshowfont=\toks31
\MPscratchCnt=\count114
\MPscratchDim=\dimen139
\MPnumerator=\count115
\makeMPintoPDFobject=\count116
\everyMPtoPDFconversion=\toks32
)
LaTeX Font Info:    Try loading font information for OML+lmm on input line 57.
 (/usr/share/texmf/tex/latex/lm/omllmm.fd
File: omllmm.fd 2009/10/30 v1.6 Font defs for Latin Modern
)
LaTeX Font Info:    Try loading font information for OMS+lmsy on input line 57.


(/usr/share/texmf/tex/latex/lm/omslmsy.fd
File: omslmsy.fd 2009/10/30 v1.6 Font defs for Latin Modern
)
LaTeX Font Info:    Try loading font information for OMX+lmex on input line 57.


(/usr/share/texmf/tex/latex/lm/omxlmex.fd
File: omxlmex.fd 2009/10/30 v1.6 Font defs for Latin Modern
)
LaTeX Font Info:    External font `lmex10' loaded for size
(Font)              <13.5> on input line 57.
LaTeX Font Info:    External font `lmex10' loaded for size
(Font)              <10> on input line 57.
LaTeX Font Info:    External font `lmex10' loaded for size
(Font)              <7> on input line 57.
LaTeX Font Info:    Try loading font information for U+msa on input line 57.

(/usr/share/texlive/texmf-dist/tex/latex/amsfonts/umsa.fd
File: umsa.fd 2013/01/14 v3.01 AMS symbols A
)
LaTeX Font Info:    Try loading font information for U+msb on input line 57.

(/usr/share/texlive/texmf-dist/tex/latex/amsfonts/umsb.fd
File: umsb.fd 2013/01/14 v3.01 AMS symbols B
)
LaTeX Font Info:    External font `lmex10' loaded for size
(Font)              <9.5> on input line 57.
LaTeX Font Info:    External font `lmex10' loaded for size
(Font)              <5> on input line 57.

Underfull \hbox (badness 1242) in paragraph at lines 69--70
\OT1/lmr/m/n/9.5 Snow distribution in alpine regions is highly variable
 []


Underfull \hbox (badness 2150) in paragraph at lines 69--70
\OT1/lmr/m/n/9.5 others, 2004; Egli and others, 2011; Gr^^?unewald and
 []


Underfull \hbox (badness 1803) in paragraph at lines 69--70
\OT1/lmr/m/n/9.5 of models to represent current and projected glacier
 []


Underfull \vbox (badness 10000) has occurred while \output is active []


Underfull \vbox (badness 10000) has occurred while \output is active []


Overfull \vbox (5.511pt too high) has occurred while \output is active []

 [1{/var/lib/texmf/fonts/map/pdftex/updmap/pdftex.map}


]
Underfull \hbox (badness 1681) in paragraph at lines 75--76
\OT1/lmr/m/n/9.5 magnitude and assess their combined contribution to
 []

<Sampling.pdf, id=14, 669.50125pt x 413.545pt>
File: Sampling.pdf Graphic file (type pdf)
 <use Sampling.pdf>
Package pdftex.def Info: Sampling.pdf used on input line 83.
(pdftex.def)             Requested size: 455.81004pt x 281.56024pt.


Package natbib Warning: Citation `Waechter2015' on page 2 undefined on input li
ne 90.


Underfull \hbox (badness 1342) in paragraph at lines 90--91
\OT1/lmr/m/n/9.5 The St. Elias Moun-tains (Fig. 1[]a) rise sharply from
 []


LaTeX Warning: No positions in optional float specifier.
               Default added (so using `tbp') on input line 95.

LaTeX Font Info:    External font `lmex10' loaded for size
(Font)              <8.5> on input line 97.
LaTeX Font Info:    External font `lmex10' loaded for size
(Font)              <8> on input line 99.
LaTeX Font Info:    External font `lmex10' loaded for size
(Font)              <6> on input line 99.

Underfull \hbox (badness 1014) in paragraph at lines 116--117
\OT1/lmr/m/n/9.5 steps. (1) Ob-tain di-rect mea-sure-ments of snow depth
 []


Overfull \vbox (5.1555pt too high) has occurred while \output is active []


[2]
Underfull \hbox (badness 1783) in paragraph at lines 126--127
\OT1/lmr/m/n/9.5 Survey Bulletin and Water Supply Forecast, May 1,
 []


Underfull \vbox (badness 5359) has occurred while \output is active []


Overfull \vbox (5.1555pt too high) has occurred while \output is active []


[3 <./Sampling.pdf>]
Underfull \hbox (badness 1215) in paragraph at lines 140--141
\OT1/lmr/m/n/9.5 ac-cu-mu-la-tion mea-sured at one lo-ca-tion on Glacier 2.
 []


Underfull \vbox (badness 1147) has occurred while \output is active []


Overfull \hbox (2.03723pt too wide) in paragraph at lines 150--163
 [][] 
 []


Underfull \hbox (badness 1824) in paragraph at lines 168--169
\OT1/lmr/m/n/9.5 We average one to six (mean of 2.1 measurements)
 []


Overfull \vbox (5.1555pt too high) has occurred while \output is active []


[4]
Underfull \hbox (badness 1389) in paragraph at lines 176--177
\OT1/lmr/m/n/9.5 cross-validation is used to obtain a set of $\OML/lmm/m/it/9.5
 ^^L[]$ \OT1/lmr/m/n/9.5 values
 []


Underfull \hbox (badness 1348) in paragraph at lines 176--177
\OT1/lmr/m/n/9.5 fit the LR and use the remaining data (1/3 of the
 []


Underfull \hbox (badness 1596) in paragraph at lines 176--177
\OT1/lmr/m/n/9.5 (Kohavi and others, 1995).[]From the 1000 sets of $\OML/lmm/m/
it/9.5 ^^L[]$
 []


Underfull \hbox (badness 1142) in paragraph at lines 176--177
\OT1/lmr/m/n/9.5 Information Criterion (BIC) (Burnham and Anderson,
 []

LaTeX Font Info:    Try loading font information for OT1+lmtt on input line 180
.
(/usr/share/texmf/tex/latex/lm/ot1lmtt.fd
File: ot1lmtt.fd 2009/10/30 v1.6 Font defs for Latin Modern
)
Underfull \hbox (badness 1024) in paragraph at lines 180--181
\OT1/lmr/m/n/9.5 package (Roustant and others, 2012) to calculate the
 []


Underfull \hbox (badness 1231) in paragraph at lines 185--186
\OT1/lmr/m/n/9.5 WB we conduct a Monte Carlo analysis, which uses
 []


Underfull \hbox (badness 1442) in paragraph at lines 185--186
\OT1/lmr/m/n/9.5 1949). We repeat the random sampling process 1000
 []


Underfull \hbox (badness 1424) in paragraph at lines 185--186
\OT1/lmr/m/n/9.5 wide WB based on uncertainties associated with the
 []


Underfull \hbox (badness 1286) in paragraph at lines 185--186
\OT1/lmr/m/n/9.5 are considered separately: the uncertainty due to [](1)
 []

LaTeX Font Info:    External font `lmex10' loaded for size
(Font)              <10.5> on input line 187.

Underfull \hbox (badness 2818) in paragraph at lines 188--189
\OT1/lmr/m/n/9.5 scale uncertainty so we assume the same grid-scale
 []


Overfull \vbox (5.1555pt too high) has occurred while \output is active []


[5]
Underfull \hbox (badness 1412) in paragraph at lines 194--195
\OT1/lmr/m/n/9.5 We represent the uncertainty due to interpolation of
 []


Underfull \hbox (badness 1102) in paragraph at lines 194--195
\OT1/lmr/m/n/9.5 are randomly sampled and used to calculate gridcell-
 []


Underfull \hbox (badness 2103) in paragraph at lines 196--197
[]\OT1/lmr/m/n/9.5 SK interpolation uncertainty is represented by the
 []

<DepthBoxplot_SPvsFS.pdf, id=65, 194.17218pt x 364.87495pt>
File: DepthBoxplot_SPvsFS.pdf Graphic file (type pdf)

<use DepthBoxplot_SPvsFS.pdf>
Package pdftex.def Info: DepthBoxplot_SPvsFS.pdf used on input line 209.
(pdftex.def)             Requested size: 177.26375pt x 333.12796pt.

Underfull \hbox (badness 1502) in paragraph at lines 210--210
\OT1/lmr/m/n/8.5 measured snow depth on Glaciers 4, 2 and 13 with the
 []


Underfull \hbox (badness 2181) in paragraph at lines 210--210
\OT1/lmr/m/n/8.5 which are defined as being outside of the range of 1.5
 []

<ZigzagHistogram.pdf, id=66, 506.89375pt x 170.6375pt>
File: ZigzagHistogram.pdf Graphic file (type pdf)

<use ZigzagHistogram.pdf>
Package pdftex.def Info: ZigzagHistogram.pdf used on input line 216.
(pdftex.def)             Requested size: 481.13454pt x 161.9693pt.

Overfull \vbox (5.1555pt too high) has occurred while \output is active []


[6 <./DepthBoxplot_SPvsFS.pdf>]
Underfull \hbox (badness 1038) in paragraph at lines 228--229
\OT1/lmr/m/n/9.5 Sampler measurements would not be expected at the
 []


LaTeX Warning: Reference `tab:Density' on page 7 undefined on input line 232.


Underfull \vbox (badness 3590) has occurred while \output is active []


Underfull \hbox (badness 1742) in paragraph at lines 236--237
\OT1/lmr/m/n/9.5 ($\OMS/lmsy/m/n/9.5 ^^X$\OT1/lmr/m/n/9.5 10 times greater than
 zigzag standard deviations).[]
 []

<LR_map.pdf, id=90, 352.11568pt x 192.21915pt>
File: LR_map.pdf Graphic file (type pdf)
 <use LR_map.pdf>
Package pdftex.def Info: LR_map.pdf used on input line 240.
(pdftex.def)             Requested size: 253.22952pt x 138.23929pt.

Overfull \hbox (8.53583pt too wide) in paragraph at lines 240--240
 [][] 
 []

<SK_map.pdf, id=91, 351.57652pt x 191.36722pt>
File: SK_map.pdf Graphic file (type pdf)
 <use SK_map.pdf>
Package pdftex.def Info: SK_map.pdf used on input line 241.
(pdftex.def)             Requested size: 253.22952pt x 137.83977pt.

Overfull \hbox (8.53583pt too wide) in paragraph at lines 241--241
 [][] 
 []

<BetaCoeffs.pdf, id=92, 244.915pt x 227.85126pt>
File: BetaCoeffs.pdf Graphic file (type pdf)
 <use BetaCoeffs.pdf>
Package pdftex.def Info: BetaCoeffs.pdf used on input line 249.
(pdftex.def)             Requested size: 202.58052pt x 188.46982pt.

Underfull \hbox (badness 1694) in paragraph at lines 250--250
\OT1/lmr/m/n/8.5 so values can be compared across parameters. Regression
 []


LaTeX Warning: No positions in optional float specifier.
               Default added (so using `tbp') on input line 257.

<observedVSestimated_S2.pdf, id=93, 506.89375pt x 284.06125pt>
File: observedVSestimated_S2.pdf Graphic file (type pdf)

<use observedVSestimated_S2.pdf>
Package pdftex.def Info: observedVSestimated_S2.pdf used on input line 272.
(pdftex.def)             Requested size: 354.51978pt x 198.67679pt.

<SpatialVar_LR.pdf, id=94, 354.46527pt x 185.82379pt>
File: SpatialVar_LR.pdf Graphic file (type pdf)
 <use SpatialVar_LR.pdf>
Package pdftex.def Info: SpatialVar_LR.pdf used on input line 279.
(pdftex.def)             Requested size: 253.22952pt x 132.75525pt.

Overfull \hbox (8.53583pt too wide) in paragraph at lines 279--279
 [][] 
 []

<SpatialVar_SK.pdf, id=95, 350.90016pt x 186.24844pt>
File: SpatialVar_SK.pdf Graphic file (type pdf)
 <use SpatialVar_SK.pdf>
Package pdftex.def Info: SpatialVar_SK.pdf used on input line 280.
(pdftex.def)             Requested size: 253.22952pt x 134.40854pt.

Overfull \hbox (8.53583pt too wide) in paragraph at lines 280--280
 [][] 
 []


Overfull \vbox (5.1555pt too high) has occurred while \output is active []


[7 <./ZigzagHistogram.pdf>]
Underfull \hbox (badness 1406) in paragraph at lines 289--290
\OT1/lmr/m/n/9.5 such losses, as well as redistribution and preferential
 []


Overfull \vbox (5.1555pt too high) has occurred while \output is active []


[8 <./LR_map.pdf> <./SK_map.pdf> <./BetaCoeffs.pdf>]
Underfull \hbox (badness 1067) in paragraph at lines 291--292
\OT1/lmr/m/n/9.5 error is large (0.20mw.e.). []Our results are consistent
 []


Underfull \vbox (badness 2435) has occurred while \output is active []


Overfull \vbox (5.1555pt too high) has occurred while \output is active []


[9 <./observedVSestimated_S2.pdf> <./SpatialVar_LR.pdf> <./SpatialVar_SK.pdf>]
<WSMBDist.pdf, id=441, 506.89375pt x 227.85126pt>
File: WSMBDist.pdf Graphic file (type pdf)
 <use WSMBDist.pdf>
Package pdftex.def Info: WSMBDist.pdf used on input line 303.
(pdftex.def)             Requested size: 481.13454pt x 216.27667pt.

Underfull \hbox (badness 1072) in paragraph at lines 310--311
\OT1/lmr/m/n/9.5 Glacier-wide winter balance is affected by uncertainty
 []


Underfull \hbox (badness 1024) in paragraph at lines 310--311
\OT1/lmr/m/n/9.5 introduced when by the []representativeness of gridcell-
 []


LaTeX Warning: No positions in optional float specifier.
               Default added (so using `tbp') on input line 312.


Underfull \hbox (badness 1331) in paragraph at lines 325--326
\OT1/lmr/m/n/9.5 contributor to overall WB uncertainty. This result is
 []


Underfull \hbox (badness 1137) in paragraph at lines 327--328
\OT1/lmr/m/n/9.5 to be encompassed by the sources investigated or to
 []


Underfull \hbox (badness 2310) in paragraph at lines 334--335
\OT1/lmr/m/n/9.5 Although we find considerable inter- and intra-basin
 []


Underfull \hbox (badness 1540) in paragraph at lines 334--335
\OT1/lmr/m/n/9.5 into regional-scale patterns of winter balance can be
 []

<AccumGrad.pdf, id=442, 190.73323pt x 177.76808pt>
File: AccumGrad.pdf Graphic file (type pdf)
 <use AccumGrad.pdf>
Package pdftex.def Info: AccumGrad.pdf used on input line 338.
(pdftex.def)             Requested size: 177.26375pt x 165.22493pt.

Underfull \hbox (badness 1117) in paragraph at lines 339--339
\OT1/lmr/m/n/8.5 Point-scale values of WB from snow-pit data reported by
 []


Overfull \vbox (5.1555pt too high) has occurred while \output is active []


[10]
Underfull \hbox (badness 2035) in paragraph at lines 352--353
[]\OT1/lmr/m/n/9.5 There is an obvious lack of measurements in the
 []


Underfull \hbox (badness 1442) in paragraph at lines 354--355
\OT1/lmr/m/n/9.5 transects for many mass-balance surveys to replicate.
 []


Underfull \hbox (badness 1596) in paragraph at lines 354--355
\OT1/lmr/m/n/9.5 about optimal transects configuration and along-track
 []


Underfull \vbox (badness 10000) has occurred while \output is active []


Overfull \vbox (5.1555pt too high) has occurred while \output is active []


[11 <./WSMBDist.pdf> <./AccumGrad.pdf>]
Underfull \hbox (badness 2418) in paragraph at lines 358--359
[]\OT1/lmr/m/n/9.5 DEM gridcell size is known to significantly affect
 []


Underfull \hbox (badness 2698) in paragraph at lines 369--370
\OT1/lmr/m/n/9.5 resulting from the method of density assignment is
 []


Underfull \hbox (badness 1859) in paragraph at lines 375--376
\OT1/lmr/m/n/9.5 and wrote most of the paper. GEF supported data
 []


Underfull \hbox (badness 1418) in paragraph at lines 379--382
\OT1/lmr/m/n/9.5 permission to work in traditional KFN territory and
 []


Underfull \hbox (badness 2503) in paragraph at lines 379--382
\OT1/lmr/m/n/9.5 including simple kriging. Anonymous reviewers, Luke
 []

(./WinterBalance.bbl
Underfull \hbox (badness 1072) in paragraph at lines 8--11
[]\OT1/lmr/m/n/8.5 Anderton S, White S and Alvera B (2004) Evaluation of
 []


Underfull \hbox (badness 1527) in paragraph at lines 8--11
\OT1/lmr/m/n/8.5 spatial variability in snow water equivalent for a high
 []


Overfull \vbox (5.1555pt too high) has occurred while \output is active []


[12]
Underfull \hbox (badness 2343) in paragraph at lines 13--18
\OT1/lmr/m/n/8.5 St Elias Mountains, Alaska, USA, using aircraft laser
 []


Underfull \hbox (badness 1221) in paragraph at lines 13--18
\OT1/lmr/m/n/8.5 altimetry. \OT1/lmr/m/it/8.5 Journal of Glaciology\OT1/lmr/m/n
/8.5 , \OT1/lmr/bx/n/8.5 54\OT1/lmr/m/n/8.5 (188), 778--787 (doi:
 []


Underfull \hbox (badness 1152) in paragraph at lines 44--47
[]\OT1/lmr/m/n/8.5 Burnham KP and An-der-son DR (2004) Mul-ti-model In-fer-
 []


Underfull \hbox (badness 1394) in paragraph at lines 44--47
\OT1/lmr/m/n/8.5 ence: Un-der-stand-ing AIC and BIC in Model Se-lec-tion.
 []


Underfull \hbox (badness 3168) in paragraph at lines 44--47
\OT1/lmr/m/it/8.5 So-ci-o-log-i-cal Meth-ods & Re-search\OT1/lmr/m/n/8.5 , \OT1
/lmr/bx/n/8.5 33\OT1/lmr/m/n/8.5 (2), 261--304 (doi:
 []


Underfull \hbox (badness 1931) in paragraph at lines 69--72
[]\OT1/lmr/m/n/8.5 Cogley J, Hock R, Rasmussen L, Arendt A, Bauder A,
 []


Underfull \hbox (badness 1215) in paragraph at lines 83--88
\OT1/lmr/m/n/8.5 Glacier, New Zealand, determined using a geostatistical
 []


Underfull \hbox (badness 1314) in paragraph at lines 83--88
\OT1/lmr/m/n/8.5 approach. \OT1/lmr/m/it/8.5 Journal of Glaciology\OT1/lmr/m/n/
8.5 , \OT1/lmr/bx/n/8.5 63\OT1/lmr/m/n/8.5 (238), 199--217 (doi:
 []


Underfull \hbox (badness 1281) in paragraph at lines 111--114
\OT1/lmr/m/it/8.5 i-cal Pro-cesses\OT1/lmr/m/n/8.5 , \OT1/lmr/bx/n/8.5 26\OT1/l
mr/m/n/8.5 (17), 2555--2562, ISSN 1099-1085 (doi:
 []


Underfull \hbox (badness 10000) in paragraph at lines 127--131
\OT1/lmr/m/n/8.5 10.1002/(SICI)1099-1085(199808/09)12:10/111793::AID-
 []


Underfull \hbox (badness 2884) in paragraph at lines 149--152
[]\OT1/lmr/m/n/8.5 Garbrecht J and Martz L (1994) Grid size dependency
 []


Underfull \hbox (badness 2626) in paragraph at lines 149--152
\OT1/lmr/m/n/8.5 of parameters extracted from digital elevation models.
 []


Underfull \hbox (badness 3557) in paragraph at lines 154--158
\OT1/lmr/m/n/8.5 n/a--n/a, ISSN 2169-8996 (doi: 10.1002/2016JD026258),
 []


Overfull \vbox (5.1555pt too high) has occurred while \output is active []


[13]
Underfull \hbox (badness 4266) in paragraph at lines 187--190
\OT1/lmr/m/n/8.5 in Alaska. \OT1/lmr/m/it/8.5 An-nals of Glaciol-ogy\OT1/lmr/m/
n/8.5 , \OT1/lmr/bx/n/8.5 55\OT1/lmr/m/n/8.5 (67), 78--88 (doi:
 []


Underfull \hbox (badness 1406) in paragraph at lines 225--229
\OT1/lmr/m/n/8.5 and Zappa M (2006) ALPINE3D: a detailed model of
 []


Underfull \hbox (badness 1173) in paragraph at lines 225--229
\OT1/lmr/m/n/8.5 mountain surface processes and its application to snow
 []


Underfull \hbox (badness 1708) in paragraph at lines 270--274
[]\OT1/lmr/m/n/8.5 Madigan D and Raftery AE (1994) Model Selection and
 []


Underfull \hbox (badness 1466) in paragraph at lines 270--274
\OT1/lmr/m/n/8.5 Accounting for Model Uncertainty in Graphical Models
 []


Underfull \vbox (badness 10000) has occurred while \output is active []


Underfull \hbox (badness 3623) in paragraph at lines 324--327
[]\OT1/lmr/m/n/8.5 R^^Seveillet M, Vin-cent C, Six D and Ra-ba-tel A (2016)
 []


Underfull \hbox (badness 2065) in paragraph at lines 336--339
[]\OT1/lmr/m/n/8.5 Schneiderbauer S and Prokop A (2011) The atmospheric
 []


Underfull \vbox (badness 10000) has occurred while \output is active []


Overfull \vbox (5.1555pt too high) has occurred while \output is active []


[14]
Underfull \hbox (badness 1616) in paragraph at lines 385--387
\OT1/lmr/m/it/8.5 distributions at Hellstugubreen and Gr^^Wasubreen, Norway\OT1
/lmr/m/n/8.5 .
 []


Underfull \hbox (badness 1975) in paragraph at lines 389--393
[]\OT1/lmr/m/n/8.5 Wetlaufer K, Hendrikx J and Marshall L (2016) Spatial
 []


Underfull \hbox (badness 1117) in paragraph at lines 400--404
[]\OT1/lmr/m/n/8.5 Wilson NJ, Flowers GE and Mingo L (2013) Comparison
 []


Underfull \hbox (badness 1194) in paragraph at lines 400--404
\OT1/lmr/m/n/8.5 of thermal structure and evolution between neighboring
 []


Underfull \hbox (badness 2556) in paragraph at lines 406--409
[]\OT1/lmr/m/n/8.5 Winstral A, Marks D and Gur-ney R (2013) Sim-u-lat-ing
 []


Underfull \hbox (badness 3229) in paragraph at lines 406--409
\OT1/lmr/m/n/8.5 scales. \OT1/lmr/m/it/8.5 Ad-vances in Wa-ter Re-sources\OT1/l
mr/m/n/8.5 , \OT1/lmr/bx/n/8.5 55\OT1/lmr/m/n/8.5 , 64--79 (doi:
 []


Underfull \hbox (badness 1509) in paragraph at lines 416--419
[]\OT1/lmr/m/n/8.5 Woo MK and Marsh P (1978) Analysis of Error in the
 []

)

Package natbib Warning: There were undefined citations.


Overfull \vbox (5.1555pt too high) has occurred while \output is active []


[15

] (./WinterBalance.aux)

LaTeX Font Warning: Size substitutions with differences
(Font)              up to 0.5pt have occurred.


LaTeX Warning: There were undefined references.


LaTeX Warning: Label(s) may have changed. Rerun to get cross-references right.

 ) 
Here is how much of TeX's memory you used:
 3727 strings out of 493029
 49482 string characters out of 6136234
 127894 words of memory out of 5000000
 7146 multiletter control sequences out of 15000+600000
 75426 words of font info for 73 fonts, out of 8000000 for 9000
 1141 hyphenation exceptions out of 8191
 42i,16n,27p,1657b,406s stack positions out of 5000i,500n,10000p,200000b,80000s
{/usr/share/texmf/fonts/enc/dvips/lm/lm-rm.enc}{/usr/share/texmf/fonts/enc/dv
ips/lm/lm-mathsy.enc}{/usr/share/texmf/fonts/enc/dvips/lm/lm-rmtt.enc}{/usr/sha
re/texmf/fonts/enc/dvips/lm/lm-mathit.enc}</usr/share/texmf/fonts/type1/public/
lm/lmbx10.pfb></usr/share/texmf/fonts/type1/public/lm/lmbx12.pfb></usr/share/te
xmf/fonts/type1/public/lm/lmbx8.pfb></usr/share/texmf/fonts/type1/public/lm/lmb
x9.pfb></usr/share/texmf/fonts/type1/public/lm/lmmi10.pfb></usr/share/texmf/fon
ts/type1/public/lm/lmmi6.pfb></usr/share/texmf/fonts/type1/public/lm/lmmi7.pfb>
</usr/share/texmf/fonts/type1/public/lm/lmmi8.pfb></usr/share/texmf/fonts/type1
/public/lm/lmmi9.pfb></usr/share/texmf/fonts/type1/public/lm/lmr10.pfb></usr/sh
are/texmf/fonts/type1/public/lm/lmr12.pfb></usr/share/texmf/fonts/type1/public/
lm/lmr6.pfb></usr/share/texmf/fonts/type1/public/lm/lmr7.pfb></usr/share/texmf/
fonts/type1/public/lm/lmr8.pfb></usr/share/texmf/fonts/type1/public/lm/lmr9.pfb
></usr/share/texmf/fonts/type1/public/lm/lmri10.pfb></usr/share/texmf/fonts/typ
e1/public/lm/lmri8.pfb></usr/share/texmf/fonts/type1/public/lm/lmri9.pfb></usr/
share/texmf/fonts/type1/public/lm/lmsy10.pfb></usr/share/texmf/fonts/type1/publ
ic/lm/lmsy6.pfb></usr/share/texmf/fonts/type1/public/lm/lmsy7.pfb></usr/share/t
exmf/fonts/type1/public/lm/lmsy8.pfb></usr/share/texmf/fonts/type1/public/lm/lm
sy9.pfb></usr/share/texmf/fonts/type1/public/lm/lmtt10.pfb></usr/share/texlive/
texmf-dist/fonts/type1/public/amsfonts/symbols/msam10.pfb>
Output written on WinterBalance.pdf (15 pages, 2945417 bytes).
PDF statistics:
 573 PDF objects out of 1000 (max. 8388607)
 440 compressed objects within 5 object streams
 0 named destinations out of 1000 (max. 500000)
 56 words of extra memory for PDF output out of 10000 (max. 10000000)

