This is pdfTeX, Version 3.14159265-2.6-1.40.16 (TeX Live 2015/Debian) (preloaded format=pdflatex 2017.8.25)  6 NOV 2017 16:24
entering extended mode
 restricted \write18 enabled.
 %&-line parsing enabled.
**SamplingDesign5Nov21.37.GF.tex
(./SamplingDesign5Nov21.37.GF.tex
LaTeX2e <2016/02/01>
Babel <3.9q> and hyphenation patterns for 81 language(s) loaded.
(./igs.cls
Document Class: igs 2015/09/03 v4.00 IGS document class

LaTeX Font Warning: Font shape `OT1/cmr/m/n' in size <9.5> not available
(Font)              size <9> substituted on input line 460.

\c@part=\count79
\c@section=\count80
\c@subsection=\count81
\c@subsubsection=\count82
\c@paragraph=\count83
\c@subparagraph=\count84
\c@figure=\count85
\c@table=\count86
\abovecaptionskip=\skip41
\belowcaptionskip=\skip42
\bibindent=\dimen102
\c@dummy=\count87
) (./igsnatbib.sty
Package: igsnatbib 2008/01/18 v1.00 IGS version of natbib.sty
\bibhang=\skip43
\bibsep=\skip44
LaTeX Info: Redefining \cite on input line 521.
\c@NAT@ctr=\count88
) (/usr/share/texmf/tex/latex/lm/lmodern.sty
Package: lmodern 2009/10/30 v1.6 Latin Modern Fonts
LaTeX Font Info:    Overwriting symbol font `operators' in version `normal'
(Font)                  OT1/cmr/m/n --> OT1/lmr/m/n on input line 22.
LaTeX Font Info:    Overwriting symbol font `letters' in version `normal'
(Font)                  OML/cmm/m/it --> OML/lmm/m/it on input line 23.
LaTeX Font Info:    Overwriting symbol font `symbols' in version `normal'
(Font)                  OMS/cmsy/m/n --> OMS/lmsy/m/n on input line 24.
LaTeX Font Info:    Overwriting symbol font `largesymbols' in version `normal'
(Font)                  OMX/cmex/m/n --> OMX/lmex/m/n on input line 25.
LaTeX Font Info:    Overwriting symbol font `operators' in version `bold'
(Font)                  OT1/cmr/bx/n --> OT1/lmr/bx/n on input line 26.
LaTeX Font Info:    Overwriting symbol font `letters' in version `bold'
(Font)                  OML/cmm/b/it --> OML/lmm/b/it on input line 27.
LaTeX Font Info:    Overwriting symbol font `symbols' in version `bold'
(Font)                  OMS/cmsy/b/n --> OMS/lmsy/b/n on input line 28.
LaTeX Font Info:    Overwriting symbol font `largesymbols' in version `bold'
(Font)                  OMX/cmex/m/n --> OMX/lmex/m/n on input line 29.
LaTeX Font Info:    Overwriting math alphabet `\mathbf' in version `normal'
(Font)                  OT1/cmr/bx/n --> OT1/lmr/bx/n on input line 31.
LaTeX Font Info:    Overwriting math alphabet `\mathsf' in version `normal'
(Font)                  OT1/cmss/m/n --> OT1/lmss/m/n on input line 32.
LaTeX Font Info:    Overwriting math alphabet `\mathit' in version `normal'
(Font)                  OT1/cmr/m/it --> OT1/lmr/m/it on input line 33.
LaTeX Font Info:    Overwriting math alphabet `\mathtt' in version `normal'
(Font)                  OT1/cmtt/m/n --> OT1/lmtt/m/n on input line 34.
LaTeX Font Info:    Overwriting math alphabet `\mathbf' in version `bold'
(Font)                  OT1/cmr/bx/n --> OT1/lmr/bx/n on input line 35.
LaTeX Font Info:    Overwriting math alphabet `\mathsf' in version `bold'
(Font)                  OT1/cmss/bx/n --> OT1/lmss/bx/n on input line 36.
LaTeX Font Info:    Overwriting math alphabet `\mathit' in version `bold'
(Font)                  OT1/cmr/bx/it --> OT1/lmr/bx/it on input line 37.
LaTeX Font Info:    Overwriting math alphabet `\mathtt' in version `bold'
(Font)                  OT1/cmtt/m/n --> OT1/lmtt/m/n on input line 38.
)
(/usr/share/texlive/texmf-dist/tex/latex/amsmath/amsmath.sty
Package: amsmath 2016/03/03 v2.15a AMS math features
\@mathmargin=\skip45

For additional information on amsmath, use the `?' option.
(/usr/share/texlive/texmf-dist/tex/latex/amsmath/amstext.sty
Package: amstext 2000/06/29 v2.01 AMS text
 (./amsgen.sty
File: amsgen.sty 1999/11/30 v2.0
\@emptytoks=\toks14
\ex@=\dimen103
))
(./amsbsy.sty
Package: amsbsy 1999/11/29 v1.2d
\pmbraise@=\dimen104
) (/usr/share/texlive/texmf-dist/tex/latex/amsmath/amsopn.sty
Package: amsopn 1999/12/14 v2.01 operator names
)
\inf@bad=\count89
LaTeX Info: Redefining \frac on input line 199.
\uproot@=\count90
\leftroot@=\count91
LaTeX Info: Redefining \overline on input line 297.
\classnum@=\count92
\DOTSCASE@=\count93
LaTeX Info: Redefining \ldots on input line 394.
LaTeX Info: Redefining \dots on input line 397.
LaTeX Info: Redefining \cdots on input line 518.
\Mathstrutbox@=\box26
\strutbox@=\box27
\big@size=\dimen105
LaTeX Font Info:    Redeclaring font encoding OML on input line 630.
LaTeX Font Info:    Redeclaring font encoding OMS on input line 631.
\macc@depth=\count94
\c@MaxMatrixCols=\count95
\dotsspace@=\muskip10
\c@parentequation=\count96
\dspbrk@lvl=\count97
\tag@help=\toks15
\row@=\count98
\column@=\count99
\maxfields@=\count100
\andhelp@=\toks16
\eqnshift@=\dimen106
\alignsep@=\dimen107
\tagshift@=\dimen108
\tagwidth@=\dimen109
\totwidth@=\dimen110
\lineht@=\dimen111
\@envbody=\toks17
\multlinegap=\skip46
\multlinetaggap=\skip47
\mathdisplay@stack=\toks18
LaTeX Info: Redefining \[ on input line 2735.
LaTeX Info: Redefining \] on input line 2736.
)
(./amssymb.sty
Package: amssymb 2009/06/22 v3.00
 (./amsfonts.sty
Package: amsfonts 2009/06/22 v3.00 Basic AMSFonts support
\symAMSa=\mathgroup4
\symAMSb=\mathgroup5
LaTeX Font Info:    Overwriting math alphabet `\mathfrak' in version `bold'
(Font)                  U/euf/m/n --> U/euf/b/n on input line 96.
))
(/usr/share/texlive/texmf-dist/tex/latex/amscls/amsthm.sty
Package: amsthm 2015/03/04 v2.20.2
\thm@style=\toks19
\thm@bodyfont=\toks20
\thm@headfont=\toks21
\thm@notefont=\toks22
\thm@headpunct=\toks23
\thm@preskip=\skip48
\thm@postskip=\skip49
\thm@headsep=\skip50
\dth@everypar=\toks24
)
(/usr/share/texlive/texmf-dist/tex/latex/wrapfig/wrapfig.sty
\wrapoverhang=\dimen112
\WF@size=\dimen113
\c@WF@wrappedlines=\count101
\WF@box=\box28
\WF@everypar=\toks25
Package: wrapfig 2003/01/31  v 3.6
)
(/usr/share/texlive/texmf-dist/tex/latex/enumitem/enumitem.sty
Package: enumitem 2011/09/28 v3.5.2 Customized lists
\enitkv@toks@=\toks26
\labelindent=\skip51
\enit@outerparindent=\dimen114
\enit@toks=\toks27
\enit@inbox=\box29
\enitdp@description=\count102
)
(/usr/share/texlive/texmf-dist/tex/latex/multirow/multirow.sty
\bigstrutjot=\dimen115
)
(/usr/share/texlive/texmf-dist/tex/latex/tools/tabularx.sty
Package: tabularx 2014/10/28 v2.10 `tabularx' package (DPC)

(/usr/share/texlive/texmf-dist/tex/latex/tools/array.sty
Package: array 2014/10/28 v2.4c Tabular extension package (FMi)
\col@sep=\dimen116
\extrarowheight=\dimen117
\NC@list=\toks28
\extratabsurround=\skip52
\backup@length=\skip53
)
\TX@col@width=\dimen118
\TX@old@table=\dimen119
\TX@old@col=\dimen120
\TX@target=\dimen121
\TX@delta=\dimen122
\TX@cols=\count103
\TX@ftn=\toks29
)
(/usr/share/texlive/texmf-dist/tex/latex/booktabs/booktabs.sty
Package: booktabs 2005/04/14 v1.61803 publication quality tables
\heavyrulewidth=\dimen123
\lightrulewidth=\dimen124
\cmidrulewidth=\dimen125
\belowrulesep=\dimen126
\belowbottomsep=\dimen127
\aboverulesep=\dimen128
\abovetopsep=\dimen129
\cmidrulesep=\dimen130
\cmidrulekern=\dimen131
\defaultaddspace=\dimen132
\@cmidla=\count104
\@cmidlb=\count105
\@aboverulesep=\dimen133
\@belowrulesep=\dimen134
\@thisruleclass=\count106
\@lastruleclass=\count107
\@thisrulewidth=\dimen135
)
(/usr/share/texlive/texmf-dist/tex/latex/graphics/lscape.sty
Package: lscape 2000/10/22 v3.01 Landscape Pages (DPC)

(/usr/share/texlive/texmf-dist/tex/latex/graphics/graphics.sty
Package: graphics 2016/01/03 v1.0q Standard LaTeX Graphics (DPC,SPQR)

(/usr/share/texlive/texmf-dist/tex/latex/graphics/trig.sty
Package: trig 2016/01/03 v1.10 sin cos tan (DPC)
)
(/usr/share/texlive/texmf-dist/tex/latex/latexconfig/graphics.cfg
File: graphics.cfg 2010/04/23 v1.9 graphics configuration of TeX Live
)
Package graphics Info: Driver file: pdftex.def on input line 95.

(/usr/share/texlive/texmf-dist/tex/latex/pdftex-def/pdftex.def
File: pdftex.def 2011/05/27 v0.06d Graphics/color for pdfTeX

(/usr/share/texlive/texmf-dist/tex/generic/oberdiek/infwarerr.sty
Package: infwarerr 2010/04/08 v1.3 Providing info/warning/error messages (HO)
)
(/usr/share/texlive/texmf-dist/tex/generic/oberdiek/ltxcmds.sty
Package: ltxcmds 2011/11/09 v1.22 LaTeX kernel commands for general use (HO)
)
\Gread@gobject=\count108
)))
(/usr/share/texlive/texmf-dist/tex/latex/graphics/color.sty
Package: color 2016/01/03 v1.1b Standard LaTeX Color (DPC)

(/usr/share/texlive/texmf-dist/tex/latex/latexconfig/color.cfg
File: color.cfg 2007/01/18 v1.5 color configuration of teTeX/TeXLive
)
Package color Info: Driver file: pdftex.def on input line 143.
)
(./graphicx.sty
Package: graphicx 2014/10/28 v1.0g Enhanced LaTeX Graphics (DPC,SPQR)
 (/usr/share/texlive/texmf-dist/tex/latex/graphics/keyval.sty
Package: keyval 2014/10/28 v1.15 key=value parser (DPC)
\KV@toks@=\toks30
)
\Gin@req@height=\dimen136
\Gin@req@width=\dimen137
)
(/usr/share/texlive/texmf-dist/tex/latex/caption/subcaption.sty
Package: subcaption 2016/02/20 v1.1-142 Sub-captions (AR)

(/usr/share/texlive/texmf-dist/tex/latex/caption/caption.sty
Package: caption 2016/02/21 v3.3-144 Customizing captions (AR)

(/usr/share/texlive/texmf-dist/tex/latex/caption/caption3.sty
Package: caption3 2016/02/04 v1.7-139 caption3 kernel (AR)
Package caption3 Info: TeX engine: e-TeX on input line 67.
\captionmargin=\dimen138
\captionmargin@=\dimen139
\captionwidth=\dimen140
\caption@tempdima=\dimen141
\caption@indent=\dimen142
\caption@parindent=\dimen143
\caption@hangindent=\dimen144
Package caption Info: Unknown document class (or package),
(caption)             standard defaults will be used.
)

Package caption Warning: Unsupported document class (or package) detected,
(caption)                usage of the caption package is not recommended.
See the caption package documentation for explanation.

Package caption Info: \@makecaption = \long macro:#1#2->\captionsize \vskip \ab
ovecaptionskip \sbox \@tempboxa {{\bfseries #1.} #2}\ifdim \wd \@tempboxa >\hsi
ze {\bfseries #1.} #2\par \else \global \@minipagefalse \hb@xt@ \hsize {\box \@
tempboxa \hfil }\fi \vskip \belowcaptionskip .
\c@ContinuedFloat=\count109
Package caption Info: wrapfig package is loaded.
)
\c@subfigure=\count110
\c@subtable=\count111
) (./SamplingDesign5Nov21.37.GF.aux)
\openout1 = `SamplingDesign5Nov21.37.GF.aux'.

LaTeX Font Info:    Checking defaults for OML/cmm/m/it on input line 37.
LaTeX Font Info:    ... okay on input line 37.
LaTeX Font Info:    Checking defaults for T1/cmr/m/n on input line 37.
LaTeX Font Info:    ... okay on input line 37.
LaTeX Font Info:    Checking defaults for OT1/cmr/m/n on input line 37.
LaTeX Font Info:    ... okay on input line 37.
LaTeX Font Info:    Checking defaults for OMS/cmsy/m/n on input line 37.
LaTeX Font Info:    ... okay on input line 37.
LaTeX Font Info:    Checking defaults for OMX/cmex/m/n on input line 37.
LaTeX Font Info:    ... okay on input line 37.
LaTeX Font Info:    Checking defaults for U/cmr/m/n on input line 37.
LaTeX Font Info:    ... okay on input line 37.
LaTeX Font Info:    Try loading font information for OT1+lmr on input line 37.
 (/usr/share/texmf/tex/latex/lm/ot1lmr.fd
File: ot1lmr.fd 2009/10/30 v1.6 Font defs for Latin Modern
)


Found AMS Euler Roman fonts on the system, using the 'igsupmath' package.

(./igsupmath.sty
Package: igsupmath 2007/11/09 v1.00 IGS LaTeX2e package
\c@mv@upright=\count112
\c@mv@boldupright=\count113
LaTeX Font Info:    Overwriting symbol font `letters' in version `upright'
(Font)                  OML/cmm/m/it --> OML/eur/m/n on input line 37.
LaTeX Font Info:    Overwriting symbol font `letters' in version `boldupright'
(Font)                  OML/cmm/m/it --> OML/eur/b/n on input line 38.
)


Found AMS Symbol fonts on the system, using the 'amssymb' package.


Found the 'amsbsy' package on the system, using it.

(/usr/share/texlive/texmf-dist/tex/context/base/supp-pdf.mkii
[Loading MPS to PDF converter (version 2006.09.02).]
\scratchcounter=\count114
\scratchdimen=\dimen145
\scratchbox=\box30
\nofMPsegments=\count115
\nofMParguments=\count116
\everyMPshowfont=\toks31
\MPscratchCnt=\count117
\MPscratchDim=\dimen146
\MPnumerator=\count118
\makeMPintoPDFobject=\count119
\everyMPtoPDFconversion=\toks32
) (/usr/share/texlive/texmf-dist/tex/generic/oberdiek/pdftexcmds.sty
Package: pdftexcmds 2011/11/29 v0.20 Utility functions of pdfTeX for LuaTeX (HO
)

(/usr/share/texlive/texmf-dist/tex/generic/oberdiek/ifluatex.sty
Package: ifluatex 2010/03/01 v1.3 Provides the ifluatex switch (HO)
Package ifluatex Info: LuaTeX not detected.
)
(/usr/share/texlive/texmf-dist/tex/generic/oberdiek/ifpdf.sty
Package: ifpdf 2011/01/30 v2.3 Provides the ifpdf switch (HO)
Package ifpdf Info: pdfTeX in PDF mode is detected.
)
Package pdftexcmds Info: LuaTeX not detected.
Package pdftexcmds Info: \pdf@primitive is available.
Package pdftexcmds Info: \pdf@ifprimitive is available.
Package pdftexcmds Info: \pdfdraftmode found.
)
(/usr/share/texlive/texmf-dist/tex/latex/oberdiek/epstopdf-base.sty
Package: epstopdf-base 2010/02/09 v2.5 Base part for package epstopdf

(/usr/share/texlive/texmf-dist/tex/latex/oberdiek/grfext.sty
Package: grfext 2010/08/19 v1.1 Manage graphics extensions (HO)

(/usr/share/texlive/texmf-dist/tex/generic/oberdiek/kvdefinekeys.sty
Package: kvdefinekeys 2011/04/07 v1.3 Define keys (HO)
))
(/usr/share/texlive/texmf-dist/tex/latex/oberdiek/kvoptions.sty
Package: kvoptions 2011/06/30 v3.11 Key value format for package options (HO)

(/usr/share/texlive/texmf-dist/tex/generic/oberdiek/kvsetkeys.sty
Package: kvsetkeys 2012/04/25 v1.16 Key value parser (HO)

(/usr/share/texlive/texmf-dist/tex/generic/oberdiek/etexcmds.sty
Package: etexcmds 2011/02/16 v1.5 Avoid name clashes with e-TeX commands (HO)
Package etexcmds Info: Could not find \expanded.
(etexcmds)             That can mean that you are not using pdfTeX 1.50 or
(etexcmds)             that some package has redefined \expanded.
(etexcmds)             In the latter case, load this package earlier.
)))
Package grfext Info: Graphics extension search list:
(grfext)             [.png,.pdf,.jpg,.mps,.jpeg,.jbig2,.jb2,.PNG,.PDF,.JPG,.JPE
G,.JBIG2,.JB2,.eps]
(grfext)             \AppendGraphicsExtensions on input line 452.

(/usr/share/texlive/texmf-dist/tex/latex/latexconfig/epstopdf-sys.cfg
File: epstopdf-sys.cfg 2010/07/13 v1.3 Configuration of (r)epstopdf for TeX Liv
e
))
Package caption Info: Begin \AtBeginDocument code.
Package caption Info: End \AtBeginDocument code.
LaTeX Font Info:    Try loading font information for OML+lmm on input line 61.

(/usr/share/texmf/tex/latex/lm/omllmm.fd
File: omllmm.fd 2009/10/30 v1.6 Font defs for Latin Modern
)
LaTeX Font Info:    Try loading font information for OMS+lmsy on input line 61.


(/usr/share/texmf/tex/latex/lm/omslmsy.fd
File: omslmsy.fd 2009/10/30 v1.6 Font defs for Latin Modern
)
LaTeX Font Info:    Try loading font information for OMX+lmex on input line 61.


(/usr/share/texmf/tex/latex/lm/omxlmex.fd
File: omxlmex.fd 2009/10/30 v1.6 Font defs for Latin Modern
)
LaTeX Font Info:    External font `lmex10' loaded for size
(Font)              <13.5> on input line 61.
LaTeX Font Info:    External font `lmex10' loaded for size
(Font)              <10> on input line 61.
LaTeX Font Info:    External font `lmex10' loaded for size
(Font)              <7> on input line 61.
LaTeX Font Info:    Try loading font information for U+msa on input line 61.

(/usr/share/texlive/texmf-dist/tex/latex/amsfonts/umsa.fd
File: umsa.fd 2013/01/14 v3.01 AMS symbols A
)
LaTeX Font Info:    Try loading font information for U+msb on input line 61.

(/usr/share/texlive/texmf-dist/tex/latex/amsfonts/umsb.fd
File: umsb.fd 2013/01/14 v3.01 AMS symbols B
)
LaTeX Font Info:    External font `lmex10' loaded for size
(Font)              <9.5> on input line 61.
LaTeX Font Info:    External font `lmex10' loaded for size
(Font)              <5> on input line 61.

<Pulwicki_Fig1.pdf, id=1, 667.49374pt x 279.0425pt>
File: Pulwicki_Fig1.pdf Graphic file (type pdf)
 <use Pulwicki_Fig1.pdf>
Package pdftex.def Info: Pulwicki_Fig1.pdf used on input line 70.
(pdftex.def)             Requested size: 506.45905pt x 211.72961pt.

Underfull \hbox (badness 2469) in paragraph at lines 75--76
\OT1/lmr/m/n/9.5 critical for monitoring glacier mass balance and for
 []


Underfull \hbox (badness 1028) in paragraph at lines 79--80
\OT1/lmr/m/n/9.5 and others, 2011). Sampling schemes that incorporate
 []


Underfull \vbox (badness 10000) has occurred while \output is active []



Package natbib Warning: Citation `Kaser2003' on page 1 undefined on input line 
82.


Underfull \hbox (badness 1895) in paragraph at lines 81--83
\OT1/lmr/m/n/9.5 is rarely investigated because the locations of snow-
 []


Underfull \hbox (badness 1552) in paragraph at lines 81--83
\OT1/lmr/m/n/9.5 mass-balance distributions (c.f. Fountain and Vecchia,
 []


Underfull \hbox (badness 1675) in paragraph at lines 81--83
\OT1/lmr/m/n/9.5 orographic effects (e.g. Gr^^?unewald and others, 2014).
 []


Underfull \hbox (badness 1048) in paragraph at lines 81--83
\OT1/lmr/m/n/9.5 winter balance, so transverse profiles are often added
 []


Underfull \hbox (badness 2443) in paragraph at lines 81--83
\OT1/lmr/m/n/9.5 (personal communication from C. Parr, 2016) is an
 []


Underfull \vbox (badness 10000) has occurred while \output is active []


Overfull \vbox (5.511pt too high) has occurred while \output is active []

 [1{/var/lib/texmf/fonts/map/pdftex/updmap/pdftex.map}


]
Underfull \hbox (badness 1371) in paragraph at lines 92--93
\OT1/lmr/m/n/9.5 We investigate winter-balance survey design for three
 []


Underfull \hbox (badness 1769) in paragraph at lines 92--93
\OT1/lmr/m/n/9.5 unnamed glaciers in the Donjek Range of southwest
 []


Underfull \hbox (badness 1117) in paragraph at lines 94--95
\OT1/lmr/m/n/9.5 from Cromp-ton and Flow-ers (2016)) are small alpine
 []

<Pulwicki_Fig2.pdf, id=17, 612.2875pt x 644.4075pt>
File: Pulwicki_Fig2.pdf Graphic file (type pdf)
 <use Pulwicki_Fig2.pdf>
Package pdftex.def Info: Pulwicki_Fig2.pdf used on input line 102.
(pdftex.def)             Requested size: 455.81004pt x 479.71545pt.

Overfull \vbox (5.511pt too high) has occurred while \output is active []

 [2 <./Pulwicki_Fig1.pdf>]
Underfull \vbox (badness 10000) has occurred while \output is active []


Underfull \vbox (badness 10000) has occurred while \output is active []


Overfull \vbox (5.511pt too high) has occurred while \output is active []

 [3 <./Pulwicki_Fig2.pdf>]
Overfull \vbox (5.511pt too high) has occurred while \output is active []

 [4]
<Pulwicki_Fig3.pdf, id=76, 506.89375pt x 341.275pt>
File: Pulwicki_Fig3.pdf Graphic file (type pdf)
 <use Pulwicki_Fig3.pdf>
Package pdftex.def Info: Pulwicki_Fig3.pdf used on input line 168.
(pdftex.def)             Requested size: 506.45905pt x 340.99295pt.


LaTeX Warning: No positions in optional float specifier.
               Default added (so using `tbp') on input line 182.

LaTeX Font Info:    External font `lmex10' loaded for size
(Font)              <8> on input line 186.
LaTeX Font Info:    External font `lmex10' loaded for size
(Font)              <6> on input line 186.
<Pulwicki_Fig4.pdf, id=77, 687.56876pt x 409.53pt>
File: Pulwicki_Fig4.pdf Graphic file (type pdf)
 <use Pulwicki_Fig4.pdf>
Package pdftex.def Info: Pulwicki_Fig4.pdf used on input line 208.
(pdftex.def)             Requested size: 506.45905pt x 301.65395pt.

<Pulwicki_Fig5.pdf, id=78, 506.89375pt x 341.275pt>
File: Pulwicki_Fig5.pdf Graphic file (type pdf)
 <use Pulwicki_Fig5.pdf>
Package pdftex.def Info: Pulwicki_Fig5.pdf used on input line 223.
(pdftex.def)             Requested size: 506.45905pt x 340.99295pt.


LaTeX Warning: No positions in optional float specifier.
               Default added (so using `tbp') on input line 229.


Package natbib Warning: Citation `Cogley1999' on page 5 undefined on input line
 261.


Underfull \hbox (badness 1275) in paragraph at lines 261--262
\OT1/lmr/m/n/9.5 A sample size greater than 30 does not significantly
 []


Underfull \hbox (badness 1675) in paragraph at lines 261--262
\OT1/lmr/m/n/9.5 findings of annual mass balance (e.g. \OT1/lmr/bx/n/9.5 ?\OT1/
lmr/m/n/9.5 Fountain and
 []


Overfull \vbox (5.511pt too high) has occurred while \output is active []

 [5]
Overfull \vbox (5.511pt too high) has occurred while \output is active []

 [6 <./Pulwicki_Fig3.pdf>]
Underfull \vbox (badness 10000) has occurred while \output is active []


Underfull \vbox (badness 10000) has occurred while \output is active []


Overfull \vbox (5.511pt too high) has occurred while \output is active []

 [7 <./Pulwicki_Fig4.pdf>]
Underfull \hbox (badness 1102) in paragraph at lines 268--269
\OT1/lmr/m/n/9.5 13. This difference is likely a result of the generally
 []


Underfull \hbox (badness 1728) in paragraph at lines 268--269
\OT1/lmr/m/n/9.5 regression of observed winter balance on topographic
 []


Underfull \vbox (badness 10000) has occurred while \output is active []


Underfull \hbox (badness 2213) in paragraph at lines 270--274
\OT1/lmr/m/n/9.5 We hypothesize that over-estimation results from an
 []


Underfull \hbox (badness 1286) in paragraph at lines 270--274
\OT1/lmr/m/n/9.5 exaggeration of the elevation effect in the regression.
 []


Underfull \vbox (badness 10000) has occurred while \output is active []


Overfull \vbox (5.511pt too high) has occurred while \output is active []

 [8 <./Pulwicki_Fig5.pdf>]
Underfull \hbox (badness 1735) in paragraph at lines 290--291
\OT1/lmr/m/n/9.5 the Northern Scientific Training Program. We kindly
 []


Underfull \hbox (badness 2150) in paragraph at lines 290--291
\OT1/lmr/m/n/9.5 Lance Goodwin and Trans North pilot Dion Parker
 []

(./SamplingDesign5Nov21.37.GF.bbl
Underfull \hbox (badness 4416) in paragraph at lines 19--23
[]\OT1/lmr/m/n/9.5 Bellaire S and Schweizer J (2011) Mea-sur-ing spa-
 []


Underfull \hbox (badness 7451) in paragraph at lines 19--23
\OT1/lmr/m/n/9.5 tial vari-a-tions of weak layer and slab prop-er-
 []


Underfull \hbox (badness 1348) in paragraph at lines 19--23
\OT1/lmr/m/n/9.5 ties with re-gard to snow slope sta-bil-ity. \OT1/lmr/m/it/9.5
 Cold Re-
 []


Underfull \hbox (badness 1173) in paragraph at lines 19--23
\OT1/lmr/m/it/9.5 gions Sci-ence and Tech-nol-ogy\OT1/lmr/m/n/9.5 , \OT1/lmr/bx
/n/9.5 65\OT1/lmr/m/n/9.5 (2), 234--241 (doi:
 []


Overfull \vbox (5.511pt too high) has occurred while \output is active []

 [9]
Underfull \hbox (badness 1215) in paragraph at lines 30--34
\OT1/lmr/m/n/9.5 son B, Cullen NJ, Kerr T, []Orn Hreins-son E and
 []


Underfull \hbox (badness 1983) in paragraph at lines 56--60
[]\OT1/lmr/m/n/9.5 Danby RK, Hik DS, Slo-combe DS and Williams A
 []


Underfull \hbox (badness 3536) in paragraph at lines 62--65
\OT1/lmr/m/it/9.5 Wa-ter Re-sources Re-search\OT1/lmr/m/n/9.5 , \OT1/lmr/bx/n/9
.5 27\OT1/lmr/m/n/9.5 (7), 1541--1552 (doi:
 []


Underfull \hbox (badness 5607) in paragraph at lines 67--71
[]\OT1/lmr/m/n/9.5 Elder K, Cline D, Lis-ton GE and Arm-strong R
 []


Underfull \hbox (badness 1917) in paragraph at lines 78--81
\OT1/lmr/m/it/9.5 Geografiska Annaler: Series A, Physical Geography\OT1/lmr/m/n
/9.5 ,
 []


Underfull \vbox (badness 10000) has occurred while \output is active []


Underfull \hbox (badness 1137) in paragraph at lines 103--106
\OT1/lmr/m/n/9.5 properties of the snowpack. \OT1/lmr/m/it/9.5 Reviews of Geoph
ysics\OT1/lmr/m/n/9.5 ,
 []


Underfull \hbox (badness 4927) in paragraph at lines 115--118
[]\OT1/lmr/m/n/9.5 Kronholm K and Birke-land KW (2007) Re-li-a-bil-ity
 []


Underfull \hbox (badness 10000) in paragraph at lines 115--118
\OT1/lmr/m/n/9.5 of sam-pling de-signs for spa-tial snow sur-veys.
 []


Underfull \hbox (badness 5189) in paragraph at lines 115--118
\OT1/lmr/m/it/9.5 Com-put-ers & geo-sciences\OT1/lmr/m/n/9.5 , \OT1/lmr/bx/n/9.
5 33\OT1/lmr/m/n/9.5 (9), 1097--1110 (doi:
 []


Underfull \hbox (badness 1418) in paragraph at lines 126--130
\OT1/lmr/m/n/9.5 with helicopter-borne GPR on two adjacent alpine
 []


Underfull \hbox (badness 2903) in paragraph at lines 164--168
[]\OT1/lmr/m/n/9.5 Sold L, Huss M, Hoelzle M, Andereggen H, Joerg
 []


Underfull \hbox (badness 2617) in paragraph at lines 164--168
\OT1/lmr/m/n/9.5 to infer end-of-winter snow distribution on alpine
 []


Underfull \vbox (badness 10000) has occurred while \output is active []


Overfull \vbox (5.511pt too high) has occurred while \output is active []

 [10]
Underfull \hbox (badness 1917) in paragraph at lines 190--194
[]\OT1/lmr/m/n/9.5 Wilson NJ, Flow-ers GE and Mingo L (2013) Com-
 []


Underfull \hbox (badness 1184) in paragraph at lines 190--194
\OT1/lmr/m/n/9.5 neigh-bor-ing sub-arc-tic glaciers. \OT1/lmr/m/it/9.5 Jour-nal
 of Geo-phys-i-
 []

)

Package natbib Warning: There were undefined citations.


Overfull \vbox (5.511pt too high) has occurred while \output is active []

 [11

]
(./SamplingDesign5Nov21.37.GF.aux)

LaTeX Font Warning: Size substitutions with differences
(Font)              up to 0.5pt have occurred.

 ) 
Here is how much of TeX's memory you used:
 4681 strings out of 493029
 67314 string characters out of 6136234
 163426 words of memory out of 5000000
 8108 multiletter control sequences out of 15000+600000
 58651 words of font info for 60 fonts, out of 8000000 for 9000
 1141 hyphenation exceptions out of 8191
 42i,10n,40p,1562b,310s stack positions out of 5000i,500n,10000p,200000b,80000s
{/usr/share/texmf/fonts/enc/dvips/lm/lm-mathsy.enc}{/usr/share/texmf/fonts/en
c/dvips/lm/lm-rm.enc}{/usr/share/texmf/fonts/enc/dvips/lm/lm-mathit.enc}</usr/s
hare/texmf/fonts/type1/public/lm/lmbx10.pfb></usr/share/texmf/fonts/type1/publi
c/lm/lmbx12.pfb></usr/share/texmf/fonts/type1/public/lm/lmbx8.pfb></usr/share/t
exmf/fonts/type1/public/lm/lmmi10.pfb></usr/share/texmf/fonts/type1/public/lm/l
mmi7.pfb></usr/share/texmf/fonts/type1/public/lm/lmmi8.pfb></usr/share/texmf/fo
nts/type1/public/lm/lmr10.pfb></usr/share/texmf/fonts/type1/public/lm/lmr12.pfb
></usr/share/texmf/fonts/type1/public/lm/lmr6.pfb></usr/share/texmf/fonts/type1
/public/lm/lmr7.pfb></usr/share/texmf/fonts/type1/public/lm/lmr8.pfb></usr/shar
e/texmf/fonts/type1/public/lm/lmri10.pfb></usr/share/texmf/fonts/type1/public/l
m/lmri8.pfb></usr/share/texmf/fonts/type1/public/lm/lmsy10.pfb></usr/share/texm
f/fonts/type1/public/lm/lmsy7.pfb></usr/share/texmf/fonts/type1/public/lm/lmsy8
.pfb></usr/share/texlive/texmf-dist/fonts/type1/public/amsfonts/symbols/msam10.
pfb>
Output written on SamplingDesign5Nov21.37.GF.pdf (11 pages, 3256835 bytes).
PDF statistics:
 4317 PDF objects out of 5155 (max. 8388607)
 4217 compressed objects within 43 object streams
 0 named destinations out of 1000 (max. 500000)
 26 words of extra memory for PDF output out of 10000 (max. 10000000)

