This is pdfTeX, Version 3.14159265-2.6-1.40.16 (TeX Live 2015) (preloaded format=pdflatex 2015.12.3)  5 NOV 2017 18:38
entering extended mode
 restricted \write18 enabled.
 file:line:error style messages enabled.
 %&-line parsing enabled.
**SamplingDesign5Nov7pmAP.tex
(./SamplingDesign5Nov7pmAP.tex
LaTeX2e <2015/01/01>
Babel <3.9l> and hyphenation patterns for 21 languages loaded.
(./igs.cls
Document Class: igs 2015/09/03 v4.00 IGS document class

LaTeX Font Warning: Font shape `OT1/cmr/m/n' in size <9.5> not available
(Font)              size <9> substituted on input line 460.

\c@part=\count79
\c@section=\count80
\c@subsection=\count81
\c@subsubsection=\count82
\c@paragraph=\count83
\c@subparagraph=\count84
\c@figure=\count85
\c@table=\count86
\abovecaptionskip=\skip41
\belowcaptionskip=\skip42
\bibindent=\dimen102
\c@dummy=\count87
) (./igsnatbib.sty
Package: igsnatbib 2008/01/18 v1.00 IGS version of natbib.sty
\bibhang=\skip43
\bibsep=\skip44
LaTeX Info: Redefining \cite on input line 521.
\c@NAT@ctr=\count88
)
(/usr/local/texlive/2015basic/texmf-dist/tex/latex/lm/lmodern.sty
Package: lmodern 2009/10/30 v1.6 Latin Modern Fonts
LaTeX Font Info:    Overwriting symbol font `operators' in version `normal'
(Font)                  OT1/cmr/m/n --> OT1/lmr/m/n on input line 22.
LaTeX Font Info:    Overwriting symbol font `letters' in version `normal'
(Font)                  OML/cmm/m/it --> OML/lmm/m/it on input line 23.
LaTeX Font Info:    Overwriting symbol font `symbols' in version `normal'
(Font)                  OMS/cmsy/m/n --> OMS/lmsy/m/n on input line 24.
LaTeX Font Info:    Overwriting symbol font `largesymbols' in version `normal'
(Font)                  OMX/cmex/m/n --> OMX/lmex/m/n on input line 25.
LaTeX Font Info:    Overwriting symbol font `operators' in version `bold'
(Font)                  OT1/cmr/bx/n --> OT1/lmr/bx/n on input line 26.
LaTeX Font Info:    Overwriting symbol font `letters' in version `bold'
(Font)                  OML/cmm/b/it --> OML/lmm/b/it on input line 27.
LaTeX Font Info:    Overwriting symbol font `symbols' in version `bold'
(Font)                  OMS/cmsy/b/n --> OMS/lmsy/b/n on input line 28.
LaTeX Font Info:    Overwriting symbol font `largesymbols' in version `bold'
(Font)                  OMX/cmex/m/n --> OMX/lmex/m/n on input line 29.
LaTeX Font Info:    Overwriting math alphabet `\mathbf' in version `normal'
(Font)                  OT1/cmr/bx/n --> OT1/lmr/bx/n on input line 31.
LaTeX Font Info:    Overwriting math alphabet `\mathsf' in version `normal'
(Font)                  OT1/cmss/m/n --> OT1/lmss/m/n on input line 32.
LaTeX Font Info:    Overwriting math alphabet `\mathit' in version `normal'
(Font)                  OT1/cmr/m/it --> OT1/lmr/m/it on input line 33.
LaTeX Font Info:    Overwriting math alphabet `\mathtt' in version `normal'
(Font)                  OT1/cmtt/m/n --> OT1/lmtt/m/n on input line 34.
LaTeX Font Info:    Overwriting math alphabet `\mathbf' in version `bold'
(Font)                  OT1/cmr/bx/n --> OT1/lmr/bx/n on input line 35.
LaTeX Font Info:    Overwriting math alphabet `\mathsf' in version `bold'
(Font)                  OT1/cmss/bx/n --> OT1/lmss/bx/n on input line 36.
LaTeX Font Info:    Overwriting math alphabet `\mathit' in version `bold'
(Font)                  OT1/cmr/bx/it --> OT1/lmr/bx/it on input line 37.
LaTeX Font Info:    Overwriting math alphabet `\mathtt' in version `bold'
(Font)                  OT1/cmtt/m/n --> OT1/lmtt/m/n on input line 38.
)
(/usr/local/texlive/2015basic/texmf-dist/tex/latex/amsmath/amsmath.sty
Package: amsmath 2013/01/14 v2.14 AMS math features
\@mathmargin=\skip45

For additional information on amsmath, use the `?' option.
(/usr/local/texlive/2015basic/texmf-dist/tex/latex/amsmath/amstext.sty
Package: amstext 2000/06/29 v2.01

(./amsgen.sty
File: amsgen.sty 1999/11/30 v2.0
\@emptytoks=\toks14
\ex@=\dimen103
)) (./amsbsy.sty
Package: amsbsy 1999/11/29 v1.2d
\pmbraise@=\dimen104
)
(/usr/local/texlive/2015basic/texmf-dist/tex/latex/amsmath/amsopn.sty
Package: amsopn 1999/12/14 v2.01 operator names
)
\inf@bad=\count89
LaTeX Info: Redefining \frac on input line 210.
\uproot@=\count90
\leftroot@=\count91
LaTeX Info: Redefining \overline on input line 306.
\classnum@=\count92
\DOTSCASE@=\count93
LaTeX Info: Redefining \ldots on input line 378.
LaTeX Info: Redefining \dots on input line 381.
LaTeX Info: Redefining \cdots on input line 466.
\Mathstrutbox@=\box26
\strutbox@=\box27
\big@size=\dimen105
LaTeX Font Info:    Redeclaring font encoding OML on input line 566.
LaTeX Font Info:    Redeclaring font encoding OMS on input line 567.
\macc@depth=\count94
\c@MaxMatrixCols=\count95
\dotsspace@=\muskip10
\c@parentequation=\count96
\dspbrk@lvl=\count97
\tag@help=\toks15
\row@=\count98
\column@=\count99
\maxfields@=\count100
\andhelp@=\toks16
\eqnshift@=\dimen106
\alignsep@=\dimen107
\tagshift@=\dimen108
\tagwidth@=\dimen109
\totwidth@=\dimen110
\lineht@=\dimen111
\@envbody=\toks17
\multlinegap=\skip46
\multlinetaggap=\skip47
\mathdisplay@stack=\toks18
LaTeX Info: Redefining \[ on input line 2665.
LaTeX Info: Redefining \] on input line 2666.
)
(./amssymb.sty
Package: amssymb 2009/06/22 v3.00
 (./amsfonts.sty
Package: amsfonts 2009/06/22 v3.00 Basic AMSFonts support
\symAMSa=\mathgroup4
\symAMSb=\mathgroup5
LaTeX Font Info:    Overwriting math alphabet `\mathfrak' in version `bold'
(Font)                  U/euf/m/n --> U/euf/b/n on input line 96.
))
(/usr/local/texlive/2015basic/texmf-dist/tex/latex/amscls/amsthm.sty
Package: amsthm 2015/03/04 v2.20.2
\thm@style=\toks19
\thm@bodyfont=\toks20
\thm@headfont=\toks21
\thm@notefont=\toks22
\thm@headpunct=\toks23
\thm@preskip=\skip48
\thm@postskip=\skip49
\thm@headsep=\skip50
\dth@everypar=\toks24
)
(/usr/local/texlive/2015basic/texmf-dist/tex/latex/wrapfig/wrapfig.sty
\wrapoverhang=\dimen112
\WF@size=\dimen113
\c@WF@wrappedlines=\count101
\WF@box=\box28
\WF@everypar=\toks25
Package: wrapfig 2003/01/31  v 3.6
)
(/usr/local/texlive/2015basic/texmf-dist/tex/latex/enumitem/enumitem.sty
Package: enumitem 2011/09/28 v3.5.2 Customized lists
\enitkv@toks@=\toks26
\labelindent=\skip51
\enit@outerparindent=\dimen114
\enit@toks=\toks27
\enit@inbox=\box29
\enitdp@description=\count102
)
(/usr/local/texlive/2015basic/texmf-dist/tex/latex/multirow/multirow.sty
\bigstrutjot=\dimen115
)
(/usr/local/texlive/2015basic/texmf-dist/tex/latex/tools/tabularx.sty
Package: tabularx 2014/10/28 v2.10 `tabularx' package (DPC)

(/usr/local/texlive/2015basic/texmf-dist/tex/latex/tools/array.sty
Package: array 2014/10/28 v2.4c Tabular extension package (FMi)
\col@sep=\dimen116
\extrarowheight=\dimen117
\NC@list=\toks28
\extratabsurround=\skip52
\backup@length=\skip53
)
\TX@col@width=\dimen118
\TX@old@table=\dimen119
\TX@old@col=\dimen120
\TX@target=\dimen121
\TX@delta=\dimen122
\TX@cols=\count103
\TX@ftn=\toks29
)
(/usr/local/texlive/2015basic/texmf-dist/tex/latex/booktabs/booktabs.sty
Package: booktabs 2005/04/14 v1.61803 publication quality tables
\heavyrulewidth=\dimen123
\lightrulewidth=\dimen124
\cmidrulewidth=\dimen125
\belowrulesep=\dimen126
\belowbottomsep=\dimen127
\aboverulesep=\dimen128
\abovetopsep=\dimen129
\cmidrulesep=\dimen130
\cmidrulekern=\dimen131
\defaultaddspace=\dimen132
\@cmidla=\count104
\@cmidlb=\count105
\@aboverulesep=\dimen133
\@belowrulesep=\dimen134
\@thisruleclass=\count106
\@lastruleclass=\count107
\@thisrulewidth=\dimen135
)
(/usr/local/texlive/2015basic/texmf-dist/tex/latex/graphics/lscape.sty
Package: lscape 2000/10/22 v3.01 Landscape Pages (DPC)

(/usr/local/texlive/2015basic/texmf-dist/tex/latex/graphics/graphics.sty
Package: graphics 2014/10/28 v1.0p Standard LaTeX Graphics (DPC,SPQR)

(/usr/local/texlive/2015basic/texmf-dist/tex/latex/graphics/trig.sty
Package: trig 1999/03/16 v1.09 sin cos tan (DPC)
)
(/usr/local/texlive/2015basic/texmf-dist/tex/latex/latexconfig/graphics.cfg
File: graphics.cfg 2010/04/23 v1.9 graphics configuration of TeX Live
)
Package graphics Info: Driver file: pdftex.def on input line 94.

(/usr/local/texlive/2015basic/texmf-dist/tex/latex/pdftex-def/pdftex.def
File: pdftex.def 2011/05/27 v0.06d Graphics/color for pdfTeX

(/usr/local/texlive/2015basic/texmf-dist/tex/generic/oberdiek/infwarerr.sty
Package: infwarerr 2010/04/08 v1.3 Providing info/warning/error messages (HO)
)
(/usr/local/texlive/2015basic/texmf-dist/tex/generic/oberdiek/ltxcmds.sty
Package: ltxcmds 2011/11/09 v1.22 LaTeX kernel commands for general use (HO)
)
\Gread@gobject=\count108
)))
(/usr/local/texlive/2015basic/texmf-dist/tex/latex/graphics/color.sty
Package: color 2014/10/28 v1.1a Standard LaTeX Color (DPC)

(/usr/local/texlive/2015basic/texmf-dist/tex/latex/latexconfig/color.cfg
File: color.cfg 2007/01/18 v1.5 color configuration of teTeX/TeXLive
)
Package color Info: Driver file: pdftex.def on input line 142.
)
(./graphicx.sty
Package: graphicx 2014/10/28 v1.0g Enhanced LaTeX Graphics (DPC,SPQR)

(/usr/local/texlive/2015basic/texmf-dist/tex/latex/graphics/keyval.sty
Package: keyval 2014/10/28 v1.15 key=value parser (DPC)
\KV@toks@=\toks30
)
\Gin@req@height=\dimen136
\Gin@req@width=\dimen137
)
(/usr/local/texlive/2015basic/texmf-dist/tex/latex/caption/subcaption.sty
Package: subcaption 2013/02/03 v1.1-62 Sub-captions (AR)

(/usr/local/texlive/2015basic/texmf-dist/tex/latex/caption/caption.sty
Package: caption 2013/05/02 v3.3-89 Customizing captions (AR)

(/usr/local/texlive/2015basic/texmf-dist/tex/latex/caption/caption3.sty
Package: caption3 2013/05/02 v1.6-88 caption3 kernel (AR)
Package caption3 Info: TeX engine: e-TeX on input line 57.
\captionmargin=\dimen138
\captionmargin@=\dimen139
\captionwidth=\dimen140
\caption@tempdima=\dimen141
\caption@indent=\dimen142
\caption@parindent=\dimen143
\caption@hangindent=\dimen144
Package caption Info: Unknown document class (or package),
(caption)             standard defaults will be used.
)

Package caption Warning: Unsupported document class (or package) detected,
(caption)                usage of the caption package is not recommended.
See the caption package documentation for explanation.

Package caption Info: \@makecaption = \long macro:#1#2->\captionsize \vskip \ab
ovecaptionskip \sbox \@tempboxa {{\bfseries #1.} #2}\ifdim \wd \@tempboxa >\hsi
ze {\bfseries #1.} #2\par \else \global \@minipagefalse \hb@xt@ \hsize {\box \@
tempboxa \hfil }\fi \vskip \belowcaptionskip .
\c@ContinuedFloat=\count109
Package caption Info: wrapfig package is loaded.
)
\c@subfigure=\count110
\c@subtable=\count111
) (./SamplingDesign5Nov7pmAP.aux)
\openout1 = `SamplingDesign5Nov7pmAP.aux'.

LaTeX Font Info:    Checking defaults for OML/cmm/m/it on input line 37.
LaTeX Font Info:    ... okay on input line 37.
LaTeX Font Info:    Checking defaults for T1/cmr/m/n on input line 37.
LaTeX Font Info:    ... okay on input line 37.
LaTeX Font Info:    Checking defaults for OT1/cmr/m/n on input line 37.
LaTeX Font Info:    ... okay on input line 37.
LaTeX Font Info:    Checking defaults for OMS/cmsy/m/n on input line 37.
LaTeX Font Info:    ... okay on input line 37.
LaTeX Font Info:    Checking defaults for OMX/cmex/m/n on input line 37.
LaTeX Font Info:    ... okay on input line 37.
LaTeX Font Info:    Checking defaults for U/cmr/m/n on input line 37.
LaTeX Font Info:    ... okay on input line 37.
LaTeX Font Info:    Try loading font information for OT1+lmr on input line 37.

(/usr/local/texlive/2015basic/texmf-dist/tex/latex/lm/ot1lmr.fd
File: ot1lmr.fd 2009/10/30 v1.6 Font defs for Latin Modern
)


Found AMS Euler Roman fonts on the system, using the 'igsupmath' package.

(./igsupmath.sty
Package: igsupmath 2007/11/09 v1.00 IGS LaTeX2e package
\c@mv@upright=\count112
\c@mv@boldupright=\count113
LaTeX Font Info:    Overwriting symbol font `letters' in version `upright'
(Font)                  OML/cmm/m/it --> OML/eur/m/n on input line 37.
LaTeX Font Info:    Overwriting symbol font `letters' in version `boldupright'
(Font)                  OML/cmm/m/it --> OML/eur/b/n on input line 38.
)


Found AMS Symbol fonts on the system, using the 'amssymb' package.


Found the 'amsbsy' package on the system, using it.

(/usr/local/texlive/2015basic/texmf-dist/tex/context/base/supp-pdf.mkii
[Loading MPS to PDF converter (version 2006.09.02).]
\scratchcounter=\count114
\scratchdimen=\dimen145
\scratchbox=\box30
\nofMPsegments=\count115
\nofMParguments=\count116
\everyMPshowfont=\toks31
\MPscratchCnt=\count117
\MPscratchDim=\dimen146
\MPnumerator=\count118
\makeMPintoPDFobject=\count119
\everyMPtoPDFconversion=\toks32
) (/usr/local/texlive/2015basic/texmf-dist/tex/generic/oberdiek/pdftexcmds.sty
Package: pdftexcmds 2011/11/29 v0.20 Utility functions of pdfTeX for LuaTeX (HO
)

(/usr/local/texlive/2015basic/texmf-dist/tex/generic/oberdiek/ifluatex.sty
Package: ifluatex 2010/03/01 v1.3 Provides the ifluatex switch (HO)
Package ifluatex Info: LuaTeX not detected.
)
(/usr/local/texlive/2015basic/texmf-dist/tex/generic/oberdiek/ifpdf.sty
Package: ifpdf 2011/01/30 v2.3 Provides the ifpdf switch (HO)
Package ifpdf Info: pdfTeX in PDF mode is detected.
)
Package pdftexcmds Info: LuaTeX not detected.
Package pdftexcmds Info: \pdf@primitive is available.
Package pdftexcmds Info: \pdf@ifprimitive is available.
Package pdftexcmds Info: \pdfdraftmode found.
)
(/usr/local/texlive/2015basic/texmf-dist/tex/latex/oberdiek/epstopdf-base.sty
Package: epstopdf-base 2010/02/09 v2.5 Base part for package epstopdf

(/usr/local/texlive/2015basic/texmf-dist/tex/latex/oberdiek/grfext.sty
Package: grfext 2010/08/19 v1.1 Manage graphics extensions (HO)

(/usr/local/texlive/2015basic/texmf-dist/tex/generic/oberdiek/kvdefinekeys.sty
Package: kvdefinekeys 2011/04/07 v1.3 Define keys (HO)
)) (/usr/local/texlive/2015basic/texmf-dist/tex/latex/oberdiek/kvoptions.sty
Package: kvoptions 2011/06/30 v3.11 Key value format for package options (HO)

(/usr/local/texlive/2015basic/texmf-dist/tex/generic/oberdiek/kvsetkeys.sty
Package: kvsetkeys 2012/04/25 v1.16 Key value parser (HO)

(/usr/local/texlive/2015basic/texmf-dist/tex/generic/oberdiek/etexcmds.sty
Package: etexcmds 2011/02/16 v1.5 Avoid name clashes with e-TeX commands (HO)
Package etexcmds Info: Could not find \expanded.
(etexcmds)             That can mean that you are not using pdfTeX 1.50 or
(etexcmds)             that some package has redefined \expanded.
(etexcmds)             In the latter case, load this package earlier.
)))
Package grfext Info: Graphics extension search list:
(grfext)             [.png,.pdf,.jpg,.mps,.jpeg,.jbig2,.jb2,.PNG,.PDF,.JPG,.JPE
G,.JBIG2,.JB2,.eps]
(grfext)             \AppendGraphicsExtensions on input line 452.

(/usr/local/texlive/2015basic/texmf-dist/tex/latex/latexconfig/epstopdf-sys.cfg
File: epstopdf-sys.cfg 2010/07/13 v1.3 Configuration of (r)epstopdf for TeX Liv
e
))
Package caption Info: Begin \AtBeginDocument code.
Package caption Info: End \AtBeginDocument code.
LaTeX Font Info:    Try loading font information for OML+lmm on input line 62.
 (/usr/local/texlive/2015basic/texmf-dist/tex/latex/lm/omllmm.fd
File: omllmm.fd 2009/10/30 v1.6 Font defs for Latin Modern
)
LaTeX Font Info:    Try loading font information for OMS+lmsy on input line 62.


(/usr/local/texlive/2015basic/texmf-dist/tex/latex/lm/omslmsy.fd
File: omslmsy.fd 2009/10/30 v1.6 Font defs for Latin Modern
)
LaTeX Font Info:    Try loading font information for OMX+lmex on input line 62.


(/usr/local/texlive/2015basic/texmf-dist/tex/latex/lm/omxlmex.fd
File: omxlmex.fd 2009/10/30 v1.6 Font defs for Latin Modern
)
LaTeX Font Info:    External font `lmex10' loaded for size
(Font)              <13.5> on input line 62.
LaTeX Font Info:    External font `lmex10' loaded for size
(Font)              <10> on input line 62.
LaTeX Font Info:    External font `lmex10' loaded for size
(Font)              <7> on input line 62.
LaTeX Font Info:    Try loading font information for U+msa on input line 62.

(/usr/local/texlive/2015basic/texmf-dist/tex/latex/amsfonts/umsa.fd
File: umsa.fd 2013/01/14 v3.01 AMS symbols A
)
LaTeX Font Info:    Try loading font information for U+msb on input line 62.

(/usr/local/texlive/2015basic/texmf-dist/tex/latex/amsfonts/umsb.fd
File: umsb.fd 2013/01/14 v3.01 AMS symbols B
)
LaTeX Font Info:    External font `lmex10' loaded for size
(Font)              <9.5> on input line 62.
LaTeX Font Info:    External font `lmex10' loaded for size
(Font)              <5> on input line 62.

<Pulwicki_Fig1.pdf, id=1, 667.49374pt x 279.0425pt>
File: Pulwicki_Fig1.pdf Graphic file (type pdf)
 <use Pulwicki_Fig1.pdf>
Package pdftex.def Info: Pulwicki_Fig1.pdf used on input line 71.
(pdftex.def)             Requested size: 506.45905pt x 211.72961pt.


Package natbib Warning: Citation `Cogley2011' on page 1 undefined on input line
 76.


Package natbib Warning: Citation `Hock2005' on page 1 undefined on input line 7
6.


Package natbib Warning: Citation `Reveillet2016' on page 1 undefined on input l
ine 76.


Underfull \hbox (badness 2469) in paragraph at lines 76--77
\OT1/lmr/m/n/9.5 critical for monitoring glacier mass balance and for
 []


Package natbib Warning: Citation `Shea2010' on page 1 undefined on input line 7
8.


Package natbib Warning: Citation `Kinar2015' on page 1 undefined on input line 
78.


Package natbib Warning: Citation `Elder1991' on page 1 undefined on input line 
80.


Package natbib Warning: Citation `Shea2010' on page 1 undefined on input line 8
0.


Package natbib Warning: Citation `Schweizer2008' on page 1 undefined on input l
ine 80.


Package natbib Warning: Citation `Bellaire2008' on page 1 undefined on input li
ne 80.


Package natbib Warning: Citation `Elder2009' on page 1 undefined on input line 
80.


Package natbib Warning: Citation `Bellaire2011' on page 1 undefined on input li
ne 80.


Package natbib Warning: Citation `Molotch2005a' on page 1 undefined on input li
ne 80.


Package natbib Warning: Citation `Kronholm2007' on page 1 undefined on input li
ne 80.


Package natbib Warning: Citation `Lopez2011' on page 1 undefined on input line 
80.


Package natbib Warning: Citation `Kronholm2007' on page 1 undefined on input li
ne 80.


Underfull \vbox (badness 10000) has occurred while \output is active []



Package natbib Warning: Citation `Fountain1999' on page 1 undefined on input li
ne 83.


Package natbib Warning: Citation `Walmsley2015' on page 1 undefined on input li
ne 83.


Package natbib Warning: Citation `Kaser2003' on page 1 undefined on input line 
83.


Package natbib Warning: Citation `Grunewald2014' on page 1 undefined on input l
ine 83.


Package natbib Warning: Citation `Walmsley2015' on page 1 undefined on input li
ne 83.


Underfull \hbox (badness 2368) in paragraph at lines 82--84
\OT1/lmr/m/n/9.5 to monitor temporal changes in winter balance. An
 []


Underfull \hbox (badness 1577) in paragraph at lines 82--84
\OT1/lmr/m/n/9.5 that captures spatial variability and minimizes travel
 []


Underfull \hbox (badness 1137) in paragraph at lines 82--84
\OT1/lmr/m/n/9.5 schemes in estimating the spatially distributed winter
 []


Underfull \vbox (badness 10000) has occurred while \output is active []


Overfull \vbox (5.511pt too high) has occurred while \output is active []

 [1{/usr/local/texlive/2015basic/texmf-var/fonts/map/pdftex/updmap/pdftex.map}


]

Package natbib Warning: Citation `Wood1948' on page 2 undefined on input line 9
3.


Package natbib Warning: Citation `Danby2003' on page 2 undefined on input line 
93.


Package natbib Warning: Citation `Clarke2014' on page 2 undefined on input line
 93.


Package natbib Warning: Citation `Flowers2014' on page 2 undefined on input lin
e 93.


Package natbib Warning: Citation `Arendt2008' on page 2 undefined on input line
 93.


Package natbib Warning: Citation `Burgess2013' on page 2 undefined on input lin
e 93.


Package natbib Warning: Citation `Waechter2015' on page 2 undefined on input li
ne 93.


Underfull \hbox (badness 1371) in paragraph at lines 93--94
\OT1/lmr/m/n/9.5 We investigate winter-balance survey design for three
 []


Underfull \hbox (badness 1769) in paragraph at lines 93--94
\OT1/lmr/m/n/9.5 unnamed glaciers in the Donjek Range of southwest
 []


Package natbib Warning: Citation `Crompton2016' on page 2 undefined on input li
ne 95.


Package natbib Warning: Citation `Wilson2013' on page 2 undefined on input line
 95.


Package natbib Warning: Citation `Wilson2013a' on page 2 undefined on input lin
e 95.


Package natbib Warning: Citation `Pulwicki2017' on page 2 undefined on input li
ne 95.

<Pulwicki_Fig2.pdf, id=17, 612.2875pt x 644.4075pt>
File: Pulwicki_Fig2.pdf Graphic file (type pdf)
 <use Pulwicki_Fig2.pdf>
Package pdftex.def Info: Pulwicki_Fig2.pdf used on input line 103.
(pdftex.def)             Requested size: 455.81004pt x 479.71545pt.


Package natbib Warning: Citation `Kaser2002' on page 2 undefined on input line 
115.


Package natbib Warning: Citation `Machguth2006' on page 2 undefined on input li
ne 115.


Underfull \hbox (badness 1082) in paragraph at lines 114--116
\OT1/lmr/m/n/9.5 with trans-verse tran-sects, com-prise the most com-mon
 []


Underfull \hbox (badness 2111) in paragraph at lines 114--116
\OT1/lmr/m/n/9.5 The cen-tre-line tran-sects aims to cap-ture changes in
 []


Overfull \vbox (5.511pt too high) has occurred while \output is active []

 [2 <./Pulwicki_Fig1.pdf>]
Underfull \vbox (badness 10000) has occurred while \output is active []



Package natbib Warning: Citation `Pulwicki2017' on page 3 undefined on input li
ne 119.


Underfull \vbox (badness 10000) has occurred while \output is active []


Overfull \vbox (5.511pt too high) has occurred while \output is active []

 [3 <./Pulwicki_Fig2.pdf>]

Package natbib Warning: Citation `Korona2009' on page 4 undefined on input line
 123.


Package natbib Warning: Citation `McGrath2015' on page 4 undefined on input lin
e 123.


Package natbib Warning: Citation `Pulwicki2017' on page 4 undefined on input li
ne 123.


Package natbib Warning: Citation `Pulwicki2017' on page 4 undefined on input li
ne 132.


Package natbib Warning: Citation `Pulwicki2017' on page 4 undefined on input li
ne 133.


Underfull \vbox (badness 5622) has occurred while \output is active []


Overfull \vbox (5.511pt too high) has occurred while \output is active []

 [4]
<SyntheticObsWB.pdf, id=76, 506.89375pt x 341.275pt>
File: SyntheticObsWB.pdf Graphic file (type pdf)
 <use SyntheticObsWB.pdf>
Package pdftex.def Info: SyntheticObsWB.pdf used on input line 169.
(pdftex.def)             Requested size: 506.45905pt x 340.99295pt.


LaTeX Warning: No positions in optional float specifier.
               Default added (so using `tbp') on input line 184.

LaTeX Font Info:    External font `lmex10' loaded for size
(Font)              <8> on input line 188.
LaTeX Font Info:    External font `lmex10' loaded for size
(Font)              <6> on input line 188.

Overfull \hbox (2.83316pt too wide) in paragraph at lines 188--205
 [][] 
 []

<SynObsRMSEmap.pdf, id=77, 687.56876pt x 409.53pt>
File: SynObsRMSEmap.pdf Graphic file (type pdf)
 <use SynObsRMSEmap.pdf>
Package pdftex.def Info: SynObsRMSEmap.pdf used on input line 210.
(pdftex.def)             Requested size: 506.45905pt x 301.65395pt.

Underfull \hbox (badness 1107) in paragraph at lines 216--218
\OT1/lmr/m/n/9.5 others particularly as assessed by convergence $\OML/lmm/m/it/
9.5 n[]$\OT1/lmr/m/n/9.5 . Of
 []

<DataObsWB.pdf, id=78, 506.89375pt x 341.275pt>
File: DataObsWB.pdf Graphic file (type pdf)
 <use DataObsWB.pdf>
Package pdftex.def Info: DataObsWB.pdf used on input line 225.
(pdftex.def)             Requested size: 506.45905pt x 340.99295pt.


LaTeX Warning: No positions in optional float specifier.
               Default added (so using `tbp') on input line 231.


Package natbib Warning: Citation `Pulwicki2017' on page 5 undefined on input li
ne 254.


Underfull \hbox (badness 1331) in paragraph at lines 250--255
\OT1/lmr/m/n/9.5 sampling patterns on any of the glaciers (Figure 5[]),
 []


Package natbib Warning: Citation `Walmsley2015' on page 5 undefined on input li
ne 262.


Underfull \hbox (badness 1275) in paragraph at lines 262--263
\OT1/lmr/m/n/9.5 A sample size greater than 30 does not significantly
 []


Underfull \hbox (badness 1931) in paragraph at lines 262--263
\OT1/lmr/m/n/9.5 number of measurements. \OT1/lmr/bx/n/9.5 ? \OT1/lmr/m/n/9.5 r
ecommends that winter
 []


Package natbib Warning: Citation `Surjanovic2016' on page 5 undefined on input 
line 265.


Package natbib Warning: Citation `Fountain1999' on page 5 undefined on input li
ne 265.


Package natbib Warning: Citation `Dadic2010' on page 5 undefined on input line 
265.


Package natbib Warning: Citation `Clark2011' on page 5 undefined on input line 
265.


Overfull \vbox (5.511pt too high) has occurred while \output is active []

 [5]
Overfull \vbox (5.511pt too high) has occurred while \output is active []

 [6 <./SyntheticObsWB.pdf>]
Underfull \vbox (badness 10000) has occurred while \output is active []



Package natbib Warning: Citation `Pulwicki2017' on page 7 undefined on input li
ne 269.


Package natbib Warning: Citation `Walmsley2015' on page 7 undefined on input li
ne 272.


Underfull \vbox (badness 10000) has occurred while \output is active []


Overfull \vbox (5.511pt too high) has occurred while \output is active []

 [7 <./SynObsRMSEmap.pdf>]

Package natbib Warning: Citation `Machguth2006' on page 8 undefined on input li
ne 277.


Package natbib Warning: Citation `Gusmeroli2014' on page 8 undefined on input l
ine 277.


Package natbib Warning: Citation `McGrath2015' on page 8 undefined on input lin
e 277.


Package natbib Warning: Citation `Sold2013' on page 8 undefined on input line 2
77.


Underfull \hbox (badness 1708) in paragraph at lines 275--279
\OT1/lmr/m/n/9.5 THAT WE HAVEN'T MEN-TIONED. ONE WOULD
 []


Underfull \vbox (badness 10000) has occurred while \output is active []


Underfull \vbox (badness 10000) has occurred while \output is active []


Overfull \vbox (5.511pt too high) has occurred while \output is active []

 [8 <./DataObsWB.pdf>]
Underfull \hbox (badness 1735) in paragraph at lines 290--291
\OT1/lmr/m/n/9.5 the Northern Scientific Training Program. We kindly
 []


Underfull \hbox (badness 2150) in paragraph at lines 290--291
\OT1/lmr/m/n/9.5 Lance Goodwin and Trans North pilot Dion Parker
 []

No file SamplingDesign5Nov7pmAP.bbl.

Package natbib Warning: There were undefined citations.


Overfull \vbox (5.511pt too high) has occurred while \output is active []

 [9

]
(./SamplingDesign5Nov7pmAP.aux)

LaTeX Font Warning: Size substitutions with differences
(Font)              up to 0.5pt have occurred.

 ) 
Here is how much of TeX's memory you used:
 4641 strings out of 494501
 67830 string characters out of 6167030
 155975 words of memory out of 5000000
 7815 multiletter control sequences out of 15000+600000
 58651 words of font info for 60 fonts, out of 8000000 for 9000
 319 hyphenation exceptions out of 8191
 42i,10n,40p,1454b,304s stack positions out of 5000i,500n,10000p,200000b,80000s
{/usr/local/texlive/2015basic/texmf-dist/fonts/enc/dvips/lm/lm-mathsy.enc}{/u
sr/local/texlive/2015basic/texmf-dist/fonts/enc/dvips/lm/lm-rm.enc}{/usr/local/
texlive/2015basic/texmf-dist/fonts/enc/dvips/lm/lm-mathit.enc}</usr/local/texli
ve/2015basic/texmf-dist/fonts/type1/public/lm/lmbx10.pfb></usr/local/texlive/20
15basic/texmf-dist/fonts/type1/public/lm/lmbx12.pfb></usr/local/texlive/2015bas
ic/texmf-dist/fonts/type1/public/lm/lmbx8.pfb></usr/local/texlive/2015basic/tex
mf-dist/fonts/type1/public/lm/lmmi10.pfb></usr/local/texlive/2015basic/texmf-di
st/fonts/type1/public/lm/lmmi7.pfb></usr/local/texlive/2015basic/texmf-dist/fon
ts/type1/public/lm/lmmi8.pfb></usr/local/texlive/2015basic/texmf-dist/fonts/typ
e1/public/lm/lmr10.pfb></usr/local/texlive/2015basic/texmf-dist/fonts/type1/pub
lic/lm/lmr12.pfb></usr/local/texlive/2015basic/texmf-dist/fonts/type1/public/lm
/lmr6.pfb></usr/local/texlive/2015basic/texmf-dist/fonts/type1/public/lm/lmr7.p
fb></usr/local/texlive/2015basic/texmf-dist/fonts/type1/public/lm/lmr8.pfb></us
r/local/texlive/2015basic/texmf-dist/fonts/type1/public/lm/lmri10.pfb></usr/loc
al/texlive/2015basic/texmf-dist/fonts/type1/public/lm/lmri8.pfb></usr/local/tex
live/2015basic/texmf-dist/fonts/type1/public/lm/lmsy10.pfb></usr/local/texlive/
2015basic/texmf-dist/fonts/type1/public/lm/lmsy7.pfb></usr/local/texlive/2015ba
sic/texmf-dist/fonts/type1/public/lm/lmsy8.pfb></usr/local/texlive/2015basic/te
xmf-dist/fonts/type1/public/amsfonts/symbols/msam10.pfb>
Output written on SamplingDesign5Nov7pmAP.pdf (9 pages, 3272650 bytes).
PDF statistics:
 4308 PDF objects out of 5155 (max. 8388607)
 4210 compressed objects within 43 object streams
 0 named destinations out of 1000 (max. 500000)
 26 words of extra memory for PDF output out of 10000 (max. 10000000)

