\BOOKMARK [0][-]{section*.1}{Approval}{}% 1
\BOOKMARK [0][-]{section*.3}{Abstract}{}% 2
\BOOKMARK [0][-]{section*.6}{Dedication}{}% 3
\BOOKMARK [0][-]{section*.8}{Acknowledgements}{}% 4
\BOOKMARK [0][-]{section*.9}{Table of Contents}{}% 5
\BOOKMARK [0][-]{section*.11}{List of Tables}{}% 6
\BOOKMARK [0][-]{section*.13}{List of Figures}{}% 7
\BOOKMARK [0][-]{chapter.1}{Introduction}{}% 8
\BOOKMARK [1][-]{section.1.1}{Accumulation variability}{chapter.1}% 9
\BOOKMARK [2][-]{subsection.1.1.1}{Topographic scales}{section.1.1}% 10
\BOOKMARK [2][-]{subsection.1.1.2}{Snow drift and preferential deposition}{section.1.1}% 11
\BOOKMARK [1][-]{section.1.2}{Snow distribution models}{chapter.1}% 12
\BOOKMARK [2][-]{subsection.1.2.1}{Dynamic models}{section.1.2}% 13
\BOOKMARK [2][-]{subsection.1.2.2}{Statistical models}{section.1.2}% 14
\BOOKMARK [1][-]{section.1.3}{Measuring accumulation}{chapter.1}% 15
\BOOKMARK [2][-]{subsection.1.3.1}{Snow probing}{section.1.3}% 16
\BOOKMARK [2][-]{subsection.1.3.2}{GPR}{section.1.3}% 17
\BOOKMARK [2][-]{subsection.1.3.3}{DEM subtraction}{section.1.3}% 18
\BOOKMARK [2][-]{subsection.1.3.4}{Comparison of methods}{section.1.3}% 19
\BOOKMARK [2][-]{subsection.1.3.5}{Temporally resolved methods}{section.1.3}% 20
\BOOKMARK [1][-]{section.1.4}{Snow distribution on glaciers}{chapter.1}% 21
\BOOKMARK [1][-]{section.1.5}{Glaciers in the St. Elias Mountains}{chapter.1}% 22
\BOOKMARK [1][-]{section.1.6}{Research scope}{chapter.1}% 23
\BOOKMARK [1][-]{section.1.7}{Summary}{chapter.1}% 24
\BOOKMARK [1][-]{section.1.8}{Thesis overview}{chapter.1}% 25
\BOOKMARK [0][-]{chapter.2}{Field methods and data processing}{}% 26
\BOOKMARK [1][-]{section.2.1}{Experimental design}{chapter.2}% 27
\BOOKMARK [2][-]{subsection.2.1.1}{Sampling Scheme and Naming System}{section.2.1}% 28
\BOOKMARK [1][-]{section.2.2}{Field methods}{chapter.2}% 29
\BOOKMARK [2][-]{subsection.2.2.1}{Linear and Curvilinear Transects}{section.2.2}% 30
\BOOKMARK [2][-]{subsection.2.2.2}{Zigzag}{section.2.2}% 31
\BOOKMARK [2][-]{subsection.2.2.3}{Federal Snow Sampler}{section.2.2}% 32
\BOOKMARK [2][-]{subsection.2.2.4}{Firn Corer}{section.2.2}% 33
\BOOKMARK [2][-]{subsection.2.2.5}{Snow pit}{section.2.2}% 34
\BOOKMARK [1][-]{section.2.3}{Data processing}{chapter.2}% 35
\BOOKMARK [2][-]{subsection.2.3.1}{Snow depth measured with graduated avalanche probe}{section.2.3}% 36
\BOOKMARK [2][-]{subsection.2.3.2}{Snow density}{section.2.3}% 37
\BOOKMARK [2][-]{subsection.2.3.3}{Point-scale winter balance}{section.2.3}% 38
\BOOKMARK [1][-]{section.2.4}{Topographic parameters}{chapter.2}% 39
\BOOKMARK [2][-]{subsection.2.4.1}{Obtaining digital elevation models \(DEMs\) for study glaciers}{section.2.4}% 40
\BOOKMARK [2][-]{subsection.2.4.2}{Calculating topographic parameters}{section.2.4}% 41
\BOOKMARK [2][-]{subsection.2.4.3}{DEM smoothing}{section.2.4}% 42
\BOOKMARK [2][-]{subsection.2.4.4}{Parameter correlations}{section.2.4}% 43
\BOOKMARK [2][-]{subsection.2.4.5}{Maps of topographic parameters and distribution of parameters sampled}{section.2.4}% 44
\BOOKMARK [1][-]{section.2.5}{Summary}{chapter.2}% 45
\BOOKMARK [0][-]{chapter.3}{Sampling}{}% 46
\BOOKMARK [1][-]{section.3.1}{Density}{chapter.3}% 47
\BOOKMARK [2][-]{subsection.3.1.1}{Basic statistics}{section.3.1}% 48
\BOOKMARK [2][-]{subsection.3.1.2}{Federal Sampler measurements and snow depth}{section.3.1}% 49
\BOOKMARK [2][-]{subsection.3.1.3}{Density uncertainties}{section.3.1}% 50
\BOOKMARK [2][-]{subsection.3.1.4}{Comparing density from snow pit and Federal Sampler measurements}{section.3.1}% 51
\BOOKMARK [2][-]{subsection.3.1.5}{Density and elevation}{section.3.1}% 52
\BOOKMARK [1][-]{section.3.2}{Linear and curvilinear transect snow depth data}{chapter.3}% 53
\BOOKMARK [1][-]{section.3.3}{Zigzag snow depth data}{chapter.3}% 54
\BOOKMARK [1][-]{section.3.4}{Point-scale winter balance}{chapter.3}% 55
\BOOKMARK [1][-]{section.3.5}{Variability at multiple scales}{chapter.3}% 56
\BOOKMARK [2][-]{subsection.3.5.1}{Point-scale variability}{section.3.5}% 57
\BOOKMARK [2][-]{subsection.3.5.2}{Gridcell-scale variability}{section.3.5}% 58
\BOOKMARK [1][-]{section.3.6}{Summary}{chapter.3}% 59
\BOOKMARK [0][-]{chapter.4}{Interpolation}{}% 60
\BOOKMARK [1][-]{section.4.1}{Linear topographic regressions}{chapter.4}% 61
\BOOKMARK [2][-]{subsection.4.1.1}{Background}{section.4.1}% 62
\BOOKMARK [2][-]{subsection.4.1.2}{Importance of variables in regression models}{section.4.1}% 63
\BOOKMARK [2][-]{subsection.4.1.3}{Multiple Linear Regression \(MLR\)}{section.4.1}% 64
\BOOKMARK [2][-]{subsection.4.1.4}{Bayesian Model Averaging \(BMA\)}{section.4.1}% 65
\BOOKMARK [2][-]{subsection.4.1.5}{MLR and BMA comparison}{section.4.1}% 66
\BOOKMARK [2][-]{subsection.4.1.6}{Number of cross validation runs}{section.4.1}% 67
\BOOKMARK [1][-]{section.4.2}{Kriging}{chapter.4}% 68
\BOOKMARK [2][-]{subsection.4.2.1}{Background}{section.4.2}% 69
\BOOKMARK [2][-]{subsection.4.2.2}{Methods}{section.4.2}% 70
\BOOKMARK [2][-]{subsection.4.2.3}{Results}{section.4.2}% 71
\BOOKMARK [1][-]{section.4.3}{Regression kriging}{chapter.4}% 72
\BOOKMARK [2][-]{subsection.4.3.1}{Background}{section.4.3}% 73
\BOOKMARK [2][-]{subsection.4.3.2}{Methods}{section.4.3}% 74
\BOOKMARK [2][-]{subsection.4.3.3}{Results}{section.4.3}% 75
\BOOKMARK [1][-]{section.4.4}{Comparison of interpolation methods}{chapter.4}% 76
\BOOKMARK [1][-]{section.4.5}{Summary}{chapter.4}% 77
\BOOKMARK [0][-]{chapter.5}{Winter balance }{}% 78
\BOOKMARK [1][-]{section.5.1}{Methods}{chapter.5}% 79
\BOOKMARK [1][-]{section.5.2}{Results}{chapter.5}% 80
\BOOKMARK [2][-]{subsection.5.2.1}{Winter balance uncertainty}{section.5.2}% 81
\BOOKMARK [2][-]{subsection.5.2.2}{Spatial patterns of winter balance uncertainty}{section.5.2}% 82
\BOOKMARK [1][-]{section.5.3}{Discussion}{chapter.5}% 83
\BOOKMARK [1][-]{section.5.4}{Summary}{chapter.5}% 84
\BOOKMARK [0][-]{chapter.6}{Regional Controls}{}% 85
\BOOKMARK [1][-]{section.6.1}{Transferability of linear regression coefficients}{chapter.6}% 86
\BOOKMARK [1][-]{section.6.2}{Regional winter-balance gradient}{chapter.6}% 87
\BOOKMARK [1][-]{section.6.3}{Summary}{chapter.6}% 88
\BOOKMARK [0][-]{chapter.7}{Conclusion}{}% 89
\BOOKMARK [1][-]{subsection.7.0.1}{Limitations and future work}{chapter.7}% 90
\BOOKMARK [1][-]{section.7.1}{Conclusion}{chapter.7}% 91
\BOOKMARK [0][-]{section*.179}{Bibliography}{}% 92
\BOOKMARK [0][-]{chapter.8}{GPS Waypoint Creation and Upload to GPS Device}{}% 93
\BOOKMARK [0][-]{chapter.9}{Field Maps}{}% 94
\BOOKMARK [0][-]{chapter.10}{Data Processing Scripts}{}% 95
\BOOKMARK [1][-]{section.10.1}{Snow depth measured with graduated avalanche probe}{chapter.10}% 96
\BOOKMARK [2][-]{subsection.10.1.1}{Linear and curvilinear transect surveys}{section.10.1}% 97
\BOOKMARK [2][-]{subsection.10.1.2}{Zigzag surveys}{section.10.1}% 98
\BOOKMARK [1][-]{section.10.2}{Snow density}{chapter.10}% 99
\BOOKMARK [1][-]{section.10.3}{Point-scale winter balance}{chapter.10}% 100
\BOOKMARK [0][-]{chapter.11}{Topographic parameters from QGIS to Matlab}{}% 101
\BOOKMARK [0][-]{chapter.12}{MLR software}{}% 102
\BOOKMARK [0][-]{chapter.13}{BMA software}{}% 103
\BOOKMARK [0][-]{chapter.14}{Kriging software}{}% 104
\BOOKMARK [0][-]{chapter.15}{Variability of data at various scales}{}% 105
\BOOKMARK [1][-]{section.15.1}{Point Scale}{chapter.15}% 106
\BOOKMARK [2][-]{subsection.15.1.1}{Data normality}{section.15.1}% 107
\BOOKMARK [2][-]{subsection.15.1.2}{Observer differences}{section.15.1}% 108
\BOOKMARK [2][-]{subsection.15.1.3}{Standard deviation of snow depth along linear and curvilinear transects}{section.15.1}% 109
\BOOKMARK [2][-]{subsection.15.1.4}{Standard deviation of WB in DEM cell}{section.15.1}% 110
\BOOKMARK [0][-]{chapter.16}{Winter surface mass balance distribution}{}% 111
\BOOKMARK [1][-]{section.16.1}{Linear regression winter balance distribution}{chapter.16}% 112
\BOOKMARK [1][-]{section.16.2}{Simple kriging winter balance distribution}{chapter.16}% 113
