This is pdfTeX, Version 3.14159265-2.6-1.40.16 (TeX Live 2015/Debian) (preloaded format=pdflatex 2017.6.21)  6 JUL 2017 11:11
entering extended mode
 restricted \write18 enabled.
 %&-line parsing enabled.
**THESIS.tex
(./THESIS.tex
LaTeX2e <2016/02/01>
Babel <3.9q> and hyphenation patterns for 81 language(s) loaded.
(./sfuthesis.cls
Document Class: sfuthesis 2015/05/01 v2.0.0 SFU Thesis/Dissertation Template
(/usr/share/texlive/texmf-dist/tex/latex/etoolbox/etoolbox.sty
Package: etoolbox 2015/08/02 v2.2a e-TeX tools for LaTeX (JAW)
\etb@tempcnta=\count79
)
(/usr/share/texlive/texmf-dist/tex/latex/base/book.cls
Document Class: book 2014/09/29 v1.4h Standard LaTeX document class
(/usr/share/texlive/texmf-dist/tex/latex/base/bk11.clo
File: bk11.clo 2014/09/29 v1.4h Standard LaTeX file (size option)
)
\c@part=\count80
\c@chapter=\count81
\c@section=\count82
\c@subsection=\count83
\c@subsubsection=\count84
\c@paragraph=\count85
\c@subparagraph=\count86
\c@figure=\count87
\c@table=\count88
\abovecaptionskip=\skip41
\belowcaptionskip=\skip42
\bibindent=\dimen102
)
(/usr/share/texmf/tex/latex/lm/lmodern.sty
Package: lmodern 2009/10/30 v1.6 Latin Modern Fonts
LaTeX Font Info:    Overwriting symbol font `operators' in version `normal'
(Font)                  OT1/cmr/m/n --> OT1/lmr/m/n on input line 22.
LaTeX Font Info:    Overwriting symbol font `letters' in version `normal'
(Font)                  OML/cmm/m/it --> OML/lmm/m/it on input line 23.
LaTeX Font Info:    Overwriting symbol font `symbols' in version `normal'
(Font)                  OMS/cmsy/m/n --> OMS/lmsy/m/n on input line 24.
LaTeX Font Info:    Overwriting symbol font `largesymbols' in version `normal'
(Font)                  OMX/cmex/m/n --> OMX/lmex/m/n on input line 25.
LaTeX Font Info:    Overwriting symbol font `operators' in version `bold'
(Font)                  OT1/cmr/bx/n --> OT1/lmr/bx/n on input line 26.
LaTeX Font Info:    Overwriting symbol font `letters' in version `bold'
(Font)                  OML/cmm/b/it --> OML/lmm/b/it on input line 27.
LaTeX Font Info:    Overwriting symbol font `symbols' in version `bold'
(Font)                  OMS/cmsy/b/n --> OMS/lmsy/b/n on input line 28.
LaTeX Font Info:    Overwriting symbol font `largesymbols' in version `bold'
(Font)                  OMX/cmex/m/n --> OMX/lmex/m/n on input line 29.
LaTeX Font Info:    Overwriting math alphabet `\mathbf' in version `normal'
(Font)                  OT1/cmr/bx/n --> OT1/lmr/bx/n on input line 31.
LaTeX Font Info:    Overwriting math alphabet `\mathsf' in version `normal'
(Font)                  OT1/cmss/m/n --> OT1/lmss/m/n on input line 32.
LaTeX Font Info:    Overwriting math alphabet `\mathit' in version `normal'
(Font)                  OT1/cmr/m/it --> OT1/lmr/m/it on input line 33.
LaTeX Font Info:    Overwriting math alphabet `\mathtt' in version `normal'
(Font)                  OT1/cmtt/m/n --> OT1/lmtt/m/n on input line 34.
LaTeX Font Info:    Overwriting math alphabet `\mathbf' in version `bold'
(Font)                  OT1/cmr/bx/n --> OT1/lmr/bx/n on input line 35.
LaTeX Font Info:    Overwriting math alphabet `\mathsf' in version `bold'
(Font)                  OT1/cmss/bx/n --> OT1/lmss/bx/n on input line 36.
LaTeX Font Info:    Overwriting math alphabet `\mathit' in version `bold'
(Font)                  OT1/cmr/bx/it --> OT1/lmr/bx/it on input line 37.
LaTeX Font Info:    Overwriting math alphabet `\mathtt' in version `bold'
(Font)                  OT1/cmtt/m/n --> OT1/lmtt/m/n on input line 38.
)
(/usr/share/texlive/texmf-dist/tex/latex/base/fontenc.sty
Package: fontenc 2005/09/27 v1.99g Standard LaTeX package

(/usr/share/texlive/texmf-dist/tex/latex/base/t1enc.def
File: t1enc.def 2005/09/27 v1.99g Standard LaTeX file
LaTeX Font Info:    Redeclaring font encoding T1 on input line 48.
))
(/usr/share/texlive/texmf-dist/tex/latex/geometry/geometry.sty
Package: geometry 2010/09/12 v5.6 Page Geometry

(/usr/share/texlive/texmf-dist/tex/latex/graphics/keyval.sty
Package: keyval 2014/10/28 v1.15 key=value parser (DPC)
\KV@toks@=\toks14
)
(/usr/share/texlive/texmf-dist/tex/generic/oberdiek/ifpdf.sty
Package: ifpdf 2011/01/30 v2.3 Provides the ifpdf switch (HO)
Package ifpdf Info: pdfTeX in PDF mode is detected.
)
(/usr/share/texlive/texmf-dist/tex/generic/oberdiek/ifvtex.sty
Package: ifvtex 2010/03/01 v1.5 Detect VTeX and its facilities (HO)
Package ifvtex Info: VTeX not detected.
)
(/usr/share/texlive/texmf-dist/tex/generic/ifxetex/ifxetex.sty
Package: ifxetex 2010/09/12 v0.6 Provides ifxetex conditional
)
\Gm@cnth=\count89
\Gm@cntv=\count90
\c@Gm@tempcnt=\count91
\Gm@bindingoffset=\dimen103
\Gm@wd@mp=\dimen104
\Gm@odd@mp=\dimen105
\Gm@even@mp=\dimen106
\Gm@layoutwidth=\dimen107
\Gm@layoutheight=\dimen108
\Gm@layouthoffset=\dimen109
\Gm@layoutvoffset=\dimen110
\Gm@dimlist=\toks15
)
*geometry* verbose mode - [ newgeometry ] result:
* driver: 
* paper: <default>
* layout: <same size as paper>
* layoutoffset:(h,v)=(0.0pt,0.0pt)
* modes: includefoot 
* h-part:(L,W,R)=(90.3375pt, 433.62001pt, 90.3375pt)
* v-part:(T,H,B)=(72.26999pt, 672.11122pt, 50.58878pt)
* \paperwidth=614.295pt
* \paperheight=794.96999pt
* \textwidth=433.62001pt
* \textheight=644.64827pt
* \oddsidemargin=18.0675pt
* \evensidemargin=18.0675pt
* \topmargin=-31.8738pt
* \headheight=12.0pt
* \headsep=19.8738pt
* \topskip=11.0pt
* \footskip=27.46295pt
* \marginparwidth=62.0pt
* \marginparsep=7.0pt
* \columnsep=10.0pt
* \skip\footins=10.0pt plus 4.0pt minus 2.0pt
* \hoffset=0.0pt
* \voffset=0.0pt
* \mag=1000
* \@twocolumnfalse
* \@twosidefalse
* \@mparswitchfalse
* \@reversemarginfalse
* (1in=72.27pt=25.4mm, 1cm=28.453pt)


(/usr/share/texlive/texmf-dist/tex/latex/setspace/setspace.sty
Package: setspace 2011/12/19 v6.7a set line spacing
)
(/usr/share/texlive/texmf-dist/tex/latex/nowidow/nowidow.sty
Package: nowidow 2011/09/20 1.0 Easily prevent widows and orphans
Package: nowidow 

(/usr/share/texlive/texmf-dist/tex/latex/oberdiek/kvoptions.sty
Package: kvoptions 2011/06/30 v3.11 Key value format for package options (HO)

(/usr/share/texlive/texmf-dist/tex/generic/oberdiek/ltxcmds.sty
Package: ltxcmds 2011/11/09 v1.22 LaTeX kernel commands for general use (HO)
)
(/usr/share/texlive/texmf-dist/tex/generic/oberdiek/kvsetkeys.sty
Package: kvsetkeys 2012/04/25 v1.16 Key value parser (HO)

(/usr/share/texlive/texmf-dist/tex/generic/oberdiek/infwarerr.sty
Package: infwarerr 2010/04/08 v1.3 Providing info/warning/error messages (HO)
)
(/usr/share/texlive/texmf-dist/tex/generic/oberdiek/etexcmds.sty
Package: etexcmds 2011/02/16 v1.5 Avoid name clashes with e-TeX commands (HO)

(/usr/share/texlive/texmf-dist/tex/generic/oberdiek/ifluatex.sty
Package: ifluatex 2010/03/01 v1.3 Provides the ifluatex switch (HO)
Package ifluatex Info: LuaTeX not detected.
)
Package etexcmds Info: Could not find \expanded.
(etexcmds)             That can mean that you are not using pdfTeX 1.50 or
(etexcmds)             that some package has redefined \expanded.
(etexcmds)             In the latter case, load this package earlier.
))))
(/usr/share/texlive/texmf-dist/tex/latex/tocloft/tocloft.sty
Package: tocloft 2013/05/02 v2.3f parameterised ToC, etc., typesetting
Package tocloft Info: The document has chapter divisions on input line 44.
\cftparskip=\skip43
\cftbeforetoctitleskip=\skip44
\cftaftertoctitleskip=\skip45
\cftbeforepartskip=\skip46
\cftpartnumwidth=\skip47
\cftpartindent=\skip48
\cftbeforechapskip=\skip49
\cftchapindent=\skip50
\cftchapnumwidth=\skip51
\cftbeforesecskip=\skip52
\cftsecindent=\skip53
\cftsecnumwidth=\skip54
\cftbeforesubsecskip=\skip55
\cftsubsecindent=\skip56
\cftsubsecnumwidth=\skip57
\cftbeforesubsubsecskip=\skip58
\cftsubsubsecindent=\skip59
\cftsubsubsecnumwidth=\skip60
\cftbeforeparaskip=\skip61
\cftparaindent=\skip62
\cftparanumwidth=\skip63
\cftbeforesubparaskip=\skip64
\cftsubparaindent=\skip65
\cftsubparanumwidth=\skip66
\cftbeforeloftitleskip=\skip67
\cftafterloftitleskip=\skip68
\cftbeforefigskip=\skip69
\cftfigindent=\skip70
\cftfignumwidth=\skip71
\c@lofdepth=\count92
\c@lotdepth=\count93
\cftbeforelottitleskip=\skip72
\cftafterlottitleskip=\skip73
\cftbeforetabskip=\skip74
\cfttabindent=\skip75
\cfttabnumwidth=\skip76
)
(/usr/share/texlive/texmf-dist/tex/latex/appendix/appendix.sty
Package: appendix 2009/09/02 v1.2b extra appendix facilities
\c@@pps=\count94
\c@@ppsavesec=\count95
\c@@ppsaveapp=\count96
))
(/usr/share/texlive/texmf-dist/tex/latex/amsmath/amsmath.sty
Package: amsmath 2016/03/03 v2.15a AMS math features
\@mathmargin=\skip77

For additional information on amsmath, use the `?' option.
(/usr/share/texlive/texmf-dist/tex/latex/amsmath/amstext.sty
Package: amstext 2000/06/29 v2.01 AMS text

(/usr/share/texlive/texmf-dist/tex/latex/amsmath/amsgen.sty
File: amsgen.sty 1999/11/30 v2.0 generic functions
\@emptytoks=\toks16
\ex@=\dimen111
))
(/usr/share/texlive/texmf-dist/tex/latex/amsmath/amsbsy.sty
Package: amsbsy 1999/11/29 v1.2d Bold Symbols
\pmbraise@=\dimen112
)
(/usr/share/texlive/texmf-dist/tex/latex/amsmath/amsopn.sty
Package: amsopn 1999/12/14 v2.01 operator names
)
\inf@bad=\count97
LaTeX Info: Redefining \frac on input line 199.
\uproot@=\count98
\leftroot@=\count99
LaTeX Info: Redefining \overline on input line 297.
\classnum@=\count100
\DOTSCASE@=\count101
LaTeX Info: Redefining \ldots on input line 394.
LaTeX Info: Redefining \dots on input line 397.
LaTeX Info: Redefining \cdots on input line 518.
\Mathstrutbox@=\box26
\strutbox@=\box27
\big@size=\dimen113
LaTeX Font Info:    Redeclaring font encoding OML on input line 630.
LaTeX Font Info:    Redeclaring font encoding OMS on input line 631.
\macc@depth=\count102
\c@MaxMatrixCols=\count103
\dotsspace@=\muskip10
\c@parentequation=\count104
\dspbrk@lvl=\count105
\tag@help=\toks17
\row@=\count106
\column@=\count107
\maxfields@=\count108
\andhelp@=\toks18
\eqnshift@=\dimen114
\alignsep@=\dimen115
\tagshift@=\dimen116
\tagwidth@=\dimen117
\totwidth@=\dimen118
\lineht@=\dimen119
\@envbody=\toks19
\multlinegap=\skip78
\multlinetaggap=\skip79
\mathdisplay@stack=\toks20
LaTeX Info: Redefining \[ on input line 2735.
LaTeX Info: Redefining \] on input line 2736.
)
(/usr/share/texlive/texmf-dist/tex/latex/amsfonts/amssymb.sty
Package: amssymb 2013/01/14 v3.01 AMS font symbols

(/usr/share/texlive/texmf-dist/tex/latex/amsfonts/amsfonts.sty
Package: amsfonts 2013/01/14 v3.01 Basic AMSFonts support
\symAMSa=\mathgroup4
\symAMSb=\mathgroup5
LaTeX Font Info:    Overwriting math alphabet `\mathfrak' in version `bold'
(Font)                  U/euf/m/n --> U/euf/b/n on input line 106.
))
(/usr/share/texlive/texmf-dist/tex/latex/amscls/amsthm.sty
Package: amsthm 2015/03/04 v2.20.2
\thm@style=\toks21
\thm@bodyfont=\toks22
\thm@headfont=\toks23
\thm@notefont=\toks24
\thm@headpunct=\toks25
\thm@preskip=\skip80
\thm@postskip=\skip81
\thm@headsep=\skip82
\dth@everypar=\toks26
)
(/usr/share/texlive/texmf-dist/tex/latex/hyperref/hyperref.sty
Package: hyperref 2012/11/06 v6.83m Hypertext links for LaTeX

(/usr/share/texlive/texmf-dist/tex/generic/oberdiek/hobsub-hyperref.sty
Package: hobsub-hyperref 2012/05/28 v1.13 Bundle oberdiek, subset hyperref (HO)


(/usr/share/texlive/texmf-dist/tex/generic/oberdiek/hobsub-generic.sty
Package: hobsub-generic 2012/05/28 v1.13 Bundle oberdiek, subset generic (HO)
Package: hobsub 2012/05/28 v1.13 Construct package bundles (HO)
Package hobsub Info: Skipping package `infwarerr' (already loaded).
Package hobsub Info: Skipping package `ltxcmds' (already loaded).
Package hobsub Info: Skipping package `ifluatex' (already loaded).
Package hobsub Info: Skipping package `ifvtex' (already loaded).
Package: intcalc 2007/09/27 v1.1 Expandable calculations with integers (HO)
Package hobsub Info: Skipping package `ifpdf' (already loaded).
Package hobsub Info: Skipping package `etexcmds' (already loaded).
Package hobsub Info: Skipping package `kvsetkeys' (already loaded).
Package: kvdefinekeys 2011/04/07 v1.3 Define keys (HO)
Package: pdftexcmds 2011/11/29 v0.20 Utility functions of pdfTeX for LuaTeX (HO
)
Package pdftexcmds Info: LuaTeX not detected.
Package pdftexcmds Info: \pdf@primitive is available.
Package pdftexcmds Info: \pdf@ifprimitive is available.
Package pdftexcmds Info: \pdfdraftmode found.
Package: pdfescape 2011/11/25 v1.13 Implements pdfTeX's escape features (HO)
Package: bigintcalc 2012/04/08 v1.3 Expandable calculations on big integers (HO
)
Package: bitset 2011/01/30 v1.1 Handle bit-vector datatype (HO)
Package: uniquecounter 2011/01/30 v1.2 Provide unlimited unique counter (HO)
)
Package hobsub Info: Skipping package `hobsub' (already loaded).
Package: letltxmacro 2010/09/02 v1.4 Let assignment for LaTeX macros (HO)
Package: hopatch 2012/05/28 v1.2 Wrapper for package hooks (HO)
Package: xcolor-patch 2011/01/30 xcolor patch
Package: atveryend 2011/06/30 v1.8 Hooks at the very end of document (HO)
Package: atbegshi 2011/10/05 v1.16 At begin shipout hook (HO)
Package: refcount 2011/10/16 v3.4 Data extraction from label references (HO)
Package: hycolor 2011/01/30 v1.7 Color options for hyperref/bookmark (HO)
)
(/usr/share/texlive/texmf-dist/tex/latex/oberdiek/auxhook.sty
Package: auxhook 2011/03/04 v1.3 Hooks for auxiliary files (HO)
)
\@linkdim=\dimen120
\Hy@linkcounter=\count109
\Hy@pagecounter=\count110

(/usr/share/texlive/texmf-dist/tex/latex/hyperref/pd1enc.def
File: pd1enc.def 2012/11/06 v6.83m Hyperref: PDFDocEncoding definition (HO)
)
\Hy@SavedSpaceFactor=\count111

(/usr/share/texlive/texmf-dist/tex/latex/latexconfig/hyperref.cfg
File: hyperref.cfg 2002/06/06 v1.2 hyperref configuration of TeXLive
)
Package hyperref Info: Hyper figures OFF on input line 4443.
Package hyperref Info: Link nesting OFF on input line 4448.
Package hyperref Info: Hyper index ON on input line 4451.
Package hyperref Info: Plain pages OFF on input line 4458.
Package hyperref Info: Backreferencing OFF on input line 4463.
Package hyperref Info: Implicit mode ON; LaTeX internals redefined.
Package hyperref Info: Bookmarks ON on input line 4688.
\c@Hy@tempcnt=\count112

(/usr/share/texlive/texmf-dist/tex/latex/url/url.sty
\Urlmuskip=\muskip11
Package: url 2013/09/16  ver 3.4  Verb mode for urls, etc.
)
LaTeX Info: Redefining \url on input line 5041.
\XeTeXLinkMargin=\dimen121
\Fld@menulength=\count113
\Field@Width=\dimen122
\Fld@charsize=\dimen123
Package hyperref Info: Hyper figures OFF on input line 6295.
Package hyperref Info: Link nesting OFF on input line 6300.
Package hyperref Info: Hyper index ON on input line 6303.
Package hyperref Info: backreferencing OFF on input line 6310.
Package hyperref Info: Link coloring OFF on input line 6315.
Package hyperref Info: Link coloring with OCG OFF on input line 6320.
Package hyperref Info: PDF/A mode OFF on input line 6325.
LaTeX Info: Redefining \ref on input line 6365.
LaTeX Info: Redefining \pageref on input line 6369.
\Hy@abspage=\count114
\c@Item=\count115
\c@Hfootnote=\count116
)

Package hyperref Message: Driver (autodetected): hpdftex.

(/usr/share/texlive/texmf-dist/tex/latex/hyperref/hpdftex.def
File: hpdftex.def 2012/11/06 v6.83m Hyperref driver for pdfTeX
\Fld@listcount=\count117
\c@bookmark@seq@number=\count118

(/usr/share/texlive/texmf-dist/tex/latex/oberdiek/rerunfilecheck.sty
Package: rerunfilecheck 2011/04/15 v1.7 Rerun checks for auxiliary files (HO)
Package uniquecounter Info: New unique counter `rerunfilecheck' on input line 2
82.
)
\Hy@SectionHShift=\skip83
)
(/usr/share/texlive/texmf-dist/tex/latex/graphics/graphicx.sty
Package: graphicx 2014/10/28 v1.0g Enhanced LaTeX Graphics (DPC,SPQR)

(/usr/share/texlive/texmf-dist/tex/latex/graphics/graphics.sty
Package: graphics 2016/01/03 v1.0q Standard LaTeX Graphics (DPC,SPQR)

(/usr/share/texlive/texmf-dist/tex/latex/graphics/trig.sty
Package: trig 2016/01/03 v1.10 sin cos tan (DPC)
)
(/usr/share/texlive/texmf-dist/tex/latex/latexconfig/graphics.cfg
File: graphics.cfg 2010/04/23 v1.9 graphics configuration of TeX Live
)
Package graphics Info: Driver file: pdftex.def on input line 95.

(/usr/share/texlive/texmf-dist/tex/latex/pdftex-def/pdftex.def
File: pdftex.def 2011/05/27 v0.06d Graphics/color for pdfTeX
\Gread@gobject=\count119
))
\Gin@req@height=\dimen124
\Gin@req@width=\dimen125
)
(/usr/share/texlive/texmf-dist/tex/latex/caption/caption.sty
Package: caption 2016/02/21 v3.3-144 Customizing captions (AR)

(/usr/share/texlive/texmf-dist/tex/latex/caption/caption3.sty
Package: caption3 2016/02/04 v1.7-139 caption3 kernel (AR)
Package caption3 Info: TeX engine: e-TeX on input line 67.
\captionmargin=\dimen126
\captionmargin@=\dimen127
\captionwidth=\dimen128
\caption@tempdima=\dimen129
\caption@indent=\dimen130
\caption@parindent=\dimen131
\caption@hangindent=\dimen132
)
\c@ContinuedFloat=\count120
Package caption Info: hyperref package is loaded.
)
(/usr/share/texlive/texmf-dist/tex/latex/natbib/natbib.sty
Package: natbib 2010/09/13 8.31b (PWD, AO)
\bibhang=\skip84
\bibsep=\skip85
LaTeX Info: Redefining \cite on input line 694.
\c@NAT@ctr=\count121
)
(/usr/share/texlive/texmf-dist/tex/latex/wrapfig/wrapfig.sty
\wrapoverhang=\dimen133
\WF@size=\dimen134
\c@WF@wrappedlines=\count122
\WF@box=\box28
\WF@everypar=\toks27
Package: wrapfig 2003/01/31  v 3.6
)
(/usr/share/texlive/texmf-dist/tex/latex/enumitem/enumitem.sty
Package: enumitem 2011/09/28 v3.5.2 Customized lists
\labelindent=\skip86
\enit@outerparindent=\dimen135
\enit@toks=\toks28
\enit@inbox=\box29
\enitdp@description=\count123
)
(/usr/share/texlive/texmf-dist/tex/latex/multirow/multirow.sty
\bigstrutjot=\dimen136
)
(/usr/share/texlive/texmf-dist/tex/latex/graphics/lscape.sty
Package: lscape 2000/10/22 v3.01 Landscape Pages (DPC)
)
(/usr/share/texlive/texmf-dist/tex/latex/caption/subcaption.sty
Package: subcaption 2016/02/20 v1.1-142 Sub-captions (AR)
\c@subfigure=\count124
\c@subtable=\count125
)
(/usr/share/texlive/texmf-dist/tex/latex/float/float.sty
Package: float 2001/11/08 v1.3d Float enhancements (AL)
\c@float@type=\count126
\float@exts=\toks29
\float@box=\box30
\@float@everytoks=\toks30
\@floatcapt=\box31
)
(/usr/share/texlive/texmf-dist/tex/latex/tools/tabularx.sty
Package: tabularx 2014/10/28 v2.10 `tabularx' package (DPC)

(/usr/share/texlive/texmf-dist/tex/latex/tools/array.sty
Package: array 2014/10/28 v2.4c Tabular extension package (FMi)
\col@sep=\dimen137
\extrarowheight=\dimen138
\NC@list=\toks31
\extratabsurround=\skip87
\backup@length=\skip88
)
\TX@col@width=\dimen139
\TX@old@table=\dimen140
\TX@old@col=\dimen141
\TX@target=\dimen142
\TX@delta=\dimen143
\TX@cols=\count127
\TX@ftn=\toks32
)
(/usr/share/texlive/texmf-dist/tex/latex/rotating/rotating.sty
Package: rotating 2009/03/28 v2.16a rotated objects in LaTeX

(/usr/share/texlive/texmf-dist/tex/latex/base/ifthen.sty
Package: ifthen 2014/09/29 v1.1c Standard LaTeX ifthen package (DPC)
)
\c@r@tfl@t=\count128
\rotFPtop=\skip89
\rotFPbot=\skip90
\rot@float@box=\box32
\rot@mess@toks=\toks33
)
(/usr/share/texlive/texmf-dist/tex/latex/adjustbox/adjustbox.sty
Package: adjustbox 2012/05/21 v1.0 Adjusting TeX boxes (trim, clip, ...)

(/usr/share/texlive/texmf-dist/tex/latex/xkeyval/xkeyval.sty
Package: xkeyval 2014/12/03 v2.7a package option processing (HA)

(/usr/share/texlive/texmf-dist/tex/generic/xkeyval/xkeyval.tex
(/usr/share/texlive/texmf-dist/tex/generic/xkeyval/xkvutils.tex
\XKV@toks=\toks34
\XKV@tempa@toks=\toks35
)
\XKV@depth=\count129
File: xkeyval.tex 2014/12/03 v2.7a key=value parser (HA)
))
(/usr/share/texlive/texmf-dist/tex/latex/adjustbox/adjcalc.sty
Package: adjcalc 2012/05/16 v1.1 Provides advanced setlength with multiple back
-ends (calc, etex, pgfmath)
)
(/usr/share/texlive/texmf-dist/tex/latex/adjustbox/trimclip.sty
Package: trimclip 2012/05/16 v1.0 Trim and clip general TeX material

(/usr/share/texlive/texmf-dist/tex/latex/collectbox/collectbox.sty
Package: collectbox 2012/05/17 v0.4b Collect macro arguments as boxes
\collectedbox=\box33
)
\tc@llx=\dimen144
\tc@lly=\dimen145
\tc@urx=\dimen146
\tc@ury=\dimen147
Package trimclip Info: Using driver 'tc-pdftex.def'.

(/usr/share/texlive/texmf-dist/tex/latex/adjustbox/tc-pdftex.def
File: tc-pdftex.def 2012/05/13 v1.0 Clipping driver for pdftex
))
\adjbox@Width=\dimen148
\adjbox@Height=\dimen149
\adjbox@Depth=\dimen150
\adjbox@Totalheight=\dimen151

(/usr/share/texlive/texmf-dist/tex/latex/ifoddpage/ifoddpage.sty
Package: ifoddpage 2011/09/13 v1.0 Conditionals for odd/even page detection
\c@checkoddpage=\count130
)
(/usr/share/texlive/texmf-dist/tex/latex/varwidth/varwidth.sty
Package: varwidth 2009/03/30 ver 0.92;  Variable-width minipages
\@vwid@box=\box34
\sift@deathcycles=\count131
\@vwid@loff=\dimen152
\@vwid@roff=\dimen153
))
(/usr/share/texlive/texmf-dist/tex/latex/tools/bm.sty
Package: bm 2014/10/28 v1.1c Bold Symbol Support (DPC/FMi)
\symboldoperators=\mathgroup6
\symboldletters=\mathgroup7
\symboldsymbols=\mathgroup8
LaTeX Font Info:    Redeclaring math alphabet \mathbf on input line 141.
LaTeX Info: Redefining \bm on input line 207.
)
(/usr/share/texlive/texmf-dist/tex/latex/booktabs/booktabs.sty
Package: booktabs 2005/04/14 v1.61803 publication quality tables
\heavyrulewidth=\dimen154
\lightrulewidth=\dimen155
\cmidrulewidth=\dimen156
\belowrulesep=\dimen157
\belowbottomsep=\dimen158
\aboverulesep=\dimen159
\abovetopsep=\dimen160
\cmidrulesep=\dimen161
\cmidrulekern=\dimen162
\defaultaddspace=\dimen163
\@cmidla=\count132
\@cmidlb=\count133
\@aboverulesep=\dimen164
\@belowrulesep=\dimen165
\@thisruleclass=\count134
\@lastruleclass=\count135
\@thisrulewidth=\dimen166
) (./THESIS.aux)
\openout1 = `THESIS.aux'.

LaTeX Font Info:    Checking defaults for OML/cmm/m/it on input line 63.
LaTeX Font Info:    ... okay on input line 63.
LaTeX Font Info:    Checking defaults for T1/cmr/m/n on input line 63.
LaTeX Font Info:    ... okay on input line 63.
LaTeX Font Info:    Checking defaults for OT1/cmr/m/n on input line 63.
LaTeX Font Info:    ... okay on input line 63.
LaTeX Font Info:    Checking defaults for OMS/cmsy/m/n on input line 63.
LaTeX Font Info:    ... okay on input line 63.
LaTeX Font Info:    Checking defaults for OMX/cmex/m/n on input line 63.
LaTeX Font Info:    ... okay on input line 63.
LaTeX Font Info:    Checking defaults for U/cmr/m/n on input line 63.
LaTeX Font Info:    ... okay on input line 63.
LaTeX Font Info:    Checking defaults for PD1/pdf/m/n on input line 63.
LaTeX Font Info:    ... okay on input line 63.
LaTeX Font Info:    Try loading font information for T1+lmr on input line 63.

(/usr/share/texmf/tex/latex/lm/t1lmr.fd
File: t1lmr.fd 2009/10/30 v1.6 Font defs for Latin Modern
)
*geometry* driver: auto-detecting
*geometry* detected driver: pdftex
*geometry* verbose mode - [ preamble ] result:
* driver: pdftex
* paper: <default>
* layout: <same size as paper>
* layoutoffset:(h,v)=(0.0pt,0.0pt)
* modes: includefoot 
* h-part:(L,W,R)=(90.3375pt, 433.62001pt, 90.3375pt)
* v-part:(T,H,B)=(72.26999pt, 672.11122pt, 50.58878pt)
* \paperwidth=614.295pt
* \paperheight=794.96999pt
* \textwidth=433.62001pt
* \textheight=644.64827pt
* \oddsidemargin=18.0675pt
* \evensidemargin=18.0675pt
* \topmargin=-31.8738pt
* \headheight=12.0pt
* \headsep=19.8738pt
* \topskip=11.0pt
* \footskip=27.46295pt
* \marginparwidth=62.0pt
* \marginparsep=7.0pt
* \columnsep=10.0pt
* \skip\footins=10.0pt plus 4.0pt minus 2.0pt
* \hoffset=0.0pt
* \voffset=0.0pt
* \mag=1000
* \@twocolumnfalse
* \@twosidefalse
* \@mparswitchfalse
* \@reversemarginfalse
* (1in=72.27pt=25.4mm, 1cm=28.453pt)

\AtBeginShipoutBox=\box35
Package hyperref Info: Link coloring OFF on input line 63.
(/usr/share/texlive/texmf-dist/tex/latex/hyperref/nameref.sty
Package: nameref 2012/10/27 v2.43 Cross-referencing by name of section

(/usr/share/texlive/texmf-dist/tex/generic/oberdiek/gettitlestring.sty
Package: gettitlestring 2010/12/03 v1.4 Cleanup title references (HO)
)
\c@section@level=\count136
)
LaTeX Info: Redefining \ref on input line 63.
LaTeX Info: Redefining \pageref on input line 63.
LaTeX Info: Redefining \nameref on input line 63.

(./THESIS.out) (./THESIS.out)
\@outlinefile=\write3
\openout3 = `THESIS.out'.


(/usr/share/texlive/texmf-dist/tex/context/base/supp-pdf.mkii
[Loading MPS to PDF converter (version 2006.09.02).]
\scratchcounter=\count137
\scratchdimen=\dimen167
\scratchbox=\box36
\nofMPsegments=\count138
\nofMParguments=\count139
\everyMPshowfont=\toks36
\MPscratchCnt=\count140
\MPscratchDim=\dimen168
\MPnumerator=\count141
\makeMPintoPDFobject=\count142
\everyMPtoPDFconversion=\toks37
) (/usr/share/texlive/texmf-dist/tex/latex/oberdiek/epstopdf-base.sty
Package: epstopdf-base 2010/02/09 v2.5 Base part for package epstopdf

(/usr/share/texlive/texmf-dist/tex/latex/oberdiek/grfext.sty
Package: grfext 2010/08/19 v1.1 Manage graphics extensions (HO)
)
Package grfext Info: Graphics extension search list:
(grfext)             [.png,.pdf,.jpg,.mps,.jpeg,.jbig2,.jb2,.PNG,.PDF,.JPG,.JPE
G,.JBIG2,.JB2,.eps]
(grfext)             \AppendGraphicsExtensions on input line 452.

(/usr/share/texlive/texmf-dist/tex/latex/latexconfig/epstopdf-sys.cfg
File: epstopdf-sys.cfg 2010/07/13 v1.3 Configuration of (r)epstopdf for TeX Liv
e
))
Package caption Info: Begin \AtBeginDocument code.
Package caption Info: float package is loaded.
Package caption Info: rotating package is loaded.
Package caption Info: wrapfig package is loaded.
Package caption Info: End \AtBeginDocument code.
LaTeX Font Info:    Try loading font information for OMS+lmr on input line 66.

(/usr/share/texmf/tex/latex/lm/omslmr.fd
File: omslmr.fd 2009/10/30 v1.6 Font defs for Latin Modern
)
LaTeX Font Info:    Try loading font information for OMS+lmsy on input line 66.


(/usr/share/texmf/tex/latex/lm/omslmsy.fd
File: omslmsy.fd 2009/10/30 v1.6 Font defs for Latin Modern
)
LaTeX Font Info:    Font shape `OMS/lmr/bx/n' in size <10.95> not available
(Font)              Font shape `OMS/lmsy/b/n' tried instead on input line 66.
LaTeX Font Info:    Try loading font information for OT1+lmr on input line 66.

(/usr/share/texmf/tex/latex/lm/ot1lmr.fd
File: ot1lmr.fd 2009/10/30 v1.6 Font defs for Latin Modern
)
LaTeX Font Info:    Try loading font information for OML+lmm on input line 66.

(/usr/share/texmf/tex/latex/lm/omllmm.fd
File: omllmm.fd 2009/10/30 v1.6 Font defs for Latin Modern
)
LaTeX Font Info:    Try loading font information for OMX+lmex on input line 66.


(/usr/share/texmf/tex/latex/lm/omxlmex.fd
File: omxlmex.fd 2009/10/30 v1.6 Font defs for Latin Modern
)
LaTeX Font Info:    External font `lmex10' loaded for size
(Font)              <10.95> on input line 66.
LaTeX Font Info:    External font `lmex10' loaded for size
(Font)              <8> on input line 66.
LaTeX Font Info:    External font `lmex10' loaded for size
(Font)              <6> on input line 66.
LaTeX Font Info:    Try loading font information for U+msa on input line 66.

(/usr/share/texlive/texmf-dist/tex/latex/amsfonts/umsa.fd
File: umsa.fd 2013/01/14 v3.01 AMS symbols A
)
LaTeX Font Info:    Try loading font information for U+msb on input line 66.

(/usr/share/texlive/texmf-dist/tex/latex/amsfonts/umsb.fd
File: umsb.fd 2013/01/14 v3.01 AMS symbols B
) [1




{/var/lib/texmf/fonts/map/pdftex/updmap/pdftex.map}]
Overfull \hbox (2.43332pt too wide) in paragraph at lines 67--67
[][]  
 []


Overfull \hbox (2.43332pt too wide) in paragraph at lines 67--67
[][]  
 []


Overfull \hbox (2.43332pt too wide) in paragraph at lines 67--67
[][]  
 []

[2

] [3

] [4

] [5

] (./THESIS.toc [6] [7] [8])
\tf@toc=\write4
\openout4 = `THESIS.toc'.

 [9] (./THESIS.lot [10

]
Overfull \hbox (3.3431pt too wide) in paragraph at lines 15--15
 [][] [][]\T1/lmr/m/n/10.95 Pearson cor-re-la-tion co-ef-fi-cients be-tween to-
po-graphic pa-ram-e-ters at sam- 
 []


Overfull \hbox (3.75768pt too wide) in paragraph at lines 18--18
 \T1/lmr/m/n/10.95 used in the to-po-graphic re-gres-sion. Ab-bre-vi-a-tions wi
th `S' used snowpit- 
 []


Overfull \hbox (2.57071pt too wide) in paragraph at lines 19--19
 \T1/lmr/m/n/10.95 mea-sured SWE and stan-dard-ized to-po-graphic pa-ram-e-ters
. To-po-graphic 
 []

[11] [12])
\tf@lot=\write5
\openout5 = `THESIS.lot'.

 [13] (./THESIS.lof [14

] [15]
Overfull \hbox (3.38588pt too wide) in paragraph at lines 31--31
 \T1/lmr/m/n/10.95 val-ues shown in (a) and snow depth val-ues only from tran-s
ects (zigzag, 
 []

[16] [17]
Overfull \hbox (27.8096pt too wide) in paragraph at lines 43--43
 [][] [][]\T1/lmr/m/n/10.95 Estimated snow wa-ter equiv-a-lent (SWE) at mea-sur
e-ment lo-ca-tions.Density 
 []

[18]
Overfull \hbox (1.04364pt too wide) in paragraph at lines 60--60
 [][] [][]\T1/lmr/m/n/10.95 Merged DEM of the Don-jek range from two cor-rected
 SPOT-5 DEMs, 
 []

[19]
Overfull \hbox (0.7599pt too wide) in paragraph at lines 68--68
 \T1/lmr/m/n/10.95 re-gres-sions for the study glaciers. Val-ues are de-rived f
rom a smoothed 
 []

[20] [21] [22] [23]
Overfull \hbox (3.4451pt too wide) in paragraph at lines 108--108
 \T1/lmr/m/n/10.95 SWE dis-tri-bu-tions es-ti-mated us-ing to-po-graphic re-gre
s-sion with BMA. 
 []

[24]
Overfull \hbox (0.25546pt too wide) in paragraph at lines 114--114
 \T1/lmr/m/n/10.95 mass bal-ance (WSMB) on study glaciers. WSMB found us-ing Gl
acier 
 []

[25] [26])
\tf@lof=\write6
\openout6 = `THESIS.lof'.

 [27]
Chapter 1.
[1


] [2]

LaTeX Warning: No positions in optional float specifier.
               Default added (so using `tbp') on input line 116.

[3] [4] [5] [6] [7] <variogram.png, id=1722, 1120.185pt x 783.92876pt>
File: variogram.png Graphic file (type png)

<use variogram.png>
Package pdftex.def Info: variogram.png used on input line 191.
(pdftex.def)             Requested size: 243.92885pt x 170.71652pt.
 <loglogvario.png, id=1724, 1121.18875pt x 865.2325pt>
File: loglogvario.png Graphic file (type png)

<use loglogvario.png>
Package pdftex.def Info: loglogvario.png used on input line 197.
(pdftex.def)             Requested size: 202.78041pt x 156.49014pt.

Overfull \hbox (38.0027pt too wide) in paragraph at lines 197--198
 [][] 
 []

[8] [9 <./variogram.png> <./loglogvario.png>]
<snowpit.jpg, id=1772, 1365.1pt x 2055.68pt>
File: snowpit.jpg Graphic file (type jpg)
 <use snowpit.jpg>
Package pdftex.def Info: snowpit.jpg used on input line 221.
(pdftex.def)             Requested size: 173.44534pt x 261.16257pt.
 [10]
Underfull \hbox (badness 1496) in paragraph at lines 235--236
[]\T1/lmr/m/n/10.95 There are how-ever many draw-backs to this
 []

[11 <./snowpit.jpg>] <random.png, id=1814, 511.9125pt x 480.79625pt>
File: random.png Graphic file (type png)

<use random.png>
Package pdftex.def Info: random.png used on input line 249.
(pdftex.def)             Requested size: 142.26439pt x 128.03398pt.
 <star.png, id=1815, 511.9125pt x 474.77374pt>
File: star.png Graphic file (type png)
 <use star.png>
Package pdftex.def Info: star.png used on input line 252.
(pdftex.def)             Requested size: 142.26439pt x 128.03848pt.

<Lgrid.png, id=1816, 511.9125pt x 483.8075pt>
File: Lgrid.png Graphic file (type png)
 <use Lgrid.png>
Package pdftex.def Info: Lgrid.png used on input line 258.
(pdftex.def)             Requested size: 142.26439pt x 128.03857pt.

<nested.png, id=1817, 820.06375pt x 609.27625pt>
File: nested.png Graphic file (type png)
 <use nested.png>
Package pdftex.def Info: nested.png used on input line 261.
(pdftex.def)             Requested size: 142.262pt x 128.03545pt.

<swiss.png, id=1818, 516.93124pt x 486.81876pt>
File: swiss.png Graphic file (type png)
 <use swiss.png>
Package pdftex.def Info: swiss.png used on input line 267.
(pdftex.def)             Requested size: 142.26302pt x 128.03325pt.

<hourglass.png, id=1819, 683.55376pt x 524.96124pt>
File: hourglass.png Graphic file (type png)
 <use hourglass.png>
Package pdftex.def Info: hourglass.png used on input line 270.
(pdftex.def)             Requested size: 142.25719pt x 128.03589pt.

[12] [13 <./random.png> <./star.png> <./Lgrid.png> <./nested.png> <./swiss.png>
 <./hourglass.png>] <gpr_air.png, id=1863, 1101.11375pt x 960.58875pt>
File: gpr_air.png Graphic file (type png)

<use gpr_air.png>
Package pdftex.def Info: gpr_air.png used on input line 287.
(pdftex.def)             Requested size: 216.81pt x 189.13889pt.
 [14]
Underfull \hbox (badness 1400) in paragraph at lines 296--297
\T1/lmr/m/n/10.95 fi-cultly of pro-cess-ing radar-grams. Ar-
 []

<gpr.png, id=1885, 1345.025pt x 613.29124pt>
File: gpr.png Graphic file (type png)
 <use gpr.png>
Package pdftex.def Info: gpr.png used on input line 300.
(pdftex.def)             Requested size: 433.62001pt x 197.71706pt.
 [15 <./gpr_air.png>] <lidar.png, id=1894, 964.60374pt x 776.9025pt>
File: lidar.png Graphic file (type png)
 <use lidar.png>
Package pdftex.def Info: lidar.png used on input line 308.
(pdftex.def)             Requested size: 216.81pt x 174.61769pt.
 [16 <./gpr.png> <./lidar.png>] [17] [18] [19] [20] [21]
<stelias.png, id=1998, 761.84625pt x 967.615pt>
File: stelias.png Graphic file (type png)
 <use stelias.png>
Package pdftex.def Info: stelias.png used on input line 361.
(pdftex.def)             Requested size: 433.62001pt x 550.73424pt.
 [22] [23 <./stelias.png>] [24] <MastersFlow.png, id=2052, 918.43124pt x 495.85
25pt>
File: MastersFlow.png Graphic file (type png)

<use MastersFlow.png>
Package pdftex.def Info: MastersFlow.png used on input line 388.
(pdftex.def)             Requested size: 433.62001pt x 234.10995pt.
 [25]
<ScalesOfVariability.png, id=2059, 957.5775pt x 580.1675pt>
File: ScalesOfVariability.png Graphic file (type png)

<use ScalesOfVariability.png>
Package pdftex.def Info: ScalesOfVariability.png used on input line 396.
(pdftex.def)             Requested size: 433.62001pt x 262.71954pt.
 [26 <./MastersFlow.png>] [27 <./ScalesOfVariability.png>] [28]
Chapter 2.

LaTeX Warning: Reference `glacierstats' on page 29 undefined on input line 437.


[29

] [30] <chosenglaciers.jpeg, id=2092, 796.42023pt x 599.4301pt>
File: chosenglaciers.jpeg Graphic file (type jpg)

<use chosenglaciers.jpeg>
Package pdftex.def Info: chosenglaciers.jpeg used on input line 450.
(pdftex.def)             Requested size: 547.33098pt x 411.93768pt.


LaTeX Warning: Float too large for page by 8.71765pt on input line 453.

<Transects_planned.jpeg, id=2093, 721.24977pt x 559.06525pt>
File: Transects_planned.jpeg Graphic file (type jpg)

<use Transects_planned.jpeg>
Package pdftex.def Info: Transects_planned.jpeg used on input line 457.
(pdftex.def)             Requested size: 531.43835pt x 411.93768pt.


LaTeX Warning: Float too large for page by 8.71765pt on input line 460.

<Zigzag_planned.jpeg, id=2094, 721.24977pt x 559.06525pt>
File: Zigzag_planned.jpeg Graphic file (type jpg)

<use Zigzag_planned.jpeg>
Package pdftex.def Info: Zigzag_planned.jpeg used on input line 464.
(pdftex.def)             Requested size: 531.43835pt x 411.93768pt.


LaTeX Warning: Float too large for page by 8.71765pt on input line 467.

[31 <./chosenglaciers.jpeg>] [32 <./Transects_planned.jpeg>] [33 <./Zigzag_plan
ned.jpeg>] <ZZ_vertex.jpeg, id=2107, 1084.05pt x 1025.8325pt>
File: ZZ_vertex.jpeg Graphic file (type jpg)

<use ZZ_vertex.jpeg>
Package pdftex.def Info: ZZ_vertex.jpeg used on input line 472.
(pdftex.def)             Requested size: 435.31607pt x 411.93768pt.

Overfull \hbox (8.49605pt too wide) in paragraph at lines 472--472
 [][] 
 []

[34


] [35 <./ZZ_vertex.jpeg>]
<photo_probing.jpg, id=2129, 1027.84pt x 770.88pt>
File: photo_probing.jpg Graphic file (type jpg)
 <use photo_probing.jpg>
Package pdftex.def Info: photo_probing.jpg used on input line 509.
(pdftex.def)             Requested size: 411.93768pt x 308.95819pt.

<probers1.jpg, id=2130, 963.6pt x 542.025pt>
File: probers1.jpg Graphic file (type jpg)
 <use probers1.jpg>
Package pdftex.def Info: probers1.jpg used on input line 518.
(pdftex.def)             Requested size: 346.89732pt x 195.12885pt.

Overfull \hbox (6.79999pt too wide) in paragraph at lines 518--519
[][] 
 []

<probers2.jpg, id=2131, 963.6pt x 542.025pt>
File: probers2.jpg Graphic file (type jpg)
 <use probers2.jpg>
Package pdftex.def Info: probers2.jpg used on input line 524.
(pdftex.def)             Requested size: 346.89732pt x 195.12885pt.

Overfull \hbox (6.79999pt too wide) in paragraph at lines 524--525
[][] 
 []

[36] [37 <./photo_probing.jpg>] [38 <./probers1.jpg> <./probers2.jpg>]

LaTeX Warning: No positions in optional float specifier.
               Default added (so using `tbp') on input line 534.

LaTeX Font Info:    External font `lmex10' loaded for size
(Font)              <9> on input line 539.
LaTeX Font Info:    External font `lmex10' loaded for size
(Font)              <5> on input line 539.

LaTeX Warning: No positions in optional float specifier.
               Default added (so using `tbp') on input line 567.

<zigzag_completed.png, id=2144, 511.9125pt x 405.76593pt>
File: zigzag_completed.png Graphic file (type png)

<use zigzag_completed.png>
Package pdftex.def Info: zigzag_completed.png used on input line 588.
(pdftex.def)             Requested size: 547.06921pt x 433.62001pt.


LaTeX Warning: Float too large for page by 30.39998pt on input line 591.

[39] [40] [41 <./zigzag_completed.png (PNG copy)>]

LaTeX Warning: No positions in optional float specifier.
               Default added (so using `tbp') on input line 595.


Overfull \hbox (46.34145pt too wide) in paragraph at lines 599--635
 [][] 
 []

<photo_swe1.JPG, id=2165, 1886.04625pt x 2498.33376pt>
File: photo_swe1.JPG Graphic file (type jpg)
 <use photo_swe1.JPG>
Package pdftex.def Info: photo_swe1.JPG used on input line 653.
(pdftex.def)             Requested size: 169.11153pt x 224.00166pt.

Overfull \hbox (6.79999pt too wide) in paragraph at lines 653--654
[][] 
 []

<photo_swe2.jpg, id=2166, 581.17125pt x 523.9575pt>
File: photo_swe2.jpg Graphic file (type jpg)
 <use photo_swe2.jpg>
Package pdftex.def Info: photo_swe2.jpg used on input line 659.
(pdftex.def)             Requested size: 238.49232pt x 215.01584pt.

Overfull \hbox (6.79999pt too wide) in paragraph at lines 659--660
[][] 
 []


Overfull \hbox (4.98648pt too wide) in paragraph at lines 674--675
[]\T1/lmr/m/n/10.95 Three depth mea-sure-ments (within $\OMS/lmsy/m/n/10.95 ^^X
$\T1/lmr/m/n/10.95 50 cm of each other) were made us-ing an avalanche
 []

[42


] [43] [44 <./photo_swe1.JPG> <./photo_swe2.jpg>] [45]
<map_snowpitlocation_all.jpeg, id=2193, 721.24977pt x 559.06525pt>
File: map_snowpitlocation_all.jpeg Graphic file (type jpg)

<use map_snowpitlocation_all.jpeg>
Package pdftex.def Info: map_snowpitlocation_all.jpeg used on input line 700.
(pdftex.def)             Requested size: 238.49232pt x 184.85892pt.
 [46 <./map_snowpitlocation_all.jpeg>]
<photo_snowpit.jpg, id=2203, 4015.0pt x 3011.25pt>
File: photo_snowpit.jpg Graphic file (type jpg)
 <use photo_snowpit.jpg>
Package pdftex.def Info: photo_snowpit.jpg used on input line 725.
(pdftex.def)             Requested size: 411.93768pt x 308.95378pt.

[47] <transect_measure_locations.jpeg, id=2213, 2740.2375pt x 1313.90875pt>
File: transect_measure_locations.jpeg Graphic file (type jpg)

<use transect_measure_locations.jpeg>
Package pdftex.def Info: transect_measure_locations.jpeg used on input line 741
.
(pdftex.def)             Requested size: 346.89732pt x 166.32324pt.
 [48 <./photo_snowpit.jpg>]
<Zigzag_calOptions.png, id=2219, 433.62pt x 433.62pt>
File: Zigzag_calOptions.png Graphic file (type png)

<use Zigzag_calOptions.png>
Package pdftex.def Info: Zigzag_calOptions.png used on input line 750.
(pdftex.def)             Requested size: 216.81pt x 216.80946pt.
 [49 <./transect_measure_locations.jpeg>] [50 <./Zigzag_calOptions.png (PNG cop
y)>]
<SWEoptions.png, id=2231, 1171.37625pt x 544.0325pt>
File: SWEoptions.png Graphic file (type png)
 <use SWEoptions.png>
Package pdftex.def Info: SWEoptions.png used on input line 785.
(pdftex.def)             Requested size: 303.53267pt x 140.97194pt.

Underfull \hbox (badness 7308) in paragraph at lines 790--791
\T1/lmr/m/n/10.95 sured snow depth to
 []


Underfull \hbox (badness 6188) in paragraph at lines 790--791
\T1/lmr/m/n/10.95 snow wa-ter equiv-a-lent
 []


Underfull \hbox (badness 7613) in paragraph at lines 790--791
\T1/lmr/m/n/10.95 (SWE) could not be
 []


Underfull \hbox (badness 2111) in paragraph at lines 790--791
\T1/lmr/m/n/10.95 lo-ca-tions be-cause snow
 []


Underfull \hbox (badness 3965) in paragraph at lines 790--791
\T1/lmr/m/n/10.95 den-sity was not mea-
 []


Underfull \hbox (badness 4765) in paragraph at lines 790--791
\T1/lmr/m/n/10.95 sured at all lo-ca-tions
 []


Underfull \hbox (badness 1297) in paragraph at lines 790--791
\T1/lmr/m/n/10.95 where snow depth was
 []


Underfull \hbox (badness 1460) in paragraph at lines 790--791
\T1/lmr/m/n/10.95 po-lated. A sub-set of
 []

[51 <./SWEoptions.png>] [52]
Chapter 3.
[53

] <DepthDensity_SWEonly.png, id=2261, 505.89pt x 469.755pt>
File: DepthDensity_SWEonly.png Graphic file (type png)

<use DepthDensity_SWEonly.png>
Package pdftex.def Info: DepthDensity_SWEonly.png used on input line 832.
(pdftex.def)             Requested size: 368.57965pt x 342.25887pt.


LaTeX Warning: No positions in optional float specifier.
               Default added (so using `tbp') on input line 846.


LaTeX Warning: No positions in optional float specifier.
               Default added (so using `tbp') on input line 873.

[54] [55 <./DepthDensity_SWEonly.png (PNG copy)>] [56] [57]
<SnowpitVsSWEtube_all.png, id=2291, 512.66531pt x 403.5075pt>
File: SnowpitVsSWEtube_all.png Graphic file (type png)

<use SnowpitVsSWEtube_all.png>
Package pdftex.def Info: SnowpitVsSWEtube_all.png used on input line 920.
(pdftex.def)             Requested size: 411.93768pt x 324.22871pt.
 [58 <./SnowpitVsSWEtube_all.png (PNG copy)>]

LaTeX Warning: No positions in optional float specifier.
               Default added (so using `tbp') on input line 935.

<DepthElevation.png, id=2311, 939.51pt x 361.35pt>
File: DepthElevation.png Graphic file (type png)
 <use DepthElevation.png>
Package pdftex.def Info: DepthElevation.png used on input line 951.
(pdftex.def)             Requested size: 520.34268pt x 200.13258pt.

<ElevationVsSnowpit_all.png, id=2312, 505.89pt x 469.755pt>
File: ElevationVsSnowpit_all.png Graphic file (type png)

<use ElevationVsSnowpit_all.png>
Package pdftex.def Info: ElevationVsSnowpit_all.png used on input line 959.
(pdftex.def)             Requested size: 260.17465pt x 241.59322pt.
 [59 <./DepthElevation.png (PNG copy)>]
<ElevationVsSWEtube_all.png, id=2317, 527.72156pt x 505.89pt>
File: ElevationVsSWEtube_all.png Graphic file (type png)

<use ElevationVsSWEtube_all.png>
Package pdftex.def Info: ElevationVsSWEtube_all.png used on input line 967.
(pdftex.def)             Requested size: 216.81pt x 207.84079pt.
 [60 <./ElevationVsSnowpit_all.png (PNG copy)> <./ElevationVsSWEtube_all.png (P
NG copy)>]
<box_depth_wZZ.png, id=2322, 429.2838pt x 338.7054pt>
File: box_depth_wZZ.png Graphic file (type png)
 <use box_depth_wZZ.png>
Package pdftex.def Info: box_depth_wZZ.png used on input line 981.
(pdftex.def)             Requested size: 208.13574pt x 164.21507pt.

<box_depth_noZZ.png, id=2323, 429.2838pt x 338.7054pt>
File: box_depth_noZZ.png Graphic file (type png)

<use box_depth_noZZ.png>
Package pdftex.def Info: box_depth_noZZ.png used on input line 987.
(pdftex.def)             Requested size: 208.13574pt x 164.21507pt.
 [61 <./box_depth_wZZ.png (PNG copy)> <./box_depth_noZZ.png (PNG copy)>] <Zigza
g_Boxplot.png, id=2334, 1084.05pt x 361.35pt>
File: Zigzag_Boxplot.png Graphic file (type png)

<use Zigzag_Boxplot.png>
Package pdftex.def Info: Zigzag_Boxplot.png used on input line 1008.
(pdftex.def)             Requested size: 476.98465pt x 158.99449pt.

<map_zigzaglocation_all.jpeg, id=2337, 721.24977pt x 559.06525pt>
File: map_zigzaglocation_all.jpeg Graphic file (type jpg)

<use map_zigzaglocation_all.jpeg>
Package pdftex.def Info: map_zigzaglocation_all.jpeg used on input line 1016.
(pdftex.def)             Requested size: 238.49232pt x 184.85892pt.
 [62 <./Zigzag_Boxplot.png (PNG copy)> <./map_zigzaglocation_all.jpeg>] <Zigzag
Depth_G04.png, id=2342, 1011.78pt x 289.08pt>
File: ZigzagDepth_G04.png Graphic file (type png)

<use ZigzagDepth_G04.png>
Package pdftex.def Info: ZigzagDepth_G04.png used on input line 1024.
(pdftex.def)             Requested size: 597.50787pt x 170.71892pt.
 <ZigzagDepth_G02.png, id=2345, 1011.78pt x 289.08pt>
File: ZigzagDepth_G02.png Graphic file (type png)

<use ZigzagDepth_G02.png>
Package pdftex.def Info: ZigzagDepth_G02.png used on input line 1031.
(pdftex.def)             Requested size: 597.50787pt x 170.71892pt.
 [63 <./ZigzagDepth_G04.png (PNG copy)> <./ZigzagDepth_G02.png (PNG copy)>] <Zi
gzagDepth_G13.png, id=2352, 722.7pt x 578.16pt>
File: ZigzagDepth_G13.png Graphic file (type png)

<use ZigzagDepth_G13.png>
Package pdftex.def Info: ZigzagDepth_G13.png used on input line 1039.
(pdftex.def)             Requested size: 390.25536pt x 312.20175pt.
 [64


 <./ZigzagDepth_G13.png (PNG copy)>]
<AllSWEopts_boxplot.png, id=2367, 505.89pt x 794.97pt>
File: AllSWEopts_boxplot.png Graphic file (type png)

<use AllSWEopts_boxplot.png>
Package pdftex.def Info: AllSWEopts_boxplot.png used on input line 1058.
(pdftex.def)             Requested size: 328.19162pt x 515.72058pt.
 [65]
<SWEmap_opt2.png, id=2372, 939.51pt x 433.62pt>
File: SWEmap_opt2.png Graphic file (type png)
 <use SWEmap_opt2.png>
Package pdftex.def Info: SWEmap_opt2.png used on input line 1066.
(pdftex.def)             Requested size: 433.62001pt x 200.12927pt.
 [66 <./AllSWEopts_boxplot.png (PNG copy)>]
<SWEmap_opt3.png, id=2377, 939.51pt x 433.62pt>
File: SWEmap_opt3.png Graphic file (type png)
 <use SWEmap_opt3.png>
Package pdftex.def Info: SWEmap_opt3.png used on input line 1073.
(pdftex.def)             Requested size: 433.62001pt x 200.12927pt.

<SWEmap_opt4.png, id=2378, 939.51pt x 433.62pt>
File: SWEmap_opt4.png Graphic file (type png)
 <use SWEmap_opt4.png>
Package pdftex.def Info: SWEmap_opt4.png used on input line 1080.
(pdftex.def)             Requested size: 433.62001pt x 200.12927pt.
 [67 <./SWEmap_opt2.png (PNG copy)> <./SWEmap_opt3.png (PNG copy)>]
<SWEmap_opt5.png, id=2383, 939.51pt x 433.62pt>
File: SWEmap_opt5.png Graphic file (type png)
 <use SWEmap_opt5.png>
Package pdftex.def Info: SWEmap_opt5.png used on input line 1087.
(pdftex.def)             Requested size: 433.62001pt x 200.12927pt.

<SWEmap_opt6.png, id=2384, 939.51pt x 433.62pt>
File: SWEmap_opt6.png Graphic file (type png)
 <use SWEmap_opt6.png>
Package pdftex.def Info: SWEmap_opt6.png used on input line 1094.
(pdftex.def)             Requested size: 433.62001pt x 200.12927pt.
 [68 <./SWEmap_opt4.png (PNG copy)> <./SWEmap_opt5.png (PNG copy)>]
<SWEmap_opt7.png, id=2389, 939.51pt x 433.62pt>
File: SWEmap_opt7.png Graphic file (type png)
 <use SWEmap_opt7.png>
Package pdftex.def Info: SWEmap_opt7.png used on input line 1101.
(pdftex.def)             Requested size: 433.62001pt x 200.12927pt.

<SWEmap_opt8.png, id=2390, 939.51pt x 433.62pt>
File: SWEmap_opt8.png Graphic file (type png)
 <use SWEmap_opt8.png>
Package pdftex.def Info: SWEmap_opt8.png used on input line 1108.
(pdftex.def)             Requested size: 433.62001pt x 200.12927pt.
 [69 <./SWEmap_opt6.png (PNG copy)> <./SWEmap_opt7.png (PNG copy)>]
<SWEmap_opt9.png, id=2395, 939.51pt x 433.62pt>
File: SWEmap_opt9.png Graphic file (type png)
 <use SWEmap_opt9.png>
Package pdftex.def Info: SWEmap_opt9.png used on input line 1115.
(pdftex.def)             Requested size: 433.62001pt x 200.12927pt.
 [70 <./SWEmap_opt8.png (PNG copy)> <./SWEmap_opt9.png (PNG copy)>]
<SWEvarOneLocHIST.png, id=2404, 939.51pt x 433.62pt>
File: SWEvarOneLocHIST.png Graphic file (type png)

<use SWEvarOneLocHIST.png>
Package pdftex.def Info: SWEvarOneLocHIST.png used on input line 1156.
(pdftex.def)             Requested size: 433.62001pt x 200.12927pt.
 [71]
<Map_pointstd.png, id=2411, 939.51pt x 433.62pt>
File: Map_pointstd.png Graphic file (type png)
 <use Map_pointstd.png>
Package pdftex.def Info: Map_pointstd.png used on input line 1163.
(pdftex.def)             Requested size: 433.62001pt x 200.12927pt.

[72 <./SWEvarOneLocHIST.png (PNG copy)> <./Map_pointstd.png (PNG copy)>]
<ZigzagPDF.png, id=2422, 578.16pt x 867.24pt>
File: ZigzagPDF.png Graphic file (type png)
 <use ZigzagPDF.png>
Package pdftex.def Info: ZigzagPDF.png used on input line 1175.
(pdftex.def)             Requested size: 346.89732pt x 520.34802pt.
 [73]
<ZigzagPDF_G.png, id=2427, 939.51pt x 433.62pt>
File: ZigzagPDF_G.png Graphic file (type png)
 <use ZigzagPDF_G.png>
Package pdftex.def Info: ZigzagPDF_G.png used on input line 1182.
(pdftex.def)             Requested size: 433.62001pt x 200.12927pt.
 [74 <./ZigzagPDF.png (PNG copy)>]
<NumObsPerCell.png, id=2436, 880.79062pt x 276.28218pt>
File: NumObsPerCell.png Graphic file (type png)

<use NumObsPerCell.png>
Package pdftex.def Info: NumObsPerCell.png used on input line 1192.
(pdftex.def)             Requested size: 433.62001pt x 136.01602pt.

<SWEvarMeasureLocHIST.png, id=2437, 939.51pt x 433.62pt>
File: SWEvarMeasureLocHIST.png Graphic file (type png)

<use SWEvarMeasureLocHIST.png>
Package pdftex.def Info: SWEvarMeasureLocHIST.png used on input line 1199.
(pdftex.def)             Requested size: 433.62001pt x 200.12927pt.
 [75 <./ZigzagPDF_G.png (PNG copy)> <./NumObsPerCell.png (PNG copy)>]
<Map_cellstd_measureLoc.png, id=2443, 939.51pt x 433.62pt>
File: Map_cellstd_measureLoc.png Graphic file (type png)

<use Map_cellstd_measureLoc.png>
Package pdftex.def Info: Map_cellstd_measureLoc.png used on input line 1206.
(pdftex.def)             Requested size: 433.62001pt x 200.12927pt.
 [76 <./SWEvarMeasureLocHIST.png (PNG copy)> <./Map_cellstd_measureLoc.png (PNG
 copy)>]
<SWEvarDensityHIST.png, id=2454, 939.51pt x 433.62pt>
File: SWEvarDensityHIST.png Graphic file (type png)

<use SWEvarDensityHIST.png>
Package pdftex.def Info: SWEvarDensityHIST.png used on input line 1217.
(pdftex.def)             Requested size: 433.62001pt x 200.12927pt.

<Map_cellstd_density.png, id=2455, 939.51pt x 433.62pt>
File: Map_cellstd_density.png Graphic file (type png)

<use Map_cellstd_density.png>
Package pdftex.def Info: Map_cellstd_density.png used on input line 1224.
(pdftex.def)             Requested size: 433.62001pt x 200.12927pt.
 [77 <./SWEvarDensityHIST.png (PNG copy)> <./Map_cellstd_density.png (PNG copy)
>]
<8029_original2.jpeg, id=2462, 3307.35625pt x 2489.3pt>
File: 8029_original2.jpeg Graphic file (type jpg)

<use 8029_original2.jpeg>
Package pdftex.def Info: 8029_original2.jpeg used on input line 1243.
(pdftex.def)             Requested size: 208.13574pt x 156.64441pt.

Overfull \hbox (6.79999pt too wide) in paragraph at lines 1243--1244
[][] 
 []

<7044_original.jpeg, id=2463, 796.42023pt x 599.4301pt>
File: 7044_original.jpeg Graphic file (type jpg)

<use 7044_original.jpeg>
Package pdftex.def Info: 7044_original.jpeg used on input line 1249.
(pdftex.def)             Requested size: 208.13574pt x 156.65305pt.

Overfull \hbox (6.79999pt too wide) in paragraph at lines 1249--1250
[][] 
 []

<Landsat_2007.jpeg, id=2464, 3520.15125pt x 1095.09125pt>
File: Landsat_2007.jpeg Graphic file (type jpg)

<use Landsat_2007.jpeg>
Package pdftex.def Info: Landsat_2007.jpeg used on input line 1259.
(pdftex.def)             Requested size: 433.62001pt x 134.88089pt.
 [78 <./8029_original2.jpeg> <./7044_original.jpeg>]
<diff_7044-8029_original.jpeg, id=2473, 3307.35625pt x 2489.3pt>
File: diff_7044-8029_original.jpeg Graphic file (type jpg)

<use diff_7044-8029_original.jpeg>
Package pdftex.def Info: diff_7044-8029_original.jpeg used on input line 1269.
(pdftex.def)             Requested size: 208.13574pt x 156.64441pt.

Overfull \hbox (6.79999pt too wide) in paragraph at lines 1269--1270
[][] 
 []

<diff_7044-8029_shift.jpeg, id=2474, 3307.35625pt x 2489.3pt>
File: diff_7044-8029_shift.jpeg Graphic file (type jpg)

<use diff_7044-8029_shift.jpeg>
Package pdftex.def Info: diff_7044-8029_shift.jpeg used on input line 1275.
(pdftex.def)             Requested size: 208.13574pt x 156.64441pt.

Overfull \hbox (6.79999pt too wide) in paragraph at lines 1275--1276
[][] 
 []

<DEMcorrection_hist.png, id=2475, 527.72156pt x 505.89pt>
File: DEMcorrection_hist.png Graphic file (type png)

<use DEMcorrection_hist.png>
Package pdftex.def Info: DEMcorrection_hist.png used on input line 1286.
(pdftex.def)             Requested size: 260.17465pt x 249.40895pt.
 [79 <./Landsat_2007.jpeg> <./diff_7044-8029_original.jpeg> <./diff_7044-8029_s
hift.jpeg>]

Package wrapfig Warning: Collision between wrapping environments on input line 
1297.

<mergeLine.jpeg, id=2482, 796.42023pt x 599.4301pt>
File: mergeLine.jpeg Graphic file (type jpg)
 <use mergeLine.jpeg>
Package pdftex.def Info: mergeLine.jpeg used on input line 1299.
(pdftex.def)             Requested size: 260.17465pt x 195.81859pt.

[80 <./DEMcorrection_hist.png (PNG copy)>]
Underfull \hbox (badness 1173) in paragraph at lines 1308--1309
\T1/lmr/m/n/10.95 Fig-ure 4. De-spite the cor-rec-
 []

<mergedDEM2.jpeg, id=2494, 3307.35625pt x 2489.3pt>
File: mergedDEM2.jpeg Graphic file (type jpg)
 <use mergedDEM2.jpeg>
Package pdftex.def Info: mergedDEM2.jpeg used on input line 1314.
(pdftex.def)             Requested size: 518.489pt x 390.25536pt.

Overfull \hbox (18.13113pt too wide) in paragraph at lines 1319--1319
[]\T1/lmr/bx/n/12 Calculating to-po-graphic
 []

LaTeX Font Info:    Try loading font information for T1+lmtt on input line 1324
.
(/usr/share/texmf/tex/latex/lm/t1lmtt.fd
File: t1lmtt.fd 2009/10/30 v1.6 Font defs for Latin Modern
) [81 <./mergeLine.jpeg>] [82 <./mergedDEM2.jpeg>] <DEMGrid.png, id=2522, 537.0
0626pt x 537.00626pt>
File: DEMGrid.png Graphic file (type png)

<use DEMGrid.png>
Package pdftex.def Info: DEMGrid.png used on input line 1351.
(pdftex.def)             Requested size: 130.08733pt x 130.08046pt.
 [83 <./DEMGrid.png>] [84]
<Sx_infographic.jpeg, id=2563, 1421.31pt x 963.6pt>
File: Sx_infographic.jpeg Graphic file (type jpg)
 <use Sx_infographic.jpeg>
Package pdftex.def Info: Sx_infographic.jpeg used on input line 1401.
(pdftex.def)             Requested size: 260.17465pt x 176.38118pt.


LaTeX Warning: `h' float specifier changed to `ht'.

[85] [86 <./Sx_infographic.jpeg>]
<G13curvatureSmoothing.jpeg, id=2579, 3043.37pt x 1759.57375pt>
File: G13curvatureSmoothing.jpeg Graphic file (type jpg)

<use G13curvatureSmoothing.jpeg>
Package pdftex.def Info: G13curvatureSmoothing.jpeg used on input line 1430.
(pdftex.def)             Requested size: 303.53267pt x 175.4844pt.
 [87 <./G13curvatureSmoothing.jpeg>] [88]
[89] [90]
LaTeX Font Info:    External font `lmex10' loaded for size
(Font)              <10> on input line 1497.
LaTeX Font Info:    External font `lmex10' loaded for size
(Font)              <7> on input line 1497.
 [91] [92] <Map_elevation.png, id=2632, 939.51pt x 433.62pt>
File: Map_elevation.png Graphic file (type png)

<use Map_elevation.png>
Package pdftex.def Info: Map_elevation.png used on input line 1527.
(pdftex.def)             Requested size: 433.62001pt x 200.12927pt.

<SampledRangeTopo_elevation.png, id=2633, 1011.78pt x 289.08pt>
File: SampledRangeTopo_elevation.png Graphic file (type png)

<use SampledRangeTopo_elevation.png>
Package pdftex.def Info: SampledRangeTopo_elevation.png used on input line 1533
.
(pdftex.def)             Requested size: 520.34268pt x 148.67274pt.

<Map_centreD.png, id=2634, 939.51pt x 433.62pt>
File: Map_centreD.png Graphic file (type png)
 <use Map_centreD.png>
Package pdftex.def Info: Map_centreD.png used on input line 1540.
(pdftex.def)             Requested size: 433.62001pt x 200.12927pt.
 [93 <./Map_elevation.png (PNG copy)> <./SampledRangeTopo_elevation.png (PNG co
py)>]
<SampledRangeTopo_centreD.png, id=2639, 1011.78pt x 289.08pt>
File: SampledRangeTopo_centreD.png Graphic file (type png)

<use SampledRangeTopo_centreD.png>
Package pdftex.def Info: SampledRangeTopo_centreD.png used on input line 1546.
(pdftex.def)             Requested size: 520.34268pt x 148.67274pt.

<Map_aspect.png, id=2640, 939.51pt x 433.62pt>
File: Map_aspect.png Graphic file (type png)
 <use Map_aspect.png>
Package pdftex.def Info: Map_aspect.png used on input line 1553.
(pdftex.def)             Requested size: 433.62001pt x 200.12927pt.
 [94 <./Map_centreD.png (PNG copy)> <./SampledRangeTopo_centreD.png (PNG copy)>
]
<SampledRangeTopo_aspect.png, id=2646, 1011.78pt x 289.08pt>
File: SampledRangeTopo_aspect.png Graphic file (type png)

<use SampledRangeTopo_aspect.png>
Package pdftex.def Info: SampledRangeTopo_aspect.png used on input line 1559.
(pdftex.def)             Requested size: 520.34268pt x 148.67274pt.

<Map_slope.png, id=2647, 939.51pt x 433.62pt>
File: Map_slope.png Graphic file (type png)
 <use Map_slope.png>
Package pdftex.def Info: Map_slope.png used on input line 1566.
(pdftex.def)             Requested size: 433.62001pt x 200.12927pt.
 [95 <./Map_aspect.png (PNG copy)> <./SampledRangeTopo_aspect.png (PNG copy)>]
<SampledRangeTopo_slope.png, id=2653, 1011.78pt x 289.08pt>
File: SampledRangeTopo_slope.png Graphic file (type png)

<use SampledRangeTopo_slope.png>
Package pdftex.def Info: SampledRangeTopo_slope.png used on input line 1572.
(pdftex.def)             Requested size: 520.34268pt x 148.67274pt.

<Map_northness.png, id=2654, 939.51pt x 433.62pt>
File: Map_northness.png Graphic file (type png)
 <use Map_northness.png>
Package pdftex.def Info: Map_northness.png used on input line 1579.
(pdftex.def)             Requested size: 433.62001pt x 200.12927pt.

[96 <./Map_slope.png (PNG copy)> <./SampledRangeTopo_slope.png (PNG copy)>]
<SampledRangeTopo_northness.png, id=2659, 1011.78pt x 289.08pt>
File: SampledRangeTopo_northness.png Graphic file (type png)

<use SampledRangeTopo_northness.png>
Package pdftex.def Info: SampledRangeTopo_northness.png used on input line 1585
.
(pdftex.def)             Requested size: 520.34268pt x 148.67274pt.

<Map_curvature.png, id=2660, 939.51pt x 433.62pt>
File: Map_curvature.png Graphic file (type png)
 <use Map_curvature.png>
Package pdftex.def Info: Map_curvature.png used on input line 1592.
(pdftex.def)             Requested size: 433.62001pt x 200.12927pt.

[97 <./Map_northness.png (PNG copy)> <./SampledRangeTopo_northness.png (PNG cop
y)>] <SampledRangeTopo_curvature.png, id=2665, 1011.78pt x 289.08pt>
File: SampledRangeTopo_curvature.png Graphic file (type png)

<use SampledRangeTopo_curvature.png>
Package pdftex.def Info: SampledRangeTopo_curvature.png used on input line 1598
.
(pdftex.def)             Requested size: 520.34268pt x 148.67274pt.

<Map_Sx.png, id=2666, 939.51pt x 433.62pt>
File: Map_Sx.png Graphic file (type png)
 <use Map_Sx.png>
Package pdftex.def Info: Map_Sx.png used on input line 1605.
(pdftex.def)             Requested size: 433.62001pt x 200.12927pt.
 [98 <./Map_curvature.png (PNG copy)> <./SampledRangeTopo_curvature.png (PNG co
py)>]
<SampledRangeTopo_Sx.png, id=2677, 1011.78pt x 289.08pt>
File: SampledRangeTopo_Sx.png Graphic file (type png)

<use SampledRangeTopo_Sx.png>
Package pdftex.def Info: SampledRangeTopo_Sx.png used on input line 1611.
(pdftex.def)             Requested size: 520.34268pt x 148.67274pt.
 [99 <./Map_Sx.png (PNG copy)> <./SampledRangeTopo_Sx.png (PNG copy)>]
Chapter 4.
[100

] [101] [102] [103] [104] [105] [106]
<MLRfit_opt8.png, id=2782, 867.24pt x 289.08pt>
File: MLRfit_opt8.png Graphic file (type png)
 <use MLRfit_opt8.png>
Package pdftex.def Info: MLRfit_opt8.png used on input line 1794.
(pdftex.def)             Requested size: 520.34268pt x 173.45374pt.

<MLRfit_allLines.png, id=2783, 867.24pt x 289.08pt>
File: MLRfit_allLines.png Graphic file (type png)
 <use MLRfit_allLines.png>
Package pdftex.def Info: MLRfit_allLines.png used on input line 1798.
(pdftex.def)             Requested size: 520.34268pt x 173.45374pt.

[107] <ModelledSWE_box_MLR.png, id=2790, 429.10312pt x 338.76563pt>
File: ModelledSWE_box_MLR.png Graphic file (type png)

<use ModelledSWE_box_MLR.png>
Package pdftex.def Info: ModelledSWE_box_MLR.png used on input line 1807.
(pdftex.def)             Requested size: 260.17465pt x 205.40096pt.

<MLRresiduals_all.png, id=2791, 1084.05pt x 361.35pt>
File: MLRresiduals_all.png Graphic file (type png)

<use MLRresiduals_all.png>
Package pdftex.def Info: MLRresiduals_all.png used on input line 1814.
(pdftex.def)             Requested size: 520.34268pt x 173.45154pt.
 [108 <./MLRfit_opt8.png (PNG copy)> <./MLRfit_allLines.png (PNG copy)>]
<residuals_box_MLR.png, id=2796, 429.10312pt x 338.76563pt>
File: residuals_box_MLR.png Graphic file (type png)

<use residuals_box_MLR.png>
Package pdftex.def Info: residuals_box_MLR.png used on input line 1821.
(pdftex.def)             Requested size: 260.17465pt x 205.40096pt.
 [109 <./ModelledSWE_box_MLR.png (PNG copy)> <./MLRresiduals_all.png (PNG copy)
>]
<residualsMap_MLR.png, id=2801, 939.51pt x 433.62pt>
File: residualsMap_MLR.png Graphic file (type png)

<use residualsMap_MLR.png>
Package pdftex.def Info: residualsMap_MLR.png used on input line 1828.
(pdftex.def)             Requested size: 433.62001pt x 200.12927pt.

<MLRcoeff_DensityOpts.png, id=2802, 939.51pt x 722.7pt>
File: MLRcoeff_DensityOpts.png Graphic file (type png)

<use MLRcoeff_DensityOpts.png>
Package pdftex.def Info: MLRcoeff_DensityOpts.png used on input line 1835.
(pdftex.def)             Requested size: 476.98465pt x 366.90697pt.

Overfull \hbox (43.36464pt too wide) in paragraph at lines 1835--1835
 [][] 
 []

<MLRsemiR2_DensityOpts.png, id=2803, 939.51pt x 722.7pt>
File: MLRsemiR2_DensityOpts.png Graphic file (type png)

<use MLRsemiR2_DensityOpts.png>
Package pdftex.def Info: MLRsemiR2_DensityOpts.png used on input line 1843.
(pdftex.def)             Requested size: 476.98465pt x 366.90697pt.

Overfull \hbox (43.36464pt too wide) in paragraph at lines 1843--1843
 [][] 
 []

[110 <./residuals_box_MLR.png (PNG copy)> <./residualsMap_MLR.png (PNG copy)>]
[111 <./MLRcoeff_DensityOpts.png (PNG copy)>]
<MLRmap_Modelled_Observed8.png, id=2812, 939.51pt x 433.62pt>
File: MLRmap_Modelled_Observed8.png Graphic file (type png)

<use MLRmap_Modelled_Observed8.png>
Package pdftex.def Info: MLRmap_Modelled_Observed8.png used on input line 1849.

(pdftex.def)             Requested size: 433.62001pt x 200.12927pt.
 [112 <./MLRsemiR2_DensityOpts.png (PNG copy)>] <MLR_SWEdifferenceMap.png, id=2
818, 939.51pt x 433.62pt>
File: MLR_SWEdifferenceMap.png Graphic file (type png)

<use MLR_SWEdifferenceMap.png>
Package pdftex.def Info: MLR_SWEdifferenceMap.png used on input line 1856.
(pdftex.def)             Requested size: 433.62001pt x 200.12927pt.

<MLR_SWEdifferenceMap_percent.png, id=2819, 939.51pt x 433.62pt>
File: MLR_SWEdifferenceMap_percent.png Graphic file (type png)

<use MLR_SWEdifferenceMap_percent.png>
Package pdftex.def Info: MLR_SWEdifferenceMap_percent.png used on input line 18
63.
(pdftex.def)             Requested size: 433.62001pt x 200.12927pt.
 [113 <./MLRmap_Modelled_Observed8.png (PNG copy)> <./MLR_SWEdifferenceMap.png 
(PNG copy)>]
<MLRmap_Modelled_Observed1.png, id=2824, 939.51pt x 433.62pt>
File: MLRmap_Modelled_Observed1.png Graphic file (type png)

<use MLRmap_Modelled_Observed1.png>
Package pdftex.def Info: MLRmap_Modelled_Observed1.png used on input line 1874.

(pdftex.def)             Requested size: 205.97214pt x 95.05925pt.

<MLRmap_Modelled_Observed2.png, id=2825, 939.51pt x 433.62pt>
File: MLRmap_Modelled_Observed2.png Graphic file (type png)

<use MLRmap_Modelled_Observed2.png>
Package pdftex.def Info: MLRmap_Modelled_Observed2.png used on input line 1881.

(pdftex.def)             Requested size: 205.97214pt x 95.05925pt.

<MLRmap_Modelled_Observed3.png, id=2826, 939.51pt x 433.62pt>
File: MLRmap_Modelled_Observed3.png Graphic file (type png)

<use MLRmap_Modelled_Observed3.png>
Package pdftex.def Info: MLRmap_Modelled_Observed3.png used on input line 1888.

(pdftex.def)             Requested size: 205.97214pt x 95.05925pt.

<MLRmap_Modelled_Observed4.png, id=2827, 939.51pt x 433.62pt>
File: MLRmap_Modelled_Observed4.png Graphic file (type png)

<use MLRmap_Modelled_Observed4.png>
Package pdftex.def Info: MLRmap_Modelled_Observed4.png used on input line 1895.

(pdftex.def)             Requested size: 205.97214pt x 95.05925pt.

<MLRmap_Modelled_Observed5.png, id=2828, 939.51pt x 433.62pt>
File: MLRmap_Modelled_Observed5.png Graphic file (type png)

<use MLRmap_Modelled_Observed5.png>
Package pdftex.def Info: MLRmap_Modelled_Observed5.png used on input line 1902.

(pdftex.def)             Requested size: 205.97214pt x 95.05925pt.

<MLRmap_Modelled_Observed6.png, id=2829, 939.51pt x 433.62pt>
File: MLRmap_Modelled_Observed6.png Graphic file (type png)

<use MLRmap_Modelled_Observed6.png>
Package pdftex.def Info: MLRmap_Modelled_Observed6.png used on input line 1909.

(pdftex.def)             Requested size: 205.97214pt x 95.05925pt.

<MLRmap_Modelled_Observed7.png, id=2830, 939.51pt x 433.62pt>
File: MLRmap_Modelled_Observed7.png Graphic file (type png)

<use MLRmap_Modelled_Observed7.png>
Package pdftex.def Info: MLRmap_Modelled_Observed7.png used on input line 1916.

(pdftex.def)             Requested size: 205.97214pt x 95.05925pt.
File: MLRmap_Modelled_Observed8.png Graphic file (type png)
 <use MLRmap_Modelled_Observed8.png>
Package pdftex.def Info: MLRmap_Modelled_Observed8.png used on input line 1923.

(pdftex.def)             Requested size: 205.97214pt x 95.05925pt.

[114 <./MLR_SWEdifferenceMap_percent.png (PNG copy)>]
<DistributionOfNumParams_topoRegress.png, id=2835, 433.62pt x 433.62pt>
File: DistributionOfNumParams_topoRegress.png Graphic file (type png)

<use DistributionOfNumParams_topoRegress.png>
Package pdftex.def Info: DistributionOfNumParams_topoRegress.png used on input 
line 1944.
(pdftex.def)             Requested size: 260.17465pt x 260.18724pt.
 [115 <./MLRmap_Modelled_Observed1.png (PNG copy)> <./MLRmap_Modelled_Observed2
.png (PNG copy)> <./MLRmap_Modelled_Observed3.png (PNG copy)> <./MLRmap_Modelle
d_Observed4.png (PNG copy)> <./MLRmap_Modelled_Observed5.png (PNG copy)> <./MLR
map_Modelled_Observed6.png (PNG copy)> <./MLRmap_Modelled_Observed7.png (PNG co
py)>] [116 <./DistributionOfNumParams_topoRegress.png (PNG copy)>] [117]
<BMSfit_opt8.png, id=2895, 867.24pt x 289.08pt>
File: BMSfit_opt8.png Graphic file (type png)
 <use BMSfit_opt8.png>
Package pdftex.def Info: BMSfit_opt8.png used on input line 2024.
(pdftex.def)             Requested size: 520.34268pt x 173.45374pt.
 [118]
[119] <BMSfit_allLines.png, id=2907, 867.24pt x 289.08pt>
File: BMSfit_allLines.png Graphic file (type png)

<use BMSfit_allLines.png>
Package pdftex.def Info: BMSfit_allLines.png used on input line 2030.
(pdftex.def)             Requested size: 520.34268pt x 173.45374pt.

<BMSresiduals_all.png, id=2910, 1084.05pt x 361.35pt>
File: BMSresiduals_all.png Graphic file (type png)

<use BMSresiduals_all.png>
Package pdftex.def Info: BMSresiduals_all.png used on input line 2036.
(pdftex.def)             Requested size: 520.34268pt x 173.45154pt.
 [120 <./BMSfit_opt8.png (PNG copy)> <./BMSfit_allLines.png (PNG copy)>] <resid
uals_box_BMS.png, id=2915, 421.575pt x 316.18124pt>
File: residuals_box_BMS.png Graphic file (type png)

<use residuals_box_BMS.png>
Package pdftex.def Info: residuals_box_BMS.png used on input line 2044.
(pdftex.def)             Requested size: 260.17465pt x 195.13298pt.

<residualsMap_BMS.png, id=2916, 939.51pt x 433.62pt>
File: residualsMap_BMS.png Graphic file (type png)

<use residualsMap_BMS.png>
Package pdftex.def Info: residualsMap_BMS.png used on input line 2051.
(pdftex.def)             Requested size: 433.62001pt x 200.12927pt.
 [121 <./BMSresiduals_all.png (PNG copy)> <./residuals_box_BMS.png (PNG copy)>]

<ModelledSWE_box_BMS.png, id=2921, 429.10312pt x 338.76563pt>
File: ModelledSWE_box_BMS.png Graphic file (type png)

<use ModelledSWE_box_BMS.png>
Package pdftex.def Info: ModelledSWE_box_BMS.png used on input line 2059.
(pdftex.def)             Requested size: 260.17465pt x 205.40096pt.

<BMScoeff_DensityOpts.png, id=2922, 939.51pt x 722.7pt>
File: BMScoeff_DensityOpts.png Graphic file (type png)

<use BMScoeff_DensityOpts.png>
Package pdftex.def Info: BMScoeff_DensityOpts.png used on input line 2066.
(pdftex.def)             Requested size: 476.98465pt x 366.90697pt.

Overfull \hbox (43.36464pt too wide) in paragraph at lines 2066--2066
 [][] 
 []

[122 <./residualsMap_BMS.png (PNG copy)> <./ModelledSWE_box_BMS.png (PNG copy)>
] <BMSsemiR2_DensityOpts.png, id=2927, 939.51pt x 722.7pt>
File: BMSsemiR2_DensityOpts.png Graphic file (type png)

<use BMSsemiR2_DensityOpts.png>
Package pdftex.def Info: BMSsemiR2_DensityOpts.png used on input line 2074.
(pdftex.def)             Requested size: 476.98465pt x 366.90697pt.

Overfull \hbox (43.36464pt too wide) in paragraph at lines 2074--2074
 [][] 
 []

[123 <./BMScoeff_DensityOpts.png (PNG copy)>]
<BMSmap_Modelled_Observed8.png, id=2932, 939.51pt x 433.62pt>
File: BMSmap_Modelled_Observed8.png Graphic file (type png)

<use BMSmap_Modelled_Observed8.png>
Package pdftex.def Info: BMSmap_Modelled_Observed8.png used on input line 2080.

(pdftex.def)             Requested size: 433.62001pt x 200.12927pt.
 [124 <./BMSsemiR2_DensityOpts.png (PNG copy)>] <BMS_SWEdifferenceMap.png, id=2
938, 939.51pt x 433.62pt>
File: BMS_SWEdifferenceMap.png Graphic file (type png)

<use BMS_SWEdifferenceMap.png>
Package pdftex.def Info: BMS_SWEdifferenceMap.png used on input line 2087.
(pdftex.def)             Requested size: 433.62001pt x 200.12927pt.

<BMS_SWEdifferenceMap_percent.png, id=2939, 939.51pt x 433.62pt>
File: BMS_SWEdifferenceMap_percent.png Graphic file (type png)

<use BMS_SWEdifferenceMap_percent.png>
Package pdftex.def Info: BMS_SWEdifferenceMap_percent.png used on input line 20
94.
(pdftex.def)             Requested size: 433.62001pt x 200.12927pt.
 [125 <./BMSmap_Modelled_Observed8.png (PNG copy)> <./BMS_SWEdifferenceMap.png 
(PNG copy)>]
<BMSmap_Modelled_Observed_Opt1.png, id=2944, 939.51pt x 433.62pt>
File: BMSmap_Modelled_Observed_Opt1.png Graphic file (type png)

<use BMSmap_Modelled_Observed_Opt1.png>
Package pdftex.def Info: BMSmap_Modelled_Observed_Opt1.png used on input line 2
104.
(pdftex.def)             Requested size: 205.97214pt x 95.05925pt.

<BMSmap_Modelled_Observed_Opt2.png, id=2945, 939.51pt x 433.62pt>
File: BMSmap_Modelled_Observed_Opt2.png Graphic file (type png)

<use BMSmap_Modelled_Observed_Opt2.png>
Package pdftex.def Info: BMSmap_Modelled_Observed_Opt2.png used on input line 2
111.
(pdftex.def)             Requested size: 205.97214pt x 95.05925pt.

<BMSmap_Modelled_Observed_Opt3.png, id=2946, 939.51pt x 433.62pt>
File: BMSmap_Modelled_Observed_Opt3.png Graphic file (type png)

<use BMSmap_Modelled_Observed_Opt3.png>
Package pdftex.def Info: BMSmap_Modelled_Observed_Opt3.png used on input line 2
118.
(pdftex.def)             Requested size: 205.97214pt x 95.05925pt.

<BMSmap_Modelled_Observed_Opt4.png, id=2947, 939.51pt x 433.62pt>
File: BMSmap_Modelled_Observed_Opt4.png Graphic file (type png)

<use BMSmap_Modelled_Observed_Opt4.png>
Package pdftex.def Info: BMSmap_Modelled_Observed_Opt4.png used on input line 2
125.
(pdftex.def)             Requested size: 205.97214pt x 95.05925pt.

<BMSmap_Modelled_Observed_Opt5.png, id=2948, 939.51pt x 433.62pt>
File: BMSmap_Modelled_Observed_Opt5.png Graphic file (type png)

<use BMSmap_Modelled_Observed_Opt5.png>
Package pdftex.def Info: BMSmap_Modelled_Observed_Opt5.png used on input line 2
132.
(pdftex.def)             Requested size: 205.97214pt x 95.05925pt.

<BMSmap_Modelled_Observed_Opt6.png, id=2949, 939.51pt x 433.62pt>
File: BMSmap_Modelled_Observed_Opt6.png Graphic file (type png)

<use BMSmap_Modelled_Observed_Opt6.png>
Package pdftex.def Info: BMSmap_Modelled_Observed_Opt6.png used on input line 2
139.
(pdftex.def)             Requested size: 205.97214pt x 95.05925pt.

<BMSmap_Modelled_Observed_Opt7.png, id=2950, 939.51pt x 433.62pt>
File: BMSmap_Modelled_Observed_Opt7.png Graphic file (type png)

<use BMSmap_Modelled_Observed_Opt7.png>
Package pdftex.def Info: BMSmap_Modelled_Observed_Opt7.png used on input line 2
146.
(pdftex.def)             Requested size: 205.97214pt x 95.05925pt.

<BMSmap_Modelled_Observed_Opt8.png, id=2951, 939.51pt x 433.62pt>
File: BMSmap_Modelled_Observed_Opt8.png Graphic file (type png)

<use BMSmap_Modelled_Observed_Opt8.png>
Package pdftex.def Info: BMSmap_Modelled_Observed_Opt8.png used on input line 2
153.
(pdftex.def)             Requested size: 205.97214pt x 95.05925pt.

<CoeffBoxplot_BMSMLRcompare.png, id=2953, 1011.78pt x 289.08pt>
File: CoeffBoxplot_BMSMLRcompare.png Graphic file (type png)

<use CoeffBoxplot_BMSMLRcompare.png>
Package pdftex.def Info: CoeffBoxplot_BMSMLRcompare.png used on input line 2172
.
(pdftex.def)             Requested size: 520.34268pt x 148.67274pt.
 [126 <./BMS_SWEdifferenceMap_percent.png (PNG copy)>]
Underfull \hbox (badness 4205) in paragraph at lines 2194--2195
[][]\T1/lmr/m/n/10.95 The as-pect, cur-va-ture,
 []

[127 <./CoeffBoxplot_BMSMLRcompare.png (PNG copy)>]
<MLRrunWSMB.png, id=2965, 527.72156pt x 505.89pt>
File: MLRrunWSMB.png Graphic file (type png)
 <use MLRrunWSMB.png>
Package pdftex.def Info: MLRrunWSMB.png used on input line 2206.
(pdftex.def)             Requested size: 192.92679pt x 184.9429pt.

<MLRrunCoeffs.png, id=2966, 527.72156pt x 505.89pt>
File: MLRrunCoeffs.png Graphic file (type png)
 <use MLRrunCoeffs.png>
Package pdftex.def Info: MLRrunCoeffs.png used on input line 2212.
(pdftex.def)             Requested size: 192.92679pt x 184.9429pt.

Overfull \hbox (28.14908pt too wide) in paragraph at lines 2212--2213
 [][] 
 []

[128 <./MLRrunWSMB.png (PNG copy)> <./MLRrunCoeffs.png (PNG copy)>] [129]
[130] <sweKriged.png, id=3007, 939.51pt x 433.62pt>
File: sweKriged.png Graphic file (type png)
 <use sweKriged.png>
Package pdftex.def Info: sweKriged.png used on input line 2267.
(pdftex.def)             Requested size: 433.62001pt x 200.12927pt.


LaTeX Warning: No positions in optional float specifier.
               Default added (so using `tbp') on input line 2272.

<krigSWEfit.png, id=3013, 867.24pt x 289.08pt>
File: krigSWEfit.png Graphic file (type png)
 <use krigSWEfit.png>
Package pdftex.def Info: krigSWEfit.png used on input line 2292.
(pdftex.def)             Requested size: 520.34268pt x 173.45374pt.
 [131 <./sweKriged.png (PNG copy)>] <KrigingCI_percent.png, id=3019, 939.51pt x
 433.62pt>
File: KrigingCI_percent.png Graphic file (type png)

<use KrigingCI_percent.png>
Package pdftex.def Info: KrigingCI_percent.png used on input line 2301.
(pdftex.def)             Requested size: 433.62001pt x 200.12927pt.
 [132 <./krigSWEfit.png (PNG copy)>] [133 <./KrigingCI_percent.png (PNG copy)>]
 [134]
<residualsKriged.png, id=3049, 939.51pt x 433.62pt>
File: residualsKriged.png Graphic file (type png)
 <use residualsKriged.png>
Package pdftex.def Info: residualsKriged.png used on input line 2336.
(pdftex.def)             Requested size: 433.62001pt x 200.12927pt.

<RegressionKriging.png, id=3050, 939.51pt x 433.62pt>
File: RegressionKriging.png Graphic file (type png)

<use RegressionKriging.png>
Package pdftex.def Info: RegressionKriging.png used on input line 2343.
(pdftex.def)             Requested size: 433.62001pt x 200.12927pt.
 [135 <./residualsKriged.png (PNG copy)>]
<krigRKfit.png, id=3055, 867.24pt x 289.08pt>
File: krigRKfit.png Graphic file (type png)
 <use krigRKfit.png>
Package pdftex.def Info: krigRKfit.png used on input line 2349.
(pdftex.def)             Requested size: 520.34268pt x 173.45374pt.
 [136 <./RegressionKriging.png (PNG copy)> <./krigRKfit.png (PNG copy)>]
<InterpMethod_mean.png, id=3062, 927.465pt x 360.59718pt>
File: InterpMethod_mean.png Graphic file (type png)

<use InterpMethod_mean.png>
Package pdftex.def Info: InterpMethod_mean.png used on input line 2360.
(pdftex.def)             Requested size: 433.62001pt x 168.59483pt.

<InterpMethod_meanR2.png, id=3064, 927.465pt x 360.59718pt>
File: InterpMethod_meanR2.png Graphic file (type png)

<use InterpMethod_meanR2.png>
Package pdftex.def Info: InterpMethod_meanR2.png used on input line 2368.
(pdftex.def)             Requested size: 433.62001pt x 168.59483pt.
 [137 <./InterpMethod_mean.png (PNG copy)>]
[138 <./InterpMethod_meanR2.png (PNG copy)>]
<InterpMethod_allopts.png, id=3076, 1078.0275pt x 282.30469pt>
File: InterpMethod_allopts.png Graphic file (type png)

<use InterpMethod_allopts.png>
Package pdftex.def Info: InterpMethod_allopts.png used on input line 2379.
(pdftex.def)             Requested size: 629.23714pt x 164.77771pt.

<InterpMethod_alloptsR2.png, id=3077, 1403.2425pt x 349.305pt>
File: InterpMethod_alloptsR2.png Graphic file (type png)

<use InterpMethod_alloptsR2.png>
Package pdftex.def Info: InterpMethod_alloptsR2.png used on input line 2385.
(pdftex.def)             Requested size: 661.96501pt x 164.77771pt.

Overfull \hbox (17.31674pt too wide) in paragraph at lines 2385--2386
[][] 
 []

[139 <./InterpMethod_allopts.png (PNG copy)> <./InterpMethod_alloptsR2.png (PNG
 copy)>] [140


] [141]
<MapTransferabilityG4Coeffs.png, id=3092, 939.51pt x 433.62pt>
File: MapTransferabilityG4Coeffs.png Graphic file (type png)

<use MapTransferabilityG4Coeffs.png>
Package pdftex.def Info: MapTransferabilityG4Coeffs.png used on input line 2415
.
(pdftex.def)             Requested size: 390.25536pt x 180.11435pt.

<MapTransferabilityG2Coeffs.png, id=3093, 939.51pt x 433.62pt>
File: MapTransferabilityG2Coeffs.png Graphic file (type png)

<use MapTransferabilityG2Coeffs.png>
Package pdftex.def Info: MapTransferabilityG2Coeffs.png used on input line 2416
.
(pdftex.def)             Requested size: 390.25536pt x 180.11435pt.

<MapTransferabilityG13Coeffs.png, id=3094, 939.51pt x 433.62pt>
File: MapTransferabilityG13Coeffs.png Graphic file (type png)

<use MapTransferabilityG13Coeffs.png>
Package pdftex.def Info: MapTransferabilityG13Coeffs.png used on input line 241
7.
(pdftex.def)             Requested size: 390.25536pt x 180.11435pt.

<MapTransferabilityComboCoeffs.png, id=3095, 939.51pt x 433.62pt>
File: MapTransferabilityComboCoeffs.png Graphic file (type png)

<use MapTransferabilityComboCoeffs.png>
Package pdftex.def Info: MapTransferabilityComboCoeffs.png used on input line 2
424.
(pdftex.def)             Requested size: 390.25536pt x 180.11435pt.
 [142 <./MapTransferabilityG4Coeffs.png (PNG copy)> <./MapTransferabilityG2Coef
fs.png (PNG copy)> <./MapTransferabilityG13Coeffs.png (PNG copy)>]
<TransferabilityRMSE.png, id=3103, 593.21625pt x 344.78813pt>
File: TransferabilityRMSE.png Graphic file (type png)

<use TransferabilityRMSE.png>
Package pdftex.def Info: TransferabilityRMSE.png used on input line 2446.
(pdftex.def)             Requested size: 346.89732pt x 201.62921pt.
 [143 <./MapTransferabilityComboCoeffs.png (PNG copy)>] [144 <./Transferability
RMSE.png (PNG copy)>] [145]
Chapter 5.
[146

] [147]

LaTeX Warning: No positions in optional float specifier.
               Default added (so using `tbp') on input line 2506.

<WSMBDist_LR.pdf, id=3135, 506.89375pt x 341.275pt>
File: WSMBDist_LR.pdf Graphic file (type pdf)
 <use WSMBDist_LR.pdf>
Package pdftex.def Info: WSMBDist_LR.pdf used on input line 2523.
(pdftex.def)             Requested size: 520.34268pt x 350.34029pt.

Overfull \hbox (55.01279pt too wide) in paragraph at lines 2522--2523
 []|  [] 
 []

<WSMBDist_full.pdf, id=3136, 244.915pt x 284.06125pt>
File: WSMBDist_full.pdf Graphic file (type pdf)
 <use WSMBDist_full.pdf>
Package pdftex.def Info: WSMBDist_full.pdf used on input line 2532.
(pdftex.def)             Requested size: 346.89732pt x 402.35551pt.

<SpatialVar_LR.pdf, id=3138, 506.89375pt x 244.915pt>
File: SpatialVar_LR.pdf Graphic file (type pdf)
 <use SpatialVar_LR.pdf>
Package pdftex.def Info: SpatialVar_LR.pdf used on input line 2544.
(pdftex.def)             Requested size: 433.62001pt x 209.51659pt.

<SpatialVar_SK.pdf, id=3139, 506.89375pt x 244.915pt>
File: SpatialVar_SK.pdf Graphic file (type pdf)
 <use SpatialVar_SK.pdf>
Package pdftex.def Info: SpatialVar_SK.pdf used on input line 2545.
(pdftex.def)             Requested size: 433.62001pt x 209.51659pt.

[148] [149 <./WSMBDist_LR.pdf>] [150 <./WSMBDist_full.pdf>] [151 <./SpatialVar_
LR.pdf> <./SpatialVar_SK.pdf>] [152] (./THESIS.bbl [153


]
Underfull \hbox (badness 1565) in paragraph at lines 96--99
[]\T1/lmr/m/n/10.95 Gnter Blschl.  Scal-ing is-sues in snow hy-drol-ogy.  \T1
/lmr/m/it/10.95 Hy-dro-log-i-cal Pro-cesses\T1/lmr/m/n/10.95 ,
 []

[154] [155] [156] [157] [158] [159] [160] [161] [162]) [163]
Appendix A.
[164

] [165]
Appendix B.
<G04_Topo.jpeg, id=9707, 847.66183pt x 599.4301pt>
File: G04_Topo.jpeg Graphic file (type jpg)
 <use G04_Topo.jpeg>
Package pdftex.def Info: G04_Topo.jpeg used on input line 2614.
(pdftex.def)             Requested size: 410.22302pt x 290.08975pt.

<G04_Overview.jpeg, id=9708, 844.8363pt x 597.432pt>
File: G04_Overview.jpeg Graphic file (type jpg)
 <use G04_Overview.jpeg>
Package pdftex.def Info: G04_Overview.jpeg used on input line 2615.
(pdftex.def)             Requested size: 410.23499pt x 290.08975pt.

<G04_ZZ.jpeg, id=9709, 844.8363pt x 597.432pt>
File: G04_ZZ.jpeg Graphic file (type jpg)
 <use G04_ZZ.jpeg>
Package pdftex.def Info: G04_ZZ.jpeg used on input line 2616.
(pdftex.def)             Requested size: 410.23499pt x 290.08975pt.

<G04_LH.jpeg, id=9710, 844.8363pt x 597.432pt>
File: G04_LH.jpeg Graphic file (type jpg)
 <use G04_LH.jpeg>
Package pdftex.def Info: G04_LH.jpeg used on input line 2617.
(pdftex.def)             Requested size: 410.23499pt x 290.08975pt.
File: G04_LH.jpeg Graphic file (type jpg)

<use G04_LH.jpeg>
Package pdftex.def Info: G04_LH.jpeg used on input line 2618.
(pdftex.def)             Requested size: 410.23499pt x 290.08975pt.
 <G04_UH.jpeg, id=9711, 844.8363pt x 597.432pt>
File: G04_UH.jpeg Graphic file (type jpg)

<use G04_UH.jpeg>
Package pdftex.def Info: G04_UH.jpeg used on input line 2619.
(pdftex.def)             Requested size: 410.23499pt x 290.08975pt.
 <G04_M.jpeg, id=9712, 844.8363pt x 597.432pt>
File: G04_M.jpeg Graphic file (type jpg)

<use G04_M.jpeg>
Package pdftex.def Info: G04_M.jpeg used on input line 2620.
(pdftex.def)             Requested size: 410.23499pt x 290.08975pt.
 <G04_A.jpeg, id=9713, 844.8363pt x 597.432pt>
File: G04_A.jpeg Graphic file (type jpg)

<use G04_A.jpeg>
Package pdftex.def Info: G04_A.jpeg used on input line 2621.
(pdftex.def)             Requested size: 410.23499pt x 290.08975pt.

Underfull \hbox (badness 10000) in paragraph at lines 2613--2622

 []

[166

 <./G04_Topo.jpeg>] [167 <./G04_Overview.jpeg> <./G04_ZZ.jpeg>] [168 <./G04_LH.
jpeg>] [169 <./G04_UH.jpeg> <./G04_M.jpeg>] [170 <./G04_A.jpeg>]
<G02_topo.jpeg, id=9735, 847.66183pt x 599.4301pt>
File: G02_topo.jpeg Graphic file (type jpg)
 <use G02_topo.jpeg>
Package pdftex.def Info: G02_topo.jpeg used on input line 2625.
(pdftex.def)             Requested size: 410.22302pt x 290.08975pt.

<G02_Overview.jpeg, id=9736, 844.8363pt x 597.432pt>
File: G02_Overview.jpeg Graphic file (type jpg)
 <use G02_Overview.jpeg>
Package pdftex.def Info: G02_Overview.jpeg used on input line 2626.
(pdftex.def)             Requested size: 410.23499pt x 290.08975pt.

<G02_ZZ.jpeg, id=9737, 844.8363pt x 597.432pt>
File: G02_ZZ.jpeg Graphic file (type jpg)
 <use G02_ZZ.jpeg>
Package pdftex.def Info: G02_ZZ.jpeg used on input line 2627.
(pdftex.def)             Requested size: 410.23499pt x 290.08975pt.

<G02_LH.jpeg, id=9738, 844.8363pt x 597.432pt>
File: G02_LH.jpeg Graphic file (type jpg)
 <use G02_LH.jpeg>
Package pdftex.def Info: G02_LH.jpeg used on input line 2628.
(pdftex.def)             Requested size: 410.23499pt x 290.08975pt.
File: G02_LH.jpeg Graphic file (type jpg)

<use G02_LH.jpeg>
Package pdftex.def Info: G02_LH.jpeg used on input line 2629.
(pdftex.def)             Requested size: 410.23499pt x 290.08975pt.
 <G02_UH.jpeg, id=9739, 844.8363pt x 597.432pt>
File: G02_UH.jpeg Graphic file (type jpg)

<use G02_UH.jpeg>
Package pdftex.def Info: G02_UH.jpeg used on input line 2630.
(pdftex.def)             Requested size: 410.23499pt x 290.08975pt.
 <G02_M.jpeg, id=9740, 844.8363pt x 597.432pt>
File: G02_M.jpeg Graphic file (type jpg)

<use G02_M.jpeg>
Package pdftex.def Info: G02_M.jpeg used on input line 2631.
(pdftex.def)             Requested size: 410.23499pt x 290.08975pt.
 <G02_A.jpeg, id=9741, 844.8363pt x 597.432pt>
File: G02_A.jpeg Graphic file (type jpg)

<use G02_A.jpeg>
Package pdftex.def Info: G02_A.jpeg used on input line 2632.
(pdftex.def)             Requested size: 410.23499pt x 290.08975pt.

Underfull \hbox (badness 10000) in paragraph at lines 2624--2633

 []

[171 <./G02_topo.jpeg> <./G02_Overview.jpeg>] [172 <./G02_ZZ.jpeg> <./G02_LH.jp
eg>] [173 <./G02_UH.jpeg>] [174 <./G02_M.jpeg> <./G02_A.jpeg>]
<G13_Topo.jpeg, id=9759, 847.66183pt x 599.4301pt>
File: G13_Topo.jpeg Graphic file (type jpg)
 <use G13_Topo.jpeg>
Package pdftex.def Info: G13_Topo.jpeg used on input line 2636.
(pdftex.def)             Requested size: 410.22302pt x 290.08975pt.

<G13_Overview.jpeg, id=9760, 844.8363pt x 597.432pt>
File: G13_Overview.jpeg Graphic file (type jpg)
 <use G13_Overview.jpeg>
Package pdftex.def Info: G13_Overview.jpeg used on input line 2637.
(pdftex.def)             Requested size: 410.23499pt x 290.08975pt.

<G13_ZZ.jpeg, id=9761, 844.8363pt x 597.432pt>
File: G13_ZZ.jpeg Graphic file (type jpg)
 <use G13_ZZ.jpeg>
Package pdftex.def Info: G13_ZZ.jpeg used on input line 2638.
(pdftex.def)             Requested size: 410.23499pt x 290.08975pt.

<G13_LH.jpeg, id=9762, 844.8363pt x 597.432pt>
File: G13_LH.jpeg Graphic file (type jpg)
 <use G13_LH.jpeg>
Package pdftex.def Info: G13_LH.jpeg used on input line 2639.
(pdftex.def)             Requested size: 410.23499pt x 290.08975pt.
File: G13_LH.jpeg Graphic file (type jpg)

<use G13_LH.jpeg>
Package pdftex.def Info: G13_LH.jpeg used on input line 2640.
(pdftex.def)             Requested size: 410.23499pt x 290.08975pt.
 <G13_UH.jpeg, id=9763, 844.8363pt x 597.432pt>
File: G13_UH.jpeg Graphic file (type jpg)

<use G13_UH.jpeg>
Package pdftex.def Info: G13_UH.jpeg used on input line 2641.
(pdftex.def)             Requested size: 410.23499pt x 290.08975pt.
 <G13_M.jpeg, id=9764, 844.8363pt x 597.432pt>
File: G13_M.jpeg Graphic file (type jpg)

<use G13_M.jpeg>
Package pdftex.def Info: G13_M.jpeg used on input line 2642.
(pdftex.def)             Requested size: 410.23499pt x 290.08975pt.
 <G13_A.jpeg, id=9765, 844.8363pt x 597.432pt>
File: G13_A.jpeg Graphic file (type jpg)

<use G13_A.jpeg>
Package pdftex.def Info: G13_A.jpeg used on input line 2643.
(pdftex.def)             Requested size: 410.23499pt x 290.08975pt.

Underfull \hbox (badness 10000) in paragraph at lines 2635--2644

 []

[175 <./G13_Topo.jpeg> <./G13_Overview.jpeg>] [176 <./G13_ZZ.jpeg> <./G13_LH.jp
eg>] [177 <./G13_UH.jpeg>] [178 <./G13_M.jpeg> <./G13_A.jpeg>]
Appendix C.
[179

]
Overfull \hbox (4.2319pt too wide) in paragraph at lines 2670--2671
\T1/lmtt/m/n/12 format)\T1/lmr/m/n/12 . Here, \T1/lmtt/m/n/12 data \T1/lmr/m/n/
12 is the full SD struc-ture, \T1/lmtt/m/n/12 book, glacier, person, and patter
n
 []

[180] [181]
LaTeX Font Info:    Font shape `OMS/lmr/m/n' in size <12> not available
(Font)              Font shape `OMS/lmsy/m/n' tried instead on input line 2720.

LaTeX Font Info:    External font `lmex10' loaded for size
(Font)              <12> on input line 2723.
 [182] [183]
Appendix D.
[184

] <box_depth.png, id=9846, 429.2838pt x 338.7054pt>
File: box_depth.png Graphic file (type png)
 <use box_depth.png>
Package pdftex.def Info: box_depth.png used on input line 2804.
(pdftex.def)             Requested size: 303.53267pt x 239.48505pt.

[185]
Underfull \hbox (badness 1077) in paragraph at lines 2809--2810
\T1/lmr/m/n/12 creases with el-e-va-tion
 []


Underfull \hbox (badness 4120) in paragraph at lines 2809--2810
\T1/lmr/m/n/12 (Fig-ure []D.2[]). The
 []


Underfull \hbox (badness 4846) in paragraph at lines 2809--2810
\T1/lmr/m/n/12 0.38) and Glacier 4
 []


Underfull \hbox (badness 1845) in paragraph at lines 2809--2810
\T1/lmr/m/n/12 fewer depth mea-sure-
 []


LaTeX Warning: `h' float specifier changed to `ht'.


LaTeX Warning: No positions in optional float specifier.
               Default added (so using `tbp') on input line 2861.


Overfull \hbox (7.46097pt too wide) in paragraph at lines 2866--2906
 [][] 
 []

<binned_std.png, id=9852, 578.16pt x 325.215pt>
File: binned_std.png Graphic file (type png)
 <use binned_std.png>
Package pdftex.def Info: binned_std.png used on input line 2912.
(pdftex.def)             Requested size: 346.89732pt x 195.1305pt.

<binned_std_percent.png, id=9853, 578.16pt x 325.215pt>
File: binned_std_percent.png Graphic file (type png)

<use binned_std_percent.png>
Package pdftex.def Info: binned_std_percent.png used on input line 2917.
(pdftex.def)             Requested size: 346.89732pt x 195.1305pt.
 <DEMcellSTD.png, id=9857, 939.51pt x 433.62pt>
File: DEMcellSTD.png Graphic file (type png)

<use DEMcellSTD.png>
Package pdftex.def Info: DEMcellSTD.png used on input line 2931.
(pdftex.def)             Requested size: 260.17465pt x 120.07623pt.
 [186 <./box_depth.png (PNG copy)>] [187 <./binned_std.png (PNG copy)> <./binne
d_std_percent.png (PNG copy)>] [188 <./DEMcellSTD.png (PNG copy)>] [189]
Appendix E.
[190

]
Appendix F.

Overfull \hbox (31.6265pt too wide) in paragraph at lines 2952--2953
[]\T1/lmr/m/n/12 The to-po-graphic pa-ram-e-ters are im-ported to Mat-lab us-in
g the script `Im-port_Topo.m'. 
 []

[191

] [192]
Appendix G.
[193

] [194]
Appendix H.
[195

]
Appendix I.
<WSMB_allDensity_zz.png, id=9935, 992.95969pt x 235.63031pt>
File: WSMB_allDensity_zz.png Graphic file (type png)

<use WSMB_allDensity_zz.png>
Package pdftex.def Info: WSMB_allDensity_zz.png used on input line 3011.
(pdftex.def)             Requested size: 520.34268pt x 123.47765pt.

<WSMB_allDensity_beta.png, id=9936, 992.95969pt x 235.63031pt>
File: WSMB_allDensity_beta.png Graphic file (type png)

<use WSMB_allDensity_beta.png>
Package pdftex.def Info: WSMB_allDensity_beta.png used on input line 3012.
(pdftex.def)             Requested size: 520.34268pt x 123.47765pt.

<WSMB_allDensity_betaNzz.png, id=9937, 992.95969pt x 235.63031pt>
File: WSMB_allDensity_betaNzz.png Graphic file (type png)

<use WSMB_allDensity_betaNzz.png>
Package pdftex.def Info: WSMB_allDensity_betaNzz.png used on input line 3013.
(pdftex.def)             Requested size: 520.34268pt x 123.47765pt.
 [196

]
Overfull \vbox (103.06804pt too high) has occurred while \output is active []


[197 <./WSMB_allDensity_zz.png (PNG copy)> <./WSMB_allDensity_beta.png (PNG cop
y)> <./WSMB_allDensity_betaNzz.png (PNG copy)>]
<WSMB_Distributionzz.png, id=9948, 648.92438pt x 710.655pt>
File: WSMB_Distributionzz.png Graphic file (type png)

<use WSMB_Distributionzz.png>
Package pdftex.def Info: WSMB_Distributionzz.png used on input line 3021.
(pdftex.def)             Requested size: 520.34268pt x 569.88023pt.

<WSMB_Distributionbeta.png, id=9949, 648.92438pt x 710.655pt>
File: WSMB_Distributionbeta.png Graphic file (type png)

<use WSMB_Distributionbeta.png>
Package pdftex.def Info: WSMB_Distributionbeta.png used on input line 3027.
(pdftex.def)             Requested size: 520.34268pt x 569.88023pt.

<WSMB_DistributionbetaNzz.png, id=9950, 648.92438pt x 710.655pt>
File: WSMB_DistributionbetaNzz.png Graphic file (type png)

<use WSMB_DistributionbetaNzz.png>
Package pdftex.def Info: WSMB_DistributionbetaNzz.png used on input line 3033.
(pdftex.def)             Requested size: 520.34268pt x 569.88023pt.
 [198 <./WSMB_Distributionzz.png (PNG copy)>] [199 <./WSMB_Distributionbeta.png
 (PNG copy)>]
<WSMB_SK_allDensity_zz.png, id=9959, 1035.11719pt x 218.31563pt>
File: WSMB_SK_allDensity_zz.png Graphic file (type png)

<use WSMB_SK_allDensity_zz.png>
Package pdftex.def Info: WSMB_SK_allDensity_zz.png used on input line 3043.
(pdftex.def)             Requested size: 520.34268pt x 109.75049pt.

<WSMB_SK_allDensity_beta.png, id=9960, 1035.11719pt x 218.31563pt>
File: WSMB_SK_allDensity_beta.png Graphic file (type png)

<use WSMB_SK_allDensity_beta.png>
Package pdftex.def Info: WSMB_SK_allDensity_beta.png used on input line 3044.
(pdftex.def)             Requested size: 520.34268pt x 109.75049pt.

<WSMB_SK_allDensity_betaNzz.png, id=9961, 1035.11719pt x 218.31563pt>
File: WSMB_SK_allDensity_betaNzz.png Graphic file (type png)

<use WSMB_SK_allDensity_betaNzz.png>
Package pdftex.def Info: WSMB_SK_allDensity_betaNzz.png used on input line 3045
.
(pdftex.def)             Requested size: 520.34268pt x 109.75049pt.
 [200 <./WSMB_DistributionbetaNzz.png (PNG copy)>] <WSMB_Distribution_SK_zz.png
, id=9966, 725.71124pt x 708.39656pt>
File: WSMB_Distribution_SK_zz.png Graphic file (type png)

<use WSMB_Distribution_SK_zz.png>
Package pdftex.def Info: WSMB_Distribution_SK_zz.png used on input line 3053.
(pdftex.def)             Requested size: 520.34268pt x 507.93733pt.

<WSMB_Distribution_SK_beta.png, id=9967, 725.71124pt x 708.39656pt>
File: WSMB_Distribution_SK_beta.png Graphic file (type png)

<use WSMB_Distribution_SK_beta.png>
Package pdftex.def Info: WSMB_Distribution_SK_beta.png used on input line 3059.

(pdftex.def)             Requested size: 520.34268pt x 507.93733pt.
 [201 <./WSMB_SK_allDensity_zz.png (PNG copy)> <./WSMB_SK_allDensity_beta.png (
PNG copy)> <./WSMB_SK_allDensity_betaNzz.png (PNG copy)>]
<WSMB_Distribution_SK_betaNzz.png, id=9972, 725.71124pt x 708.39656pt>
File: WSMB_Distribution_SK_betaNzz.png Graphic file (type png)

<use WSMB_Distribution_SK_betaNzz.png>
Package pdftex.def Info: WSMB_Distribution_SK_betaNzz.png used on input line 30
65.
(pdftex.def)             Requested size: 520.34268pt x 507.93733pt.
 [202 <./WSMB_Distribution_SK_zz.png (PNG copy)>] [203 <./WSMB_Distribution_SK_
beta.png (PNG copy)>]
Package atveryend Info: Empty hook `BeforeClearDocument' on input line 3072.
 [204 <./WSMB_Distribution_SK_betaNzz.png (PNG copy)>]
Package atveryend Info: Empty hook `AfterLastShipout' on input line 3072.
 (./THESIS.aux)
Package atveryend Info: Executing hook `AtVeryEndDocument' on input line 3072.
Package atveryend Info: Executing hook `AtEndAfterFileList' on input line 3072.

Package rerunfilecheck Info: File `THESIS.out' has not changed.
(rerunfilecheck)             Checksum: 11C9D80AF3B19D6251BDB812AB016E35;7940.


LaTeX Warning: There were undefined references.

 ) 
Here is how much of TeX's memory you used:
 12954 strings out of 493029
 199558 string characters out of 6136234
 398437 words of memory out of 5000000
 15280 multiletter control sequences out of 15000+600000
 131494 words of font info for 103 fonts, out of 8000000 for 9000
 1141 hyphenation exceptions out of 8191
 45i,21n,85p,1747b,968s stack positions out of 5000i,500n,10000p,200000b,80000s
{/usr/share/texmf/fonts/enc/dvips/lm/lm-rm.enc}{/usr/share/texmf/fonts/enc/dv
ips/lm/lm-mathit.enc}{/usr/share/texmf/fonts/enc/dvips/lm/lm-ec.enc}{/usr/share
/texmf/fonts/enc/dvips/lm/lm-mathsy.enc}{/usr/share/texmf/fonts/enc/dvips/lm/lm
-mathex.enc}</usr/share/texmf/fonts/type1/public/lm/lmbsy10.pfb></usr/share/tex
mf/fonts/type1/public/lm/lmbx10.pfb></usr/share/texmf/fonts/type1/public/lm/lmb
x12.pfb></usr/share/texmf/fonts/type1/public/lm/lmbx9.pfb></usr/share/texmf/fon
ts/type1/public/lm/lmbxi10.pfb></usr/share/texmf/fonts/type1/public/lm/lmex10.p
fb></usr/share/texmf/fonts/type1/public/lm/lmmi10.pfb></usr/share/texmf/fonts/t
ype1/public/lm/lmmi12.pfb></usr/share/texmf/fonts/type1/public/lm/lmmi6.pfb></u
sr/share/texmf/fonts/type1/public/lm/lmmi7.pfb></usr/share/texmf/fonts/type1/pu
blic/lm/lmmi8.pfb></usr/share/texmf/fonts/type1/public/lm/lmmi9.pfb></usr/share
/texmf/fonts/type1/public/lm/lmmib10.pfb></usr/share/texmf/fonts/type1/public/l
m/lmr10.pfb></usr/share/texmf/fonts/type1/public/lm/lmr12.pfb></usr/share/texmf
/fonts/type1/public/lm/lmr6.pfb></usr/share/texmf/fonts/type1/public/lm/lmr8.pf
b></usr/share/texmf/fonts/type1/public/lm/lmr9.pfb></usr/share/texmf/fonts/type
1/public/lm/lmri10.pfb></usr/share/texmf/fonts/type1/public/lm/lmsy10.pfb></usr
/share/texmf/fonts/type1/public/lm/lmsy8.pfb></usr/share/texmf/fonts/type1/publ
ic/lm/lmsy9.pfb></usr/share/texmf/fonts/type1/public/lm/lmtt10.pfb></usr/share/
texmf/fonts/type1/public/lm/lmtt12.pfb></usr/share/texlive/texmf-dist/fonts/typ
e1/public/amsfonts/symbols/msam10.pfb>
Output written on THESIS.pdf (231 pages, 51513300 bytes).
PDF statistics:
 10242 PDF objects out of 10688 (max. 8388607)
 9640 compressed objects within 97 object streams
 768 named destinations out of 1000 (max. 500000)
 1783 words of extra memory for PDF output out of 10000 (max. 10000000)

